100
0
1
2
3
4 4612 2267
5 2473
6 2319
7
8 2112 9399
9 5097
10 4290
11 4961 6727
12 1238
13
14
15
16 6453 8309 8749
17 7779 9622
18 9446 3231
19
20
21
22 3832 170 8381
23
24 8538
25 4915 3244
26 2796
27
28
29
30 2124 8732 5711
31
32 3046 5737
33
34 7664 6625 3249
35 9860
36
37 7491 7078 8167
38 5867 2204
39 7113
40 9535
41
42 2809
43 2018 3430 3991
44 405 3319
45 3886
46 2288 5151
47 5683 3300 2504
48 2227
49
50
51
52 1077 7418
53
54 2656
55 4768
56 2818
57 9063 651
58 8548
59
60
61 8273 3158
62
63 2936
64 3313
65 3696 4911
66 1665 7078 8791
67
68 9165
69
70 9689
71
72
73
74
75 151
76 3969
77 1080
78 5041 8142
79
80
81 1117 717
82 2741
83 8162
84 9186 8756 1174
85
86 9381
87 4034 5094 999
88
89
90
91
92 6400 9680
93
94
95 2387 581 5992 2587
96 6945 8805
97 5412
98 9401
99 9515
