100
0 128 4738 3652 137 1227 397 398 720 1808 146 1494 279 1368 27 91 7707 2268 5469 478 288 96 33 2849 36 8549 742 422 935 104 425 42 236 110 1137 756 309 54 6134 5046 122 2428 2556 3069 383
1 0 1 2 3 4 5 6 7 8 9 11 2572 12 13 14 15 1679 17 19 404 21 22 26 27 28 30 8734 159 1440 1572 37 549 41 940 1583 946 180 52 55 57 61 1597 63 1089 65 199 72 4040 74 596 2902 88 869 485 1388 4589 110 238 5367 120 377 123 251 252 7292 253 3198 126
2 0 2 3 4 132 6 390 7 8 9 11 14 15 16 17 148 21 22 24 27 155 5659 32 33 44 940 3244 45 178 54 58 62 3774 65 66 69 70 1352 329 85 1495 90 346 1756 92 94 4063 96 485 102 103 3818 751 1524 120 4859 252 637
3 256 768 896 8704 583 2696 4361 907 3659 6284 1549 141 5582 2191 5519 1362 725 853 4630 3478 2840 1370 35 419 551 8295 4009 809 5803 1772 6702 1456 2992 2738 4018 243 7924 249 698 447
4 641 514 133 3654 8518 9290 908 5196 2894 7313 8401 2706 2195 9493 2460 862 670 2143 993 1956 3751 552 1257 3946 2413 3056 433 308 4725 891 4157
5 0 1153 3849 650 149 4885 8215 285 158 1183 1184 161 36 549 933 1958 422 1702 40 41 6698 46 2614 186 60 64 5313 67 2627 70 4554 76 977 859 93 94 97 2785 98 611 869 9447 747 7915 8044 621 1263 240 3057 500 245 631 249 125 510 255
6 6 7 137 12 13 17 145 19 20 2196 21 280 25 30 31 1184 290 164 37 38 40 41 170 44 172 684 46 176 48 50 60 65 1476 72 585 75 332 78 82 83 86 95 110 112 122 2431
7 2 3 131 4 6 8 9 10 11 139 12 13 14 15 16 17 145 18 4371 20 21 23 24 158 30 32 1315 35 36 37 40 1452 44 45 46 303 47 51 5429 55 4023 184 57 58 316 63 65 197 78 725 355 229 102 107 253
8 4864 261 901 1287 135 10 5515 2960 18 23 280 24 411 158 290 35 3747 164 1189 38 40 684 4525 815 2608 178 50 51 436 6837 54 56 58 187 1468 3517 62 9030 1735 75 83 212 85 343 216 2140 4703 735 1632 484 7269 3302 3179 3692 2158 8819 7033 121 2171 5247
9 0 1 2 2562 3 4 5 6 7 8 9 138 650 2955 14 16 145 1554 19 24 27 155 28 1312 33 290 163 4390 38 2726 552 45 2735 176 432 53 56 442 58 60 62 6718 69 4421 70 199 72 6729 715 78 5200 83 468 6234 95 5349 1510 231 232 873 7401 110 115 2170 252 126 510
10 0 256 1 513 4609 2 3 131 1667 4 5 6 7 135 8 9 10 11 13 14 16 17 18 19 20 3477 23 27 28 30 2848 32 34 1826 35 36 37 5926 5031 1707 47 2871 824 193 65 196 199 72 1737 332 4432 82 850 468 2905 859 482 1506 1131 624 4978 4210 501 120 638 9086 3071
11 0 6656 3457 1 2 7559 8 136 9 650 139 653 142 1183 8992 39 40 41 301 46 48 51 54 55 442 60 64 67 327 72 585 206 83 2261 91 1122 356 236 494 111 112 114 371 372 117 121 123 125
12 0 1 2 5634 3 4 5 6 7 135 8 9 138 10 11 139 12 13 14 16 18 19 20 4500 21 22 23 26 27 155 3483 28 29 1310 32 34 4514 35 554 42 175 1077 56 62 65 2371 69 595 88 731 1502 224 992 878 1263 624 4977 114 120 632 121 7929 126
13 3648 4162 5446 393 3659 1677 6480 1105 595 7316 3096 29 93 414 6558 2590 2464 1828 1445 358 3943 875 240 3572 567 1271 503 1402 124
14 0 7 3591 1035 143 1807 22 2205 8486 3239 680 2857 1324 185 825 186 450 706 6979 708 196 709 3398 456 1097 2126 1104 9559 343 5721 5850 220 94 734 224 102 742 8168 362 3182 1902 4594 7155 245 250 7676
15 0 1 513 2 3 1027 4 5 6 7 135 8 9 138 14 17 146 147 404 660 21 22 280 33 42 43 44 301 48 561 309 54 1597 62 3774 4288 3266 67 709 1734 199 72 968 330 206 83 979 84 468 1495 87 92 9957 1766 231 5482 112 2291 1270 120 1401 126
16 385 3715 1477 7367 1100 461 6031 207 2767 848 722 659 1748 1754 2268 350 5791 288 1762 418 611 6565 6630 5222 167 3689 3500 4974 3950 1136 177 3698 819 1590 1207 634 506 1278
17 0 257 2 4 5893 5 1030 7 9351 8 3977 9 11 1420 4497 1554 665 5404 28 5278 6049 1185 418 2342 3243 1584 561 435 1077 694 2232 3900 7488 4167 583 199 3912 3274 4813 3021 461 8015 1743 3923 3540 8152 1498 731 2145 6369 5218 356 6378 3306 879 4335 2033 1270 4343 2296 2809 763 252 9470 4607
18 129 389 4102 647 9 1546 10 138 267 1292 524 910 3983 1298 1052 157 161 803 37 421 7593 6058 43 7984 3121 1973 57 189 66 1604 836 68 1222 1226 204 77 3410 339 598 3158 97 609 355 6756 229 613 742 231 615 365 3053 879 2416 245 4089 122 123 1019 8703
19 3203 134 1548 149 536 1689 409 3741 2079 545 290 40 300 812 1587 309 61 67 70 1612 333 81 980 981 3797 86 2391 599 88 1244 861 9053 480 1762 2403 228 358 1128 1896 746 1900 110 243 1524 5108 245 9081 1529 5497 250 122 764
20 0 4225 2 3 4 6 8454 7 8 7048 9 1290 10 11 907 12 140 13 14 15 1168 18 19 148 20 21 5526 22 26 3483 1052 2591 32 33 35 36 37 3497 41 7081 9519 176 49 7347 57 62 709 199 4171 75 206 4688 595 2659 4067 3172 6373 1638 2153 107 1771 3441 2930 249 125 3198
21 0 1152 1 2 3 4 5 389 7 8 9 138 10 11 12 14 15 16 3600 17 18 19 21 22 23 26 27 28 2848 33 34 35 37 38 41 176 5554 63 1089 69 325 1350 199 71 1482 74 7242 1610 79 3158 2264 96 5985 737 103 5482 107 236 494 110 249 252
22 0 2304 1 2 2818 3 4 5 389 6 7 8 9 1290 138 650 1930 3211 12 14 15 19 6035 148 404 1173 21 22 280 26 27 155 28 157 1437 1310 31 161 164 166 41 299 9517 303 49 3379 2741 184 57 442 60 61 62 63 193 708 69 198 583 7624 72 73 74 843 331 459 78 207 977 468 342 859 731 224 3424 97 2402 355 356 6379 236 1132 240 114 117 8955 253 2045 126
23 4864 0 1 1412 2692 5 264 8 138 2187 273 2579 275 1429 2198 152 536 671 160 42 172 48 1972 310 56 58 1981 318 702 6335 195 70 1351 8138 462 979 86 343 345 2142 95 482 228 230 361 1385 881 243 6644 2169 122 252 253 126 3839 1407
24 128 1152 769 1793 8450 900 388 8 1930 138 139 5643 2060 2444 271 16 1174 26 27 3483 285 542 290 679 1321 6698 426 1195 940 7086 175 1584 305 53 1334 54 184 56 185 451 708 73 74 6347 8139 203 204 7373 80 977 82 84 725 5333 2136 91 1629 93 6238 1119 612 3046 103 231 871 104 873 3563 236 108 621 115 9335 2168 3706 6138 382 1151
25 1667 131 4100 6 390 393 140 13 1554 18 147 20 1174 542 31 1184 161 3747 164 36 166 3880 40 8360 425 44 301 4397 45 46 47 50 8243 3251 54 57 2106 7354 3262 64 3139 3398 1222 1478 72 9677 82 342 7382 602 1888 101 1645 112 880 1524 4724 120 3196 3964
26 0 1 131 2052 138 778 907 1420 526 16 144 17 24 25 409 27 797 415 161 33 162 805 3110 554 299 44 45 47 1967 6577 183 9017 1850 187 446 193 66 9542 5959 4807 9927 329 80 210 84 85 342 90 485 102 1388 624 1656 4090 890 3194 1019
27 0 1 3 899 1412 5 389 8 11 139 6668 524 15 16 17 20 22 23 151 24 25 27 28 4510 33 1954 34 35 164 37 679 552 299 300 45 5295 47 176 53 184 57 8761 443 1221 7753 331 77 849 82 1365 2780 482 739 228 487 107 1522 119 122
28 2048 2 258 3458 899 4 132 6 1031 264 9 137 10 11 12 144 17 914 148 7708 2076 31 8993 35 164 552 41 170 554 44 1583 49 60 61 4157 64 67 198 70 968 1352 77 82 93 612 110 114 1917 253
29 66 1607 329 393 137 650 3082 139 331 1803 270 526 2000 337 977 274 594 2837 727 215 4632 793 281 27 223 1697 417 290 34 807 1000 360 490 236 109 621 880 496 881 113 3953 4724 442 762 510 191
30 256 4801 1026 1610 1674 1933 3149 2385 465 275 150 3927 537 154 602 2014 8480 610 162 8740 3943 169 234 8427 2091 1132 5484 687 431 1904 432 625 6450 435 756 4532 183 184 187 1596 4797
31 0 2 3 4 5 6 8 9 10 138 11 268 12 653 13 14 16 17 273 18 19 915 20 280 408 26 27 1052 7454 549 37 1065 42 301 4397 54 55 2360 58 3008 197 1734 199 2504 73 74 1106 3676 735 96 102 105 881 1783 253 125 6141
32 0 1 2 3 2819 1412 900 7 8 9 2825 138 10 11 4364 782 18 20 21 23 663 25 2841 2076 797 29 31 5921 3489 34 162 35 1315 3110 38 426 43 176 1200 2486 184 56 5051 60 1597 321 709 197 3398 968 5448 74 78 83 339 84 3160 2526 2402 231 619 3053 624 119 632 120
33 0 131 1284 8 267 6539 7437 3600 659 5395 22 24 3097 284 2717 5150 158 31 32 1184 2848 2849 1954 1572 2214 9896 8488 681 42 298 299 2348 8751 1583 3119 47 432 3248 176 51 180 3639 55 57 3514 1468 316 63 961 193 2116 69 2374 4172 9933 973 78 80 979 83 4820 596 1365 598 87 2521 4953 1114 7387 92 1376 609 482 2274 995 9572 1384 107 3053 2291 1011 501 3447 503 120 377 5754 1917 3455
34 0 1 1665 2 3 4 5 391 8 4104 9 10 138 11 2955 268 653 14 15 16 17 1809 18 19 2707 20 23 2713 26 27 926 4895 32 35 164 9894 1575 681 429 305 178 52 1077 55 3768 58 63 2248 73 6604 333 78 79 1106 224 96 2153 8044 4977 3441 120 121
35 385 3011 259 388 454 4358 1607 7304 8973 653 3662 3983 975 272 2576 594 4435 277 1494 344 1883 8030 1186 1506 738 675 419 4710 108 9391 5552 7537 6962 54 4410 8315 444 6012 829 1150 190 2239
36 1412 2180 5 1797 3718 396 1936 403 149 406 280 27 3996 7069 9246 163 2979 1702 422 301 1966 9521 2097 434 4662 4919 697 59 3003 1351 967 712 585 1481 1225 845 5329 469 9562 859 733 94 1508 998 751 1783 1528 4984 632 1404 252 126 1151
37 0 4864 1 1921 2 9346 1027 5 7 647 8 137 395 524 2444 146 19 3097 25 2073 410 154 155 28 30 158 31 166 40 41 681 42 175 176 48 49 6577 50 2612 54 184 56 60 61 1343 1089 69 198 968 1737 1482 587 332 2513 82 594 88 5084 2147 356 5862 236 114 371 6523 4347 252 2430 8702
38 4032 451 8516 3205 1991 1288 8342 3926 3034 2078 3359 1314 1765 3622 231 360 298 5165 46 175 1135 6064 3444 2805 6329 1337 1530 507 3323 8444 3455
39 0 2688 896 1 2 5381 5 390 646 1671 5895 8 7048 9 393 1930 138 9611 8334 17 273 1171 148 280 25 797 158 4768 5921 33 4388 166 40 301 686 46 176 48 50 51 439 55 60 7104 583 2503 968 2889 74 4302 2383 79 207 335 977 979 84 728 1369 2138 6234 2523 1251 102 747 107 3182 750 1395 118 119 120
40 1 2 5507 388 8 777 265 73 9 2442 907 3915 972 2190 5326 143 151 1880 6744 538 9946 539 155 159 160 545 482 994 3044 231 5931 365 4849 6001 306 9203 2164 53 4277 566 183 248 1465 8955
41 1408 900 516 2820 389 6 7 268 4364 12 13 1679 1168 1173 152 665 25 2076 28 156 37 549 6565 166 554 299 3884 44 4142 50 181 442 1723 3135 64 197 329 204 205 3790 9678 9039 8272 1877 214 1497 1626 476 5724 2140 97 2147 229 104 7147 1262 625 371 117 4728 121 4858 253 382
42 0 1 2 3 1027 4 132 5 6 7 8 9 138 5514 11 14 15 16 18 19 665 27 155 284 285 29 30 1184 37 294 935 39 41 8364 9517 2862 561 56 4408 62 7360 708 69 74 843 1611 6092 332 3533 5973 3286 1495 4568 1369 6362 224 482 2659 5860 2150 487 1768 1643 1771 1263 112 1522 1656 632 121 123 1019 252 1789 126 2047
43 8512 6848 194 1988 9478 2313 1161 2507 75 3532 77 1876 213 87 2135 664 347 412 93 6045 158 3231 1128 2473 234 747 1068 2029 6258 1333 760 2169 1274
44 4226 6402 3970 2050 2563 132 901 2823 1033 3849 2700 272 2577 2196 3604 789 7959 152 6169 415 2721 1954 8739 2853 7594 171 1070 3246 5936 51 1204 187 7869 1853 1476 712 3913 2762 587 716 1871 4817 595 339 211 1878 1753 5210 7518 1376 1379 485 742 1002 4589 750 880 498 1651 9459 2293 5621 120 1401 4089 3065 378
45 2 3 131 899 4 132 6 7 135 8 9 138 10 11 12 13 14 15 7055 655 17 18 19 20 21 22 23 26 155 28 5661 29 30 158 1310 31 32 1954 35 164 37 6698 42 52 309 55 184 6459 193 65 69 330 1482 332 79 2513 82 3158 1881 1122 1506 5990 103 1387 114 243 120 121
46 0 2816 1 2 1155 4 901 2950 7 8 9 1161 138 651 15 272 1168 1298 4372 23 25 27 1692 289 1324 172 7854 47 3378 4148 181 183 824 836 2120 329 6986 205 8654 983 88 5720 218 1502 485 102 489 106 236 1903 7408 884 376 4985 634 9338
47 0 1 129 2 9732 517 7 1799 8 136 9 138 778 6930 146 1171 659 5910 25 1434 3483 27 6684 2208 800 3106 3621 1702 39 9768 43 1967 1200 1073 51 54 3514 188 5182 69 3142 583 2768 339 84 2902 1495 2264 344 9054 992 225 995 484 228 8933 5990 614 233 4336 1521 625 2291 244 3448 2685 383
48 0 1283 6 134 8 9 2825 2955 13 8334 398 4497 1809 7569 1554 146 914 274 147 404 20 148 4247 25 665 285 30 1312 545 8355 164 39 1575 42 300 48 176 51 54 55 184 1593 4157 4799 1344 1601 198 583 841 2249 330 335 211 5843 2905 348 97 227 3684 356 1510 1384 104 2920 233 745 3692 751 114 120
49 0 641 8450 3 131 3332 4613 7 5895 519 138 13 18 21 22 26 29 7709 31 1440 32 7970 37 166 7718 5158 1065 6059 1452 1325 301 309 566 186 316 61 2238 1604 4164 69 199 969 74 78 3923 212 92 94 350 96 1122 2148 9957 5221 102 110 9713 6644 3190 6137 763
50 2688 4995 3 4 5 133 6 4619 148 2453 1173 919 412 3869 3870 159 36 303 817 445 1599 63 2116 70 71 1482 76 206 1232 1233 85 216 734 6755 1891 2787 228 485 233 6762 240 3443 2292 1524 1269 885 8438 1275 2941 125 126
51 0 1 2818 2 3 4 5 6 7 1159 8 9 2826 10 11 12 268 13 14 910 15 16 17 18 146 19 20 9365 21 22 23 24 665 27 5659 28 1692 30 1826 35 5031 41 45 2613 58 187 63 197 1989 198 72 1224 1225 329 78 977 1745 3923 725 6877 5603 2148 3046 102 1387 371 2420 117 121 5501
52 384 1153 1417 6539 1805 786 2327 410 1950 3999 33 1186 162 418 6180 296 2601 5034 300 5299 5555 310 5175 4025 1469 1088 197 2886 1862 198 1096 2512 593 850 212 476 861 2275 868 6376 105 106 6514 1012 2175 255
53 1408 9225 138 398 1294 3215 1296 6035 1171 534 151 1434 5150 3102 3358 927 7712 800 1313 1571 6051 803 933 38 1958 679 1704 170 2218 171 43 3243 4525 7986 1077 7862 2744 1721 62 1985 195 3395 325 70 71 73 74 1866 1483 6092 9551 8660 5205 1495 216 92 3038 225 1510 1894 231 999 873 2538 110 6126 3054 7791 4848 4977 243 8309 118 246 7291 382 4478 6655
54 7 13 16 144 273 22 23 663 24 5020 29 797 288 928 1568 161 35 164 40 1321 45 178 2612 180 52 182 57 954 58 61 62 193 321 451 69 3141 78 80 1489 81 468 96 869 1001 621 624 243 115 628 119 4088 636 509 126
55 0 1 2 3 900 4 5 6 7 8 9 10 650 11 909 13 14 15 16 17 19 20 404 21 662 24 152 410 1434 155 27 28 30 1184 161 33 37 166 3244 45 176 1587 4148 53 55 57 187 316 957 3774 63 2112 3008 65 199 1737 80 978 468 725 1495 88 348 1502 609 867 5603 869 485 6887 107 1263 115 117 1270 121 637 126 1151
56 4612 1287 142 274 146 2451 789 1690 5276 160 1697 805 39 1194 2858 3756 1840 8114 179 948 181 825 2746 9915 3006 5566 1600 707 196 325 3014 7499 8402 211 3796 342 214 2264 90 349 223 5472 481 100 4452 868 880 3057 370 249 2810 2044 8702 2943
57 4099 5 3975 135 4618 268 2700 20 404 21 26 3613 30 158 1442 37 38 422 5801 2348 429 50 52 53 55 60 448 962 6979 196 708 197 2759 968 76 77 3661 335 82 212 2134 6616 218 90 3807 9311 224 480 8672 1506 484 110 7918 114 116 118 3831 375 7546 2683 126
58 128 513 1284 520 8076 396 4493 909 144 1813 666 2593 289 7460 4133 550 2986 1457 434 1334 3131 4667 3516 3773 4672 5312 4417 2120 1612 1228 5838 720 850 468 89 859 1627 860 2659 6756 1768 6379 1132 8430 7279 1007 1521 244 4596 760 2300 7548 1149 254 1534 126
59 194 2948 3908 902 1480 1096 8969 2956 1100 1805 1745 8146 5459 535 216 24 857 8601 3101 1566 2783 225 34 226 1187 2980 933 6246 4646 167 746 1966 434 1011 6134 2231 2104 762 2043 1277
60 128 130 836 1799 1927 201 2573 15 143 84 88 216 25 409 219 5661 2526 229 101 39 1513 297 106 107 1131 235 43 238 5616 113 1909 310 3126 3319 951 1017 122 58 123 4413 3455 3839
61 193 385 2114 131 323 6467 69 9542 135 7433 266 1546 1227 75 9294 208 468 20 213 342 215 408 984 89 26 1754 221 797 2014 351 2976 32 230 105 362 815 1137 625 566 374 5751 7672 121 444 63
62 0 1 2 5634 1283 5 8 9 1161 138 2698 14 16 17 3345 3858 5395 662 919 155 27 28 2076 29 157 9502 7966 7454 1310 31 672 1826 3363 2858 45 5296 309 1591 2616 56 2106 442 4413 61 195 69 3270 583 7624 79 982 87 2521 1881 348 1117 2143 1122 3428 102 6379 236 3052 495 111 5876 1012 117 245 4982 118 2423 120 2298 5626 382 5887
63 0 1 2 131 3 900 5 7 8 9 138 395 267 4364 4880 5779 660 3349 1303 155 3100 285 1054 31 2849 557 3248 436 182 2359 3642 445 2371 1223 327 5448 968 971 205 976 1104 6481 3025 8402 468 727 1495 3423 8543 1123 102 2158 4336 370 8947 1779 119 506 2683 4605
64 0 2 1283 3 4 6 7 8 9 265 1930 11 3211 399 784 17 2705 19 23 152 408 27 155 157 7837 542 671 166 296 46 181 310 55 58 63 962 72 969 1737 336 465 977 3032 9305 219 1117 224 869 1384 1005 6767 240 9584 6769 3317 120 505 2298 379 126
65 6913 2818 390 646 135 395 13 909 1679 20 277 410 157 32 166 38 41 43 44 429 941 46 432 178 434 4403 5429 4791 1336 56 568 6459 1476 1732 1604 69 8901 72 73 841 6222 1491 1623 343 217 1628 604 1117 734 97 4962 9572 103 1385 3689 7151 4978 117 2296 9464 1017 3582 2431
66 6656 0 2049 1793 4482 2 132 1156 1413 8 524 5902 1042 3477 1564 7325 1438 1951 288 2852 293 426 684 45 49 947 3257 187 2491 1979 1087 1988 3142 457 5834 976 3676 3041 356 101 485 1128 2922 8688 6131 885 119 7162 7674 636
67 0 1 3 4 5 6 7 519 3975 8 9 1290 10 138 11 3467 12 2700 13 14 15 8080 18 19 21 22 23 152 1434 155 27 28 29 157 30 9886 31 671 35 37 38 554 52 309 3767 4023 184 57 3389 61 574 65 708 69 71 1225 78 79 468 88 1881 1506 2148 229 1387 1263 7537 118 126
68 0 4226 517 1669 134 647 3591 397 9360 8466 6163 1428 279 25 410 156 1436 7584 5667 5286 551 2216 424 1320 7850 4266 426 554 8241 1078 2487 4919 313 314 62 63 2112 324 715 76 8911 468 84 2262 604 1888 98 612 100 5350 487 2152 112 1395 372 887 250 2298 4347 509
69 2177 3204 388 516 778 10 139 907 12 3853 1294 142 15 6543 2448 145 6290 659 7827 20 30 671 2085 1446 42 426 43 44 6452 2100 4276 54 2359 2616 56 824 2744 1593 185 1468 572 60 62 63 2112 3520 9665 3266 2371 4035 73 971 4301 335 8271 82 83 211 84 4436 216 346 1757 1119 4834 3299 356 2919 3561 107 751 1522 243 501 117 4342 762
70 384 577 1537 66 7303 840 73 75 984 1113 410 90 666 2973 545 226 162 36 40 298 1450 2090 44 46 367 176 240 626 54 248 762 378 59 315 254
71 0 2304 1 2 6018 4 6 7 1671 903 8 9 523 2572 6668 8334 15 655 143 399 4881 534 150 27 2591 546 4131 36 2212 2477 815 4656 9906 439 1721 446 66 1090 68 69 5447 5195 204 4044 2385 5329 2513 8019 728 89 859 3424 225 355 3684 1384 120 1272 252 2684 4221
72 2433 6082 515 388 261 1478 3016 8 1353 9613 6094 9359 1360 785 1621 1558 4630 475 1758 1566 798 543 1509 7589 1190 4838 1384 168 2859 5038 2094 174 750 176 755 948 8629 7797 502 8184 124 1215
73 131 515 776 2703 149 1558 2201 1562 1307 156 3357 1311 2857 41 1195 6188 4524 46 7218 52 2869 6589 574 703 320 9794 2244 69 197 72 1611 3403 1484 333 6735 8528 1232 1106 597 1494 1114 8156 4320 98 1122 867 1251 1128 1386 619 111 112 3824 3826 7798 4726 8438 3706 250 5627
74 4609 4 5 10 12 268 13 14 1038 15 1807 145 19 5011 21 149 5526 28 9246 37 38 1447 168 8875 43 8365 3502 3759 2735 1332 1210 1979 443 316 446 65 199 9543 968 201 203 4429 79 6097 83 7774 96 2274 8034 102 8938 621 109 242 243 4597 2296 1401 377 2427
75 64 1 257 67 323 132 5 325 454 1671 392 1482 587 590 401 402 147 6165 23 28 29 8734 222 159 98 34 356 100 165 679 489 873 174 112 1841 58 63
76 0 1 2177 2 6402 3 131 900 4 5 389 6 7 8 3849 9 10 11 2060 4364 12 2700 13 14 3470 15 16 6288 17 145 19 404 148 21 22 3992 24 155 27 28 157 30 542 8095 35 164 549 37 166 681 47 50 3379 184 62 63 1344 65 5313 1604 199 332 3279 3408 728 88 867 869 999 107 236 3182 112 114 371 372 1780 2168 121 126
77 513 4098 899 135 651 8332 271 144 3603 403 1300 533 8733 32 1577 3884 7342 6961 52 183 1593 59 68 1352 2378 330 75 720 81 2258 82 5848 3160 6745 2265 90 92 3293 4959 1251 2533 1638 103 1258 235 9710 5872 7792 501 2942 254
78 4994 2818 261 391 1801 7307 396 909 654 1686 154 285 9888 4130 292 2981 1959 168 680 171 47 1714 8116 5558 183 1591 443 59 572 1597 961 1601 67 4421 3525 454 587 1613 845 2509 210 3284 87 7895 5336 859 2523 1502 352 8802 611 9832 2282 7658 1643 5616 2162 3700 245 117 1913 3706 4350
79 256 130 68 71 8 140 76 5069 206 782 16 80 81 146 87 24 89 538 156 476 157 159 97 98 227 291 484 485 1959 2983 45 238 112 115 51 52 372 500 53 119 121 57 4281
80 0 1 641 2 3 4 5124 5 8454 7 8 137 9 2060 14 782 15 2063 145 4241 3089 659 147 148 1173 2198 919 280 28 287 1572 6057 1065 553 426 686 1454 948 309 316 61 6337 197 1862 968 971 4942 81 3281 3923 726 88 5209 9947 3166 990 95 101 1256 8040 1386 496 1012 1911 3708 252 2812
81 1 259 5 2185 138 272 145 147 662 25 282 156 1564 8094 803 36 167 681 554 42 300 173 3631 432 51 4281 316 829 7234 68 76 209 211 85 1750 727 345 1627 861 95 355 5091 363 113 375 1017 764 253
82 128 6656 3457 1665 516 1671 136 137 6029 271 3471 1937 146 1300 2967 536 3097 155 2717 2592 161 163 3493 7975 426 2739 52 54 60 67 8643 1734 1606 841 73 80 339 7253 341 1628 5472 99 484 999 2282 235 494 112 496 247 5882 1274 252 7677 125 126 2047
83 0 1 2 6147 387 900 7687 7 8 9 267 779 11 140 7315 19 3348 155 669 549 1065 42 3244 49 179 1843 1332 3769 319 968 970 589 4178 2132 86 3033 859 2780 3420 3293 2654 4704 227 2791 3175 105 106 235 7275 3692 365 501 6005 2296 120
84 390 776 138 12 140 13 2701 15 914 21 22 3222 24 28 5276 29 6049 33 289 34 38 168 4266 171 44 940 45 46 176 50 51 57 442 62 64 3008 65 4291 455 74 204 77 2126 1745 83 3412 1236 86 9047 5725 7908 229 102 487 1256 621 114 117 123
85 2432 3456 6787 1412 516 2052 5641 139 524 1292 782 656 2065 274 1170 403 3224 158 6304 544 417 166 422 2730 938 299 171 183 187 574 1344 7876 3400 74 970 3024 1106 475 1756 2652 1757 2397 4962 9442 355 5605 615 1256 1001 5225 1388 3180 1137 3569 1393 1398 6135 120 249 9723 636 253 4606
86 0 1 2 3 131 4 5 6 7 9 10 11 12 13 5773 14 15 17 145 18 19 20 404 21 277 23 152 25 26 27 28 30 34 35 164 37 38 9514 44 303 178 1591 58 62 193 199 72 968 90 96 102 252 126
87 130 6915 1541 134 909 5136 1041 22 1558 152 2073 6045 2334 32 2978 293 1702 679 39 552 1073 177 949 1847 5561 186 1725 62 70 331 2509 717 77 4048 82 475 1884 995 7013 615 4460 364 2288 625 882 371 116 2045
88 0 2 130 3 4 6 7 8 9 2316 9358 15 273 5778 4500 22 278 410 31 928 290 1571 5668 2212 549 1958 3879 554 5546 2475 7727 6831 1583 52 7734 1080 7481 1468 957 2372 1223 3400 4171 7117 480 7777 98 869 4841 361 3561 238 1263 497 2552 9208 3704 9593 250 1275 124 510
89 646 4618 267 139 268 272 17 8978 914 1172 532 4122 7584 545 161 36 424 41 943 48 50 436 4537 1340 189 3137 1601 66 1734 3526 6087 583 2377 841 79 4048 594 210 596 726 8790 88 218 348 1757 4962 867 2019 997 5350 1896 233 110 1134 240 1008 625 245 636 2941
90 896 1 3457 5 646 135 3977 139 907 14 655 6160 2322 19 20 23 25 27 155 28 1052 157 158 34 1189 38 679 424 1704 425 42 300 686 55 184 8381 63 449 2371 198 4551 72 201 330 331 210 2899 83 1110 88 90 218 92 4829 9054 3299 1384 4329 1260 111 372 118 120 1016 2169 638 255
91 644 647 395 6795 654 14 4370 663 919 1691 5659 5275 27 2972 3229 414 670 5664 421 9127 680 3244 1070 7600 4148 948 7607 184 825 3003 2492 4289 962 1091 455 1227 210 1746 338 211 339 473 5850 1119 97 4962 2020 4581 869 998 7913 2033 113 4081 374 375 3066 2685 7167
92 1799 1673 142 16 144 659 2067 789 6166 24 3097 1434 161 1958 166 41 7977 299 45 47 304 49 1714 9138 179 1334 57 442 316 194 451 1862 71 74 715 459 7373 206 80 81 210 595 216 346 92 7776 97 8801 3299 611 356 106 107 235 108 8948 121 255
93 128 3586 1155 327 1736 201 1098 207 3535 1103 9040 8465 3730 915 276 597 1429 150 1948 2205 1951 353 866 99 164 549 4070 871 616 106 555 2285 750 9710 5041 1010 1330 2739 6137 185 122 4219
94 1344 6785 2882 325 133 5447 1223 4425 206 975 2576 4625 402 2965 5909 725 857 2329 218 91 414 225 7971 3428 7590 1000 232 1001 2601 5483 171 8492 812 557 1008 178 946 757 374 824 697 4857 5626 572 830 1150
95 258 2820 2436 2437 7173 5516 652 2316 5390 4238 5774 3860 3995 3227 929 1575 6951 7081 813 1582 8243 6205 3646 5442 963 1863 200 3404 9039 594 1112 2138 1635 4837 742 487 488 2668 2670 111 240 3441 119 6270 3199
96 131 391 10 11 267 12 140 271 145 18 19 149 24 152 155 28 156 542 31 163 2088 45 308 2614 184 56 57 58 1339 189 63 2240 65 70 455 201 74 715 1361 2003 596 219 224 737 609 229 1001 107 108 504 249 123 127
97 0 1 2 3 4 132 5381 5 6 7 8 9 138 10 267 12 13 14 15 914 18 19 148 21 22 1434 27 5276 28 29 285 9630 671 290 168 426 4266 4142 815 1200 50 59 62 63 65 69 197 72 2889 329 4301 78 79 84 6102 86 9691 2653 100 103 6379 879 3441 1395 120 121 126 510
98 0 1 2 3 4 5 7173 6 7 8 9 10 11 139 12 14 15 16 17 18 5394 19 915 20 23 24 3097 410 26 27 28 797 157 30 927 38 41 44 2478 7347 52 55 56 6201 58 62 63 65 69 198 72 1736 7753 329 82 2148 229 5350 236 2039 120 121
99 0 1 8707 1541 4869 7 135 4487 8 9 138 139 15 22 406 28 29 160 32 4258 36 3110 166 168 1320 173 2478 686 175 1334 56 61 62 63 7234 195 68 69 1093 1989 454 199 583 1352 8270 81 4818 84 599 5851 91 1756 609 482 101 103 6385 370 117 119 503 252 637 1023 511
