500
0 4385 6472 7561 3082 2892 5005 3469 9807 9007 7474 148 2645 1207 9659 3261 9021 8413 1470 1791
1 2816 1924 548 7974 4010 7852 2349 205 4909 2864 5304 5689 8987 8699 4604 6205 5790 2207 1375
2 1216 5665 7 1673 457 9580 3022 9231 6644 3608 6489 3963 4092 5244 5085
3 7296 2784 5827 1476 6692 4230 1098 6956 4076 2258 8595 979 5300 6613 5622 8251 5340 3453 4541
4 8768 8832 199 9993 9577 8618 5962 2413 3950 5232 9683 3828 6389 1973 9878 2679 3802 4314 2555 8668 4319
5 7361 8193 6915 9093 2760 7753 5258 6986 3087 9169 3731 6676 4439 8343 8217 6617 7834 2396 1444 7467 4589 6577 1396 952 7992
6 9698 3012 1767 6826 2028 6412 3660 6061 2640 2288 5621 7413 1625 2555 5979 3163 5948 4412 4958 1087
7 6598 806 4744 2152 7530 8491 2288 8979 9075 9205 6325 8726 8284 6653 4029 4223
8 1472 2240 9733 9096 3144 5259 654 7438 1615 3925 5783 8279 3678 1183 2272 8994 7842 7845 8487 5228 1452 3188 5748 1205 8696 569 1084 8125 7997
9 8352 4226 196 837 4869 7463 3176 3113 3723 8683 6062 622 8498 5977 1822 5310 3391
10 7652 6762 4074 5131 2480 4851 3859 2067 2643 2868 2100 2741 1303 7672 697 4569 6170 5981 2175
11 1728 128 8512 8580 1157 1477 6054 2471 4170 4875 5072 9745 1617 7026 5652 9464 889 2490 8637 9023
12 3073 389 199 5610 8491 7916 6831 1999 1200 2288 2577 4626 2962 4435 9075 4500 2555 828 3326
13 4448 5188 4199 617 490 210 658 4662 311 8089 2041 4314 5339 7516 253 7837 1343
14 4352 7296 2342 5446 71 8364 780 493 7949 304 5171 8277 9303 88 9914 252 700 7228 1535 5887
15 2240 321 1668 2182 5451 2320 7572 7829 602 2652 7772 8028 7782 935 8874 4907 6766 7344 945 9393 4151 6007 5946 6651 9019
16 9057 7014 4071 4776 3339 7888 4336 1427 1556 3673 4921 7130 3419
17 1123 2243 8068 7431 105 9194 1774 5907 950 6679 7128 2904 1467 3038 2430
18 1984 7299 3268 8005 1989 6502 9703 7815 5479 5064 8332 7120 9202 6931 4596 4213 5237 7000 9465 5307 5181 8703
19 4801 5155 1956 4326 2598 2663 6696 3371 5739 3884 1133 3023 976 2962 308 5269 8023 8858 3835 4060 1212 8221 6461 2782
20 7296 4547 836 3877 6694 1031 4597 2742 3320 4155 6972 4126 8639 2623
21 6400 1796 420 5509 5126 8455 2183 297 5226 2986 1580 7372 1101 4816 8017 9842 2324 3222 215 4855 4954 9759
22 1168 4050 6482 3173 7605 1766 8521 8860 5340 7165 9213 5679
23 5409 8387 9125 3790 2288 7153 8754 4306 2451 3668 5750 7640 9689 3418 5530
24 8994 901 454 6344 2123 1259 1867 9835 3467 7437 4176 4945 7413 2071 1528 4664 2937 9532 8989
25 3584 1408 3105 1282 8644 7 3719 3913 6413 4687 9008 624 116 2037 5721 4666 6652 316 8863 8959
26 3872 6785 3457 5509 5064 4841 5962 1420 5261 1774 689 5303 3836 732 8636 6749 4990
27 5412 2597 3174 3943 5834 5643 8268 4556 5069 7055 6191 9135 3984 3122 5842 4020 9496 8473 2297 4027 8830 9982
28 5632 834 6148 4293 4486 455 6281 8524 1806 7120 8531 1429 8344 9435 5341 5278 1694 7713 8931 5412 2858 4844 685 9968 4784 5747 699 1917
29 6787 8293 6438 6534 6920 4136 9 8297 6702 79 8502 9881 2842 2234 3355 5275 7134
30 9505 9025 2373 139 7852 9742 9744 1073 2930 4149 7129 8538 1307 3612 1661
31 8897 4674 9733 774 3110 4551 7563 4107 1230 591 7759 8018 307 115 6421 6101 3830 2555 6332 7710 5887
32 2946 6532 8197 7 8523 5903 1871 4626 7890 1299 84 1763 6374 7335 8040 9832 3498 8174 5166 9838 7664 5108 4985 3705 6330
33 3008 3393 200 1737 2121 4651 2059 7883 6187 8396 7885 3023 6448 7601 7281 4086 2934 3032 2014 7358
34 3360 4513 7459 5413 3077 1799 5417 9930 106 4176 4401 2643 6485 151 2392 8792 2680 9241 3323 2077 7902
35 6561 9506 5156 2277 8137 5866 8970 8139 9615 6993 2835 2741 2166 9244 221 8511
36 2240 9409 5505 7873 9187 6467 73 4874 4527 8689 2322 5491 9144 5912 9465 7802 5822
37 7744 5408 7296 9664 802 7716 8071 3687 9640 8784 2962 7155 981 9367 5880 7258 1533 5982 5022 6494
38 8065 1090 678 838 3783 872 8680 7626 2475 3756 2028 9235 2264 9848 7162 5338 1468 6109 7614
39 2016 2240 1345 1953 3525 7751 41 1642 6699 9707 6827 6060 7980 4717 3599 3958 6198 4726 2199 7033 476 2205 1534
40 7681 5922 9538 4994 5219 8293 966 3783 873 268 1966 979 9459 5658 9306 989 8573 3167
41 4195 5060 3686 2570 5548 557 2958 7153 9522 5523 1491 4211 7220 1397 3286 5398 5113 574
42 3045 4199 935 904 8905 2697 745 6154 2411 8593 6193 5009 3348 5524 8954 3515 988 2653 1534
43 199 5673 2188 7181 7920 3728 1648 2705 8179 116 9846 3894 9719 5880 4217 3931
44 9129 1066 8269 2510 9780 6964 1045 6966 4985 9212 9244 7581 2941 7870 8382
45 1440 2 2019 4931 3588 2628 9829 4583 3047 9834 5962 1580 7949 7438 9199 8050 7060 1014 6492 8125 7422 8926
46 9152 5376 8866 8162 9266 3526 5064 906 8605 8990 3807 7471
47 1831 1450 9548 6285 7828 4052 20 3349 6613 6582 8470 1081 7962 861 6495 3679 8031
48 9280 3233 7938 4482 8994 8325 3814 9063 5384 139 7949 9968 8529 3857 7153 3028 6676 2871 6327 569 5435 5180 8095
49 9600 2240 3843 9605 1702 2662 1577 7434 523 5195 8590 2511 4214 5880 4314 6587 1789 6270 8542 3774
50 4352 6497 321 4488 3401 1162 6639 2613 6901 502 3574 9528 1691 9406
51 5762 7043 647 2768 6992 7253 408 7833 6301 1439 5151 5920 3104 4966 9191 6573 4401 626 5748 5557 6071 7992 6584 3836 7485 9407
52 6248 7755 2731 1740 6925 5038 5775 5201 82 5106 5778 7699 6100 9718 6456 4761 6938 9244 2717 7742
53 4834 1666 2755 9028 8549 4326 8168 9770 398 9903 7699 3416 7577 6938 5595 6363 3356 8414
54 5440 3586 2530 8354 1954 8579 3461 935 2892 9836 7438 4624 2898 7762 6101 9623 7031 1625 9915 4765 5885 2206 9535
55 9120 7488 3936 7330 4804 198 8650 427 7147 6797 7855 8144 2929 1110 2070 9016 4539 8830 1919
56 7552 4096 9921 7874 3012 7044 6662 5902 656 8214 8090 6170 5917 863 9443 3047 1262 3566 6447 5615 7665 4787 5492 9336 5564 8702
57 5969 5601 2083 9716 4484 7333 8199 6631 2361 4539 1725 1390
58 3752 1770 9450 3916 4140 8428 3565 9869 2544 7153 9619 8756 9684 3732 469 2677 5654 3543 7864 6137 1565 7709
59 2146 6082 2 3012 9545 9738 1774 9007 9840 8368 6897 7989 22 4950 6902 600 443 7227 6812 1727
60 3936 8193 9892 453 4810 8491 8883 7508 6197 7479 1016 1304 2457 3386 412 7903
61 6241 8225 1122 4419 2564 935 2345 4972 364 5008 7762 2900 5301 1813 3894
62 3232 2240 7906 451 8102 2662 6727 5224 1225 1900 9900 6381 1682 7835 3996 3423
63 3138 5988 5860 6054 7179 5804 6541 7949 9518 5390 1455 79 9007 4624 9968 8851 1175 5497 1785 8953 250 3452
64 2626 3144 2986 3115 9547 3759 7919 560 7442 9426 5110 2712 2715 1916 4061
65 6144 3074 3749 1574 8582 1546 842 6539 8813 5135 2422 5078 5495 4219 7963
66 6528 2147 7269 1414 5735 935 5704 8527 497 1075 7447 696 6074 1403 4156 413
67 7296 3651 9955 9960 9768 8266 7795 5428 6168 9848 5561 7738 3548 3549
68 4225 1698 7075 8387 1892 2340 7718 5386 7115 2764 4080 6032 8305 2551 3961
69 8134 3210 6801 1430 4951 8663 2327 3992 8729 5340 2910 7710 3751 8684 6131 1781 5493 8183 1400 3002 3195 3964 8894 1918 1343
70 6625 2534 7433 6281 5386 8522 4367 7023 9968 3505 1586 338 2707 116 6292 439 23 8349 1437 1598 1119
71 2432 1730 3074 1668 326 136 4362 1227 7949 8209 2897 5393 921 793 7131 6747 286 3166 6752 2863 9330 8887 2298 9338 8508 9917
72 2304 4705 5698 8130 5544 4457 4459 5874 9299 3540 9270 6102 9622 4281 3161 6938 6491 3995 7135
73 3584 3969 4995 6595 9732 2184 75 7500 336 6547 7771 3102 6367 6370 2788 4837 168 6889 8812 4079 8053 1081 4985 2681 5053 5503 3263
74 6499 5923 7651 164 2085 5898 1776 8243 3573 5911 4888 7800 410 6044 8701 7517 478 5631
75 4704 6817 7585 3428 6213 1734 9961 7593 2476 4271 6192 5777 8722 6482 8309 6232 4985 9498 1787 7483 8830
76 3841 9736 3721 76 7762 8920 9954 1763 935 3882 7018 1515 8491 2796 3120 7153 8498 6003 7221 9848 1083 1788 7292 9470 6718 7679
77 8193 7682 2 9959 4168 7432 5449 8589 8238 6962 6642 84 8757 8151 6327 4890 284 8671 2815
78 5762 262 6054 6951 3207 8776 3049 5641 8778 6316 1678 9557 247 8986 7004 828 8125
79 8832 4801 259 9317 7429 7205 2057 585 7849 6346 6250 2252 8716 1198 2417 6258 4403 9075 1140 1908 374 5302
80 352 9889 1319 8169 3885 4654 8912 4593 3285 214 6710 6584 9722 4315 7166 4831
81 2240 5441 7329 3747 9667 1860 804 8484 133 3048 9677 2157 655 6640 5456 7153 6481 7606 9239 5848 7615 9055
82 673 4514 8643 5124 2662 9798 5063 3946 5869 4655 9872 2704 4721 6963 1626 5915 1534
83 4320 1603 3140 7078 6952 72 9548 6765 1358 5266 9299 1780 4533 7669 8022 2390 6615 2231 7771 8284 7709 4381
84 9025 4035 9636 9188 2757 6534 3689 4842 9962 941 3022 1710 9040 1044 4852 2615 283 5532
85 6210 9157 7590 2470 8520 5004 2032 1040 1106 7443 2485 4246 8248 1625 443 1757 4350
86 4385 1249 7783 8711 9704 2568 2892 6797 6734 3282 7285 7574 9944 1914 7418 5117 6237 6110
87 2496 8736 5825 1218 2307 4100 6052 8804 773 1003 5580 8493 9741 7438 5871 496 2643 2295
88 4576 9953 8145 6850 5780 996 4229 5097 6730 2955 1597 3662
89 2 2468 2340 2408 2092 9293 9422 3758 5680 8306 1428 6196 8373 9461 1429 2263 7545 2139 7707 9820 8831
90 5511 8904 7752 7945 9483 3533 8846 4847 4175 9841 1554 6547 5555 4244 6101 1208 4377 2266 1308 9852 605
91 6403 8836 7240 2121 8586 1356 8716 6221 3854 2128 3092 3545 8604 2460 9761 7206 2600 3241 5547 3053 8110 1585 4147 5821 447
92 2240 3553 7233 321 8516 357 8134 3529 9129 1738 4971 1199 8496 9265 6035 7699 4180 6101 4629 9014 6551 4699 5371
93 5412 517 3717 9797 2984 1002 6187 9421 3278 787 4182 183 6393 3325
94 2112 8801 5537 1379 2052 1093 839 135 4967 3440 7090 1042 9687 4056
95 5856 7233 7203 3781 5287 4264 5451 205 6547 979 788 4341 6135 2648 9850 891 2429 927
96 8817 7971 5539 2916 2997 9078 7880 8620 7132 8540 7183
97 4224 7108 8267 8491 2860 4429 7183 6674 5715 1267 6675 8692 1529 1723 4539 1052 477 3741
98 2240 257 3716 3012 7429 6631 4233 5386 876 567 3192 9692 7164 8828 7196 8671 607
99 4423 5639 8104 4648 6185 4330 7114 299 5483 9038 462 3727 5685 1080 188 4639
100 4160 3744 34 2212 9252 6020 1192 3144 7241 5194 1739 5708 4364 6125 8722 4501 3445 4280 1498 9500
101 6849 3074 6083 8742 5800 7276 2604 3276 7439 9681 8307 1492 724 6231 4025 8125 7550 9567
102 225 9857 6630 486 4679 4871 8329 8074 3755 6286 9199 7312 2003 2647 9271 3513 8443 3547
103 3936 7234 7556 8005 4710 6982 3750 3241 969 9545 6347 6157 3341 2605 269 3567 564 4020 1557 5432 4986 9787 3932 9598
104 3522 3909 5894 838 4808 6537 1289 8939 5933 9357 5421 174 2293 2998 9943 5240 9530 7996
105 9312 7586 8452 1829 5862 2118 7975 7240 9225 2635 6030 8465 8722 786 309 7670 5334 7320 3290 122 4957 1149
106 1668 5412 2726 3303 7079 4519 9514 1357 9039 3379 5715 8697 3932 1117 5437 543
107 9632 4290 1605 9606 1831 8391 6471 9137 2961 5138 3254 8919 3838 9183
108 321 5701 9349 6823 5704 9644 5006 6126 7759 529 1971 5173 540 3740 8125 447
109 3586 9444 3718 9031 935 5769 2857 6122 716 2892 9199 7858 5396 6805 1461 7925 4793 7709 958 7486 6687
110 6881 3490 9411 2886 8423 9545 1581 3504 7284 4340 5141 8598 4855 1112 6200 7032 1145 4923 5053 7967 8351
111 738 2179 4679 2472 9449 8300 113 5458 8019 2644 2422 7511 7481 9593 8761 7641 4474 3101 4991
112 2176 2018 8932 6949 6373 7621 2278 5608 2121 2634 9610 4750 4304 3089 5715 4823 7575 6331 4957 1503
113 4865 4035 6404 4102 3145 6251 8043 4396 2061 3950 1071 1839 7921 882 6962 278 5049 6459
114 1633 7874 5412 5063 8167 7629 7310 79 3887 9616 7762 6323 2803 5399 4311 504 6586 9562 3130 9723 8700
115 3936 9124 3813 8870 2218 9515 8652 8812 5966 7438 7889 8146 2290 1204 4660 54 9111 8441 538 8765 1631
116 5152 7715 259 5156 9161 3530 2346 396 2508 3501 1134 6672 6034 9746 5492 7797 7736 4314 5788
117 6789 4454 935 3143 9127 4558 6030 2734 7120 3024 3760 2643 6516 4341 5014 7001 5115 2013 1534
118 5636 1479 4939 2318 7896 9432 2586 6170 8027 4317 100 8295 4199 4840 492 9965 7087 1904 625 7154 3058 6643 6261 3894 3835 9086
119 2537 4873 9034 2922 176 5233 7153 4274 1298 2739 505 5466 1595 2876 604 925
120 6369 1668 2340 4326 2982 134 9065 2443 3981 7758 3184 2960 3376 3538 2226 9075 6165 8725 9494 7097 4985 9244
121 1984 2240 3521 6821 6566 4167 9192 8203 2571 8750 8495 4720 1265 178 5715 7860 4277 3830 4285 5247
122 6560 5251 3877 5318 7558 7912 7501 434 468 2932 7669 9877 4311 3543 9912 4633 9178 3451 668 5917 5245 2494 8159
123 1476 9988 1478 80 6613 3158 8470 9431 2327 24 7706 5788 7133 9702 2279 2857 5929 6313 300 4526 6578 6258 7288 1593 8891
124 7072 2723 3652 5412 8489 2058 811 3981 1933 79 6896 7157 3350 8951 1722 5917
125 1152 8674 9545 2889 2349 9040 8848 1362 7699 6900 7927 9786 8154 4314 2426 6875 5052 5662
126 5442 5762 4034 7684 2052 4356 3017 1290 4941 9874 6226 2643 1625 8289 2657 3364 552 4649 4780 366 1454 2165 501 2171 5500 9533
127 4035 1542 6376 9224 5064 9451 6832 9073 5746 4082 4883 2099 2517 6613 3993 9244 1724 4988 2173
128 960 4352 3137 6819 7557 1223 6954 6827 4363 7883 4813 2607 3631 2288 8977 4948 3157 6262 118 6743 1850 762 7133 5917
129 385 2 1988 965 6181 8233 3243 5073 8345 8091 9404 5533 9694 2367
130 9089 4481 6978 2 5316 8644 713 1289 5198 270 1295 5330 9174 6936 8985 8410 353 4901 487 2983 9327 7153 3578 9533 8125 6463
131 9345 4450 9989 8423 8617 6282 6155 6187 2926 8718 5519 9679 4977 1042 7122 84 1496 4573 447
132 259 9380 3972 8839 6537 7370 5677 9968 8724 3316 4087 4375 1911 1144 5593 7513 7579 9179 8827 4188
133 4672 545 7425 321 4835 3365 2150 9576 1896 9129 4490 9323 1105 2227 2999 2327 5176 4377 7997 8062 8190
134 7105 5410 6115 9443 6469 3622 7751 3528 2088 8365 3982 6514 6454 6134 7639 7513 3481 7609 2521 6427
135 5664 2 3653 9861 1317 5477 6375 7624 7820 78 9839 3568 9584 2034 4884 9461 3958 7769 25
136 3074 8515 4777 7466 4107 2155 781 1710 5167 79 1906 7283 2196 1721 7930
137 3521 423 4008 2761 8587 2155 4880 1105 6613 9462 3894 8406 5367 9911 9049 2106 8253
138 8193 3074 4770 8710 647 3079 1321 4107 7444 8181 3542 2103 5559 8056 9114 2687
139 8609 929 4388 4170 7628 7917 6029 1968 5748 4470 6937 4121 9113 8890 7709
140 2848 9282 3590 9512 1385 3628 3664 7792 818 8722 1907 2327 1469 1117
141 6048 1186 5346 6882 6916 5637 8012 5267 5715 8950 7995 7069 2589 1117
142 7201 1667 1156 4614 6089 1962 9517 2736 7408 7472 4112 6387 4731 6428 6271
143 7936 1473 3011 6724 1353 7179 7180 5293 2098 8406 5144 8476 2013 2431 6303 1279
144 2 7714 7461 6982 8711 4328 8585 3758 240 979 3476 4116 2582 3894 2555 5949 8287
145 4099 3044 5028 4647 5607 5323 8044 6447 6961 3411 5687 2393 8186 6139 7708 7101 6909 1693 6750
146 6467 3012 2249 9673 8172 3084 3534 7153 1490 6355 5846 9110 3831 8408 7864 8092 6847
147 6113 5605 7880 4521 3753 8554 7146 5322 1963 782 7694 9968 2896 2288 1042 2611 820 5013 7351 9207 5112 5340 9791 7743
148 2240 1696 4707 1383 2183 2215 3783 5002 778 5612 3054 7438 8208 3728 4786 9652 4053 6518 4854 1085 7325
149 6592 800 4803 229 8358 8646 7880 2670 9710 7246 7599 7631 7088 3060 6613 4407 7547 8766
150 6341 9990 8263 8910 4624 5520 7507 4020 3061 822 887 6744 5401 8025 2169 6778 6523 3580 9852 7741 4767
151 7587 4035 6276 6919 1546 9102 9615 6321 8785 2962 2805 5558 2007 3672 2908 3261
152 2785 4993 6049 2818 8775 5706 4043 8043 8845 1454 5871 5744 2289 7379 1335 1912 6778 4347 5660 7487
153 1121 8386 3907 2979 6470 9831 1640 8425 9545 8298 9164 7854 367 9777 6547 2421 983 7001 9305 2365 8862 9374
154 5858 9795 5347 9316 4199 2414 5840 8433 6291 2965 3799 5528 4312 1145 5086 1663
155 3776 321 3074 1539 6404 9926 6283 2128 2962 8980 7765 7960 281 411 7517 5023 6305 3877 2855 2933 6390 1142 7734 7610 4923 4093
156 5280 3041 3521 5507 9351 9418 7979 5068 3629 3885 621 6895 9424 4144 84 8597 569 3482 2074 8092
157 4787 1188 5204 2869 135 9112 5336 6360 682 5467 926
158 7235 3012 5989 7688 7400 4908 3021 4237 7759 4562 1138 854 183 120 7992 7961 1049 6075 6044 3869 3677 1950
159 993 7428 5477 2182 871 5674 525 9933 5038 5263 145 2838 5335 5784 7673 8858 3739 6460 3036 1756
160 7200 3521 8994 8805 3494 8552 8010 6379 8780 365 6382 3023 4241 2962 9013 2550 6327 729 1531 8125 1471
161 1056 2368 7652 2341 69 7367 2986 1195 6635 6253 2190 1039 5713 914 2962 6547 2006 8406 3830 3576 7225 6715
162 3936 8194 7652 1289 9098 718 3600 1169 9011 8821 472 9560 7481 4378 9404 1116
163 9408 6688 321 8803 8387 6020 7173 2630 8998 9991 6888 6506 7787 1263 3634 1299 7413 9398 3830 7127 8057 3259 3935 2943
164 1987 9476 7365 2187 6667 7883 5389 1871 7249 7699 917 6680 9048 4505 5465 2907 1383 9132 7410 7861 9013 5688 888 7163 7932 3326 447
165 2240 1125 3432 427 8717 3213 5326 4206 3920 1394 7474 7762 1683 9270 3032 2682 9693 3998 766
166 8128 5732 6088 1544 3338 5867 8716 5134 5999 3926 3383 2716 3966
167 6 4647 3880 6377 777 9355 684 1708 4588 7213 2286 5775 7732 4404 949 8406 6359 9463 3772 348 7519
168 6401 2437 9671 6567 6087 2792 1608 1576 2986 427 1548 973 6254 7087 1873 6609 4914 2962 7541 4664 6905 4314 6140
169 2049 5186 291 8227 3368 8840 1868 2446 3982 8431 7730 1363 2676 5044 6742 9015 7742 7807 4799
170 2752 6337 3873 5251 8387 260 3012 3625 397 9549 1453 8272 3089 8850 8116 7733 3926 7193 569 2171 2204 3486
171 6528 1731 7237 3015 1353 5962 9036 6092 6861 4622 8078 2326 3163 9501 6622 8158 7652 1064 5609 3374 1904 7153 7413 5814 58 4797 1341 9789
172 3012 6345 5964 8812 5007 2800 8561 6002 3667 2004 2422 2299 2974
173 4354 354 9858 1634 6627 9731 8773 2696 1160 4712 3050 4266 2766 5326 5647 79 5552 369 9843 7029 7736 4698 7071
174 705 3074 6054 200 2698 9706 3627 9483 2671 1619 9299 3316 1972 9621 5077 3606 6134 5047 4311 702 1534
175 8416 6176 321 3458 2595 8387 8103 6409 2121 3850 3468 3536 9970 2515 7156 8982 7737 6843 7709
176 193 321 2531 3429 4901 9862 1638 1800 5961 809 4236 5582 7534 2898 4532 3990 3032 5242 1343
177 3584 4610 835 867 4359 3655 4232 1196 8526 3218 7795 5715 4379 8829 510 7294
178 6145 6977 5538 8834 2402 1571 2693 8133 1606 3240 1960 2699 1869 7341 4975 2420 7575 2329 1246
179 7456 7652 133 5831 9543 1415 3116 8557 6706 6258 5715 2453 6426 8731 955 7197
180 4228 3012 3079 7880 5321 650 6795 9677 5520 6416 6737 3602 5331 8794 7968 8490 6188 9392 4337 7859 8887 8442 3194 9659 3071
181 1760 3904 9348 8676 9413 2444 5869 8462 7886 6735 2288 3665 9649 6834 6482 7219 2008 9784
182 5921 4033 9825 2529 3012 4487 1927 7688 2377 203 5260 1741 719 2643 627 9139 979 6358 7675 1213
183 5153 3329 2 3812 9991 2087 3432 2732 3820 9484 3309 1134 7630 3377 1043 5494 8824 7352 7833 2522 6938 7739 9467 1150
184 1984 5345 2467 7045 8741 5445 6953 5738 5962 2096 9265 8947 499 9812 8021 3894 1276 4284 2332 7902
185 2818 2114 355 1641 9196 9004 2349 431 8431 1393 9265 9650 1810 7186 8468 6646 2519 5849 1596
186 5796 4708 8324 1607 2343 935 6986 2893 4974 4559 3279 1105 6867 1587 857 1658 7005 5119
187 866 2 2404 3910 8230 2630 6920 2505 7689 2314 427 7950 6798 6161 4242 6454 2134 6616 794 6555 507 9661
188 7040 7680 4896 321 66 3074 9444 2116 5030 7110 1127 4362 8714 139 427 1550 7023 6386 9714 7027 925 7678
189 7683 7652 2790 3783 6151 4781 1583 6162 8212 6326 1367 8313 1371 4795 6299 412 4253 6334 7775
190 7489 4866 6274 3269 9573 7653 2437 3942 2662 9800 5164 1332 951 4956 6460 2621 221 734 6623 5215 7839
191 7136 4352 8994 5892 2503 2727 2698 2223 560 3666 5650 5651 6613 7864 6713 8799
192 9313 1986 9186 771 3497 6889 8078 1102 7983 6417 8147 5843 5939 7476 3220 1463 1181
193 3072 9379 3236 3207 1383 9032 5481 6538 7788 4624 9492 3766 7385 7801 4953 154 7454 6687
194 5666 9219 6692 7652 8008 2858 9902 7727 1488 9968 3763 4341 1814 694 3163 5854 1246 8702
195 4996 3077 8966 8711 5771 3981 9615 1552 1104 8402 1495 2904 6554 9311 4963 8487 6509 9453 1774 625 2804 6453 9656 4858 8315
196 2080 417 321 9155 5412 9765 9896 5386 3370 3853 2704 3314 2612 7988 7544 6201 7326
197 3936 6912 736 4259 259 8293 7622 1353 1228 7474 4690 6227 435 2579 4855 2010 5918
198 352 1601 8930 8644 3493 3109 2186 1067 7627 1932 1868 5581 7407 6224 2128 7409 4849 7153 9842 3897 3226 4828 732 8254
199 6369 1154 8962 7526 9416 6186 5101 5517 8533 9558 3830 8406 9657 1146 2970 2237 8957 4093 1375
200 483 420 8134 5383 3240 7177 362 6058 427 8556 3342 7055 79 2353 6545 7666 5142 5080 7736 2745 9977 6875 3135
201 3745 6178 3427 8389 1125 7686 199 4199 4489 8235 2539 2987 8140 9580 8973 7602 7570 2611 3379 7699 8342 1500 2141 2495
202 5313 5954 1060 5125 9701 519 1193 4594 2423 3735 6584 3609 7289 3775
203 7296 2562 1763 8871 7434 9771 2957 2894 4878 4686 3376 2768 5041 819 2005 4278 2424 1656 7419 3964 7933 5437 1150 9279
204 7841 1058 6051 1705 3114 3403 7596 4909 2062 2735 177 2865 3377 1843 4468 6869 6933 1623 8183 8663 8220 7676 9918
205 8613 6153 4431 8751 8431 272 6641 2577 3026 6258 9493 4693 7030 8599 3479 3097 8507 4830
206 450 2533 4037 1893 2213 4520 3080 7560 8494 6030 5391 7217 4210 7219 19 1109 4534 6073 9374
207 8672 4289 4035 3779 7364 1668 5412 4709 8134 2668 3982 1808 4177 2740 4020 9236 4564 8121 985 6233 4154 3163 6558
208 4544 4034 4418 8453 3334 5322 2827 269 9104 2707 726 3543 4377 4060 6302 4065 9062 3305 8685 9397 1590 7929 1149 9533 5566
209 5218 6470 4936 1835 6987 6827 4496 5328 4402 8531 7254 9244 3614 1759
210 9633 8481 3842 7618 6020 9668 900 9412 3877 2375 3944 4745 9930 1611 3410 4084 8982 5304 1368 4313 4891 3035 9979
211 8994 3363 2724 8069 9669 6054 4680 2026 3435 8491 7564 2125 3885 3310 8881 9041 1875 2387 6938 8284 2781 9247
212 9248 7904 1153 3777 8705 7012 5861 296 7240 394 6860 6479 8591 3762 3862 6295 7671 5784 1178 8287
213 7968 2305 5217 5066 2666 2603 5360 466 4723 9238 3894 5719 1784 2104 5848 6169 6202 9405 7007
214 4737 4162 6659 613 9453 2414 7120 9075 244 2228 4949 4983 8920 9721 26 8571 3581 1407
215 8000 5953 3521 7907 2167 1191 3703 4151 2713 9466 5179 4814
216 1985 2722 2245 5445 9318 2822 8941 4110 9168 3506 2770 1299 1877 4855 311 7038
217 6049 7266 8994 9029 3847 4170 1775 79 2672 4176 3729 625 9586 2322 7762 883 8022 9559 4760 8474 5882 1979 797 4414
218 6913 8673 3362 6531 8069 5061 4967 5773 1197 79 9007 1552 6289 9491 6708 2935 2327 8185 3129 9050 8733 7806
219 4192 9283 3012 1190 4007 2055 2666 138 6635 2668 7756 8781 7790 3758 5873 9075 1012 598 5239 412 4636 1564 157
220 4548 1864 5962 7946 3982 5775 8209 8856 6298 6042 5978 6621 6365 8670 8223 4129 3681 3750 745 7342 2288 4402 9395 6451 5813 1401 3641 2938 8125 9533
221 7940 4422 4199 3626 5454 6415 4786 2610 979 4916 6581 3128 664 7736 698 3165
222 8386 7909 5841 9172 6804 245 6101 2072 3352 8601 6395 9119 5727
223 9730 6211 131 2214 8807 1097 9353 8205 6733 4494 7406 6418 979 6391 3543 4792 8798 3103
224 3584 7617 7426 1059 259 5764 5445 7813 5095 9511 1931 5548 6767 79 6544 7091 9783 4857 4985 8634 5020 6077
225 4740 8420 1668 6693 2630 140 4368 5560 3065 986 1882 1405 2109
226 8832 3905 1668 3077 8838 8327 6537 4238 2193 850 211 2264 542 3554 2275 1763 5219 3557 7142 4326 6124 4015 2033 1847 5880
227 5088 4928 2240 8484 1255 3753 6922 4077 2797 207 9359 4179 9300 6294 9046 3894 4824 1560 3801 3866 9402 8859 1566
228 1793 8867 8645 2856 7786 9291 8429 2990 2158 402 6357 2903 2615 1562 5563 4349 6141
229 9377 9666 8450 1826 8994 2244 1828 5412 425 8685 9646 2959 1201 5715 9364 1047 1562 6716 3262 767 9215
230 6465 642 7880 265 8841 5962 7884 3023 8975 5904 4561 6161 2962 5206 3158 606 7970 8098 5283 7396 8947 3956 949 8375 6143
231 9440 8418 9826 102 7270 5543 2699 6796 3726 4623 1329 7505 3281 8728 3836 5693 6398 1406
232 5120 7298 2500 2340 3433 6537 6922 9163 9003 6320 3186 8564 6613 5526 4632 9369 2874 155 6334
233 581 103 1383 7817 4746 2414 2576 9138 946 9842 1299 2454 5592 8377 1657 6938 4187 1980 7709
234 6978 5700 1668 4421 5203 7316 2650 8794 9758 415 6687 1442 8419 5604 4199 9384 5099 238 8559 9007 9264 3700 8052 9533 9215
235 8994 930 1347 3817 2185 7274 3948 3053 6894 4526 8015 8532 9108 6613 8118 9816 9533 4959
236 8912 49 7649 1234 4276 6522 8491 7099 7867 6510 8654 1327
237 6981 5383 8907 7949 2384 3603 4563 2516 4057 3232 2340 5412 8037 5541 5801 5865 5295 9010 8498 4020 8693 3830 441 1017 3579 6975
238 609 8227 5348 4358 3914 9071 7247 752 7473 3764 404 5429 1497 2042 6783 7615
239 5121 1861 4965 5129 843 3500 4846 8848 7120 5715 180 9013 9302 4984 826 4031 8671
240 4416 8580 9094 4199 5192 9448 1256 9997 239 6799 7088 9937 3827 5525 1750 2422 7575 3767 2744 1560 9115 1979 5308 3006
241 5504 2113 5986 1410 3715 7204 4612 3877 1670 1287 6537 7883 6604 3117 1582 1328 1905 9845 55 9273 796 5277 2047
242 7808 8003 4035 8964 3877 7880 1032 2574 6223 5522 916 9847 2808 9304 9627 2972 1343
243 2240 65 1890 5412 968 7754 9772 8430 2288 3733 4856 5880 7449 703
244 6244 8005 1674 2220 236 3343 7215 79 8400 4531 5395 1524 761 7354 2718 5471 7359
245 2753 6082 1346 1956 7333 6565 7366 1063 489 5322 5099 4779 4619 9964 3758 8528 1944 6938 1979 7451 5147
246 6018 4194 9603 7268 1128 7240 8075 3371 4909 9007 6483 5715 1654 1849 1215
247 7392 3392 6530 8260 9735 295 5448 2412 4077 8046 9871 5584 3153 7697 2962 117 5014 9340 9533 3454
248 1441 4161 8898 8130 9573 9990 2790 330 9324 7949 5839 9199 3249 6802 6067 5845 2359 4282 3547 4028 412 7933 5983
249 4193 6019 964 5863 8968 1226 5003 8844 4333 3277 3151 7696 6354 9139 8212 7509 9848 666 4123 7899 9181 7389 3261 9533
250 3441 8193 9634 7732 997 1270 4038 4089 6585 3867 8477
251 901 9734 3242 3696 6800 880 9521 3313 7153 7955 5683 4372 3543 279 2807 7545 8698 1370 3291
252 7745 2499 3463 3977 4234 8844 5329 9809 979 6744 2649 5339 6428 7709 477 2143 1058 8994 6440 2345 2986 374 9080 7160 8444 7167
253 1984 3648 450 3203 199 6153 2251 780 7756 528 2064 9942 6300 3106 3811 7652 485 6309 8293 8934 2986 427 9133 9523 1848 5818 442
254 928 6082 2883 6469 9253 8390 6855 4456 3561 7977 6923 5709 6606 399 7383 761 90 8795 925 8125
255 7553 5762 3270 7048 9545 9995 3563 76 1934 3792 1041 7377 9778 7059 1299 5783 6425 8570 3771 798 6654
256 7776 3620 9830 8711 7050 6538 1644 8876 7791 943 3856 2992 1137 6129 7922 3380 3702 8152 5849 4697 8830
257 2240 1952 7170 4898 264 5163 6029 3982 6064 7762 1011 4822 3894 7575 1242 2203 8252 8510 9823 8831
258 2690 2852 7429 5351 8105 4809 427 3982 7922 5490 6164 5589 6136 5848 8889 3229 7453 1790 4958 3839
259 352 5507 5286 6759 4071 7020 876 400 6036 823 1879 1527 1273 250 1979 8796 29 5437 3103
260 9793 5893 4901 3046 8902 5896 8104 5450 7499 2002 1330 6675 8371 6899 6996 2773 8406 2489 6458 1053 4574
261 5696 2 2659 3043 1637 9766 8744 2121 7405 4558 6607 2704 4400 6290 1429 9527 3737 5149 765
262 5824 5794 2340 6278 9160 7881 2474 4011 8109 590 8462 9200 9265 757 8566 2902 7894 8600 4472 8155 5630
263 4802 6691 7779 9957 4870 166 3846 5862 7240 9130 5003 8236 3244 9197 6445 4367 2962 3700 1079 6647 7289 3034 9275 5340
264 6242 741 8293 1224 5962 5835 2189 3885 782 8239 2288 9457 9939 3827 7703 1495 7355
265 8320 6918 1287 1613 14 6094 9935 5583 2323 3989 4377 6938 735 930 3877 552 3757 9325 3885 2415 6707 9075 8503 9655 8830
266 1121 226 259 8198 4423 3304 3945 3691 7692 8460 2927 2578 340 9428 5910 8088 2555 9403 444 2078 4958 863
267 3714 3074 9540 4362 7883 141 6349 4045 6670 5006 7762 2962 3414 1496 1247 32 9764 7654 4135 8427 8111 9968 2288 6195 4216 8058 1083
268 1632 546 8131 8740 454 8810 6989 2541 4941 9007 7762 3539 4819 3507 406 5816 730 8506 2555 3199
269 8770 7042 1413 9992 4811 6613 5913 7517 7198 9374 5407 96 8290 9510 4071 4455 935 4909 4782 238 6511 5554 8183 6267 5821 5437
270 8066 3074 1316 4069 4361 2666 8780 8014 7695 6608 5265 2643 2548 3894 2968 5657 94
271 4002 3523 4900 7749 3751 7687 6057 6189 1742 7984 5105 9139 3637 2966 3354 4314 1339 4988 1501 3582 5567
272 352 8257 1601 8994 1923 6275 4643 6084 8708 6852 4197 6886 4935 2856 3144 745 9101 2260 9654 3288 3163
273 3936 2240 5667 1668 5064 6219 300 4653 1710 1938 3510 1496 7321 9114 6620 6172 9822 8543
274 5569 3491 6212 7332 6152 2666 8782 4048 7699 730 6139 8284 412 4605 831 6239
275 5248 8514 3043 5798 9898 6030 8431 7825 9777 1458 83 4469 790 4727 8247 5531 315
276 6306 5763 3172 935 9932 6700 1103 3184 2288 7153 8530 148 1588 2356 7413 2358 311 6264 5241 1754 5019
277 1348 2981 5799 9739 686 5998 4625 7699 2164 4692 6613 8087 9175 8471 2105 3322 9051 5373 2013 2847
278 898 3748 7652 5957 5703 616 7789 3758 9582 9583 4592 9585 1299 6838 9750 630 2904 5017
279 6464 2627 3012 644 6692 7652 7397 8709 6021 4807 8937 5034 6635 8013 9938 6258 7251 7161 7868 9116 9244 3965 4286
280 8896 7105 5187 9219 9541 234 6924 1614 5934 3023 9232 7313 8051 7542 503 1821 6942
281 7553 8961 6753 1665 1058 7875 4035 8387 8134 9383 5352 169 6698 6765 241 5810 5042 6038 7543 219 2555 3004 991
282 3586 2 2340 4070 2121 5097 7821 3693 6287 8495 1871 7506 8153 8123 3837 317 3711
283 610 4356 1668 5 4295 3111 2346 748 3852 8396 9581 1358 3918 912 9298 1048 2201 1945 8188 5501 159
284 2240 4929 6402 1443 5219 7077 4838 6507 3470 2191 1809 7314 9842 5172 8148 8534 4345 4377 7740 5692 925 4254
285 1248 2593 3650 3331 7653 8042 3215 7762 692 4020 6105 1530 9245 7262
286 1409 8068 9190 7369 3113 4041 5899 7180 9487 7248 2288 1299 3796 1238 249 3643 9916 7423
287 7713 2882 5762 6661 5029 6216 4619 301 7438 3823 2416 4432 2355 1524 5783 4665 1051 2875 9852 1309 4735 799
288 2240 1665 2497 1542 9414 9865 5772 8492 7438 2031 8401 5908 9140 4501 1499 5502 4158
289 6464 4258 8994 7747 8612 3012 3014 6568 3624 2795 7883 3405 6190 79 7187 5942 6935 2615 6296 6619 1916
290 769 5090 5767 6599 1223 3784 6285 5838 8142 8302 6547 7285 7029 4245 9685 8920 1818 3804 4124 2238
291 2304 3104 9056 8547 132 2791 935 4937 9358 3183 3376 437 2389 7159 8026 667 2555 3836 9565 6781 1534
292 321 578 8387 9994 1004 5677 5870 2127 9842 9811 984 5369 2553 6556 6525 5470
293 4128 129 6851 5094 7559 1352 9007 4944 1841 7537 4531 3894 8215 6424 1720 4728 9244 8125
294 3808 9153 577 3905 7427 3941 5478 1095 5257 5482 2986 2315 5964 5740 7053 9007 4342 6712 2140 6175
295 2917 421 2501 4199 8488 2124 5327 9007 2160 368 369 17 6547 7318 6296 7036 8348 3836
296 6112 6209 6658 8167 5448 2538 3178 6827 2192 2962 9237 9335 5368 7096 8312 5050 3708 5437 2399
297 7652 4391 745 4106 1930 810 5869 4272 1681 3891 9139 5715 9173 8505 9371 8411
298 9216 3840 3265 2439 7848 8618 6890 2923 8269 6000 2288 7699 8885 4117 2198 5430 4150 7415 4475 9276 3997 9533
299 7266 7363 1668 101 838 2790 647 5096 6921 4714 7118 4976 6672 2481 9907 7093 182 8762 5211 2526
300 4962 2210 7266 6022 712 8234 1964 4108 205 7086 4942 1423 8145 6865 4691 8499 9171 6519 2617 8282 5885
301 7296 1638 9480 3146 7050 971 2989 3949 7732 9109 7798 8566 4855 1688 9818 2236 4318
302 1315 3877 710 8842 2284 7533 7021 3982 6351 688 5075 4212 2932 8981 7101 9533
303 6496 1216 1474 1250 7267 2915 5412 1670 425 9545 9290 7787 9195 4719 2256 3312 9873 7762 8434 8340 2260 2557
304 768 4032 8449 1762 9285 9578 5386 2986 4587 13 8495 847 79 1679 8688 9362 7956 9013 5175 8345 2555 1534
305 1984 7426 6978 8837 9478 1929 9674 6410 6635 9259 9645 8466 8083 1299 5751 5880 6457 6044 5535
306 9184 3488 1187 1380 8004 420 5097 3754 2986 5645 6318 1647 9551 8816 5748 2870 2615 8344 9626 6748 5212 7037
307 707 5507 9349 9928 9481 8265 5901 7698 7762 4243 9178 4507 9755 2203 9757 7331 165 4967 6312 1961 9579 172 5294 2486 2810
308 3074 131 518 202 8331 6736 18 5268 8341 3160 3032 2970 4314 862 3550 3103 7456 9827 1125 2601 5802 1711 6385 4286 6526 6270 63
309 4097 1672 5160 1105 2866 5011 9107 6547 8789 8918 9209 5273 4345 3642 5340 9533 2527
310 5728 2401 2339 9347 4132 6500 6406 7399 9260 7438 7054 2319 1903 2643 3572 8085 4855 6584 4442 3227 5596 8125 9309 8478
311 9120 1697 3074 2884 1348 8677 6310 8711 6635 1260 4845 5869 8878 6863 8720 8722 8275 695 3319 1336 2552 7770 3994 4796
312 6336 321 130 6695 3016 5320 9834 9968 6547 6452 6776 8763 9948 8316 8284 6014 5534 3231
313 1761 2787 6979 7525 4584 8009 6538 875 8462 463 9295 847 2929 4051 7699 1622 663 6967 728 2074 7486 895 2079
314 3586 3077 6538 5514 7883 6477 6030 7822 3535 5072 3409 3858 1940 3669 2837 9495 30 7582 2721 2925 5677 8624 4400 2867 9139 53
315 98 2819 7172 5158 4679 745 2121 6666 4683 8235 3284 9524 7223
316 8067 5412 4933 6117 8678 3271 5962 6572 7309 9007 7795 5587 9589 6613 2107 603 7806 9086
317 9474 2725 5737 4970 8811 843 2638 8687 6959 79 6480 3633 5875 4340 6777 60 5950 3006
318 9378 6980 7652 3012 8518 9990 2983 7657 9866 5388 9453 4879 2639 9775 2480 4688 1364 468 2168 7001 1978 6938 6590
319 1858 4742 9159 1865 6859 7438 79 1745 8594 1238 2327 220 8864 4004 3877 8294 742 9255 6512 4081 310 376 9083 7355 1149 4926 8895
320 4832 7713 9347 8228 4616 2344 6793 3914 555 3983 7055 1425 2737 2962 851 2391 1465 8797 3743 2591 7551
321 9376 2240 3584 7393 897 9537 6465 8163 1220 2407 8363 7949 2063 2288 5234 4948 4309 4695 379 5150 7647 8991
322 3200 4321 3393 7619 4453 935 6827 9969 979 9526 5848 5594 5947 6811 8733 7997
323 8258 7013 6725 5958 967 76 3308 9676 7244 7725 2383 8143 2288 2101 5111 3607 9625 2809
324 9890 7874 259 6470 9000 7148 4590 8276 7062 2486 9211 8635 8603
325 4352 2464 4256 1091 1668 9607 3208 4360 1289 137 6505 5962 9453 6671 6352 7762 1779 5876 9012 6101 5785 6235 2555 7964
326 3075 2310 5446 8583 39 4778 401 6997 183 5623 6775 8952 347 7293 4510
327 9281 9156 1798 5193 77 8910 1042 8403 4884 2709 1557 1815 6938 8539 5340 9372 3230 1125 1253 105 2985 2029 9199 9145 6266
328 2145 1859 5412 709 5734 7656 9160 6538 427 8716 9551 6543 5359 2288 2771 9848 3864 3512 9499 4955 3485 6397
329 608 1797 2437 843 1838 4783 2962 2195 7219 6166 440 216 1753 2302 5375
330 2978 3298 9763 2629 3877 4457 9930 3758 9103 4399 2288 2000 7440 6770 6258 1365 1399 4696
331 8448 6498 2 1669 3238 2918 170 5962 2155 908 9262 1934 3758 6771 662 7191 7831 3032 2232 3003 3102
332 1601 9090 7074 1508 2533 358 3111 5064 7210 1232 1523 5684 9013 6550 8086 3385 2683 5758 255 7199
333 5507 7012 390 2439 3527 5512 970 9804 1772 750 9775 8113 1206 8122 6458 2491 9083 4924 3902
334 2211 3012 3877 7623 7435 5803 9387 3885 9007 8976 1105 3699 3156 2197 7064 5848 569 7865 3066 3675 476
335 6434 2594 1731 5219 8135 2440 7498 2986 1324 559 5169 2065 3377 8470 8150 2264 4664 5690 9151
336 7137 6054 7719 1832 3373 751 2833 4340 8374 5366 1752 6712 5656 8218 9946 2013 9758 8767
337 3424 4806 6343 6216 722 7699 5653 6423 727 4409 4667 380 5437 4638 575
338 7200 6465 8997 6630 5992 5962 9261 7790 8686 7663 3408 7185 1746 2962 5364 3381 9717 4982 9270 312
339 7044 6436 4517 5797 5864 8651 3275 6222 7887 5973 9077 8758 5112 4664 6584 9337 9436 1148 4350
340 7232 3363 9027 643 5379 2340 6149 5062 2247 3086 8910 79 8464 9968 3889 881 7762 1686 6486 8888 760 8572 5628 1086
341 9984 7104 7972 1765 7846 583 9160 2027 9968 4497 2962 6482 2643 1717 8663 7895 2616 2488 7452 5661 4670 4575
342 3936 1092 5636 4327 8136 7368 5898 3532 9197 6672 465 2674 8882 7285 4310 1398 1567 5055
343 3555 3427 4292 5926 6824 520 9993 3982 720 2673 6482 5781 918 6134 9884 8671
344 8896 7746 1668 4901 5862 7338 8332 6574 5170 7796 1716 9301 6263 7194 4346 2301
345 4736 4483 7683 4070 2951 6217 5546 3051 5677 558 6542 8655 5715 7065 1083 446
346 7041 8129 6534 3720 2285 9197 1038 7438 6991 7567 8335 7762 9301 3189 6424 8249 7291 5724 4669 574
347 6944 3746 6947 935 4552 5996 1454 9876 8372 5431 3256 665 3870 6047
348 7968 2465 6177 7652 4325 9573 1351 9705 2537 3818 7851 6827 9678 3182 7439 9007 81 8049 2834 9908 951 1271 4855 5880
349 2114 9026 3 7395 1091 7012 7844 4199 303 3344 7824 3701 8278 9370 1435 2491 5726 511 447
350 3456 321 4546 6564 7652 3397 8357 5098 7691 9453 238 4334 5326 9968 1137 2483 1395 8084 1113 9018 2618 1117
351 2881 9060 868 393 1610 4171 6123 5869 8333 7055 527 3794 9747 8405 8662 8438 3064 9244 4765
352 896 5572 9284 6534 5385 5715 2325 2456 1625 6490 3163 7965 3869 6880 992 5600 9955 8293 3431 8812 7598 9968 6705 1009 3894 6903 3959 2877 9533
353 8640 3936 4129 321 4613 6949 6758 4199 712 939 109 5997 7438 3697 8242 9138 3027 5779 4628 5048
354 1 4677 1925 9990 2120 1293 7438 9936 9045 7637 2518 1505 6945 9637 5163 3883 4269 878 6960 756 4661 9400 7736 7546 5756 254
355 2560 5255 6056 3564 7085 3537 977 5298 4978 9749 6681 4249 569 27
356 6306 4997 7496 9385 3274 8907 1451 9708 6893 2669 7278 9070 1134 8431 2704 8659 3509 6613 3798 8666 5980 541
357 6628 8421 1349 7429 8938 8908 1005 3982 8942 1299 4788 5941 6810 4635 8220 412 1311
358 864 9217 9218 5634 8293 1543 7981 1261 212 148 1141 3894 5755 6076 3805
359 1728 1219 7238 9160 6986 5578 2064 7569 7762 7379 8852 2708 2839 8599 3736 2269 5342 8994 5670 7272 9968 9713 7732 3832 6458
360 2209 321 6178 4739 3395 5925 9223 9386 8171 1901 2767 4946 6709 4565 8661 6550 3543 7545 9244 351
361 640 4579 5059 8707 708 3876 1668 2085 6597 9286 776 6955 9591 9979 9244 6878
362 6946 547 3524 4104 2728 2317 1231 947 6005 1557 758 7095 7260 3676
363 8487 2825 9641 8362 5035 1998 4558 1134 467 8376 1240 1145 5401 7611 4127 5951
364 8130 5412 677 4743 8936 4170 8140 5772 2735 4145 979 51 6230 8310 3447 4311 1431 7804 1373 6462
365 1920 321 1028 6020 7239 8555 427 4045 3661 5678 3152 3155 6772 7414 1179 8927 223 2175
366 6049 8706 1670 1895 1611 812 6380 9904 6768 8081 8883 7892 4437 8922 5434 475 1628 8124 8732 5597 5309 6815 4415
367 2242 8483 9669 8713 7243 9227 6413 1294 8366 238 4535 9688 9848 4153 8988
368 324 3304 8106 1866 6028 3404 8045 847 3345 7413 2774 7255 2333 3133 8126
369 3937 2114 4004 2254 9903 8626 7699 213 8216 4728 6906 2714 2398 8446
370 4260 3877 4902 1481 7116 3436 4527 2128 5168 9808 6161 8948 5787 1884 7324 6269
371 4641 2058 5067 6731 3020 5484 6061 305 7857 6614 6167 3704 5945 2875 5436 541 8030 4063
372 640 7616 1411 4324 2149 3111 5387 5547 5292 9292 9615 1297 3219 7607 5271 9688 6808 9976 6844 2559 287 1055
373 4836 5508 7174 9129 7337 5196 494 8910 3982 5295 79 6001 8562 9368 7323 5852 4189 8125 7998 5855
374 1344 6914 6146 8355 7267 2885 3593 8138 2475 3148 813 4174 6130 7762 6613 3513 4571 2555 9244 2013 8319
375 1248 5089 8994 5219 7811 8035 1956 3012 5862 6570 8491 5868 5230 815 4079 978 6099 9781 2583 6204 6621 5183
376 9859 6086 521 1675 205 7056 2327 345 9691 925 6049 7077 8231 935 5483 7275 2030 9007 2994 7924 3830 1846 438 2617 3710
377 2240 1281 5250 2820 6085 1125 7720 5362 5906 5270 7575 1272 2458 955 6683 7357 4542 9342
378 9604 6121 7182 9167 5775 3792 8630 4694 6327 858 7066 1275 9597 7805
379 3425 2369 3074 4068 1668 3366 8808 4905 1422 719 9903 1136 2900 4824 2426 6234 3516 62
380 1889 674 6115 1252 5349 2469 518 4999 935 9544 7880 5193 1387 7150 8752 5299 5715 9301 9751 183 9819 2685 382 6014
381 3520 1216 4609 9794 1955 5702 3561 9356 5485 4302 3502 7951 79 8560 9968 7314 9461 8248 8634 4413
382 931 8164 6470 4390 7306 4331 6892 3533 2962 9043 9363 7413 6487 4441 8893 3069 991
383 7554 2148 3877 6855 935 4296 1194 7883 9199 1296 1010 9075 372 3860 9301 2679 7608 3320 5880 8284 7455
384 5921 2209 6466 5220 325 3623 8264 8746 79 9519 7347 1941 6774 2422 6970 1627 5054 5182
385 5445 9224 1482 9675 3602 2962 660 6677 6934 8535 6362 6429 6433 1570 8994 8614 1769 7082 5676 2095 7728 755 4340 1465 8189
386 8387 3875 1252 2566 8456 2633 8457 7179 4815 208 6773 5848 153 6778 5402 6717 1277 2270 4095 2463
387 7362 8994 359 5515 1164 7629 6829 1774 5264 9331 6771 4531 8212 5365 183 6488 88 7226 6938 3132 28
388 3936 3521 6818 162 8360 1579 2540 9518 879 1520 721 3635 8150 3195 9533 6431 7519
389 6917 7049 6474 6891 491 3789 7693 2542 4399 8176 6836 4820 9301 8406 9270 6040 3610 2524 2844
390 8800 3937 4705 8994 2115 1445 2630 7751 8392 233 6218 554 9802 6986 5643 7340 8140 4181 374 6010 6174 2239
391 2752 833 2754 1252 5156 5990 2794 4754 5972 8246 6967 4152 4828 2943
392 3296 4000 3936 3489 3042 933 3496 4650 3819 1963 300 7949 8880 5458 8916 3575 8440 569 2175
393 8064 2 1731 739 8713 427 6671 5682 5107 1174 1559 7736 5177 2777 4572 6044 7261 8286
394 1185 321 2 7491 132 1956 9607 6504 9224 9930 43 2543 6576 7121 9906 9682 2452 3541 6104 3803 3806
395 321 2051 6054 3656 5161 4522 8491 8459 1739 6737 4692 948 4791 7192 1981 6557 1085 8958 2271
396 3394 8994 5795 8996 5412 4965 2024 4234 4362 9230 2447 9968 3671 3543 5370 9883 3293 8447
397 1376 4449 5443 5155 8644 4199 8296 3657 8841 522 3468 8241 9043 5145 1050 2109 5214 3134 2142 3327
398 673 580 9381 5638 4326 4904 2569 5995 5355 8011 1035 9968 5457 8116 3285 4757 5877 4602 1853
399 9600 3680 5248 3106 4035 3592 745 1801 2859 3597 1805 9423 79 2192 2769 4434 8756 6807 1079
400 5216 9185 4577 7141 1799 2954 6669 4527 8592 4658 1557 1782 1719 3159 9720 1177 9594 474 827 61 5439
401 4257 2050 8134 9480 8169 427 9197 5902 7503 9743 8722 6388 1652 8790 8119 4538 1979 2555 3164 5374
402 5248 7009 7748 6119 4199 659 2580 9076 6133 1238 2327 6968 2746 9659 6396 9085
403 5090 3267 7780 8644 7429 5446 553 3434 8170 8747 780 6862 3025 7413 631 5433 6938 5082 8346 4411 2555 6364 925 2366
404 7360 7296 5857 8033 2 3783 8615 5962 7213 8177 2097 6065 4755 4917 3541 9208 2555 924 9436 6973
405 2433 2434 8388 3079 7367 5326 276 3093 1429 6613 3415 663 1436 732 2973 7008 1957 7782 8935 1959 9003 683 7531 7085 2799 9464 7929
406 3968 8259 1668 5317 4938 5419 2988 3822 3375 1233 8628 7413 6486 8406 8439 6873 4026 9467
407 6594 3074 4133 4646 936 1449 6025 4108 4047 9043 4020 4021 2263 2554 4218 6938 5468 3422 9182 1695
408 9568 5223 9415 2121 3562 4940 8173 1774 1616 8432 2643 6324 2996 3670
409 7969 3169 2533 4901 488 3337 910 9806 1360 273 2962 4054 3446 3894 4728 3417 4763 8764 9533 1117
410 513 6049 2146 5122 802 6883 6503 6311 583 1256 8105 1514 2924 9615 6196 4180 6549 7510 9177 6265 4062 5311
411 3297 450 9319 1834 6602 6348 9391 271 6351 2288 6898 3797 2872 2136 9401 6618 4091 7549 5565
412 737 8900 4903 2952 2760 9833 3371 9004 7856 2288 3537 8658 3895 6588 9341 9566 830 5695 4671
413 5504 5889 1159 9032 6984 8649 4684 4812 206 6610 2194 1939 4308 5143 7256 2265 8922 7643 4444 3871 5027 1833 9268 1979 6075 6269
414 3009 9602 3202 2 8899 4035 9608 8969 2066 6739 7123 9047 1496 1305 3099 2589 3106 227 9123 4134 2729 9066 110 4591 2673 3316
415 4805 1541 4134 935 7049 7949 6478 1680 9968 1650 1202 5656 1880 3225 2779 1979 6141 4607 7327
416 1984 9314 452 5093 1992 5065 9129 3690 267 6540 5580 3982 9007 436 2904 7356 5276 6492 8157 7613
417 5762 3877 9222 167 8235 8204 783 5968 7088 979 8660 5178 634 6333 4159 2719 5663
418 1026 3074 7781 1446 9352 9609 8618 4042 108 3630 9296 1424 1715 9940 1749 2038 7034 7642 5307 6939 2750
419 8195 6021 6150 235 3531 5836 7949 205 6701 4013 4717 9230 1134 1840 1845 4821 246 8854 8539 9659 9628 2335
420 9920 4480 2177 1668 9637 8519 7304 714 1419 7151 8495 7153 6225 8625 7028 1878 4766 2590
421 5536 3427 4741 3560 4169 8043 9901 1773 5869 3982 8815 1072 5040 3474 4314 1851 1948 4893 637 1118 7006
422 8224 5056 7296 1956 7303 905 3050 9834 5962 4203 8491 5742 5359 6928 3954 4340 9366 4886 6840 7641
423 4928 7296 1538 7939 6534 3783 8711 1288 6153 979 9301 4760 3096 3100 3742 352 1061 9638 2407 1000 5099 1645 9007 9842 3316 9332 9460 9141
424 2240 3585 7810 5762 5029 935 457 3146 7883 9067 3821 7694 5583 7280 979 7699 7893 4502 9688 6296 2233 5081 4892 2175
425 321 2403 6437 8069 3111 2536 3465 8361 5833 7178 652 3437 1647 2546 2549 7063 6583 5880 9945 569 6938 2462 5438 2655
426 449 321 6116 551 6280 42 6926 5296 593 3380 3095 3991 4920
427 7457 6147 5381 2666 1034 8043 4462 8079 7153 9842 3379 243 2294 7448 3961 571 2555 3613 7997 2878 8062
428 1536 3616 1381 1510 7302 3398 7591 776 1292 3376 4627 3923 8116 8343 6041 6842 5723 4191
429 6528 4036 6021 3784 6280 3659 7436 79 2255 5074 6547 7702 9176 860 7521 8036 4772 8809 4913 5307 6141 2685 5053 9534 9023
430 33 8513 2052 7017 8202 8558 4689 6803 6549 4215 6458 8156 4317 6879
431 67 3235 1412 2308 1668 7493 5162 9007 7732 3316 3865 953 7836 2846 9502 7583
432 7138 8738 5411 3975 7976 9290 4586 9803 3214 8175 1743 7632 7762 6260 4340 1625 2555 6940 5340
433 6338 5190 4039 9224 458 5643 8428 3982 5103 9903 2161 2962 9139 8853 6101 4758 374 9270 5624 4762 9310
434 4420 456 6729 5705 3307 7915 652 9709 8049 8180 6580 3316 8501 9653 3703 1943 2904 4668
435 4960 1025 8417 2274 6722 3012 4906 8463 1937 1361 849 4178 7380 725
436 8992 1794 9731 9091 5445 293 4423 7816 6250 1130 2701 3119 7668 3638 3706 155 6203 8667
437 2208 5026 9097 5130 524 8396 7634 690 1426 9044 6101 21 7126 1369 2969 1117 190 6015
438 5793 8994 2532 6853 38 9162 4044 4749 7536 3376 5905 3473 1299 3894 726 247 5754 2458 9886 2783
439 4512 482 6082 8132 8711 7207 4073 9868 6060 7597 5104 6611 7987 2100 3863 919 4730 1147
440 5890 7459 2887 3783 8712 2409 3146 7053 2895 3088 6160 3154 691 755 1942 7862 2327 1690 6011 2043 8060 3900 4511
441 5761 8610 5154 7076 3845 7949 1134 592 9842 2962 5748 6837 7126 5400 8921 3707 1182
442 6624 5766 8359 2920 874 7978 9931 8461 5743 9008 8978 9042 9842 6356 4437 7669 9206 5880 9148
443 2337 7490 4580 4199 9256 9805 527 496 6259 9844 5815 8759 2264 8250 6746 6938 2812 447
444 1571 36 646 8486 7495 3083 9837 7438 3792 7024 7153 8914 979 2870 4824 1786 2906 6173 9822 670 2879 2911
445 4385 1121 7652 7301 2858 4973 7277 142 8431 3985 8307 1876 2806 2135 5752 1432 9595
446 8134 6603 2445 6414 7120 5909 535 6809 9821 1121 675 4389 7336 3753 1898 1323 9260 8686 9198 2350 4463 4529 2225 4915 7736 7162 2555
447 7650 3939 1731 5668 8681 6249 2060 6636 5900 4365 8077 4528 9265 6103 792 218 987 5307 5212
448 8480 3074 3683 5157 5573 838 7240 9001 779 7307 7569 4785 3825 3250 2003 4341 7349 759 6938 3163
449 6656 7458 8995 5635 3495 1994 4299 5132 5199 4912 112 1107 5461 7997 1855 191
450 865 9635 1958 5671 7048 7147 2155 5358 1167 4943 6608 5872 5553 6999 7991 3193 1466 9146 2939 3004 5341 6014
451 6786 3914 267 8716 332 9740 4173 2513 8337 1489 1874 7826 7699 7636 597 9947 8350 1572 4645 8748 1389 3508 5817 5307 4478
452 2624 7169 4066 9442 8450 3236 360 745 9485 3888 4660 7350 2102 9270 343 2555 1340 8029 1310 4702 9086
453 3264 480 3936 2947 3684 4294 2438 8967 5416 1609 3728 7699 7381 3061 8054 4567 3031 6778 8574
454 1888 1602 6980 2823 7721 331 4300 8812 1264 1111 4376 6073 733 6686
455 5730 6884 2246 6408 3371 5043 8467 6067 6484 7188 5236 6070 5943 8631 1852 7484 7902
456 8097 3460 5928 4491 2828 9069 1421 816 2449 3986 4818 2962 6740 3318 4664
457 448 10 3243 7659 7819 9388 844 6929 1077 9399 6327 6394 6046
458 8608 2817 9249 8548 7845 3752 8906 6091 427 3052 7212 3632 817 1176 9563 5437 8125 2111
459 5474 4578 8451 4040 6281 9354 2379 5997 2158 7566 5838 1007 4527 7025 4786 7699 2262 6327 7899 5884 8925 4382 447
460 2338 6467 1222 3783 7209 1066 1962 2126 79 8946 1651 8211 7604 52 9149 1022
461 9728 8384 4706 9573 5415 1512 9005 3694 8367 8880 6547 4438 8470 3894 4027 3292 8093 7039 3999
462 2240 641 5506 5924 7943 2569 9129 8715 8812 8653 6258 2962 6741 6134 6327 856 9433 2394 9404
463 2599 647 3976 6378 523 6731 1646 9199 7568 1459 6515 8822 982 6487 9529 9244 7966
464 9569 1161 2283 972 8301 5869 7949 1518 2288 5748 9014 1657 8569 2202 6238 8191
465 2979 6692 9545 2730 715 7630 111 1969 7633 4307 2773 150 8055 4504 2936 1625 3098 1434 5788 7773 3518
466 7234 707 6184 2313 3753 2222 5200 2448 5649 7985 1778 4339 7575 381 3007
467 770 9986 2565 9254 745 7562 3722 7083 9933 4397 8911 8338 9842 9555 7382 3255 6584 601 4985 6044 7901 8125 9023
468 321 3234 8644 5444 3781 5254 3499 7022 6257 6673 9842 6611 7092 884 1524 1301 1237 3830 7767 633 7290 6332 349
469 8256 3074 323 7204 9643 1036 7373 1774 9007 6256 3280 6449 2129 4055 8632 6941 1662
470 4771 9507 1668 7652 6983 8041 4557 2418 9301 9815 1655 1337 2137 4252 8924 8061 4734
471 5888 5185 8387 9224 5033 7305 3211 4652 2288 6899 7700 9753 4443 5499 126
472 2048 5826 6050 388 550 328 1353 2575 6833 3507 1555 2711 6871 1401 2331 9438 9950
473 3330 6920 6473 5962 5770 395 3596 4433 9107 8469 152 1752 1569 6053 5350 937 2986 5356 7469 753 8114 4340 6134 952 7993
474 2466 5762 2692 4326 6024 1802 1997 6958 208 1521 2292 5556 661 407 5752 6650 1181 9885 4765
475 512 3936 321 3810 195 163 9731 2890 9867 9233 4369 9618 915 1747 8117 149 7285 1238 7511 5307 638
476 8512 8130 8196 3012 2117 648 2121 5962 7949 5459 5715 5655 4386 4644 356 1391 4464 7153 7732 9592 1020 7677 4989 4798 1342
477 5127 9224 5897 4553 9931 4493 8270 6545 979 7124 6236 8928 3936 7202 3621 2661 3111 232 3371 6063 9007 1328 9712 2545 8949 123 4348
478 2240 352 5282 6114 6214 7143 6825 3273 1516 2382 6990 7055 8723 5715 8308 5333 4501 632 4222
479 9344 64 5859 7880 2248 4554 8907 1132 238 4240 3377 6163 147 405 3190 9270 8855 956 4286
480 352 8387 1124 5189 8005 6726 8647 2376 1480 9193 745 5677 3630 6672 3056 784 532 5045 5400 4056 8794 3260 9308
481 7361 8578 4549 6021 8843 3602 5716 5397 4314 5659 7068 7133 3552 3682 2850 805 2406 427 3125 7477 246 4728 4537 6521 2685 8445
482 6339 4323 5891 2595 8484 7652 1668 4166 1065 4526 399 2322 7252 7285 7863 6711 8121 8314 2651 829
483 4352 6404 3141 9030 6054 4200 8841 5418 557 3438 944 2512 5936 3251 6648 8793 4860 7806 2847 9887
484 9697 5412 9669 7210 3147 3149 7117 5710 8814 6030 8719 7216 657 789 2005 2873 5209 1019 1180 7517 8734 639
485 2144 4801 3074 1540 2790 9510 1736 5768 6728 6633 2156 1293 7949 4882 9971 4566 7353 7482 6685 3901 4703
486 1314 8644 6698 813 8141 5677 5070 9199 687 9711 1807 7311 7952 5207 3543 1784 7386 7259 1244
487 4001 3074 4774 6054 8107 6315 1037 9425 1522 8788 7478 4343 4024 7480 2235 4925
488 450 514 3074 3108 5031 8999 2282 6059 8491 7919 6258 4531 1685 6229 7061 1429 6839 3352 5341 4765 9087 3967 7295
489 6468 2596 6790 934 4393 9035 526 1935 8176 753 2802 563 4148 148 5462 1752 1241 731 5406
490 1377 1700 5253 3144 3081 4969 2892 2798 3121 6613 1591 89 6908 6780 7774
491 1120 5985 3073 321 5288 1354 8043 7852 44 5869 7791 6672 2001 7153 3059 3382 3127 9624 6329 4442 3388 285
492 4800 8002 5507 8005 5830 1639 744 175 8528 7219 7732 3509 7638 8823 7320 5272
493 7840 1280 1984 7777 321 7948 6476 4752 2608 8210 3955 1236 148 6613 2136 56 1817 2747 412 1982
494 1600 321 3395 325 5064 9611 139 7949 6226 8212 6101 1306 4639 7391 4198 7782 4012 45 8304 7987 2036 9660 9468 3005 4606
495 256 676 5572 7206 8743 5993 46 8207 7791 3795 1750 9079 5880 7193 1561 2811 9788 2909 6045 701 893 511
496 3970 450 8387 8581 5895 3144 9930 6095 8336 1366 9430 7321 8345 5343 1504 3936 5860 2093 4078 1391 5617 4209 1139 2614 1464 8696
497 9315 2660 5956 329 9834 4716 4332 8879 7057 1457 8787 3987 7219 4853 4886 3830 183 4027 4220 4733 7709
498 3713 259 3013 3336 7880 2986 650 4843 2155 6764 2413 3885 8690 8819 5109 4663 5239 6360 1624 2840 9848 1209 6170 3675
499 2017 8130 867 6467 935 8200 104 1129 2602 7852 8622 7504 2321 8753 6738 114 8245 5654 1402 671 319
