100
0 4738 451 3652 137 1227 397 720 1808 146 1494 1368 91 27 7707 2268 5469 478 96 33 2849 36 8549 422 935 39 104 425 109 110 751 1137 51 756 54 5046 122 186 2556 8381 383
1 0 1 2 3 4 5 6 7 8 9 1290 11 2572 13 14 15 1679 17 19 404 21 22 280 26 27 28 8734 30 159 1440 288 1572 164 37 549 41 940 684 946 180 52 55 57 1468 61 1597 63 5311 1089 65 9030 199 72 4040 74 596 2902 88 1632 869 485 1388 4589 110 5367 120 377 123 251 252 7292 253 3198 126 5247
2 0 1 2 131 3 4 132 6 390 7 8 264 9 11 139 13 14 15 16 17 18 148 24 27 155 8094 32 33 44 3244 45 178 2741 54 58 62 65 66 1604 69 70 329 85 346 1756 92 4063 96 355 867 356 485 102 103 751 4859 252 637
3 256 768 896 899 2696 4361 907 459 3659 6284 1549 141 2191 5519 1362 3478 150 2840 3160 1370 5472 225 35 293 551 8295 4009 809 5803 1772 6702 46 1456 2992 2738 51 7924 447
4 641 514 3654 8518 908 5196 3404 7313 8401 2706 9493 91 2460 862 670 2143 993 482 1956 3751 1257 3946 2413 3056 433 308 7287 4791 568 891 3646
5 0 1153 8 3849 650 149 4885 155 285 29 1437 797 158 1184 161 36 933 1958 422 1702 40 41 6698 46 60 67 2627 70 4554 76 77 977 90 859 93 94 97 2785 98 611 869 7915 747 8044 621 1263 240 500 245 631 249 7033 1274 125 255
6 1281 137 10 145 17 2196 280 25 30 31 1183 164 36 38 40 41 170 44 172 46 175 48 50 954 188 65 2371 1476 197 71 72 585 332 78 1871 83 86 90 95 110 112 375 122 2431
7 3 131 4 6 7 9 10 11 139 12 13 14 15 16 3600 17 145 18 659 4371 20 21 277 23 24 410 157 30 32 1315 35 36 37 1452 44 45 46 303 47 5429 55 4023 2744 58 187 316 63 65 198 459 78 2768 725 611 355 229 485 102 107 3054 4848 115
8 4864 261 901 1287 135 265 10 5515 12 268 9356 2960 5011 23 24 411 158 290 3747 35 1189 38 4525 1581 815 2608 178 50 436 6837 54 56 58 187 3517 62 64 1735 75 594 83 212 1365 85 216 2140 4703 735 484 7269 3302 3179 3692 2158 8819 121 3961 2171
9 0 1 2 2562 3 4 5 6 7 8 9 138 2955 11 2700 14 15 16 1554 19 24 27 155 28 158 1312 33 289 163 4390 38 2726 552 41 45 2735 176 432 53 56 2616 184 442 60 62 6718 69 4421 70 199 72 6729 715 5200 2258 468 6234 8034 4962 5349 5862 231 232 873 7401 7147 1388 110 115 126 510
10 0 256 513 1 4609 2 3 131 1667 4 5 6 7 135 8 9 10 11 139 13 14 16 17 18 19 20 3477 23 410 27 28 30 2848 32 1826 34 290 35 36 37 5926 679 5031 1447 1707 47 2871 824 61 957 63 193 708 199 72 1737 332 4432 82 850 468 859 482 624 4978 4210 372 501 9086 638 3071
11 0 3457 1 2 5 7559 7 136 8 9 650 139 653 142 1183 8992 39 41 301 303 48 51 54 55 442 60 64 67 327 72 585 75 3661 206 83 2003 5205 91 737 1122 356 103 236 494 111 112 114 371 117 120 121 123 125
12 0 1 2177 2 5634 3 4 5 6 135 7 8 9 138 10 139 11 12 13 14 782 15 16 18 19 20 4500 21 22 23 26 27 155 3483 28 29 1310 32 290 35 38 554 42 175 176 1077 1591 56 58 62 65 2371 69 2757 595 88 731 1502 224 2148 2153 3818 878 1263 4977 114 120 632 121 7929 252 126
13 2049 1793 4162 1540 5446 393 1677 845 6480 1105 594 3096 29 93 2205 2653 1438 414 6558 1828 1445 358 2664 240 48 3572 567 1271 503 3706 124 3324 636
14 0 6656 513 3204 8965 7 8 6281 398 143 1807 404 4885 280 153 2205 285 671 2593 1313 290 291 3239 680 3759 49 948 2614 185 825 4672 4417 4801 450 6979 196 708 69 3398 8262 456 1097 2249 74 2126 1104 3410 9559 343 5721 5850 734 992 1762 102 104 1384 8168 362 7147 749 1902 3182 4594 3698 7155 245 252
15 0 513 1 2818 2 1027 3 4 5 6 7 8 9 138 14 8080 17 146 147 20 21 9365 22 8215 280 33 42 43 44 301 48 561 51 5429 54 6459 1597 62 3774 63 4288 193 5313 3266 1734 199 72 968 206 6222 979 83 84 468 87 92 9957 1766 231 5482 7151 112 1270 120 632 1401 126 3198
16 385 3715 1477 7367 2058 1100 461 6031 2767 207 848 722 215 1754 2268 5791 288 418 6565 6630 5222 167 3689 2857 3500 4974 3950 1136 177 242 1590 1207 2169 634 506 1278 191
17 0 2 3 1667 4 5893 1030 7 9351 8 9 3977 138 396 1420 14 1554 19 665 5404 28 797 5278 6049 1185 418 2981 549 2342 3243 940 49 561 1330 435 948 2614 1591 2232 4167 583 199 1352 3912 968 74 3532 4813 3021 78 8015 1743 3025 3923 8152 2905 731 4443 2145 5218 6378 3306 238 879 4335 2033 1524 1270 4343 247 2296 2809 252 510 9470 4607
18 6787 389 7557 4102 647 9 138 267 1292 524 910 3983 273 1298 152 1052 157 161 546 162 803 37 421 7593 6058 43 7984 3121 57 189 66 836 1604 68 1222 1226 204 77 335 720 3410 339 3158 598 97 355 6756 229 613 742 231 615 1001 3053 365 879 2416 245 119 4089 122 1019 8703
19 3203 134 1799 1548 149 536 1689 285 3741 158 2079 545 168 3498 300 812 1587 309 55 2492 188 61 1985 67 70 1612 333 4430 83 980 981 598 86 2391 599 88 1244 861 9053 480 1762 2403 8933 358 1896 1128 746 110 243 1524 5108 245 1529 5497 9081 250 122 764
20 0 4225 2 3 4 1412 8454 6 7 8 7048 9 1290 10 5514 12 140 13 14 15 1168 1169 18 19 148 20 21 5526 22 24 26 27 1052 2591 32 2849 33 35 36 37 3497 7081 9519 176 7347 184 57 442 709 199 1225 4171 75 206 4688 595 2659 4067 3172 6373 1638 102 1256 2153 1771 3441 2930 119 632 249 125 3198
21 1152 0 1 2 3 4 5 389 8 9 10 11 12 14 15 16 17 19 21 22 23 4247 26 27 28 2848 33 34 37 38 3880 41 176 5554 63 1089 69 325 1350 199 71 1482 7242 74 1610 79 82 83 84 3158 2264 96 1888 5985 6115 103 5482 107 236 494 110 249 252
22 0 2304 1 513 2818 2 3 4 6404 5 389 6 7 8 9 1290 138 650 1930 3211 11 12 14 15 19 6035 148 404 1173 21 22 280 26 27 155 28 1310 161 164 166 38 40 41 299 9517 301 303 3379 184 57 442 60 62 63 193 68 69 197 583 7624 72 73 74 843 331 207 977 468 7508 342 859 731 224 3424 97 2402 355 356 107 236 1132 240 114 117 5110 121 8955 253 2045 7293 126
23 4864 1 4994 2 1412 2692 5 135 264 8 138 273 2579 275 1429 2198 152 536 27 1951 160 42 426 1450 172 8116 1972 310 56 184 58 1981 702 318 6335 195 3525 70 454 1351 8138 462 3284 86 343 5336 345 2142 95 482 8802 230 361 1385 7658 881 3700 6644 2169 122 3066 253 1277 4350 126 3839
24 1152 128 0 1793 769 8450 900 388 1284 7 8 9 1930 138 139 5643 2187 2060 2444 269 271 16 1173 1174 27 3483 542 1184 1572 679 1321 681 6698 42 554 940 7086 175 1584 305 948 1334 54 184 56 185 451 708 73 74 6347 8139 203 204 7373 78 80 977 82 84 725 5333 91 1629 6238 1119 612 229 3046 231 871 104 873 3563 236 108 621 115 1011 243 9335 3447 2168 120 6138 3706 252 382 1151 3455
25 1667 131 4100 6 390 7 393 140 13 18 1554 147 20 1174 280 542 31 32 1184 161 35 3747 164 36 166 40 8360 425 44 301 45 4397 47 50 8243 3251 54 56 57 2106 7354 3262 64 3398 1222 72 9677 850 595 342 7382 602 101 1645 112 1524 4724 120 3196 3964
26 0 1 2 131 2052 5 5381 8 9 778 138 1420 526 16 144 17 4497 24 25 409 27 1951 161 33 162 805 3110 554 299 44 45 47 1967 1584 6577 1077 183 1850 187 446 66 197 9542 5959 9927 4807 329 2889 80 210 84 85 342 6369 485 234 1388 1656 2296 4090 890 3194 1019 126
27 0 1 2 899 1412 389 8 9 139 395 6668 524 909 16 17 23 151 24 25 409 5659 27 157 4510 160 1954 34 35 164 37 679 552 40 299 300 45 47 176 4403 53 184 57 8761 443 1221 69 7753 2889 331 849 82 343 855 2780 1117 482 4962 739 228 487 1522 4978 115 119 2296 121 122
28 2048 2 258 899 4 132 6 1031 264 137 10 11 12 144 17 914 148 414 31 35 164 552 41 44 8492 686 51 53 824 60 61 64 67 836 70 1352 78 82 93 482 5091 612 1000 5483 110 114 123 1917 253
29 1537 393 137 650 3082 139 1803 270 526 274 281 793 1697 417 34 164 807 551 7607 3768 446 321 66 1607 329 331 2000 337 594 727 90 349 223 1000 360 490 236 880 496 881 113 762 510
30 256 128 4801 1026 3149 2385 465 275 150 537 154 602 2014 610 162 8740 294 169 234 1132 5484 7854 687 432 625 49 6450 435 756 2356 183 184 1401 1596 4797
31 0 1 2 3 4 5 6 4487 8 9 2185 138 11 268 12 653 13 14 16 17 18 19 915 20 21 280 408 26 27 1052 7454 549 37 1065 42 301 4397 54 55 2360 184 58 3008 1989 1734 199 2504 73 74 1106 211 468 735 96 102 105 621 881 6385 1783 249 5626 253 6141 125 126
32 0 1 2 3458 3 2819 1412 900 5 7 8 9 2825 3849 138 10 4364 12 2700 782 3470 18 20 663 23 2841 25 2076 797 31 5921 3489 8993 34 162 1315 35 3110 38 426 554 43 176 1200 2486 1334 184 56 5051 1597 4157 1725 321 709 197 69 3398 968 5448 74 331 83 339 84 3160 728 859 2526 2402 2659 995 231 619 4460 3053 624 625 1780 119 120 632
33 0 6656 8 9 267 7437 3600 5395 20 22 24 3097 27 284 5150 31 32 2848 2849 33 289 8488 298 554 299 2348 8751 1583 3119 47 303 51 3639 57 63 2116 69 2374 73 4172 80 596 1365 87 4953 1114 92 1376 609 9572 356 1384 107 1900 377 2425 5754 1917 131 6539 659 2717 158 1951 7585 1954 2214 9896 432 176 3248 180 3514 961 193 708 9933 973 4820 2521 7387 990 482 2274 995 3053 2291 503 1019
34 0 1 1665 2 3 1283 4 5 391 8 4104 9 10 138 11 2955 139 268 14 15 16 17 1809 18 19 2707 20 148 3222 23 152 24 2713 26 5659 4895 32 35 9894 1446 1575 681 429 45 1583 303 6577 305 178 52 1077 442 58 2248 73 329 6604 77 224 96 2153 621 4977 3441 2291 120
35 128 8450 259 388 4613 4358 1799 8973 653 2576 277 26 1186 675 419 9391 5552 6962 3126 4410 58 444 190 2239 3011 454 198 1607 975 3923 1494 344 1883 8030 350 1122 1506 738 4710 108 7537 1016 6137 8315 6012 1917 1150 1151 3839
36 2180 1797 3718 907 396 1936 3730 403 149 406 280 408 3483 3996 7069 797 9246 163 2979 549 1702 43 301 1966 9521 434 4662 4919 1080 59 3003 316 2492 967 1351 712 1736 1481 585 5329 469 9562 859 733 1117 94 737 1508 998 751 624 1783 1528 4984 120 2298 252 1404
37 4864 0 1 1921 2 9346 1027 5 7 647 8 137 395 524 2444 146 19 919 3097 2073 25 410 154 155 27 28 30 158 31 166 40 41 681 42 175 176 48 49 50 2612 54 184 56 60 61 1343 1089 69 198 968 1737 1482 587 332 2513 82 594 88 5084 2147 356 5862 236 114 371 121 6523 4347 2430 8702
38 8704 4032 323 8516 1991 906 3025 853 4630 8342 3926 3034 2078 3359 1314 419 1765 3493 231 360 298 1135 3444 2805 6329 698 1530 507 8444 7486
39 0 2688 896 1 2 1667 5381 5 390 646 1671 5895 8 7048 9 393 1930 138 1546 9611 8334 17 1171 148 280 25 797 158 4768 5921 33 34 4388 166 40 5546 554 301 686 46 176 48 50 51 439 55 60 3389 7104 583 2503 968 2889 74 4302 2383 79 207 977 979 84 728 1369 2138 6234 2523 1251 102 747 107 3182 750 1395 118
40 1 1153 2 388 7 777 265 9 2442 907 267 143 3345 3858 151 538 159 160 672 545 168 5931 300 51 53 4277 566 183 439 1465 73 972 5326 850 1880 6744 9946 482 98 3044 9701 231 3561 4849 6001 2164 375 2423 248 253
41 1408 4099 900 516 2820 389 6 7 1287 650 268 4364 12 13 910 1679 1168 145 1173 21 22 665 25 27 2076 28 156 164 37 549 166 1321 554 299 3884 44 940 4142 686 3248 50 1723 3135 63 64 65 197 7878 2504 2120 204 205 9678 3790 78 9039 4308 1877 214 1497 5724 1756 2140 9311 97 737 2147 611 229 104 625 371 372 117 4728 121 4858 123 253 382
42 0 1 2 3 1027 4 5 6 7 8 9 138 11 14 15 18 19 20 665 27 155 284 28 2076 30 1184 37 935 39 41 43 8364 9517 2862 561 56 4408 60 62 7360 708 69 968 74 843 1611 6092 332 76 3533 8911 5973 3286 1495 4568 1369 6362 224 482 2659 5860 356 2150 487 1768 1643 1771 1387 1263 112 1522 1656 121 252 1789 126 2047
43 257 9478 1161 2316 2063 1429 152 412 2844 6045 5661 158 3231 1313 168 2473 42 1068 2480 1988 583 72 2249 77 461 6094 9424 1876 3540 87 347 93 4837 1128 1513 747 237 2029 6126 502 631 248 1274 124
44 1153 4226 3970 2563 131 901 2823 1674 2698 6539 1933 653 2577 146 2196 789 7959 6169 410 8480 2721 1954 7594 2091 171 7211 1070 46 5936 1204 4532 309 1591 187 7869 1476 708 4551 712 3913 330 587 75 716 4817 595 339 211 1878 1753 604 8541 1246 7518 4703 1376 1379 742 1002 236 4589 750 880 1904 498 370 1651 115 9459 2293 5621 5878 120 1401 4089 1017 3065 378
45 2818 3 131 899 4 132 6 7 135 8 10 138 11 12 13 7055 15 655 17 18 19 20 21 22 23 151 26 155 28 5661 29 30 1310 31 671 32 290 1954 35 164 37 2216 6698 7850 2090 1195 1714 52 309 55 58 6459 61 193 69 1482 330 332 79 2513 82 3158 2136 1881 859 1502 1506 1122 5990 1510 103 1387 114 2162 243 1395 120 252 7548
46 0 2816 1 2 1155 901 7 8 9 1161 138 651 13 15 16 1168 1298 19 4372 21 23 152 25 27 1692 28 285 31 289 681 1324 172 47 3378 183 824 57 58 69 968 329 205 8654 983 88 5720 218 346 93 1502 485 102 489 873 236 7918 1903 7408 884 119 4985 634 1019
47 0 1 129 2 9732 517 5 7 8 136 9 138 778 6930 146 1171 659 5910 25 1434 3483 27 6684 28 1437 2208 288 800 3106 3621 1702 39 9768 43 1967 1200 1073 3635 54 3514 5182 192 4291 69 3142 583 339 84 2902 1495 2264 90 9054 992 225 737 2785 995 228 5990 614 233 109 5616 4336 625 3448 2685 383
48 0 388 6 134 7 8 2825 9 138 2955 13 8334 398 4497 1809 7569 1554 146 274 914 147 19 404 148 20 4247 24 25 665 30 1312 545 35 164 1575 39 42 300 48 176 54 55 184 1593 58 4157 4799 1344 65 1601 69 198 583 841 330 335 211 5843 7384 2905 348 97 227 3684 356 1510 1384 2920 233 3692 878 751 114 119 120 252
49 0 641 3 131 3332 7 5895 8 9 138 13 272 18 21 22 29 7709 1440 32 33 7970 37 166 7718 5158 1065 6059 1452 301 1325 566 1334 186 59 316 61 829 2371 1604 4164 199 2120 969 74 6986 212 92 94 96 994 2148 9957 5221 110 9713 6644 3190 375 763
50 2688 5634 4995 3 5 133 6 4619 653 15 19 404 4507 926 159 36 1452 46 5295 817 55 445 1599 63 69 70 71 72 585 76 333 206 1233 7636 85 216 4188 866 6755 2787 228 233 8044 240 2292 1524 1269 9975 632 2941 125 126
51 0 1 2818 2 3 4 5 6 7 1159 8 9 2826 10 11 12 268 13 14 910 15 16 17 18 146 19 20 9365 21 22 23 24 665 27 5659 155 28 1692 30 1826 35 5031 41 45 2613 58 187 63 197 1989 198 72 1224 1225 329 78 977 1745 3923 725 6877 5603 2148 3046 102 1387 371 2420 117 121 5501
52 1088 384 1601 133 198 2886 1096 1417 1805 78 2190 16 786 6228 213 2327 89 1950 3999 33 1186 418 4130 2275 868 6180 296 6376 42 239 753 6514 1012 244 6388 4025 8955 2175
53 1408 0 8 9225 138 1294 3215 1296 6035 1171 534 151 1434 3102 5150 3358 927 7712 800 289 1571 6051 803 933 38 1958 679 1704 2218 170 171 43 3243 4525 176 7986 948 1077 7862 1721 62 1985 195 3395 325 70 9542 71 968 73 1866 1483 6092 9551 8660 1495 216 92 3038 225 1894 999 231 1384 873 2538 110 7791 4977 243 8309 118 246 7291 382 4478 6655
54 7 13 398 15 16 144 273 22 23 663 24 5020 29 797 1568 928 161 35 45 3887 178 306 2612 180 52 57 61 193 962 451 69 198 330 75 1867 80 1489 81 82 728 5982 96 482 1001 624 243 115 2291 628 4088 120 636 509
55 0 1 2 3 900 4 5 6 7 8 9 10 650 11 909 13 14 15 16 17 145 19 404 20 21 662 24 410 1434 155 27 28 30 8094 1184 161 33 37 166 681 3244 45 176 4148 1591 55 183 57 58 443 187 316 957 3774 63 2112 3008 65 193 1089 199 72 1737 330 80 468 725 1495 88 2651 348 1502 5603 867 869 485 6887 107 1263 115 117 1270 121 252 637 7293 126 1151
56 1287 142 146 274 2451 789 1690 5276 160 1184 1697 34 4514 805 39 1194 3756 1581 1840 8114 179 181 825 2746 9915 3006 5566 1600 707 196 325 3014 7499 8402 211 3796 214 2264 1502 223 5472 481 4452 100 868 109 624 3057 370 249 2810 2044 8702 2943
57 0 5 3975 8 4618 268 2700 19 659 404 26 28 3613 30 158 1442 37 38 422 40 296 5801 41 2348 429 176 50 52 53 309 566 55 442 448 6979 708 196 197 2759 968 76 77 335 82 212 2134 1495 6616 218 3807 224 480 8672 1506 484 110 114 116 118 3831 375 7546 2683
58 128 2177 1284 520 8076 396 3470 14 655 144 665 666 27 8992 8355 4133 550 4390 1065 2986 684 303 434 1587 3514 4667 3131 3516 3773 1981 5312 6082 459 1612 1228 5838 720 850 978 1106 468 342 89 91 1627 990 95 609 1122 355 6756 869 1768 745 6379 1132 8430 7279 1007 880 624 1521 760 121 1149 254 1534 383
59 194 2948 3908 646 902 1480 1096 8969 2956 1100 1805 1745 8146 5459 535 216 24 857 3101 1566 32 225 34 226 1187 163 2980 933 6246 4646 167 746 1966 434 6134 2231 2104 762 2043 189
60 6848 65 130 1927 2573 142 15 143 84 4373 88 216 25 409 219 797 2526 95 229 101 39 40 297 105 106 1131 235 43 6379 238 111 5616 113 310 951 3319 2169 122 4413 3455
61 385 131 135 7433 266 1546 914 408 26 795 2976 32 2592 8614 815 566 55 444 63 6467 323 709 1227 9294 213 342 215 984 89 2649 1754 476 221 349 2014 351 609 230 105 362 625 1137 374 5751 7672
62 0 1 2 1283 5 7 8 9 11 6668 14 16 17 5395 19 2841 27 2076 28 9502 7966 7454 1310 8734 31 1826 3363 8739 41 45 1070 303 309 1591 56 2616 2106 4413 61 62 63 69 325 583 1610 74 79 87 1881 5210 348 1117 1122 3428 356 107 111 117 4982 120 382 135 138 907 148 404 1173 662 919 152 155 3232 1187 436 700 5055 195 3270 7624 727 2521 1503 6379 236 3052 495 5876 1012 245 2298 5887
63 0 1 2 1283 131 900 5 7 8 9 138 267 395 4364 4880 401 1554 5779 660 3349 3222 1303 155 28 3100 1052 285 1054 8355 169 557 3248 5041 436 2359 56 3642 445 2371 1223 327 583 968 5448 2378 971 1869 976 1104 6481 1745 8402 727 1495 859 8543 3423 1123 2158 4336 8947 1779 372 117 119 506 2683 4605 3455
64 0 1 2 1283 3 4 6 7 8 9 265 1930 11 3211 399 784 17 2705 152 27 28 157 7837 542 671 166 296 46 181 310 58 2238 63 193 962 69 72 1737 969 465 1745 3032 9305 90 219 348 2145 100 1384 107 1005 238 6767 240 9584 3317 120 505 126 1151
65 6913 1921 2180 390 646 396 1679 3348 277 2837 410 30 32 166 38 41 42 44 429 941 46 432 178 434 4148 1718 2231 1336 56 9017 59 1732 1476 8901 967 72 73 841 206 1491 2003 1623 217 604 1628 734 97 9572 6756 103 1385 3689 107 1004 626 117 1017 3582 2431
66 0 4482 2 132 1156 1413 8 137 9 138 524 5902 1042 3477 1686 31 2852 549 684 45 49 4018 307 947 309 3257 2491 1979 1087 8643 1988 3142 457 5834 2509 976 3676 3041 101 485 102 1128 2922 8688 114 6131 885 119 7162 7674
67 0 1 3 4 5 6 7 3975 8 1290 10 138 11 3467 2700 12 13 14 15 18 19 20 404 21 22 23 152 1434 155 27 28 29 157 9886 30 31 671 35 37 38 52 3767 4023 184 57 3389 61 574 62 65 69 71 1225 78 79 979 468 1495 88 1881 1506 2148 229 1387 1263 7537 1521 118 120
68 0 4226 2 517 1669 134 3591 647 9 397 9360 8466 6163 1428 2837 279 25 27 1436 156 7584 5667 424 1320 40 4266 426 554 8241 1078 2487 4919 314 62 63 194 324 715 76 8911 468 84 725 2262 604 1888 98 612 5350 487 2152 112 372 4724 887 2298 250 4347 509
69 2177 7042 388 3204 516 519 10 778 139 12 3853 142 14 1294 15 6543 145 6290 19 7827 20 30 671 36 1446 42 426 3499 44 6452 4276 54 55 2359 2744 56 1593 572 62 63 3520 2112 9665 3266 583 73 971 4301 335 82 83 84 4436 1877 216 1883 1628 1757 1119 6753 4834 3299 356 2919 3561 107 751 1522 243 501 117 4342 762
70 384 577 1604 840 73 2634 459 5580 4942 8272 1106 1491 984 1113 410 90 666 1626 2973 545 226 162 36 228 6565 42 298 44 46 1262 367 240 48 2609 626 54 248 762 378 59
71 2304 0 1 6018 2 4 6 1671 7 903 8 9 523 6668 8334 15 655 143 399 4881 534 4632 27 2591 290 546 4131 36 2212 2477 4656 7600 9906 1714 439 1721 1090 66 67 68 69 5447 5195 204 4044 77 5329 2513 8019 89 859 3424 355 3684 1384 120 1272 252 2684 4221
72 2433 515 388 261 3591 2313 9613 9359 785 1558 4630 1566 798 543 7589 1190 2859 5038 2094 174 46 53 8629 313 1215 6082 1478 3016 1353 74 79 1360 1621 2261 599 475 477 1758 1509 3046 750 755 7797 8184
73 515 776 2703 149 1558 22 23 2201 1562 1307 156 3357 1311 1442 1571 2857 41 1195 6188 4524 7218 52 2869 952 6589 3774 574 703 320 1472 9794 2244 1611 3403 1484 333 6735 8528 1232 1106 597 1494 1495 1114 8156 4320 1122 98 1251 1128 3818 1386 619 112 3824 3826 7798 4726 8438 6518 3706 250 5627
74 4609 1667 4 7 10 139 12 268 13 14 1038 1807 145 5011 148 21 149 8853 5526 30 9246 37 38 1447 170 8875 8365 3502 3759 2735 431 1583 1332 948 55 1210 1979 443 316 446 2112 65 3139 199 9543 968 201 1610 203 4429 79 6097 83 468 342 7774 96 992 2274 102 3943 8938 8427 621 878 880 243 4597 117 501 2296 377 121 2427 126
75 257 132 5 1671 392 1041 402 147 6165 23 409 155 29 8734 159 34 165 679 552 43 174 1841 49 2616 58 60 63 64 454 1482 587 590 8271 209 977 3676 222 98 100 484 489 873 112
76 0 1 2 6402 3 131 900 4 5 389 6 7 8 9 10 11 2060 4364 12 13 14 15 16 6288 145 17 19 404 148 21 22 23 3992 24 152 155 27 28 157 30 542 8095 35 164 549 37 166 681 47 50 3379 184 62 63 1344 65 5313 1604 199 332 3279 3408 88 867 484 869 999 107 1771 236 3182 112 114 371 372 2168 121 126
77 4098 135 10 651 144 273 3603 533 8733 30 31 32 289 5286 1577 3884 45 7342 6961 52 183 1593 1352 330 2378 75 5582 720 81 2258 5848 6745 2265 90 92 3293 4959 2657 1251 2533 1638 103 1258 235 9710 5872 7792 243 1395 501 2942 254
78 0 261 391 1801 7307 909 154 285 7325 9888 292 37 1959 168 680 2858 171 47 3631 53 5558 183 57 186 443 59 572 1597 64 2112 961 67 4421 587 1613 210 7895 87 2523 352 9832 105 2282 1643 236 7918 117 245 1913
79 256 130 8 140 782 3983 16 146 22 24 538 4122 410 156 157 159 2983 1959 300 45 51 52 57 4281 68 69 71 76 5069 206 80 81 594 87 89 476 224 97 98 227 484 2533 107 238 112 372 500 119 121
80 0 1 641 2 3 4 5124 5 8454 8 137 2060 14 782 15 4241 3089 147 148 2198 919 280 28 287 1572 37 6057 1065 426 686 1454 309 181 2614 1339 316 6337 1217 197 1862 968 971 81 3281 3923 726 88 5209 9947 3166 990 94 95 101 1256 8040 1386 496 1012 1911 3708 2812 126
81 259 133 5 138 273 147 19 277 662 152 25 282 156 1564 803 36 165 167 554 300 173 3631 432 59 316 829 7234 68 325 76 209 85 1750 345 1627 861 95 355 363 113 1017 764 253 126
82 6656 3457 1665 516 3205 1671 136 6029 271 3471 1937 146 1300 2967 1303 536 3097 155 2717 161 163 7975 40 426 42 52 565 54 60 2114 451 1734 1606 841 73 77 78 80 978 339 7253 725 731 1628 99 484 228 999 2282 235 494 112 496 247 5882 1274 252 125 7677 2047
83 0 1 2433 2 6147 387 900 7687 7 519 8 9 267 779 11 140 7315 2073 155 669 797 415 549 3244 49 4273 179 1843 1332 3769 319 968 970 1482 589 3406 4178 2132 86 3033 859 3420 2780 3293 2654 4704 227 2791 3175 105 106 235 7275 3692 365 501 6005
84 515 390 776 138 12 140 13 2701 15 145 914 21 22 24 5276 29 6049 33 34 38 168 4266 171 44 940 176 50 51 53 57 62 64 3008 65 321 4291 455 74 204 2126 78 83 3412 1236 86 9047 5725 5091 7908 229 102 487 1256 106 363 1131 621 6769 117 123 1275
85 2432 1412 516 2950 5641 10 139 524 1292 782 403 20 21 23 3224 544 6304 417 35 166 422 2730 938 299 183 187 574 1344 65 193 66 7876 836 9030 201 74 970 330 75 78 3024 83 2651 1756 2652 1757 2397 2017 1506 355 5605 615 1256 1001 3569 1137 1393 1398 120 249 121 2170 123 636 253 4606
86 1 2 3 131 4 5 6 7 9 10 11 12 13 5773 14 15 17 145 18 8978 19 404 21 277 23 152 25 26 27 28 30 7584 34 35 164 37 549 38 9514 44 178 58 60 1468 62 1734 199 72 968 211 96 100 485 102 879 126 510
87 130 6915 1541 134 909 5136 22 1558 152 281 538 6045 2334 32 2978 1702 166 552 1583 1073 177 949 1847 5561 62 70 2509 717 4048 977 82 598 475 1884 99 7013 101 869 742 615 364 236 2288 882 371 115 116 6134 2428 2045 3069
88 0 2 130 3 4 6 7 8 9 1161 2316 9358 15 5778 914 4500 660 22 278 155 928 290 1571 5668 2212 166 1958 3879 5546 2475 7727 6831 1583 5296 52 309 7734 7481 957 67 2372 1223 3400 7117 461 2143 480 7777 869 4841 361 238 1263 497 2552 9208 3704 120 9593 250 1275 124 253 510
89 0 4618 267 268 272 17 914 532 1172 26 545 161 36 424 41 943 48 50 436 53 4537 3137 1601 66 3526 6087 583 2120 841 2377 74 79 210 596 726 8790 88 218 348 1757 93 4962 2019 867 5350 1896 233 110 1134 240 1008 625 245 636 2941
90 896 3457 1 5 646 135 519 3977 907 139 8461 14 655 6160 2322 19 20 23 25 27 28 158 31 288 34 1189 38 679 424 1704 425 42 554 49 55 184 63 449 4551 72 201 330 331 4171 210 2899 83 1110 88 90 218 92 4829 9054 3299 1384 4329 1260 118 120 2169 638 255 4479
91 0 3 644 647 7 654 14 4370 148 663 919 1691 5659 5275 2972 28 1437 3229 414 670 5664 421 9127 426 43 3244 1070 176 4148 948 7607 825 3003 2492 2238 4289 1091 455 1227 4171 1746 338 210 211 339 5850 1119 97 4962 2020 4581 869 7913 880 2033 113 374 8438 1016 2685 7167
92 1799 1673 2572 142 14 16 144 659 2067 789 6166 24 3097 1434 161 1958 41 7977 299 45 47 815 304 176 49 9138 179 1334 57 442 316 2371 1862 71 583 74 715 75 7373 206 80 2385 81 210 595 216 346 92 7776 97 8801 3299 611 356 3045 106 107 235 108 8948 121 255
93 128 3586 1155 454 327 201 1098 207 1103 3535 9040 8465 915 147 276 597 725 150 1948 353 866 4070 871 616 106 555 107 108 2285 750 9710 5041 1010 244 6137 185 122 4219 60
94 6785 2576 272 4625 402 146 2965 5909 2329 7708 7971 7590 2601 170 554 171 812 557 178 946 697 4281 572 189 830 1344 2882 5447 1223 4425 77 206 975 1360 978 725 727 857 218 91 225 3428 1001 1008 374 4857 1150 1790
95 2820 2437 7173 267 395 5516 652 5390 2195 3860 1431 3995 929 1575 6951 7081 813 1582 2098 8243 9271 313 1339 6205 4157 321 5442 196 70 1863 200 9290 2894 9039 594 344 1112 1113 2138 742 102 487 488 2668 2670 240 3441 4725 119 9464 6270 3199
96 131 391 10 11 12 140 271 145 18 149 24 155 156 542 31 162 163 2088 45 310 184 56 189 61 2240 65 3141 709 70 455 201 74 715 1361 977 596 219 224 609 229 1001 108 365 109 504 249 123 127
97 0 1 2 3 4 132 5381 5 6 7 8 9 138 10 11 12 13 14 15 16 18 19 20 148 21 22 23 1434 27 5276 28 285 29 9630 36 426 4266 4142 815 1200 50 187 62 63 65 69 197 583 72 329 1868 4301 78 335 84 6102 86 90 9691 2653 103 6379 624 3441 114 1395 120 249 126
98 0 1 2 3 4 5 7173 6 7 8 9 10 139 11 12 14 15 16 17 5394 18 19 915 20 23 24 3097 410 26 27 28 797 157 285 30 927 35 38 41 44 2478 7347 52 55 56 6201 58 62 63 65 69 198 72 1736 329 7753 82 2148 229 5350 236 2039 120 121 249
99 0 1 1793 6402 8707 4869 1541 7 135 8 9 3849 10 138 139 15 22 155 28 29 30 160 32 4258 36 3110 166 39 168 1320 173 2478 686 175 303 7218 1334 56 61 63 7234 195 68 69 1093 583 199 1352 8270 81 4818 84 599 5851 1756 609 482 867 101 9447 3057 370 119 503 1911 252 637 1023 511
