100
0 4738 6915 1412 1541 137 2825 397 398 5136 146 1558 663 288 33 3489 2978 36 1702 39 935 425 299 43 5046 1725 451 70 4040 1227 2509 717 4048 720 1494 91 1884 92 2268 5469 96 3299 995 7013 8549 615 236 4460 3053 1263 2288 1137 625 756 6134 121 123 3069 2045
1 0 1 1089 2 3 4 5 6 7 8 9 1290 10 12 13 14 15 17 19 21 22 1495 88 281 26 27 477 30 158 159 1572 164 869 37 485 231 42 946 435 180 52 5367 251 7292 61 3198 126
2 0 64 1 65 2 66 3 4 69 70 7 8 264 329 9 11 587 14 15 16 17 18 148 85 21 22 1495 24 282 27 5661 94 1183 33 35 485 44 45 46 751 54 122 62 3199
3 768 1991 2696 585 4361 906 2572 6284 7373 1549 590 2191 6163 853 4630 1434 3676 222 7776 161 33 3299 419 1065 809 46 815 1456 2738 9906 1714 9138 8948 7924 54 56 121 698 59 125 253 447 3455
4 6913 641 6147 8518 3654 7687 5196 908 2894 7055 8401 2706 1623 1881 3033 3420 2460 3293 862 2654 1502 1956 229 2791 3751 552 488 3689 3946 7275 3692 941 2413 1582 3056 433 6388 7287 3769 9017 890 4157 511
5 0 1153 1541 390 135 3849 650 149 155 797 4510 1183 32 1184 161 291 36 549 933 1958 422 40 41 299 300 686 1966 60 316 67 195 2627 70 76 78 8270 977 88 90 859 93 96 97 98 611 869 2918 9447 107 747 8044 621 1263 240 496 500 245 249 1274 125 510 255
6 5634 67 132 1476 133 72 137 1610 75 6668 1871 145 83 86 534 280 152 25 1881 90 2076 30 31 95 100 36 37 38 40 41 108 44 172 175 112 48 50 498 51 4982 632 58
7 0 2304 131 4 6 7 9 10 11 12 13 1805 16 17 145 18 4371 20 21 5526 23 24 32 35 1315 36 46 47 303 176 49 51 55 58 187 316 62 65 459 78 79 2768 9425 725 1496 90 96 229 8955
8 4864 899 901 261 1287 135 11 5515 2572 524 268 1679 2960 5011 404 4885 8215 280 24 1434 28 8734 1440 290 35 3747 549 38 41 44 940 684 1581 4525 815 2608 178 51 436 6837 54 56 57 58 187 1468 1597 3517 62 63 65 3266 9030 1734 199 1735 72 1225 74 4554 83 596 85 2902 216 2140 4703 735 1632 484 7269 3302 487 7915 3179 1388 3692 2158 110 240 7537 1137 8819 631 120 7033 121 123 2171 252 253 5247
9 0 1 2 3 4 5 6 135 8 9 138 2955 2700 142 16 145 403 24 27 155 28 158 163 2726 41 44 45 46 47 176 48 53 309 1077 56 58 60 62 65 69 70 7878 199 72 6729 78 79 5200 468 727 737 1122 232 873 110 115 119 121 252 126
10 0 1 513 4609 2 3 131 4 5 6 7 8 9 10 11 13 2701 14 16 17 145 18 914 19 915 20 3477 23 7959 27 30 158 31 32 2848 1826 35 37 5926 679 5031 2088 4266 1707 940 47 176 2871 824 442 61 957 3008 65 199 455 72 1737 78 4432 468 84 9047 859 5725 482 1506 1131 624 4978 4210 114 371 372 120 123 638 3071
11 0 64 1 3457 2 67 5 7559 7 136 8 75 142 79 81 82 93 356 39 103 40 41 236 46 111 48 112 51 117 54 55 762 60 125
12 0 1 2 3 4 5 6 7 135 8 9 10 138 11 12 13 14 16 18 19 20 22 23 26 155 3483 27 28 29 1310 32 33 34 290 35 803 39 554 42 176 1077 1591 316 2371 69 2757 88 1502 2153 1263 120 121 7929 252 126
13 4864 4482 1156 393 1677 5902 1042 2579 919 25 29 6558 414 288 3747 2852 40 8116 567 3257 2491 1979 60 1981 3648 1988 3525 5834 2509 976 595 3284 5336 2142 3041 8802 1128 7658 7918 8688 240 6131 6644 3572 1271 249 7162 3706 4350 3839
14 0 3715 3591 7 8 650 138 398 1807 404 1558 22 2205 671 4895 417 291 166 9894 3239 1583 49 1207 185 825 442 4417 450 6082 6979 708 456 1097 201 1612 5069 2126 1104 1106 343 9559 88 5721 5850 2268 224 1122 6756 6630 104 2153 362 1131 4974 3182 1902 7791 112 4594 370 371 7155 245 503 120 121 762 252
15 0 1 513 3 67 68 4 5 69 6 7 199 8 72 968 9 138 3467 11 14 17 977 147 83 84 21 22 87 280 89 92 33 545 737 7585 2148 9957 42 43 108 48 113 2291 61 1597 126 3774
16 256 9225 14 6031 143 15 659 5791 288 289 418 933 6565 167 2983 1959 681 3500 1452 175 177 819 948 1590 4023 2744 191 63 1985 7367 1100 3149 207 2767 848 211 1754 224 1762 355 356 5222 999 3689 5484 236 3054 3950 4848 1136 3698 249 2169 506 634
17 0 2 1667 4 5893 5 1030 6 7 8 3977 9 138 396 1420 14 273 4497 1554 536 665 5404 28 797 5278 6049 1185 418 2981 2342 3243 171 1584 561 948 694 55 1591 2232 7488 454 199 4807 4167 583 1352 3912 4813 3021 8015 1743 3923 3540 346 1498 4443 92 4063 2145 6369 5218 356 6378 238 494 879 4335 2033 1395 1524 1270 4343 2296 763 637 9470 4607
18 2688 129 5634 389 7557 390 4102 647 9 1930 138 1546 267 139 9611 524 8334 910 15 3983 273 1298 1171 21 280 1052 157 158 2207 161 37 421 6058 43 44 301 686 175 3121 57 189 65 66 836 1604 1222 583 1226 204 4302 979 595 339 598 3158 1369 2138 6234 2523 356 6756 613 229 742 231 615 747 3053 365 750 878 879 2416 114 1395 245 632 120 4089 123 1019 252 8703
19 769 131 3203 9732 134 1799 778 139 1548 146 149 5910 536 1689 285 1437 158 2079 800 545 290 8488 168 2088 298 299 300 940 812 175 1587 309 55 2872 2492 62 67 3142 1612 849 339 980 981 598 86 2391 599 985 1114 346 1244 4317 1119 1376 480 1762 1506 2403 871 231 1896 746 3563 6379 1900 110 625 243 1524 245 3448 9081 1529 5497 250 764 3455
20 0 1 4225 2 4 709 6 7 199 8 1225 10 1290 11 75 907 12 13 14 15 18 20 148 22 24 26 859 27 1117 2591 32 33 35 36 3172 2153 3497 43 107 44 176 49 59 125 3198 62
21 0 1 2 3 4 5 69 71 10 7242 74 1482 11 12 77 14 15 16 17 7569 19 83 21 22 4247 2264 26 27 797 2848 33 5985 34 39 41 5482 44 236 878 47 176 120 124
22 0 1 2 2818 3 4 5 389 6 7 135 8 9 138 1290 650 1930 3211 11 12 14 15 19 6035 148 404 1173 21 22 23 26 27 155 28 157 29 30 1310 161 164 37 805 166 40 41 299 44 3244 9517 45 301 303 3379 184 57 442 60 63 193 69 197 198 583 72 7624 74 843 977 468 342 859 731 224 3424 97 2402 355 356 102 107 236 1132 240 114 117 121 2045 253 7293 126
23 1 2 3 135 138 139 14 272 275 1429 5659 671 1951 7584 5667 1445 678 1320 426 7850 172 1452 47 48 948 310 7607 56 184 318 70 327 72 462 207 86 343 345 1881 95 226 482 1506 611 228 869 230 361 3306 2169 253 1277 1407
24 0 128 1 8450 644 900 8 138 2060 269 271 16 148 1173 27 542 414 1572 37 42 554 305 54 1334 56 184 185 188 61 708 73 74 203 6347 77 7373 80 977 82 83 84 725 88 91 6238 7908 103 104 105 236 621 114 115 120 2168 3706 6138 123 252
25 1667 131 389 6 7 8 9 393 140 13 16 18 1554 20 1174 23 24 28 542 31 1184 161 35 164 36 37 38 166 3880 425 301 4397 45 49 50 8243 3251 56 57 2106 316 3262 63 64 3139 3398 1350 1222 199 72 1610 7242 9677 850 82 342 7382 602 1888 6115 101 103 1001 107 1645 494 1524 4724 252 3196 3964 2685
26 0 1 66 2 3 131 2052 8 2889 9 138 907 1420 206 16 144 80 17 210 2195 85 24 25 409 91 27 1052 222 415 1951 161 3110 234 554 45 47 624 181 1077 183 187 446
27 0 1 2 132 7 8 9 138 139 2700 909 16 8080 17 20 23 151 24 25 27 29 157 34 1954 35 164 165 39 552 45 47 176 50 53 184 57 8761 443 5313 193 6337 69 2889 7753 331 206 849 82 343 855 2780 228 107 119 121 122
28 64 128 258 67 4 132 6 264 1352 137 10 11 12 4364 78 206 144 272 17 82 148 860 93 414 31 5921 2402 482 612 552 41 170 107 44 301 173 686 114 54 2486 60 61 253 1917 383
29 3201 4226 1027 647 393 137 1673 650 1803 139 270 526 274 2837 4632 281 793 1697 34 290 807 2216 4266 6698 44 1714 442 6459 66 3141 1607 329 331 332 8911 337 594 595 468 3158 727 604 223 609 1378 611 231 487 360 1000 490 236 880 496 881 4724 887 4088 2298
30 2048 1026 1283 268 9360 274 275 150 537 154 9246 928 162 3363 5667 8740 1447 8875 1324 3502 687 3759 2735 435 1332 184 1210 1979 1596 2112 4801 196 198 70 9543 1610 715 461 80 2385 465 4568 1369 602 992 610 2274 3943 234 8938 8427 1132 236 110 7408 625 372 4597 1401 2427
31 0 1 2 3 4 5 6 8 9 10 138 11 12 13 14 399 16 17 18 19 915 20 21 408 3097 26 27 797 5921 549 42 58 68 69 70 1734 199 583 73 77 82 96 102 105 621 881 249 252 6141 126
32 0 1 2 131 3 900 5 135 7 8 9 3849 10 11 2700 18 20 23 25 2076 29 31 5921 34 37 38 3110 554 940 176 49 1334 2614 56 184 186 5051 709 197 968 74 978 83 339 84 468 859 101 869 999 104 1771 110 116 120
33 6656 0 1793 2 1284 7 8 9 267 7437 5395 22 24 3097 284 31 32 2848 33 2849 554 2348 46 3119 8751 303 51 57 58 316 574 63 69 2374 4172 78 80 596 1365 87 4953 92 609 9572 612 102 1384 1387 3447 377 5754 1917 382 126 1151 1667 1930 2444 145 659 404 9365 3483 157 2717 4510 158 1184 7585 162 2214 679 681 7086 432 176 3248 180 3514 1468 193 961 204 9933 973 2521 7387 990 482 995 2291 1011 1019
34 0 1 1665 2 9346 3 1283 4 5 391 8 9 137 10 138 11 2955 4364 2444 14 16 17 1809 18 20 404 23 919 152 24 2073 2713 26 410 27 28 9886 30 32 35 164 166 1575 1324 45 429 305 6577 52 1077 58 62 63 708 2248 73 6604 2513 91 96 6755 2153 4977 371 121 126
35 131 899 646 4358 5895 1799 9 8973 653 277 7709 1440 1186 35 675 5158 7718 1959 1065 6059 9391 5552 6962 566 3126 316 444 829 63 2239 65 3011 4164 836 454 4551 1607 969 3923 4435 2516 1494 344 90 1883 476 8030 350 1506 738 2148 5221 9957 4710 1260 108 9713 7537 6644 3190 120 6137 8315 1150 3839
36 1412 2180 5 8454 134 3718 647 7048 137 396 1936 1168 3730 149 406 5526 280 3483 3996 797 7069 9246 163 2979 164 37 549 1702 7081 681 1966 561 434 4662 4919 1080 697 193 198 1351 967 712 1098 4171 332 4688 9040 979 84 469 88 9562 733 4067 2659 1638 4070 998 616 1771 1005 3053 751 2930 114 1783 119 2296 1528 4984 120 6137 252 126 1151
37 0 1 129 1089 2 3 68 5 69 6 7 455 968 8 1737 1482 77 82 19 3412 25 3097 154 155 27 28 30 31 228 102 5862 40 41 42 106 107 46 48 176 50 114 54 56 4347 60 61 2430
38 8704 3205 1671 268 141 5519 3471 1937 2067 659 6166 3097 2717 2078 3359 1314 7975 7977 4009 298 5803 1325 6702 4018 949 2360 6329 4032 8643 1606 3659 459 2385 5329 3025 1362 1106 7253 346 735 5472 8801 1123 1765 8295 360 1772 2805 507 4221 2047
39 0 896 1 2 1667 5381 5 646 5895 1671 7 8 7048 9 393 138 1292 14 17 148 22 25 27 797 30 4768 5921 162 546 4388 38 166 40 5546 554 46 48 176 50 51 55 439 56 184 60 62 7104 193 69 2503 968 2889 74 79 207 2383 335 977 84 728 731 1251 355 356 102 107 3182 110 118 119
40 1 2 388 135 7 8 265 777 9 1673 1161 2442 5514 907 143 3345 3858 659 151 538 539 28 160 672 161 1571 803 37 3879 6698 2475 7727 7347 308 53 566 7734 183 439 184 1468 2112 64 961 2372 3400 73 972 595 3286 216 482 3044 231 9832 1643 879 2162 1395 2423 3704 1017 1401 634 1275 253
41 1408 4099 900 516 2820 389 6 7 650 12 268 13 1679 15 146 19 659 1173 21 25 665 3866 156 2076 2079 417 290 549 37 38 39 554 3884 686 4142 2735 50 2616 442 1723 2492 3135 64 197 329 204 205 3790 4942 9039 8272 82 979 4308 214 2136 1881 476 2140 1756 3807 224 97 611 229 1510 7147 625 627 372 117 120 4728 253 382
42 0 1 2 3 1027 4 5 6 7 8 9 138 11 14 15 16 3600 17 18 19 9749 27 155 284 2076 28 5150 1184 2848 1954 164 37 935 9896 41 170 299 8364 2862 9519 56 4408 60 62 63 7360 4288 708 69 968 74 843 1611 332 3533 8911 4820 5973 1495 6362 90 224 482 2659 5860 356 6373 2150 487 1768 104 1001 1643 1387 1263 3441 1522 1656 249 121 2425 123 252 1789 126 2047
43 132 9478 9351 2313 139 2060 9613 9359 399 785 4247 152 664 1436 412 6045 1566 3231 800 803 7589 168 299 1068 1967 1333 1988 325 9927 3016 4040 1353 1483 6092 6094 1360 1876 5205 219 1758 1509 1128 2152 1513 1131 2029 6126 6258 755 7797 502 8184 2809 2169 1274 1019 6655 3455
44 256 3970 6402 2563 389 901 1413 2823 1033 3849 2698 1674 1933 272 2577 5395 2707 2196 789 671 8480 2721 8739 7594 2091 301 1070 46 3246 4532 1204 309 54 2106 187 62 574 1476 2116 1221 327 4551 712 3913 330 331 332 716 207 1106 339 595 211 1236 1878 3927 5210 731 348 7518 1376 9824 2785 8034 1379 869 742 1002 4589 750 880 1904 370 1651 3443 9459 5621 1270 4089 1401 3065 1017 5626 378
45 0 2818 899 131 4 5 6 7 8 9 10 138 11 12 13 14 15 655 7055 17 18 19 20 21 22 23 26 28 29 5661 30 1310 31 32 33 35 164 37 43 171 52 55 69 583 330 1482 91 1502 867 1001 1387 114 243 120 121
46 0 2816 1 2 1155 7 8 9 1161 138 651 15 1168 145 273 1298 19 4372 21 22 23 152 24 25 27 1692 28 2848 289 38 294 172 7854 47 4148 5429 309 183 824 57 58 4288 6092 205 8654 6222 850 979 983 5720 346 476 1502 478 224 9572 485 103 489 873 1771 7918 1903 1263 884 1270 1017 4985 634
47 0 129 1 2177 2 130 4 5 517 7 8 9 138 140 7055 6930 659 1171 19 4500 1434 27 3483 1307 6684 2208 3106 3621 1702 9768 3887 1200 1843 3379 3635 54 3514 443 188 5182 192 5313 69 583 82 84 2902 1495 2264 344 89 861 9054 4063 224 992 480 225 995 484 8933 614 5990 236 109 110 4336 1521 4977 2291 244 120 382 383
48 0 1 389 6 134 7 8 9 2825 138 2955 13 8334 398 1809 4497 1554 146 274 914 147 20 404 148 23 25 28 30 1312 545 164 37 38 1575 42 300 48 176 55 184 1593 4157 63 4799 1344 1601 68 325 1350 198 583 199 841 330 79 335 211 5843 84 3158 7384 2905 348 96 227 356 3684 1510 103 1384 3692 494 110 751 114 252
49 641 2 8450 3 3332 388 4613 7 519 8 138 907 13 18 914 21 6037 6165 22 29 30 31 32 7970 3493 426 43 1452 300 1334 186 2371 1604 69 70 583 78 80 212 725 92 94 478 96 1122 994 484 996 102 113 121 1530 763 638
50 4864 2688 1921 4995 3 5 390 6 7 647 9 395 4619 140 268 653 15 3869 158 926 3870 33 1446 44 3244 303 817 178 55 1343 1599 8643 198 71 7624 74 587 76 333 594 83 85 88 216 5084 734 739 2147 2787 1891 233 236 8044 240 2292 1524 1269 6523 2941 8702
51 0 1 2 2818 3 4 5 6 7 1159 8 9 10 2826 11 12 13 14 910 15 16 17 18 146 19 20 21 9365 22 23 24 665 27 5659 28 1692 30 35 5031 41 45 55 58 187 63 197 1989 72 1224 78 977 1745 82 3923 725 6877 5603 2148 3046 102 1387 371 2420 117 121 5501
52 384 1153 4226 4869 1417 7307 267 1805 2190 786 7959 24 1950 3999 1186 4130 2088 296 300 45 5936 4277 310 1591 5175 1465 4025 1469 7869 1853 1088 1601 5313 4421 197 70 1096 201 587 5069 78 850 7895 6744 9946 2523 5851 2275 868 2152 6376 105 365 239 5616 6001 4849 6514 2164 1012 2293 120 8955 2175
53 385 898 8 138 1035 524 1296 6035 534 151 665 1434 3102 1313 6051 38 1958 1704 170 3243 302 1077 5429 1591 184 1721 194 195 3395 70 583 968 73 2249 74 1866 332 461 9551 8660 342 215 1495 216 89 92 225 869 485 873 2153 110 371 246 118 760 7291 252 254 382 510
54 7 2316 13 15 144 4881 149 23 663 5020 29 1568 32 288 35 2212 40 1321 2348 45 561 178 1330 180 52 2612 55 57 1721 954 61 446 830 193 451 330 5195 78 80 2000 81 1489 468 346 5982 96 737 482 110 624 115 243 119 1401 2684 636 509
55 0 1 2 3 4 900 5 6 7 8 9 10 650 11 13 14 15 16 17 145 146 18 19 404 20 21 662 24 152 410 1434 27 155 28 158 30 8094 1184 161 37 166 3244 45 176 4148 53 55 57 58 187 443 957 3774 63 2112 3008 65 193 1089 199 1737 330 80 468 725 1495 88 2651 348 1502 867 5603 485 6887 1263 115 117 1270 121 252 637 7293 126 1151
56 388 4612 390 1287 142 2451 4371 789 153 1690 5276 160 1184 1697 4514 804 805 2858 3756 3631 1840 1457 8114 179 181 825 2746 443 9915 3006 1600 707 7499 8402 595 597 214 2264 349 1502 223 96 5472 481 4452 868 236 878 624 113 3057 117 375 2810 2044 8702 2431
57 0 132 5 3975 8 3082 6668 655 19 20 404 26 27 28 797 30 158 1442 37 38 422 296 43 429 4656 176 50 51 52 308 53 566 62 448 196 708 197 76 3661 335 212 218 349 480 3424 1506 484 358 1384 111 114 118 3831 375
58 513 899 1284 520 4104 8076 396 909 3470 655 144 19 666 285 2593 289 8355 4133 549 4390 550 680 681 171 43 684 434 1587 309 3768 3514 3131 4667 59 3516 1597 3773 4672 5312 196 69 1228 720 4817 850 1627 8541 990 95 97 2659 2148 1768 745 6379 1132 621 8430 7279 1007 880 1521 3441 4596 244 2300 1149 1534 4478
59 769 1412 2692 2948 902 8969 2187 5643 2956 2060 1805 914 535 536 24 8601 1566 32 1187 2980 933 4646 167 1972 53 2231 2104 189 702 6335 195 3908 1480 1096 585 8138 8139 204 1100 1745 8146 979 5459 5333 216 857 1119 6246 231 871 1385 873 746 494 1134 881 1011 243 6134
60 257 130 2562 390 1927 15 143 4373 4247 25 409 28 38 297 940 49 5554 4021 310 951 58 4413 1089 68 7876 6729 1106 84 88 216 219 95 99 101 103 106 235 238 5616 113 3319 122 123 636 126
61 131 266 3211 909 1168 1171 20 408 411 285 30 32 2976 6565 8614 3624 5801 553 9517 566 444 574 6082 709 9542 79 208 212 213 1365 2134 215 984 2649 1754 221 2014 351 8672 609 1506 230 105 362 112 9584 374 5751 7672 2552 121 7546 2430
62 0 1 2 3 5 7 8 9 138 14 16 17 146 19 404 148 21 1173 662 919 27 155 28 9502 1310 7966 7454 31 928 1826 9634 1187 164 5284 2858 5931 45 5295 5296 309 1591 439 56 2616 7481 57 4413 63 65 69 197 325 3270 583 7624 982 87 2521 1503 480 7777 1122 611 3428 356 3561 6379 236 3052 495 111 497 5876 117 245 118 120 249 9593 2298 382
63 0 256 1 2 3 1283 900 5 7 8 9 138 907 395 267 4364 4880 1554 5779 660 3349 3478 1303 2840 155 3100 285 1054 2849 8355 557 2992 3248 432 436 2359 184 3642 445 63 3008 65 2371 709 1223 968 5448 329 74 971 715 206 976 1104 6481 1745 8402 3412 1236 1495 1370 3423 2158 4336 8947 1779 372 3444 120 506 2683 1019 638 255
64 0 1 2 1283 3 4 6 7 8 265 9 778 11 784 17 146 21 23 410 27 157 7837 542 158 671 805 166 296 299 301 9521 310 55 184 57 63 962 69 327 72 1737 5329 465 977 1236 3032 9305 90 2147 5091 100 1384 621 238 6767 240 6769 3317 505 2298 379 126
65 1921 2818 1412 2180 389 390 646 135 396 13 1679 20 277 2837 2200 410 30 671 32 166 679 40 41 42 299 44 300 429 46 815 432 434 3378 4403 1718 1336 56 6459 187 62 1476 196 1732 72 73 329 841 1491 2132 468 88 217 604 1117 734 97 482 4962 100 102 3046 1385 5482 1004 4978 626 1395 117 2296 637 3582 2431
66 0 1 1793 4994 131 1413 136 8 138 6539 395 524 909 14 3600 4881 146 3477 2198 1686 8342 3096 27 7325 1438 1951 289 549 293 1959 42 171 684 45 301 1967 1583 947 309 54 3639 61 1087 67 3142 199 4040 457 74 6480 3676 2653 2274 356 101 2922 107 110 112 3700 885 117 636 252
67 0 65 2 3 4 5 6 7 71 519 3975 9 10 1290 11 12 13 77 78 15 18 19 468 21 23 1495 152 26 155 28 29 31 160 5921 34 35 37 38 1263 49 52 118 4023 3767 120 57 3389 126
68 0 193 2 324 517 134 3591 76 397 79 2513 83 1428 84 85 213 725 279 27 156 1888 162 1122 612 357 5990 5350 424 554 108 112 49 309 377 314 250 4347 124 188 509 62 126 255 63
69 2177 7042 3204 778 10 139 12 3853 782 1294 14 142 15 6543 16 2448 145 6290 19 659 7827 20 6169 2085 1446 41 42 171 6452 4276 2100 2359 56 2616 824 1593 572 1468 61 2238 63 3520 2112 9665 3266 4035 68 2120 73 74 6986 971 77 4301 335 8271 720 82 83 211 84 4436 216 88 1757 1119 224 4834 3299 2919 3561 107 1005 751 1522 243 501 117 4342
70 384 1537 1412 1669 264 4618 8853 410 666 1436 2973 545 417 36 40 42 298 1450 2090 54 1078 4919 2487 59 577 321 1351 840 73 6729 459 5580 206 9678 82 1491 1877 984 1113 1497 90 1626 5724 9311 102 231 365 367 240 4858 378
71 0 1 2 66 962 3 4 6 903 7 327 1671 5447 455 8 968 9 138 523 2700 15 143 2513 150 1495 89 859 350 2591 225 546 36 3684 101 364 2477 49 306 182 120 252
72 1408 2433 515 3 388 261 9 653 6029 1300 4630 29 5150 3358 798 1183 543 7712 34 1571 1190 679 2218 2859 2094 5038 174 176 7986 8629 7862 313 189 61 1215 65 1478 71 2261 1621 2262 475 3038 98 1894 1510 4838 1384 7147 750 4977 243 8309 890
73 899 5124 8454 776 140 6668 2060 2703 2063 15 19 149 2198 22 1558 919 2201 1562 1307 5659 155 156 158 1311 32 1571 2857 6057 1195 6188 7218 52 2741 2869 6589 574 3774 703 320 1472 2244 325 72 1611 1484 333 5838 6735 8528 1232 597 1494 6359 5209 1114 92 1756 8156 3166 224 4320 609 1122 867 1128 3818 1386 3824 3826 1522 7798 4726 8438 6518 3706 250 2171 5627 3708 252 637 126
74 4609 7 8 9 1161 10 12 13 2573 14 1038 15 1807 914 5011 147 148 21 149 5526 280 25 665 410 30 164 37 38 169 43 8365 431 1583 8241 4797 446 65 66 2116 199 968 201 73 203 4429 6097 468 7774 2526 102 6379 109 621 880 242 243 501 2296 121
75 257 5 1671 3975 392 401 147 6165 23 3097 155 28 29 8734 159 34 165 679 41 170 299 3244 173 174 1841 58 442 60 64 195 1604 454 1482 587 79 209 849 2264 92 98 355 356 102 489 873 112 116 1012 4725 503 5887
76 0 1 2 6402 3 4 900 5 389 6 7 8 9 10 11 139 12 2060 4364 13 14 3470 15 16 6288 17 145 19 148 404 21 22 24 3992 152 26 27 155 28 157 30 542 8095 35 1315 164 549 166 681 50 184 957 62 63 1344 65 1604 69 3398 199 332 3279 3408 728 88 867 869 104 107 236 3182 495 112 114 371 1780 372 2168 121 126
77 896 513 899 647 651 653 144 273 8466 3603 533 25 8733 31 32 289 35 5286 1577 426 3884 7342 8241 6961 52 183 1593 1352 2378 330 331 715 75 78 5582 4430 207 720 2258 5848 3160 6745 2265 90 604 3293 4959 1251 2533 1638 103 1258 235 9710 5872 1395 243 372 501 123 2942 254
78 261 645 391 8 1801 654 7055 146 19 154 285 9888 292 37 168 680 1194 3756 1581 178 1714 307 53 5558 183 57 59 572 1597 5566 63 325 3014 1613 461 81 210 211 3796 87 3416 731 859 1629 352 355 99 102 2282 370 245 119 1913 252 126 2943
79 0 1 130 71 8 76 140 16 81 8978 6165 87 24 152 89 4122 156 97 33 98 227 164 484 37 39 9514 45 238 51 115 52 53 119 57 9657 59 62
80 1152 0 641 2 3 4 5 7 3975 8 137 9 138 11 2060 782 14 145 4241 3089 147 2836 1174 154 287 290 1572 1321 1065 426 1195 45 686 1454 1584 948 181 2614 58 316 62 6337 451 6979 197 69 1862 2759 968 971 3281 3923 726 2136 9947 990 95 1256 8040 1386 619 108 1262 496 112 1012 9335 1911 4859 2683 2812
81 128 259 133 5 138 273 145 2705 147 25 3097 155 156 1564 8094 5921 36 165 37 166 167 681 554 300 3631 432 51 829 189 193 7234 451 76 79 209 211 85 1750 727 345 1627 95 224 225 355 231 359 363 1135 9584 114 375 1783 120 121 126
82 6656 3457 1665 516 389 135 1671 137 7433 1546 138 5773 1294 271 3215 914 662 2967 1303 536 3097 155 927 2592 163 40 4525 49 2739 52 56 60 2114 578 6467 1734 73 841 1227 77 9294 1745 978 339 341 342 1628 99 999 360 2282 2538 235 494 879 496 625 247 1274 5882 4478
83 0 1 2 900 8 779 267 11 139 1932 14 19 3348 155 157 669 3613 162 1065 6577 179 59 1595 319 63 323 68 69 70 9542 5959 968 1482 589 3406 4178 86 342 3158 6616 859 2780 227 2147 485 3175 105 106 235 371 1656 891 126
84 132 776 138 12 13 15 21 22 3222 24 28 5276 29 6049 34 36 38 39 168 171 175 50 51 2612 53 57 64 65 321 4291 3140 204 2126 81 86 356 229 102 487 1256 363 621 117 1275 125 127
85 2432 6787 516 2052 2950 7 5641 10 139 524 1292 782 14 1554 19 23 3224 152 1312 6304 4390 166 422 552 938 2730 299 432 7984 184 4281 442 187 6718 574 1344 193 66 836 4421 9030 201 585 6729 970 74 330 715 75 332 3024 720 3410 83 6234 2652 1756 1757 2397 4962 355 229 5605 5349 615 1256 7401 5225 1388 1137 3569 1393 626 1398 120 249 2170 762 253 510 4606
86 2 66 6402 3 4 5 6 7 199 72 968 9 10 11 139 12 13 14 15 17 18 19 20 21 277 23 599 25 26 410 27 28 476 30 96 34 35 100 485 38 3046 6698 44 47 50 60
87 128 130 1667 138 909 1041 22 2841 2073 538 27 6045 797 2334 32 2849 35 166 422 552 426 1583 1073 177 949 1333 55 1847 5561 1850 442 62 323 3652 69 1862 454 583 5448 329 331 207 82 598 3160 475 2526 353 99 611 742 4589 624 882 115 501 119 632 377 1273 2428 9086
88 0 1 2 130 3 1027 4 6 7 8 9 2316 9358 15 1808 914 5778 2322 660 4500 278 22 410 282 155 27 796 29 797 290 5668 1189 549 38 1958 679 1704 5546 1452 6831 1583 52 309 54 957 1223 7117 461 725 4829 2143 869 4329 4841 361 107 1388 238 1263 112 2552 120 9208 250 4090 510
89 131 646 135 4618 267 268 5773 782 17 145 146 532 1172 22 538 155 157 159 7584 545 161 1954 36 424 41 943 48 178 436 4537 58 3137 1601 1734 3526 6087 2120 2377 841 74 205 206 79 4048 210 594 596 726 8790 218 348 1757 4962 2019 5350 102 103 1896 233 107 110 112 240 1008 625 372 500 245 121 636 7548 126
90 896 3457 5 3977 139 140 14 655 6160 19 20 23 25 26 27 7707 28 1052 157 158 30 159 31 34 2212 37 1447 424 425 42 554 55 184 8381 449 196 198 72 201 330 331 4171 76 716 210 83 2899 1110 88 218 9054 98 229 102 1384 110 111 751 118 2169 382 4479
91 0 2304 6018 387 5 901 7 8 138 11 8334 654 4370 7315 19 534 663 919 1691 5275 2972 28 1437 3229 8992 5664 290 4131 421 549 9127 680 3244 7086 5295 7600 176 2741 439 7607 825 3003 2492 445 2238 4289 193 1090 1091 2371 1221 585 970 1227 4171 210 82 1746 8019 211 339 2905 5850 1629 2654 1119 97 4962 355 612 2020 4581 881 2033 1522 6005 501 8438 374 1016 2685 126 1151 7167
92 194 132 71 1799 583 74 75 715 205 142 16 144 80 81 210 789 24 152 3097 97 290 293 1958 551 41 169 106 107 235 45 109 304 176 9584 179 1334 248 57 122 58 316
93 1152 128 3586 1155 5381 526 655 8465 7315 403 915 276 150 152 1948 2205 2591 160 555 5041 50 1330 1332 185 197 1350 1736 201 585 845 3535 1103 597 87 8152 2905 4704 866 871 233 2285 750 9710 1010 370 503 122 3194 4219 637
94 6785 3458 2819 1412 1031 2185 268 653 782 2576 4625 402 5909 2965 663 282 7708 8993 7971 7590 8492 557 1200 178 946 309 824 2360 4281 697 59 572 4157 830 1344 321 2882 325 3398 1223 5447 4425 332 975 1106 725 857 218 861 735 1506 5091 3428 103 1000 619 5483 1008 757 374 632 5626 123 764 1150 1918
95 258 387 2820 2436 7173 267 395 5516 140 652 5390 7313 402 3860 660 9493 662 3995 670 8992 929 7585 1575 6951 7081 2348 813 1073 8243 4791 568 6848 321 5442 196 8901 1863 200 9290 331 3404 9039 1112 2138 1628 2143 993 228 742 487 1257 1387 747 2668 2670 3441 119 9464 1017 3198
96 6656 131 391 10 12 268 271 16 18 1429 156 542 31 161 163 164 41 170 42 301 309 54 439 56 184 1339 316 63 2240 65 193 709 1862 71 74 715 204 4044 206 1361 82 2003 596 728 90 219 737 229 1766 1001 106 107 7151 3953 1272 504 120 249 123 127
97 0 1 2 3 131 4 5 5381 6 7 8 9 10 138 11 395 267 12 140 13 14 15 18 19 148 21 22 1434 27 5276 28 285 9630 36 37 168 426 4266 173 4142 1200 178 59 62 63 65 69 197 72 329 1868 4301 78 335 84 86 6102 90 9691 2653 103 6379 624 3441 120 249 126
98 0 1 2 3 4 5 7173 6 7 8 9 10 11 139 12 14 15 16 17 18 5394 19 915 20 23 24 3097 26 410 27 28 285 157 797 927 35 38 41 44 2478 303 434 7347 52 55 6201 58 62 63 65 69 198 72 1736 7753 329 82 224 2148 229 5350 236 114 2039 120 121 249 7677
99 0 1 1793 8707 7 4487 3975 8 9 138 15 22 280 155 27 28 1052 29 1437 30 7454 31 33 1954 4258 36 37 3110 166 1702 39 168 1320 1065 4397 2478 303 175 178 7218 1334 55 56 61 62 63 3008 65 7234 708 69 1989 1093 199 2504 1352 74 81 4818 211 84 1756 94 609 482 867 101 103 6385 3057 2163 117 119 1911 253 1023
