100
0 192 66 4227 4040 397 1422 4048 6614 1687 663 1368 91 220 93 6045 288 33 100 39 104 425 43 237 1137 756 54 120
1 0 1 65 2 3 4 5 6 7 8 9 10 1290 12 13 14 15 17 19 21 22 88 281 26 477 30 158 159 36 1572 37 231 110 176 946 435 180 52 251 61
2 0 64 65 2 66 3 4 69 6 70 7 8 9 11 14 15 16 17 18 148 21 85 22 23 24 2264 27 28 94 1502 32 33 35 102 44 3244 45 46 179 54 122 62
3 768 4032 1991 2696 585 4361 906 590 2067 853 725 4630 6166 3097 3676 222 2078 799 1888 161 1065 235 5165 46 1456 2738 9906 1714 9138 51 8948 7924 54 8444 125 447
4 0 8518 7687 3975 1482 5196 8401 2706 7122 9493 278 1623 1881 2460 3293 862 1377 1956 2791 3689 3946 8428 941 2413 2478 3056 2098 1843 7287 3767 3769 6205 511
5 0 128 1 67 195 70 390 135 202 76 141 78 149 90 155 93 286 95 96 97 98 36 422 40 41 109 240 500 245 60 125 255
6 67 6 7 72 10 75 12 13 17 145 18 19 83 20 21 25 30 31 34 100 37 38 40 41 170 108 44 172 46 112 48 176 50 120
7 0 2 3 4 6 7 8 9 10 1290 11 139 12 13 14 15 16 17 18 20 21 23 24 28 31 32 35 355 1315 36 40 107 46 47 49 51 55 57 58 63
8 64 323 2308 199 74 11 75 76 142 18 596 85 24 216 25 411 27 415 546 484 485 38 40 41 42 44 50 178 51 1588 54 631 56 58 252 61 126
9 0 1 65 2 3 67 4 5 6 70 8 6729 142 78 16 468 24 27 158 95 35 163 99 232 41 44 109 45 46 48 115 53 119 56 58 60
10 0 1 129 2 3 4 5 6 7 455 8 9 10 11 13 14 16 17 18 20 23 26 27 32 35 101 40 42 43 621 47 114 50 123 61
11 0 64 1 67 136 72 75 13 142 79 81 82 91 93 39 103 40 41 46 111 48 112 51 117 54 55 121 60 125
12 0 1 2 3 4 5 6 7 8 9 10 11 12 13 14 16 18 19 20 22 23 25 26 29 1502 1310 32 33 34 39 42 43
13 5120 3648 4162 4482 2568 1865 393 6480 976 7316 29 2142 4319 4001 1828 5604 358 7658 5482 875 1452 7027 567 1271 249 1402 186 4350 1087
14 0 1985 450 706 1027 6662 7367 1097 398 143 1811 211 1748 5850 2205 224 291 9894 1641 362 1709 1902 3950 7791 2096 816 370 245 503 1207 120 185 3070
15 0 1 3 67 68 4 5 6 7 8 72 9 138 17 147 83 84 21 22 87 89 92 30 33 42 43 108 48 113 51 54 55 120
16 256 9225 4362 1100 461 6031 848 4752 659 5526 1754 1116 3548 350 288 418 933 5222 167 2983 1959 1576 681 3500 303 4848 819 5429 1590 4023 506 380 1021 9471
17 0 1 257 2 4 68 5893 5 454 199 1352 3274 7818 8015 3923 3735 665 346 2202 602 92 5278 1185 6049 418 547 1710 4278 247 759 633 3900 510
18 192 257 66 450 4 390 202 138 267 204 77 15 2128 21 213 796 94 161 163 355 37 169 7593 554 237 301 750 879 175 245 59 189 701
19 769 67 517 904 139 81 1427 339 3797 22 214 598 599 153 1114 158 351 37 358 5990 5926 39 871 231 168 108 109 46 175 309 55 633 250 826 253 62
20 0 1 2 3 4 6 7 8 9 10 1290 138 11 75 12 13 14 15 18 20 148 22 5526 24 26 32 33 35 36 2153 43 49 119 59 125
21 0 1 2 3 4 5 71 10 74 138 11 12 77 14 15 79 16 17 19 83 21 22 26 27 33 34 3684 39 41 44 47 176 124
22 0 1 2 3 4 68 5 133 6 7 8 72 9 75 12 15 89 25 26 29 30 1310 31 224 33 97 37 41 43 9517 59 60 63
23 0 1 131 645 70 135 264 139 462 207 275 1429 86 150 215 343 25 345 95 671 226 35 611 230 361 42 172 2479 48 56 184 2169 58 252 318 1407
24 0 128 131 644 134 8 73 74 203 2060 77 269 271 16 80 977 82 83 84 88 27 91 30 542 96 103 167 104 105 426 236 114 116 53 54 56 120 184 185 123 188 61
25 64 69 6 7 8 72 9 202 1482 7242 13 18 82 20 23 1495 2264 25 602 91 2587 32 161 34 35 36 101 37 38 40 425 45 49 241 50 127
26 0 1 66 2 3 131 2052 206 16 144 80 17 210 2195 84 85 406 24 25 409 27 91 222 415 161 234 299 45 47 181 120 187 446
27 0 1 3 5 69 7624 11 14 15 16 17 82 20 22 23 151 24 25 27 28 29 34 1954 35 164 165 39 40 107 45 110 47 176 50 53 119 57 122 62
28 0 64 128 2 258 67 4 132 6 264 9 137 10 11 12 268 144 272 17 82 19 148 93 478 612 41 169 170 234 107 44 114 121 60 61 253
29 1 66 3842 456 329 393 330 650 331 270 337 274 278 281 793 27 5661 223 34 290 1378 229 231 807 360 1000 490 44 236 880 496 1908 437 887 442 191
30 4801 1026 70 198 9543 1610 332 143 9295 2385 6097 275 150 537 154 602 2522 27 347 2076 94 992 5792 610 162 8740 8875 2156 687 625 1906 6450 435 1332 184 1210 187 1979
31 0 1 65 2 3 4 68 5 197 6 70 8 9 73 10 11 12 77 13 14 399 16 17 18 19 20 26 27 96 549 102 105 42 1334 56 58 59
32 0 1 2 3 709 135 8 9 10 74 11 12 13 18 83 339 20 84 25 27 29 31 5921 34 35 101 38 47 49 116 56 186 60
33 0 2 138 724 980 87 23 24 3097 92 222 31 32 33 482 229 102 169 42 298 43 174 47 48 49 51 180 124 126 63
34 0 1 1089 2 3 4 5 391 8 9 73 1737 10 11 76 6604 14 15 16 17 1233 18 20 23 24 3097 26 27 412 32 35 5862 40 2153 44 305 52 58 59 63
35 8450 4164 836 4613 646 969 8973 529 1363 2516 471 1752 344 476 1504 7970 419 483 3236 9957 5221 1959 295 1260 1074 6137 953 6012 316 190 1150 2239
36 0 1797 647 712 328 137 1481 5005 1936 3730 403 979 4051 149 469 88 1052 412 733 94 158 95 163 99 2979 37 1638 998 1127 106 1005 561 5361 434 1783 6137 4090 252
37 0 128 1 129 2 3 68 5 6 7 10 77 82 19 25 154 30 31 102 40 41 42 107 46 48 176 50 114 54 56 121 60 61 126
38 3457 581 9607 1288 4809 3659 6284 268 2191 5519 1362 1106 659 2840 1370 346 735 33 1314 1062 360 553 5803 6064 945 2805 6329 1337 507 4221
39 0 1 129 2 322 3 68 5381 1671 74 79 207 17 979 22 728 27 546 35 99 1251 38 102 40 108 46 48 50 51 118 55 439 56 632 60 62
40 0 64 2 388 135 265 521 777 73 907 143 595 405 151 1880 538 28 1053 160 672 928 161 1571 292 168 2475 1263 3761 306 498 308 53 317
41 0 64 321 6 7 137 12 205 13 3790 82 19 214 86 4247 25 91 283 156 28 97 38 39 104 554 491 2415 50 372 181 117 121 3135
42 0 1 1729 2 3 1027 4 708 5 6 7 8 74 11 16 17 18 26 27 284 29 1184 2848 34 294 935 487 1449 41 170 234 46 1263 56 441 249 250 123 60
43 132 1988 772 325 968 2507 9359 1876 87 1495 664 472 2904 347 412 3164 1758 1566 1889 1571 1509 1894 4838 168 1128 1384 6126 1967 7986 2611 116 7797 1333 633 5689
44 256 65 2050 389 327 712 1033 716 207 79 272 465 2196 3604 404 86 214 91 1246 158 415 1953 1379 742 39 1002 301 1070 239 47 1263 176 498 115 309 4089 378
45 0 2 3 4 5 6 7 8 9 10 138 11 12 13 14 15 17 18 19 20 21 22 23 26 28 29 30 31 32 33 37 42 554 6698 43 114 51 52 55
46 0 1 2 1155 4 69 329 651 205 14 15 1298 19 21 22 983 23 280 25 218 155 156 1502 31 352 289 102 38 39 489 172 9517 1902 241 4148 181 376 59
47 0 192 1 129 514 130 138 140 82 2264 90 859 93 225 740 229 293 102 39 109 174 1582 47 433 244 54 188 316
48 0 1 68 6 134 7 8 9 2060 13 81 19 20 23 24 25 28 30 31 32 96 99 227 164 37 103 104 1384 42 300 366 48 51 116 55 120
49 0 641 1857 3 3332 70 7 839 519 1671 907 13 18 338 3923 212 21 22 473 92 29 94 31 32 994 35 7718 1767 113 502 186 763
50 0 320 322 3 4 133 198 6 71 137 395 587 140 592 2513 83 148 85 919 88 216 926 33 739 228 166 233 1391 817 178 2292 246 55 251 443 445
51 0 64 1 2 3 4 5 6 7 8 9 10 11 12 13 14 78 15 143 16 17 977 18 20 21 725 22 24 26 27 28 30 33 34 35 41 45 117
52 384 1601 70 3849 525 78 2190 2702 786 211 467 2327 7895 6171 1950 95 96 2720 418 1954 868 676 296 2088 365 6001 753 689 6514 2164 310 951 1465 4025 57 5625
53 194 195 70 73 74 1866 1035 332 524 77 846 1296 4371 215 151 216 89 1434 92 225 100 38 1704 170 171 110 174 302 371 246 118 184 760 252 254
54 3 451 69 7 9 13 77 78 16 144 81 1489 146 23 24 280 29 31 95 99 36 40 1001 45 46 4656 561 178 115 243 51 180 52 57 954 61 509 62 383
55 0 1 2 3 4 900 5 6 7 71 8 9 10 11 12 13 14 15 80 17 146 19 24 88 91 94 161 43 45 49 115 53 117 1334 55 57
56 707 323 196 968 78 142 338 214 153 90 220 5276 349 223 160 481 289 5795 485 3756 113 177 242 115 948 181 117 825 3577 186 124
57 448 1 132 196 5 197 3975 200 968 76 268 3661 335 19 20 212 404 26 218 349 30 158 1442 1506 35 37 38 422 296 42 43 429 110 111 50 114 52 308 53 118 375 3831 126
58 1729 196 325 69 520 4104 138 2955 1228 460 8076 4685 909 144 720 21 666 95 4895 97 4133 294 550 806 936 2986 364 429 1007 7279 1587 244 565 3768 4474 2619 381
59 1728 769 194 8450 195 323 3843 1412 902 6408 585 2187 204 725 23 535 24 216 8601 605 6238 1566 479 33 225 163 2980 933 294 494 1264 1011 2295 762 189 126
60 130 194 259 68 708 1927 15 143 80 84 88 216 25 219 1756 350 5985 164 101 38 103 297 105 106 235 238 1909 758 310 120 121 122 58 123 124
61 1 4674 131 456 968 266 75 208 916 20 468 213 215 221 2014 351 32 2976 226 230 103 295 105 362 815 112 374 566 7672 444 3389 63
62 0 1 2 770 3 5 6025 3915 16 528 17 146 5778 87 155 27 6044 1310 31 1503 7777 34 100 3429 101 45 111 117 245 182 1591 120 700
63 0 256 8704 1 2 3 5 648 971 7373 206 976 3349 3478 3926 408 285 1054 7776 1123 227 1765 4009 489 809 298 171 557 6702 2992 1266 119 506 1147 445 255
64 0 2433 2 3 4 6 327 7 71 8 265 9 778 458 399 336 17 146 21 342 3032 90 219 157 3358 100 6820 805 296 301 238 9584 244 3317 55 505 57 379
65 64 259 72 136 73 13 77 20 2132 88 2780 94 32 224 97 482 546 1635 100 43 44 47 432 49 177 117 183 568 1336 890 124 190
66 0 6656 65 67 1156 1413 136 457 5834 524 1677 78 1424 1105 1042 2579 3989 1686 7325 1438 35 101 1959 2664 45 1967 4336 947 8116 885 3324 4477 3839
67 0 1 65 2 3 4 5 6 7 71 8 9 10 1290 11 12 13 77 78 14 15 18 19 21 152 26 155 28 29 157 31 160 5921 34 36 37 38 52 118 57
68 0 193 324 517 134 76 397 79 465 83 1428 724 84 213 85 279 156 162 1122 357 424 108 112 243 309 502 248 377 314 250 509 62 255
69 68 8 72 73 10 1482 75 11 139 12 142 15 335 145 82 83 1107 20 84 6165 88 216 89 27 224 34 36 936 41 42 43 107 171 689 117 501 54 185 62 63
70 0 577 66 2883 69 840 73 76 332 206 3158 90 410 666 91 2973 545 36 231 40 298 367 176 240 49 113 629 54 378 762 59 315 253 254
71 0 1 2 66 3 4 6 903 7 327 1671 202 15 143 150 89 350 2591 225 546 36 101 364 2477 49 306 182 2360 252
72 8512 65 2 328 1353 653 6094 4630 2262 2135 475 798 3038 543 34 98 356 679 2473 2218 2859 236 428 237 2094 755 3828 8629 313 124 189
73 320 1 132 197 137 3403 1611 1484 140 397 83 149 597 470 1495 2201 1307 92 156 1756 1311 609 1953 98 293 6188 46 49 52 308 1845 250 3708 124 637 3774
74 65 1 2 322 3 4 5 582 199 9 201 10 11 203 12 13 14 1038 15 19 21 149 89 28 2014 2848 37 38 109 621 8365 110 3502 431 1583 53 54 1401 446
75 64 1 257 195 5 69 454 583 199 392 587 141 14 209 401 147 86 23 217 1434 28 92 29 159 98 165 41 173 174 112 1841 562 503 58 60
76 0 1 2 66 3 4 5 6 7 8 9 10 11 12 2060 13 14 15 16 17 19 21 22 23 24 26 27 28 30 33 35 39 104 46 50 121 63
77 514 71 651 78 207 144 273 851 533 217 90 8733 32 2657 35 5350 103 40 4138 1130 554 44 236 113 433 52 244 249 1593 188 254 2942
78 2818 325 261 133 391 845 654 7055 81 465 87 89 154 987 731 285 1502 1310 352 99 292 168 680 2282 171 239 178 307 3700 53 245 119 183 1591 1913 59 572
79 130 131 71 8 76 140 16 81 87 24 152 89 156 93 30 96 97 33 98 37 485 39 9514 45 238 47 49 51 52 53 119 57 59
80 0 1 641 1217 2 3 4 5 3017 75 971 145 4241 1173 1815 25 154 94 287 95 224 1572 101 553 619 108 686 239 688 316
81 128 1 193 259 131 133 138 7117 79 527 80 209 273 211 85 277 25 345 282 1627 156 28 95 225 355 36 165 167 231 363 300 239 1263 49 58 61 63
82 66 73 137 841 138 77 334 271 145 82 914 339 341 2967 9305 155 30 927 1759 96 99 163 229 677 360 2282 235 4525 494 241 52 565 247 56 120 59 60 508 126 1983
83 0 1 2 323 68 70 779 267 1932 589 1679 342 280 669 797 162 227 3175 105 106 235 1515 3244 179 248 5688 59 1595 891 319
84 64 1 65 69 136 968 1737 138 12 13 15 81 21 86 22 3222 24 155 28 29 34 36 38 102 39 168 45 49 50 51 117 53 57 4347 124 62 127
85 384 201 9 5641 138 75 139 715 12 79 656 338 83 217 6234 2652 412 544 34 226 9442 355 676 293 39 938 174 47 951 187
86 0 1 2 3 4 68 708 5 6 7 72 9 10 11 12 13 14 15 16 17 18 19 20 21 23 25 26 27 28 34 35 100 38 44 303 50 60
87 128 513 130 4738 323 197 774 1862 138 907 82 22 470 2071 475 2334 32 2848 353 99 419 166 3053 302 1073 177 882 949 1333 55 505 377 698 253 62
88 0 2 130 3 1027 4 772 6 7 1223 8 9 714 15 660 278 22 216 796 96 869 38 361 5546 554 238 559 1583 48 52 309 1080 2552 250 190 510 127
89 66 200 267 205 206 79 272 912 17 277 22 726 218 220 348 1757 159 32 545 161 227 36 5350 103 41 553 233 43 111 48 112 178 58 127
90 1 5 72 968 201 138 330 331 76 140 141 14 655 210 19 83 20 23 88 25 90 218 26 27 155 28 92 1052 157 158 30 287 159 34 98 229 425 42 108 110 111 118 55 184 63
91 6018 1474 1091 452 5 8585 970 4171 654 1166 209 4370 210 1746 534 663 407 8088 281 5275 414 97 3684 4581 2665 425 1066 3244 7600 6005 374 1142 438 439 3003 2492
92 194 132 71 137 74 75 715 205 142 16 144 81 210 24 152 3097 97 356 293 1958 551 41 169 106 107 45 109 47 304 179 248 57 121 122 316
93 1152 128 9798 201 842 526 3535 208 145 276 597 150 152 281 1948 606 1951 160 866 549 233 555 1388 2285 237 750 1010 502 1656 185 122
94 960 2882 3458 130 645 262 1865 842 332 4364 1741 975 655 402 2968 6424 217 857 218 861 544 1506 7971 1000 232 301 1008 180 309 374 1917 1150 830 1663
95 6913 258 963 6147 2436 580 133 3654 1863 519 200 968 652 908 2894 5774 402 344 1628 3420 228 742 488 1257 554 1387 2348 813 2670 1073 818 55 311 1017
96 2240 2 131 4 71 199 137 201 10 74 11 715 139 12 1361 18 149 24 153 219 28 30 163 105 41 106 45 109 53 309 56 249 58 381 126 127 63
97 0 1 2 3 4 5 69 6 7 8 9 10 138 12 76 13 14 78 15 18 19 84 21 22 86 90 29 31 33 36 37 166 173 46 178 1077 59
98 0 1 2 3 4 5 69 6 7 8 9 3849 10 11 139 12 14 15 16 17 18 19 20 23 24 3097 26 27 859 31 32 37 38 40 41 42 43 44 52 55 62
99 0 1 69 134 7 199 138 139 75 15 81 84 22 153 29 32 33 36 37 101 3110 39 103 168 173 46 175 113 178 116 119 56 61 637 62
