500
0 2892 3261
1 2349
2 1216 7
3 7296 4230
4 2413 3950
5 6676
6 3012 1625 2555 4958
7
8 8994 9733 5783 8487 8696 8125 7997
9 8498 3113 1822
10
11 5072 1728 7026 9464 4170
12 3073 2555
13
14 88
15 2240 321 7782 2182 935 4151 5451
16
17
18 8005 9465 8332
19 4326 8858 3371 3835 4060
20 3320
21 1580
22
23 7153
24
25 3584 9008
26 3836 732
27 5412 4027 5643 8830 7055
28 9968 5412 1429 8344 2858 5341
29 8293 6920
30
31 7710 5887
32 4626 4985 8174
33 200 8396
34 4176 1799 9930
35 5156 221
36
37 2962 9640
38 7162 2475
39 3958 7751 476 6060 4717 1534
40 979 8293
41 557 574
42
43 199
44
45 2019 9834 6492 9199
46
47 6285
48
49 5880 7434 6270
50
51 2768 5762 7992
52 7699 6938 9244 5038 7742
53 7699
54 3586 9623 2892 4765 5885
55 9120
56 9443 4787 5492 6447
57 4539
58 8756
59 443
60 8883
61
62 3232
63 6054 250 9518
64 560 3144
65 1546
66
67
68 3961
69 8134 1430 3964
70 116 5386 4367
71 8209 1668 8887 921 7949
72 9270 4457
73 8053 6889 4985 7771 4079
74
75 8722
76 1763 9848 1083
77 84 4168 8671
78
79 374
80
81 7153 133 9677
82 2662
83 9299 7709
84 2615
85 8248 1625 4350
86 4385 6797
87 496
88
89 2263
90 6547 9483
91 5547 3053 447
92 9265 4180 6101
93 6187
94 2052
95
96
97 5715 477
98 6631 876
99 4423 8104 188
100 4501 5194 1498 1739
101 8307 7439
102 6630 4679
103 3936 7234 6347 3932
104 6537
105 7586 7240 4957
106
107 1831
108 5006
109 7709
110 5053
111 5458 2422 7481
112 6949 6331
113
114 7762 7874 5063 79
115 5966
116 4314 1134
117 7120 5014 935 2013 4558 6030
118 1904 3894 4317 9086
119 2537
120 3184 6369 1668 4326
121 1984
122 468 7669 4311 3543 9178 5917
123 1476 3158 2857 5788 300 7133 4526
124 3981
125 9040 9545
126 552 4941
127 4035 9244
128 4948 1223 6827
129 9404
130 6978 4901
131 8423
132 259
133 545 1105 2150 9129 8062
134 6115
135 9461 7820
136 4107
137
138 8193 3074
139 8609 5748
140
141
142
143 7179
144 2 6982 2555
145 4647
146
147 9968 1042 782
148 2240 1383 2183
149 2670
150 3061 6744 5401 8910
151 2962
152 7379
153 8386 7001 367
154 2414
155 4923 7517 4093
156 569 8092
157 135
158 7688 6044 3869 7759
159
160 3521 2962
161 7367
162
163 1299 6020 2630
164 1871
165
166 3926
167 7213 5775 7519
168 2437
169 1868
170 3089 5251
171 7652 3163 9036
172 3012
173 3050
174 3316
175 2595
176 2898 1343
177
178 3240 1246
179 7456 5715
180 7968 650
181 2288 3665
182 5921 2643 719
183 2 9991 3432 2732
184 7902
185 2818
186
187 6161 7950
188 9444 4362 139
189 412
190
191 6613 7864
192 1986
193 4624 3207 6687
194 9219
195 1552 625 3077 2904 9615
196
197 3936 7474 1353
198 1601 9842 4828
199 1375
200 420 6875
201 2611 8235 8140
202 6584
203 3376 7296 2005 7933
204 177 2735
205 8599
206 2533 9374
207 4035 8121 2668
208 4034 5322 1149
209
210 3842 3877 8982 5304 3944 1611
211 8994 6054 8284
212
213 1784
214 9453
215
216
217 6049 7266
218 8069 4967 8185 9050
219 9075 5239 412 7790
220 4129 3750 1401 745 5962 8125 6621
221 4786
222
223 6391
224 7426 5445
225
226 8832 3905 850 2264
227 8484 4824 1560
228
229 425 8685
230 6465 4561 949
231 8418 5543 8728 2699
232 6922
233 9138
234 3700 4199 2650 5099 9533 9758 9215
235 8994
236 8491
237 4020 2340 3830 7949 5295
238 8227
239 8848 843
240 7088 3827 8580 4199 7575 3006
241 7204 1287
242
243
244 1524
245 7333 1979
246
247
248 6067
249 5003
250
251 3543 7545
252 1058 2345 5339 6428 8844
253 1984 2986 780 7756
254 6082 761 3561 90 399
255 1934
256 1137 3380 7791
257 2240 6029
258 1790
259 5507
260 6675 6458
261 2704 4400 2 5149
262 2340 8566 8600
263 2962 4870 1079 7240 7289 9197
264 7355
265 4377 3757
266 1121 3304
267 9968 2288 7762 1496 7883
268
269 6613 9510 8183 4071 4909 5821
270
271 3751 1339 4988
272 352 2260 2856
273 5064 9114 1710
274
275 5248 3043
276 6306 148 7413 311
277 1348 6613
278 3758
279 3012
280 7105 3023
281 3004 991
282 2121 5097
283 2346 1358
284 7077 4345
285 3331
286 8068 5899
287 6216 4619 9852 7438
288 1542 5772
289 79
290 7285 7029 8920 5838
291 2304 3104 9565 1534
292
293 4531 6424 9007
294 6712 5964
295 369 6296
296 2192 5448 2538
297
298 8269
299 1668 838 647
300 8145 4962
301 1638 3146
302 6351
303 7762 7267 1670 7787
304 8345 79 8495 847
305 6635
306 2870 5645
307 707 9349 2486
308 4286 3103
309 1105
310 2643 4855 4442
311 8711
312 321 6547 6014
313 2929 8462 7486
314 6538 6030 30
315
316 7795
317 8687
318 2480 2983
319 1238 2327 220
320 7713 9347 8797
321 2407
322 979 5848
323 7013 5111 76
324
325 4352 1091 1289 6671
326 183
327 4884 1125 105 5193 8539 5340
328 6538 427 9551
329
330 2288
331 3032 2155
332 9013 6550 7210 5758
333 2439 2491
334 3877 3885
335 8470
336 1752
337 7699
338 7200
339 7044
340 3363
341 8663 583 9160
342 5898
343 6482
344 8896 9301 4901
345 5715 5677
346
347 1454
348 7652 951
349 2114 7012 511
350 321 238
351 5869
352 9955 5572 6534 8812
353 712
354 9990 2518 5163 7438
355 3537
356 3509 8907
357 1299 3982
358 3894
359 2064 9713 7732 6986
360 2209 6178
361 2085 9979
362
363 1145
364 979
365 4045
366 4437 8922
367
368
369 4004 9903
370 2128
371 2058 2875 541
372 640 3111 9688
373 9129
374 3513
375 5219 1956 5862
376 3830 5483 9007
377
378
379 2426
380 518
381
382 9043 6470 6487 3533
383 935 2679 6855
384
385 3602 4340 9224
386 208 6778
387 8212 7629
388 8150
389 8406 7049 4399
390
391 1252 6967 2943
392
393 1731 7736
394 3541 9607
395 6737 8958
396 4234
397 3468 2109
398 673 3285
399 9600 745
400 1557 9720 4527
401 427 5902
402 9659
403 5090 7413 7429 5446 6938 925
404 3783
405 3079 9003 7085 5326
406 8259 6486 8439 9467
407 4108
408 1774
409 9533
410 6196 6503 1256 8105
411 4091
412
413 5504 9032 1979 6269
414 2673 3106 4134 2589
415 5656
416 3982
417
418 8618 108
419 6021 246 7949 205 9230
420 7153
421 3427
422 4340 5359
423 4928 3316 4760 6153 9007
424 2240 5029 457 7883 2175
425 652 1647
426
427 3379 2666
428 8116 8343 776
429 6528 7521 3784 6280 5307 6141 79
430
431
432 2555
433 9139 8428
434 3703
435 1025
436 9731 5445 6250 155 3119
437 6101 1117
438
439 6611 2100
440 1942 2327 7053
441 9842
442
443 447
444 3792 1571 9822
445 5752 8431
446 8134 3753 9260 4463
447 2060
448 7569 2003 4341
449
450 6608 5553 7147
451 3914 267 8716
452 4660
453 3728
454
455
456 4664
457 3243
458 7845 3752 5437
459 6327 6281 9354 7899 5997 2158
460 6467 1066 1962
461 8880 9573
462 6258 6134 6327 2569
463 523
464 9014 1657
465 2979 6692 2773 9545 7630
466
467 9933 9023
468 321 8644 3781 6332
469 1774
470
471 6899
472 3507 550
473 9107 952 937 5962 395
474
475 7511
476 8512 8130 1391
477 1328 6545 9931
478 4222
479 3377 7880
480 6672 8387 8794 3630
481 7361 5397 4728 4314 2685 8445
482 2322 7252
483 3251 6404 8841 7806 2847
484 9669
485 4801 3074 2790
486 6698 813 9199
487 4343
488 450 6258 7919
489 753
490
491 2001 8043 7852
492 8528 7219
493 4752 2136 7948
494 6226 3395 7987 325 4639
495 1750 7206 5880 7193
496 1504 8387 1139 5860 6095
497 4886
498 6360 6170 2986
499 867 935
