100
0 128 4738 137 397 398 1808 146 27 155 288 33 2849 36 422 935 552 425 51 309 54 5046 442 3652 198 1227 720 1494 1368 91 2268 5469 478 96 8549 869 742 615 104 236 110 1137 756 6134 120 122 2428 2556 3069 383
1 0 1 2 3 4 5 6 7 8 9 1290 11 2572 13 14 15 1679 17 19 404 22 281 26 27 28 30 8734 159 1440 1572 37 549 40 41 176 946 180 52 55 57 61 1597 63 1089 65 199 72 4040 74 596 2902 88 869 485 1388 4589 110 5367 120 377 123 251 252 253 3198 126
2 0 2 3 4 132 6 7 8 9 11 14 15 16 17 18 148 21 22 23 24 27 155 28 32 33 35 44 940 3244 45 178 54 58 62 3774 65 66 69 70 1352 329 85 2264 90 1756 92 94 96 485 102 103 751 1524 120 252 637
3 256 768 2696 4361 907 459 3659 6284 1549 77 141 590 2191 5519 1362 725 853 4630 3478 2840 3097 1370 225 5286 551 4009 809 42 426 5803 1772 6702 1456 2992 2738 51 7924 249 447
4 0 641 514 8518 3654 908 5196 7313 8401 2706 2195 3348 404 9493 2460 862 2143 993 1956 3751 552 1257 3946 2413 3056 433 51 308 4791 7287 891 4157
5 0 1153 390 3849 650 1173 149 8215 285 29 158 1183 1184 32 36 549 1958 422 41 6698 46 2614 186 60 64 5313 3266 67 2627 70 1734 329 4554 76 8270 90 93 94 97 98 611 739 869 9447 240 3057 500 245 249 4089 125 510 255
6 6 7 137 10 12 13 17 145 18 19 20 2196 21 280 25 1310 30 31 1184 37 38 40 41 170 44 172 46 176 48 50 1334 442 65 1476 72 585 75 332 78 82 83 86 859 95 1122 110 112 122 126
7 0 2 3 131 4 6 7 8 9 10 11 139 12 13 14 15 16 17 145 18 4371 659 20 21 23 24 410 28 157 158 30 32 1315 35 36 37 1452 44 45 46 303 47 5429 55 4023 184 57 58 316 63 65 197 78 725 355 229 102 107 4848 253
8 4864 261 901 1287 135 10 5515 524 12 2960 5011 21 4885 23 280 24 411 158 290 35 3747 164 38 940 684 4525 815 2608 178 50 436 6837 54 56 58 1468 3517 64 9030 1735 75 83 85 343 216 2140 4703 735 1632 484 7269 3302 7915 3179 3692 2158 8819 631 7033 121 2171 7292 5247
9 0 1 2 2562 3 899 4 5 6 7 8 9 138 650 2955 14 16 145 1554 19 24 27 28 1312 6304 33 289 290 163 164 4390 38 552 45 2735 176 432 48 53 56 442 58 60 62 6718 69 4421 70 199 72 6729 715 78 5200 468 1881 6234 95 4962 5349 1510 231 232 873 7401 115 2170 252 126 510
10 0 256 1 513 2 3 131 1667 4 5 6 7 135 8 9 138 10 11 13 14 16 17 18 19 20 3477 23 410 27 28 30 2848 32 34 1826 35 36 37 5926 5031 42 1707 47 2871 824 193 196 708 199 72 1737 332 4432 82 468 859 482 1131 624 4978 501 638 9086 3071
11 0 6656 3457 1 2 7559 8 136 650 139 13 653 142 1183 8992 39 41 301 46 48 51 54 55 442 60 64 67 327 72 585 75 206 83 2261 91 1122 356 873 236 494 111 112 114 371 372 117 121 123 125
12 0 1 2 3 4 5 6 7 135 8 9 138 10 11 139 12 13 14 15 16 18 19 20 21 22 23 26 27 155 28 29 1310 32 34 35 40 554 42 1077 1591 56 62 65 2371 595 88 731 1502 224 878 624 120 632 121 7929
13 3648 2049 1793 4162 393 1677 6480 1105 595 7316 3096 29 93 6558 414 2464 3041 1828 358 875 240 3572 567 1271 1402 1979 60 124 636 3964 1407
14 0 385 450 706 6979 708 196 3398 7 3591 456 1097 138 1035 2126 143 1807 1104 22 9559 343 5721 5850 220 2205 94 734 224 291 102 3239 680 362 1579 1902 3182 49 4594 7155 245 120 185 825 186 250
15 0 1 513 3 1027 899 4 5 6 7 135 8 9 138 14 17 146 147 404 21 22 280 33 7585 42 43 44 48 561 51 309 54 1597 62 67 68 199 72 968 206 83 979 84 468 1495 87 92 9957 1766 231 5482 1263 112 2291 120 126
16 3715 1477 7367 1100 461 6031 207 2767 848 722 1748 1754 2268 5791 288 1313 1762 418 611 933 6565 6630 5222 167 3689 3500 4974 3950 1136 177 3698 819 1590 1207 506 634 252 1278 191
17 0 1 257 2 4 5893 5 1030 7 9351 8 9 3977 396 1420 4497 1554 665 5404 28 797 5278 6049 1185 161 418 2342 3243 1584 49 561 435 1077 694 2232 4807 4167 9927 583 3912 4813 8015 1743 3923 3540 2905 346 731 4063 2145 6369 5218 356 6378 3306 238 879 4335 2033 1270 4343 247 2296 2809 763 9470 4607
18 129 389 4102 647 9 1546 10 138 267 1292 910 3983 273 1298 1052 157 161 162 803 37 421 7593 6058 43 175 7984 3121 57 189 66 1604 68 836 69 1222 1226 204 77 339 598 97 355 6756 229 613 742 231 615 365 3053 879 2416 245 4089 122 123 1019 8703
19 3203 134 1548 146 149 536 1689 3741 2079 800 545 290 168 40 300 48 176 309 61 67 70 1612 333 81 83 980 981 3797 86 2391 88 1244 861 480 1762 2403 358 1128 746 1900 1132 625 243 1524 5108 245 9081 1529 5497 250 122 764
20 4225 2 3 4 1412 6 8454 7 8 7048 9 1290 10 11 907 12 140 13 14 15 1168 18 19 148 20 21 5526 22 24 26 3483 1052 2591 32 33 35 36 37 3497 41 7081 9519 176 49 7347 57 62 709 199 4171 75 206 4688 595 859 2659 3172 6373 1638 2153 107 1771 3441 2930 119 249 125 3198
21 0 1152 1 2 3 4 5 389 7 8 9 138 10 11 12 14 15 16 17 18 19 21 22 23 4247 26 27 28 797 2848 33 34 37 38 41 176 5554 63 1089 69 325 1350 199 71 74 1482 7242 79 977 83 84 3158 2264 96 5985 737 103 5482 107 236 494 249
22 0 1 2 2818 3 4 5 389 6 7 8 9 1290 138 650 3211 139 12 14 15 19 148 1173 21 22 280 26 27 155 5659 28 29 1310 30 31 161 164 166 40 41 299 9517 303 49 3379 184 57 442 60 61 62 63 193 69 198 583 7624 72 73 74 843 78 207 977 468 342 859 731 224 97 2402 355 356 6379 236 240 114 253 2045 126
23 4864 0 1 4994 1412 5 264 8 138 5643 2187 3600 273 2579 275 1429 2198 152 536 671 160 9888 1959 42 172 48 8116 310 56 58 572 1981 318 6335 195 70 1351 8138 462 979 3284 86 343 5336 345 2142 95 482 1506 8802 611 230 361 7658 1387 881 243 3700 6644 2169 122 252 253 4350 3839
24 0 128 1152 769 8450 900 388 8 1930 139 2060 2444 271 16 26 27 3483 285 542 290 679 1321 426 6698 554 1195 940 7086 175 948 53 1334 54 184 56 185 451 708 73 74 6347 8139 203 204 7373 80 977 82 84 725 5333 2136 91 1629 93 6238 1119 612 3046 103 231 871 104 105 236 108 621 115 9335 2168 3706 6138 382 1151
25 1667 131 4100 6 6534 8 140 13 1554 18 147 20 1174 2587 542 31 161 35 3747 164 36 166 3880 40 425 44 301 4397 45 46 47 50 8243 3251 54 57 2106 3262 64 3139 3398 1222 1478 72 1610 9677 82 850 342 7382 602 1888 6115 101 1645 112 4724 1524 120 252 3196
26 0 1 2 3 131 2052 132 778 138 907 1420 526 16 144 17 24 25 409 27 797 161 33 162 805 3110 299 44 45 47 1967 6577 183 9017 1850 187 446 193 66 9542 5959 329 80 210 84 85 342 485 102 1388 624 1656 4090 890 3194 1019
27 0 1 3 1412 5 389 8 11 139 3467 6668 14 15 16 8080 17 20 22 23 151 24 25 27 28 4510 33 1954 34 35 164 37 679 40 552 299 300 45 5295 47 176 53 184 57 8761 443 709 331 77 849 82 1365 2780 482 228 487 107 119 122
28 0 64 2 258 3458 67 899 4 132 6 198 968 1352 264 9 137 10 11 12 77 144 17 914 82 19 148 93 31 8993 1506 35 612 164 552 41 170 554 44 8492 621 110 1583 114 51 60 1917 61 253
29 1 66 329 393 137 650 330 139 331 1803 4044 270 526 337 977 274 727 215 4632 793 281 27 349 223 1697 417 290 34 807 1000 360 490 236 109 880 496 881 113 4724 442 762 510
30 256 4801 1026 3970 70 1610 1933 3149 2385 465 275 150 3927 537 154 602 2076 9246 2014 610 162 8740 3943 169 234 8427 2091 1132 5484 687 431 1904 625 6450 435 184 187 1596 124 4797
31 0 1 2 3 4 5 6 8 9 10 138 11 268 12 653 13 14 16 17 273 18 19 20 280 408 26 27 1052 7454 549 37 1065 554 301 4397 54 55 56 2360 58 3008 197 70 1734 199 2504 73 1106 3676 735 96 102 105 881 1783 253 125 6141
32 0 1 2 3 2819 1412 7 8 9 2825 138 10 11 12 4364 2700 13 782 18 20 21 23 663 25 2841 2076 797 31 5921 3489 34 162 35 1315 3110 38 426 43 176 1200 2486 184 56 5051 60 1597 4157 709 197 69 3398 968 5448 74 78 83 339 84 3160 2526 2402 231 619 1387 3053 624 119 632 120
33 0 1793 2 1284 8 138 267 6539 7437 3600 659 5395 22 24 3097 284 2717 5150 158 31 32 1184 2848 289 1954 1572 2214 9896 8488 681 42 298 299 2348 8751 3119 47 1583 432 3248 51 180 55 3639 57 3514 1468 316 62 3774 63 961 193 2116 708 69 2374 4172 9933 973 78 80 979 4820 596 598 599 87 2521 4953 1114 7387 92 1376 609 482 2274 995 9572 1384 3563 107 3053 2291 1011 3447 503 120 5754 1917 3455
34 0 1 1665 1921 2 9346 3 4 5 391 8 4104 9 10 138 11 268 14 15 16 17 1809 18 19 20 23 2713 26 27 4895 32 35 164 9894 1446 1575 429 305 178 52 55 3768 58 63 73 1482 6604 78 79 1106 95 96 224 2153 8044 4977 3441 121 6523
35 128 3011 259 388 454 4358 1607 138 8973 3983 975 2576 594 4435 2516 277 1494 344 26 1883 8030 1186 738 675 419 2148 5158 4710 108 9391 5552 7537 6962 6644 6137 4410 8315 444 6012 829 1150 190 2239
36 0 2180 5 1797 3718 396 1936 403 149 406 280 3996 7069 9246 163 2979 1702 554 301 1966 9521 434 2739 4662 4919 697 59 3003 1351 967 712 585 1481 1225 1098 5329 469 9562 90 733 94 4067 1508 998 616 751 1783 120 1528 4984 4219 1404 252 126 1151
37 0 4864 1 2 1027 5 6 7 647 8 137 395 524 2444 146 19 152 3097 25 2073 410 154 155 30 158 31 166 40 41 681 42 175 176 48 49 6577 50 2612 54 184 56 60 61 1343 1089 69 198 968 1737 587 332 82 594 211 88 859 5084 2147 356 5862 236 114 371 120 252 126 2430 8702
38 8704 4032 8643 323 3205 1991 906 3025 915 3926 8342 2078 1314 419 1765 8295 231 360 298 5165 46 4018 3444 2805 6329 1337 698 1530 507 8444 3455
39 0 2688 1 5634 2 5381 5 390 646 1671 5895 8 9 393 1930 138 9611 8334 17 1171 148 280 25 797 158 4768 33 5921 546 4388 38 166 554 301 686 46 176 48 50 51 439 55 184 60 7104 583 2503 968 2889 74 4302 2383 79 207 335 977 979 84 728 1369 2138 6234 2523 1251 102 747 107 3182 750 114 1395 118 119 120
40 0 1 2 5507 388 8 777 265 73 9 2442 907 267 3915 972 2190 143 151 1880 6744 538 9946 539 155 859 159 160 482 3044 168 5931 621 365 1263 239 4849 6001 306 2164 53 566 183 2423 248 1465 8955
41 0 1408 6656 4099 900 516 389 6 7 268 4364 12 1679 1173 152 665 25 2076 28 156 37 549 41 554 42 3884 44 4142 50 51 181 1723 3135 64 197 329 204 205 3790 9678 9039 8272 1877 214 476 5724 9311 97 2147 229 104 1262 625 371 117 4728 121 4858 253 382
42 0 1 2 3 1027 4 5 6 7 8 9 138 5514 11 14 15 18 19 21 665 27 155 284 285 29 30 1184 37 294 935 39 41 299 9517 2862 561 56 4408 60 7360 708 69 968 74 843 1611 6092 76 3533 5973 3286 1495 4568 1369 6362 224 482 2659 5860 2150 487 1768 1643 1263 112 1522 1656 632 123 252 1789 126 2047
43 8512 194 1988 9478 2507 75 77 2195 1876 213 87 2135 664 8152 347 412 93 158 415 1128 168 2473 234 1068 2029 6258 1333 248 1274
44 128 4226 2563 4869 901 2823 1033 3849 2698 1674 2700 272 2577 146 2707 2196 3604 789 7959 6169 3870 671 415 8480 2721 8739 2853 681 7594 171 1070 3246 5936 4532 1204 187 7869 708 1476 712 3913 587 716 4817 595 339 211 214 1753 5210 7518 1379 485 869 742 1002 1132 4589 750 880 498 370 1651 3443 9459 2293 1270 120 1401 4089 1017 3065 378
45 0 2 3 131 4 5 6 7 135 8 9 138 10 11 12 13 14 15 7055 655 17 18 19 20 21 22 23 26 155 28 29 5661 30 158 1310 31 32 35 37 554 6698 42 52 309 55 184 6459 193 65 69 332 79 2513 82 1502 1122 355 103 114 243 120 121
46 0 2816 1 2 1155 901 8 9 1161 138 651 14 15 16 1298 4372 23 152 25 27 1692 156 289 42 1324 172 7854 47 176 3378 4148 181 183 824 836 583 2120 329 205 8654 850 983 88 5720 218 1502 485 102 489 106 1771 1903 7408 884 1270 376 4985 634 9338
47 0 1 129 2 9732 517 7 1799 8 136 9 138 778 6930 1171 5910 25 1434 3483 27 6684 1437 2208 3106 3621 1702 39 9768 43 1967 1200 1073 3379 1843 54 3514 188 5182 3142 583 2768 339 84 1495 2264 344 9054 4063 992 480 225 995 484 228 8933 5990 614 233 109 4336 1521 2291 244 3448 2685 383
48 0 1283 6 134 7 8 9 2825 138 2955 13 8334 398 4497 1809 7569 1554 146 914 147 404 20 148 4247 24 25 665 155 285 30 1312 545 8355 164 39 1575 42 300 48 176 54 55 184 1593 4157 4799 1344 68 198 583 968 841 330 335 211 5843 2905 348 990 97 227 3684 356 485 1510 1384 104 233 745 3692 110 751 120 252 126
49 0 641 8450 3 131 3332 4613 1671 7 5895 13 272 18 21 22 29 7709 31 1440 32 7970 37 165 166 7718 1065 6059 1452 1325 301 566 186 316 61 2238 1604 4164 69 70 199 969 74 78 3923 212 92 94 350 96 1122 9957 5221 102 110 9713 1522 3190 763
50 0 4995 3 4 133 5 390 6 4619 653 5395 148 919 412 926 159 36 303 817 445 1599 63 2116 69 1221 70 71 2248 968 1482 76 333 2513 1233 85 216 859 6755 1891 2787 228 485 233 240 2292 1524 1269 885 2941 125 126
51 0 1 2 2818 3 4 5 6 7 1159 8 9 2826 10 11 12 268 13 14 910 15 16 17 18 146 19 20 9365 21 22 23 24 665 26 27 5659 155 28 1692 30 1826 35 5031 41 45 58 63 197 1989 198 1225 78 977 1745 3923 725 6877 5603 2148 3046 102 1387 371 2420 117 121 5501
52 1088 384 1153 197 2886 71 1096 1417 1805 2702 2512 593 850 786 2327 476 861 1950 33 1186 162 418 2275 868 6180 6376 296 105 106 300 3182 6514 5299 5555 1012 4277 310 5175 4025 1469 1853 2175 255
53 1408 899 900 9225 138 398 1294 3215 1296 6035 1171 534 151 1434 5150 3102 3358 927 7712 800 289 1571 6051 38 1958 679 1704 170 2218 171 43 3243 4525 176 7986 1077 7862 2744 1721 1985 195 3395 325 70 9542 71 583 968 73 74 1866 6092 9551 8660 5205 1495 216 90 92 477 3038 225 1510 1894 231 999 873 2538 110 6126 3054 7791 4977 243 8309 118 246 7291 382 4478
54 3 7 391 9 3082 13 16 144 273 22 23 663 24 29 288 928 1568 32 161 35 1321 45 178 2612 180 52 182 57 954 58 61 62 193 451 69 1607 78 80 2000 81 1489 468 96 1001 621 624 243 115 119 1401 636 509 126
55 0 1 2 3 900 4 5 6 7 8 9 10 138 11 909 13 14 15 16 17 146 19 20 21 662 24 152 410 155 27 28 30 1184 161 33 37 166 3244 45 176 1587 53 55 57 187 316 189 3774 63 2112 65 1737 80 468 725 1495 88 348 1502 609 867 869 485 6887 107 747 1263 115 117 1270 121 637 126 1151
56 4612 390 1287 142 274 2451 789 153 5276 160 1697 4514 805 39 1194 2858 3756 175 1840 8114 179 948 181 825 2746 9915 3006 5566 1600 707 196 325 3014 7499 8402 3796 342 214 2264 1502 223 5472 481 100 4452 868 880 3057 370 117 249 2810 2044 8702 2431 2943
57 5 3975 135 4618 268 2700 6668 19 20 404 26 27 3613 30 158 671 1442 37 38 422 40 5801 2348 429 50 52 53 1334 55 448 321 962 6979 196 708 197 2759 968 76 77 3661 335 82 212 2134 6616 218 90 3807 224 480 8672 1506 484 110 7918 114 116 118 3831 375 7546 2683 4859 126
58 128 513 1284 520 2955 8076 396 4493 144 666 2593 7460 4133 550 2726 1065 2986 1457 434 1077 1334 3514 3131 4667 59 3516 3773 4672 5312 4417 2249 1612 1228 5838 720 850 89 1627 859 2659 6756 1768 6379 1132 7279 1007 1521 244 4596 760 2300 1149 254 1534 126
59 194 2692 2948 3908 902 1480 8969 2956 1805 1745 8146 914 5459 535 216 24 857 1566 32 225 34 226 1187 163 2980 933 6246 4646 167 1385 746 684 1966 305 434 1011 1972 6134 2231 2104 762 2043 1277 702
60 130 836 390 1799 1927 583 201 2573 142 15 143 84 88 216 25 409 219 5661 229 101 39 1513 297 106 107 1131 235 43 747 110 238 5616 49 113 310 3126 3319 951 122 58 123 4413 3455 3839
61 1 193 385 2114 131 6467 69 135 266 1546 1227 75 5773 208 468 20 213 342 215 408 984 89 26 1754 2076 221 349 2014 351 2976 1506 230 105 362 815 1137 625 566 374 5751 7672 121 444 574 63
62 0 1 2 5634 1283 5 8 9 1161 138 14 16 17 3345 3858 1173 662 919 155 27 28 2076 157 9502 7966 7454 1310 31 672 1826 3363 2858 45 5296 1591 2616 56 2106 700 4413 61 195 69 3270 583 7624 79 982 87 2521 1881 348 1117 2143 1503 2785 1122 3428 102 3561 6379 236 3052 495 111 5876 1012 117 245 4982 118 120 1401 2298 5626 382 5887
63 0 1 2 131 900 5 7 8 9 138 395 267 4364 4880 5779 660 3349 1303 3100 285 1054 31 2849 557 173 3248 182 2359 3642 445 2371 327 1223 5448 968 971 205 976 1104 1745 6481 8402 1236 727 3423 8543 1123 102 2158 4336 8947 1779 119 248 506 2683 4605
64 0 2 1283 3 4 6 7 8 9 265 11 3211 399 784 17 2705 152 27 155 157 7837 542 30 166 296 46 181 310 55 63 962 72 969 1737 336 465 1745 1236 3032 9305 219 1384 1005 238 6767 240 9584 6769 3317 120 760 505 2298 379 126
65 6913 2818 390 646 135 395 396 13 909 1679 20 277 410 157 32 166 38 41 43 44 429 941 46 432 178 434 4403 5429 1336 56 568 313 6459 4288 69 8901 72 7753 73 841 6222 1491 1623 343 217 1628 604 1117 734 97 4962 9572 103 1385 3689 3692 7151 4978 117 2296 1017 3582
66 6656 0 4482 2 132 1988 1156 1413 3142 8 457 5834 524 2509 5902 976 1424 1042 3477 3676 7325 2653 1438 1951 288 2849 356 2852 101 293 1128 2922 426 45 8688 49 114 6131 947 309 885 119 3257 7162 187 2491 1087
67 0 1 2 3 4 5 6 7 3975 8 9 1290 10 138 11 12 2700 13 14 15 18 19 21 22 23 152 1434 155 27 28 29 157 30 9886 31 35 36 37 38 52 3767 4023 57 3389 61 65 69 71 1225 78 79 468 88 1881 2148 229 1387 1263 7537 118 126
68 0 4226 517 1669 134 647 3591 397 9360 8466 6163 1428 279 25 156 1436 7584 5667 551 2216 424 1320 7850 4266 554 8241 1078 2487 4919 313 314 62 63 2112 324 715 76 461 468 84 3158 2262 1881 604 1888 98 612 100 5990 5350 487 2152 112 1395 372 887 250 2298 4347 509
69 2177 3204 388 516 519 778 10 139 907 12 3853 1294 142 15 6543 2448 145 6290 19 659 20 36 2085 1446 41 42 43 3499 44 6452 2100 4276 309 54 2359 2616 1593 185 1468 572 63 2112 3520 9665 3266 2371 4035 73 6986 971 4301 335 8271 82 83 211 84 4436 216 346 1757 1119 224 4834 3299 356 2919 3561 107 751 243 501 117 4342 762
70 0 384 577 66 840 73 75 4942 8911 2837 8853 984 1113 410 90 666 2973 545 226 162 36 40 298 1450 44 46 367 176 240 626 54 248 762 378 59 315 253
71 0 2304 1 2 6018 4 6 7 1671 903 8 9 523 2572 8334 15 655 143 399 4881 534 150 27 2591 290 546 36 164 2212 2477 815 4656 9906 439 1721 446 66 68 69 5447 5195 204 2385 5329 2513 8019 728 89 859 3424 355 3684 101 1384 8948 1272 120 252 2684 4221
72 2433 6082 515 388 261 1478 3016 8 9 1353 2313 1483 9613 6094 9359 1360 785 404 1558 4630 475 1758 1566 798 543 803 1509 7589 1190 4838 3046 1384 2859 5038 2094 174 750 755 948 8629 7797 502 8184 124 6655 1215
73 131 776 2703 149 1558 2201 1562 1307 156 1311 2857 1195 6188 4524 46 7218 52 2741 2869 6589 574 703 63 320 9794 2244 69 197 72 2249 1611 3403 1484 333 6735 8528 1232 1106 597 1494 1495 1114 8156 4320 98 1122 867 1128 3818 1386 619 109 111 112 3824 3826 1522 7798 4726 8438 3706 250 5627
74 2048 4609 2 4 5 9 10 11 12 268 13 14 15 1807 145 19 5011 21 149 5526 28 2848 37 38 1447 8875 43 8365 3502 3759 2735 1332 1210 1979 443 316 446 65 199 9543 968 201 203 4429 79 6097 83 7774 992 96 2274 8034 102 8938 109 621 242 243 4597 5621 2296 1401 377 2427 126
75 1 257 5 1671 392 14 401 402 147 6165 23 28 29 8734 159 34 165 679 174 1841 309 58 442 60 63 64 67 1604 69 325 454 583 1225 1482 587 209 849 977 346 222 98 356 100 489 873 112 120 9464 2431
76 0 1 2177 2 6402 3 900 4 5 6 7 8 3849 9 10 11 2060 12 4364 13 14 15 16 6288 17 145 19 148 404 4500 21 22 3992 24 26 155 27 28 157 30 8095 35 164 549 37 166 47 50 184 62 63 65 5313 199 332 3279 3408 88 728 867 869 104 107 236 3182 112 4977 114 372 2168 121 126
77 896 513 4098 899 135 651 144 3603 404 1300 533 8733 32 289 35 1577 3884 7342 6961 52 183 1593 59 68 1352 2378 331 75 5582 720 81 2258 82 5848 3160 6745 90 3293 4959 2657 1251 2533 1638 103 1258 235 9710 5872 7792 243 501 2942 254
78 2818 261 391 1801 138 7307 269 909 654 146 1686 154 285 4130 292 2981 37 168 680 171 47 1714 307 5558 183 1591 443 59 1597 961 1601 67 4421 3525 454 1482 587 1613 845 210 211 87 7895 89 859 2523 1502 352 9832 2282 1643 5616 2162 245 117 1913 126
79 256 130 68 71 8 140 76 5069 206 782 16 80 81 87 24 89 538 410 156 476 157 159 97 33 98 227 485 1959 2983 45 238 112 51 115 52 372 500 948 53 119 121 57 62
80 0 1 641 2 3 4 5124 5 8454 7 8 137 9 138 2060 14 782 15 2063 1168 145 4241 659 147 148 2198 1174 919 154 28 287 1572 6565 6057 1065 553 426 686 1454 1584 309 2614 316 61 6337 197 1862 971 81 3281 3923 726 88 5209 1497 1626 9947 3166 95 7908 101 1256 1386 747 496 1012 1911 3708
81 1 259 133 2185 138 147 662 25 282 156 8094 803 36 167 681 554 300 684 173 3631 432 4281 59 316 829 63 7234 68 76 9039 209 978 211 85 1750 727 345 1627 861 95 355 5091 363 113 114 375 1017 764 253
82 128 6656 3457 1665 1671 136 137 7433 1930 138 271 3471 1937 146 1300 2967 3097 155 2717 2592 161 163 3493 7975 426 2739 52 54 56 60 67 1734 1606 841 73 80 978 339 7253 341 725 1628 5472 99 484 999 360 2282 235 494 112 496 247 5882 252 7677 125 126 2047
83 0 1 2 6147 387 900 7687 7 519 8 9 267 779 140 7315 19 155 669 549 3244 49 179 1332 3769 59 319 323 70 970 589 4178 2132 86 3033 2780 3420 3293 2654 227 2791 3175 105 106 235 7275 365 501 6005 2296 120
84 1 776 138 12 140 13 2701 15 914 21 22 3222 24 155 28 5276 29 6049 33 34 164 38 168 4266 171 44 940 45 46 176 50 51 57 62 64 3008 65 4291 455 1737 74 330 204 77 2126 83 3412 86 9047 5725 1506 229 102 487 1256 621 117 4347 123
85 2432 3456 6787 516 1412 2052 5641 138 139 524 1292 782 656 2065 274 403 3224 544 417 166 422 2730 938 299 183 187 574 1344 65 67 7876 3400 330 970 74 3024 1106 3410 83 3158 475 1756 2652 1757 2397 609 9442 355 5605 615 1001 5225 1388 3180 1137 3569 1393 1398 6135 249 636 253 4606
86 0 1 2 3 131 4 5 6 7 9 10 11 12 13 14 15 16 17 145 18 19 20 404 21 277 23 152 25 26 27 28 30 34 35 164 37 38 44 303 178 1591 58 60 193 1734 199 72 96 102 252 126
87 130 6915 1541 134 70 331 909 2509 717 5136 4048 1041 82 22 1558 152 475 92 1884 6045 2334 32 2978 995 99 7013 293 1702 679 39 4460 364 1583 2288 1073 625 177 882 371 116 949 1847 5561 186 1725 2045 62
88 0 2 130 3 4 6 7 8 9 2316 15 273 5778 4500 660 22 278 31 928 290 1571 5668 2212 549 1958 3879 1704 554 5546 2475 7727 6831 1583 52 7734 1080 7481 1468 957 2372 1223 3400 4171 7117 480 4704 7777 869 4841 108 238 1263 497 2552 9208 3704 120 9593 250 1275 124 510
89 646 4618 267 139 268 5773 272 17 8978 146 1172 532 7584 545 161 1954 36 424 40 41 9514 943 48 50 436 4537 9657 1340 189 3137 1601 66 3526 6087 968 2377 841 330 79 210 594 596 726 8790 1495 88 218 348 1757 867 2019 100 5350 1896 233 110 1134 240 1008 625 245 636
90 896 1 3457 5 646 135 519 3977 138 907 139 14 655 6160 2322 19 20 23 25 27 155 28 1052 158 34 1189 38 679 424 425 42 554 43 300 686 55 184 63 449 2371 4551 72 201 330 331 210 2899 83 1110 88 90 218 92 4829 9054 98 3299 1384 4329 1260 111 372 118 120 2169 638 255
91 644 647 654 14 4370 663 8088 1691 5275 5659 2972 1437 3229 414 4131 421 9127 680 3244 7600 306 2741 7607 825 3003 2492 4289 1090 1091 198 455 1227 210 1746 338 211 339 473 5850 1119 97 4962 739 2020 4581 869 7913 2033 113 8438 374 375 1016 3066 2685 7167
92 132 1799 1673 142 16 144 659 2067 789 6166 24 3097 1434 161 1958 166 41 169 7977 299 45 1583 47 304 176 49 1714 9138 179 1334 57 316 194 451 1862 71 583 74 715 7373 206 80 81 210 595 216 7776 97 8801 3299 611 356 106 107 235 108 121 255
93 128 3586 1155 5381 327 1736 201 207 3535 1103 9040 8465 915 276 597 150 2073 1948 2205 606 1951 353 866 99 164 549 4070 871 106 555 2285 237 750 9710 5041 1010 6137 185 122 3706
94 6785 900 1031 2576 272 4625 145 402 2965 5909 2329 7708 414 544 7971 7590 171 557 178 946 824 697 572 830 1344 321 2882 325 5447 1223 4425 206 975 725 857 218 91 225 3428 1000 232 1001 5483 1008 757 374 4857 5626 1150
95 6848 321 5442 258 2820 2436 2437 1863 200 9290 331 5516 652 3404 5390 2894 5774 3860 9365 1112 2138 3995 3227 1564 670 929 1635 742 1575 6951 487 488 7081 2668 813 2670 1582 111 3441 2098 8243 2169 6205 3646 3198 3199
96 2 2818 131 4 10 11 267 12 140 271 145 18 19 149 24 28 542 31 163 2088 41 45 301 308 184 56 57 58 1339 189 63 2240 65 709 70 455 201 74 715 1361 2003 596 219 224 737 609 229 1001 107 108 249 123 127
97 0 1 2 3 4 5381 5 6 7 8 9 138 10 12 13 14 15 914 18 19 21 22 1434 27 5276 28 29 285 9630 671 290 36 426 4266 4142 815 1200 50 2614 59 62 63 65 69 197 72 2889 329 4301 78 79 84 6102 86 90 9691 2653 100 103 6379 879 624 3441 1395 120 121 126 510
98 0 1 2 3 4 5 6 7 8 9 10 11 139 12 14 15 16 17 18 5394 19 915 20 23 24 3097 410 26 27 28 797 157 30 927 32 38 40 41 44 2478 7347 52 55 6201 58 62 63 65 69 72 1736 7753 82 2148 229 236 2039 120 121
99 0 1 6402 8707 1541 7 135 4487 8 9 138 139 15 22 406 28 29 160 1954 4258 36 3110 166 39 168 1320 173 2478 686 175 1334 56 61 62 63 7234 195 68 69 454 199 583 1352 74 81 211 84 599 5851 91 1756 609 482 867 101 103 6385 370 117 119 503 252 637 1023 511
