500
0 6472 7561 3082 2892 5005 3469 9807 9007 7569 7474 148 2645 1207 3261 9021 8413 1470 1791
1 6339 1924 548 6054 4010 2349 205 9968 1011 5492 6196 7864 8987 8699 4604 6205 5790 2207 1375
2 1216 5665 4259 7 9231 9199 9552 7218 2643 949 3608 3963 5244 4092 5085
3 7296 2784 5827 1476 4230 1098 6956 4076 4623 1873 8595 5300 6613 5622 8251 5340 3453 4541 4286
4 8768 8832 1668 9993 9577 5962 2413 3950 3982 5232 3828 1973 6389 9461 9878 3802 1403 4319
5 6915 9093 2760 7753 5258 6986 3087 79 9169 3731 6676 4439 8343 8217 6617 7834 2396 4828 1444 7652 7467 4589 6577 1396 952 7992
6 9698 8994 3012 3143 6826 2028 6412 6061 2640 9040 2962 5621 117 7413 6613 1625 5849 2555 5979 5948 4412 4958 1087
7 321 6598 806 2152 4744 7530 8979 9075 4020 9205 6325 8726 8284 6653 4029 4223
8 1472 2240 9733 9096 5259 654 1615 3925 5783 8279 3678 1183 2272 8994 7842 1252 8487 2986 5228 1452 3188 5748 1205 8696 569 1084 8125 7997
9 8352 4226 196 4869 837 7463 3176 3113 3723 8683 6062 622 8498 4404 7414 1822 3391
10 6762 5131 2510 3859 4851 2067 851 1299 2643 2868 1303 7672 697 4569 5981
11 1728 128 3936 8707 163 8580 1157 1477 4170 4875 5072 9745 1617 7026 5652 3316 6454 9464 889 8637
12 3073 580 389 1609 5610 7916 4014 6831 2577 7153 4500 5146 2555 828 9244
13 4448 8194 5188 490 2986 5677 210 4662 311 8089 9948 7516 7837 253 6141 1343
14 4352 7363 5219 2342 71 3144 8364 780 493 304 4562 5171 9303 88 9914 252 7228 700 1535
15 2240 321 3012 8069 2182 5451 3214 2959 2320 7572 7829 602 2652 7772 8028 1253 7782 935 8105 8874 4907 945 9393 4151 5946 6651 9019
16 9472 2 6723 7014 5862 4071 6730 7888 4336 1556 9014 3928 4600 3673 569
17 1123 2243 7431 105 9194 9007 5907 4947 435 950 7128 7643 1467 3038
18 1984 577 7299 3268 8005 1989 6502 6054 9703 7815 5479 5064 8332 7120 9202 6931 4596 4213 7000 9976 9465 5307 8703
19 976 2962 5269 8858 4060 8221 2782 5155 4326 2598 2663 6696 3371 5739 3884 1133 9007 7153 7732 3061 4855 3835 5819 1212 6461
20 4547 836 1668 3877 6694 1031 6987 6101 3320 9114 4155 9371 6972 4126 1823
21 6400 1796 5509 5126 8455 583 297 5226 2986 1580 7372 1101 4816 8017 8594 2324 8660 3222 215 4954
22 1168 3173 7605 1766 4904 3032 8521 6811 8860 5340 7165 5679
23 5409 5025 8193 9125 200 5962 5675 3790 7153 8754 4306 2451 5750 9689 3418
24 3877 454 2123 1867 1259 3467 9835 2765 4176 4945 3250 2071 1528 4664 2937 9532 8989
25 3584 1282 3719 7 3913 4687 9008 624 3027 2037 5721 4666 6652 316 732 9244 9822 8863 8959
26 3872 6785 3457 6402 2724 5064 5261 9199 689 5303 3836 732 8636 8348 6749 4990
27 5572 5834 5643 4556 8268 5069 7055 3984 5842 6613 9496 8473 5532 221 5412 7652 2597 3174 6191 9135 2297 4027 4923 8830 9982
28 834 6148 4293 4486 455 1806 7120 8531 1429 8344 9435 5341 1694 5278 8931 5412 2858 4844 685 4784 7344 9968 5747 699 1917
29 1601 6787 8293 6438 6534 6920 4136 9 8297 7883 6702 8502 3382 4025 2842 2234 3355 5275 5307
30 9505 4070 935 139 9742 9744 2930 4149 9974 5848 7129 8538 1307 1083 3612 1661
31 8897 4674 774 3110 2662 4551 7563 205 1230 8018 434 115 307 6421 6101 7710 9758 5887
32 2946 6532 6404 8523 3982 5903 1871 4626 7890 2962 5715 84 6374 7335 8040 3498 8812 8174 5166 9838 7664 8307 5108 6901 4985 3705 6330
33 3008 3393 199 200 1737 4651 2059 6187 7883 8396 7885 6448 7281 7601 4086 2934 3032 2014 7358
34 4513 5059 5413 1799 1383 935 5417 9930 106 4176 6485 151 2392 8792 2680 9241 8668 2077
35 5156 8840 8137 5866 8970 8139 7083 8043 6993 3185 2835 2741 2166 221 8511
36 2240 9409 5505 7873 9187 6467 6821 6054 4874 8689 2322 5491 9144 5912 7802 7933 5822
37 5408 7744 9664 7296 802 2402 7716 1668 8071 9640 8784 2288 2962 7155 755 981 4314 1533 5982 5022 6494 6687
38 5024 1442 678 838 872 8680 2760 7626 778 2475 9007 9235 3894 2264 7162 5338 6109 7614
39 2016 1345 1953 8835 3525 7751 41 1642 6699 9707 6060 7980 4717 3958 4726 6198 2199 7033 7162 476 1534
40 7681 5922 9538 5219 8293 966 873 268 1966 7120 9459 979 7219 7638 5658 9306 989 3167
41 5060 2570 5548 557 5869 2958 9522 1906 5523 1491 4211 7220 1397 2293 3286 5398 5848 5113 574
42 3111 904 8905 2697 6154 2411 6193 8593 5009 3348 9013 664 8954 3515 3547 988 2653 1534
43 6561 5635 6692 199 7181 7920 3728 8179 3891 9204 9846 9719 4217 698
44 9780 6964 1045 7015 4985 1483 6428 2941 7870 8382 319
45 1440 2 2019 4931 3588 2628 9829 454 4583 3047 935 9160 9834 7438 9199 8050 7060 1014 6492 8125 7422 8926
46 9152 5376 8866 8162 3526 6635 427 9644 817 1882 8605 8990 3807
47 1991 6285 7762 7828 4052 3349 6582 6135 7962 9819 861 6495 3679 8031
48 9280 3233 7938 8325 3814 9063 5384 4751 3857 8529 6547 3028 2871 9367 5180 8095
49 3843 9605 7429 1702 5704 1577 7434 5195 523 2511 4624 4214 5880 2330 6587 6363 1789 6270 3774
50 1664 4352 6497 259 4488 1162 6639 2613 502 3574 1558 9528 5880 1691 6334
51 5762 647 1102 9615 2768 6992 7253 408 7833 6301 1439 5151 5920 6049 4966 9191 6573 4401 626 5748 6071 7992 2617 7485 9407
52 8130 6248 7755 2731 1740 6925 5038 8910 5201 82 5778 3954 5106 7699 6100 6456 4761 7833 6938 9244 7742
53 4834 1666 2755 9028 8549 4326 8168 9770 7699 663 3416 216 7736 7577 6938 5595 3356 8414
54 5440 3586 2530 8354 8579 3461 2892 9836 4686 4624 7762 9623 7031 3000 6492 4765 5885 2206 9535
55 9120 7488 7330 4804 198 2027 9227 427 8332 7855 8144 2227 2070 1110 9016 1919
56 7552 9921 7874 3012 6662 656 3926 8090 6938 863 9443 3047 4199 1262 3566 6447 5615 7665 8625 4787 5492 9336 5564 3836 9533 8702
57 5601 1313 5969 2083 9716 8199 2361 3578 4539 2892 1390 1199
58 935 1770 9450 1802 3916 4140 8428 3565 9869 2544 9619 8756 9684 3732 2677 469 3543 4311 7864 6137 4377
59 9738 5483 4107 1774 9007 9840 8368 6897 7989 22 4950 6902 600 443 7227 6812 1727
60 9892 5994 2288 8883 19 7508 6197 8599 3543 1016 1304 2457 3386 412 1053 7903
61 5008 6241 8225 1122 2900 6708 5301 4838 2822 4972 364 7791
62 3232 2240 4001 1121 451 8102 6727 5224 1225 1900 6381 5709 1682 7413 3894 5495 7835 3996
63 3138 5988 6054 1195 5804 6541 3277 9518 5390 9968 2422 1175 6967 1785 5497 8953 250 7292 7679
64 2626 3074 3144 9418 3115 9547 560 7442 9426 6162 5110 9270 2712 7963 4061
65 6144 1668 1574 8582 7782 1546 842 6539 8813 5135 9967 2704 5078 2422 6872 8120 4219
66 2147 7269 4549 1414 5735 6951 935 8527 497 753 1075 7447 3543 696 7193 6074 6458 2555 4156 413
67 4705 3651 7652 9768 5428 8470 1975 6168 9848 5561 7738 3323 3549 9759
68 4225 1698 7075 1892 2340 7718 7115 2764 4080 6032 3792 6672 8305 2551 3961
69 8134 3210 8684 9900 6801 6131 1781 5493 7669 1430 4951 1400 3992 8729 3195 3964 5340 8894 2910 1918
70 3936 6625 2534 5386 8522 1450 4367 3505 1586 9842 116 6292 439 23 5435 8539 8349 1437 1119
71 2432 1730 1668 326 136 4362 1227 3660 7949 8209 2897 8406 921 793 7131 6747 286 6752 2863 9330 8887 9338 2298 8508 9917
72 5698 6882 4457 5451 5874 9299 3540 9270 6102 4151 4376 4281 3161 9146 6491 8603 3261 7135
73 3969 4995 6595 9732 2184 75 336 7771 3102 6367 6370 8994 2788 4837 2981 168 6889 8812 4079 8053 1081 4985 5053 8125 5503 3263
74 6499 7651 164 8269 1776 2065 8243 3573 5911 4888 7800 410 6044 9533 478 5631
75 4704 6817 7585 3428 6213 1734 9961 7593 2476 4271 6192 5777 8722 6482 4531 8309 9498 1787 7134 7710
76 3841 9954 1763 9736 6216 3721 3882 7018 1515 2796 76 3120 7153 8498 6003 7221 9848 9529 1083 1788 9470 6718
77 8193 2 9959 8711 4168 7432 5449 8238 3758 6962 6642 84 8757 8151 4121 4890 284 8671 2815
78 8776 3049 8778 9387 6316 1678 1902 7699 8212 9557 247 7512 8986 7004 7678
79 4801 9317 7205 7429 2057 585 7849 6346 843 2252 8716 1198 2417 6258 8531 9075 2643 1140 1908 374 5302 411
80 352 581 1319 8169 8685 4654 9685 214 6710 3894 6584 9722 4315 4765 3166 7166 4831
81 3584 2240 7329 5441 1954 3747 9667 804 1860 133 3048 9677 655 6640 5456 7153 7606 9239 7615 9055 9823
82 4514 9794 5124 3749 2662 9798 3946 5869 4655 9872 4721 6963 1557 1626 8125
83 4320 1603 7078 6952 72 9548 3180 9299 1780 4533 8022 2390 6615 2231 8663 7771 7709 4381
84 9025 4035 9636 9188 4842 9962 7852 1389 3022 8430 1710 4624 9968 1044 4852 2615 4185 283
85 6753 6210 7590 9545 5004 7662 2032 1040 7857 1106 8946 7443 2485 8248 1625 1562 1757 4350
86 1984 4385 3074 4134 7783 9704 2568 6345 6797 6734 7153 3282 5331 7574 1914 5117 6237 6110
87 8736 2496 5825 1218 2307 4100 6052 8804 773 1003 2155 5580 8493 9741 5871 496 2295
88 9953 6273 5780 996 4758 5097 1148 1597 317 3662 3006
89 2 547 2468 2340 2408 2092 9293 9422 8306 7668 8373 9461 1429 2263 2139 7707 9820 8831
90 8000 450 7459 8904 7752 9483 8846 4847 4175 1903 9841 1554 2962 6547 5555 4244 1208 2266 6938 1308 9852 605
91 9761 6403 8836 2600 9160 2121 8586 5547 1356 3053 6221 3854 1585 4147 3092 3545 3771 2460 8604 447
92 3553 8516 3529 1738 9578 4971 8496 9265 4593 6035 4180 4629 6101 6551 2136 4699 5371
93 5248 1571 3717 517 9510 1321 6187 9421 3278 4048 787 8277 4182 183 6393 9979 3325 5437
94 2112 5537 8226 8642 1379 2052 6180 135 7090 9842 6611 7511 4056 1530 7258
95 5856 7233 7203 5287 3943 4264 4653 8431 7762 788 9850 891 2429 1598
96 7971 2916 7206 7880 8620 3756 9197 8817 2997 1909 7413 4952 8540
97 4224 7108 8267 7883 2860 1772 4429 7183 6674 5715 1267 6584 1529 1723 1052 477 3741
98 2240 257 3716 3012 6631 876 8718 567 3192 3544 1018 9692 7164 8828 8125
99 4423 5639 8104 4648 6185 4330 7114 299 9038 3727 9007 5685 1080 6264 4985 188
100 4160 34 2212 9252 1192 3144 7241 5194 3914 1739 427 5708 4364 6125 9615 4050 4501 3445 4280 1498 9500
101 3936 6849 6083 5800 7276 2604 7439 9681 8307 1492 724 7284 9077 6231 2615 7550 9567 3871
102 225 9857 6630 486 4679 8329 8074 3755 6286 7438 7312 2803 3541 9271 2647 8443 2171
103 3936 7234 1411 7556 8005 7429 3241 969 9545 6347 9260 6157 3341 2605 3567 564 4986 9787 3932 9598 8159
104 3522 3909 5894 4808 6537 8939 9357 5933 174 6030 9266 2998 9943 5240 9530 7996
105 9312 7586 8452 1829 9702 7975 7240 9225 2635 427 6030 8465 786 309 5334 7670 122 3290 4957
106 3936 1507 5715 2726 3303 7079 1767 3352 8697 1357 543 9039
107 9632 4290 9606 7974 1831 8391 6471 6029 110 5326 9137 2961 5138 3254 3838 9183
108 9029 3206 5704 3949 5006 6126 7759 6160 529 1810 1971 1334 9851 2555 540
109 3586 5251 3718 9031 5769 6122 716 9199 7858 7925 6805 4793 7709 958 7327
110 6881 3490 9411 9284 4200 3528 1581 3504 5584 6608 5141 8598 1112 6200 1145 5053 7967 8351
111 738 5762 2179 4679 7367 2472 9449 7434 8300 113 5458 8019 2644 2422 7481 9593 8761 4474 3101 4991
112 2176 2018 8932 6949 7621 6373 2278 2634 9610 6538 4750 79 1458 7699 5715 9013 2006 4823 7575 6331 1503
113 4352 4865 4643 4102 3145 6251 4396 2061 1839 1071 7921 882 278 5049 6459
114 1633 7874 5412 5509 8167 5063 79 3887 9616 1488 1520 7762 6323 8116 5399 504 6586 9723 8700 2013
115 9124 3813 8870 6982 2218 9515 8652 5966 7889 8146 2290 1204 54 9111 8441 538 8765 1631
116 5152 3074 7715 259 5156 9161 3530 396 2508 3501 1134 1774 6034 9746 7481 4314 62
117 6789 935 9127 776 4558 2734 6030 7120 3024 6516 4341 5014 1046 5115 3675 2013 8573 9949 3103
118 5636 1479 4939 2318 979 9494 7896 9432 2586 8027 4317 100 4199 4840 492 9965 1904 3058 7154 6643 5748 6261 3894 7929 9086
119 6977 5094 2537 4873 9034 2922 7085 176 4274 1298 2739 505 5466 1595 2876
120 6369 6147 5764 1668 2340 453 9669 134 2982 4326 9065 7883 652 7758 3184 4112 2960 3538 2226 9075 8725 8985 5053
121 1984 2240 6566 9192 8203 2571 491 2413 7949 8750 4720 1265 178 7860 5876 4277 4285 5247 511
122 6560 7558 5318 7912 6153 7501 3534 4754 468 2932 7669 6101 3894 4311 3543 9912 4633 9178 3451 668 5917 5245 2494
123 4099 1476 9988 1478 2279 2857 5929 6313 5386 300 2989 4526 1358 80 6578 8692 5748 3158 9431 1593 7706 8891 5788 7133
124 7072 7880 8489 2058 8171 3981 1933 79 6896 4115 179 7157 8951 9464 1722 6938 5917
125 1152 8674 9545 4841 9129 238 9040 1362 7699 691 6900 9786 8154 4314 6939 5052 5662 5374 447
126 8289 5442 5762 7684 3364 2052 7652 552 3017 4649 1290 4780 4941 366 1454 688 9874 2643 2165 501 1750 1625 2171 5500
127 4035 9412 3781 6376 9451 6832 9073 5746 4082 4883 2099 2517 6613 2649 4441 9244 1724
128 960 3137 7361 2 8196 7557 1223 6954 6827 4363 4813 7949 2607 3631 8977 2962 4948 3157 6262 118 6743 1850 5917
129 385 2 1988 965 4424 8233 3243 5997 238 5073 7121 6938 8091 9404 9694 2367
130 353 9089 4481 6978 2 5316 8644 4901 6949 8134 487 713 5198 270 1295 9327 5330 5748 9174 6936 8410 1468 9533
131 1 4450 9989 8423 8617 6282 6155 2926 1614 5519 9679 4977 7122 3155 4573
132 259 9380 3972 8839 5383 360 5551 2834 8724 4087 4375 1144 7579 4188
133 4672 545 7425 3074 4835 3365 2150 9576 1896 5608 9129 4490 9323 2155 2414 1105 5176 7997 8062 8190
134 7105 6115 9443 4901 3622 3528 2088 2572 8365 3982 7793 6547 6134 7639 7513 7609 2521 3481 6427
135 5664 4482 3074 2 3653 9861 1317 6375 3751 7624 8491 7820 76 78 9839 3568 2034 2962 9461 3958 7769 25 8345
136 1728 8515 7588 1668 4777 7466 4107 2155 781 1550 4111 3507 2196 1721 7930
137 3521 423 4008 3784 4334 4880 3442 9462 3894 8406 5367 9911 9049 8253 7709
138 8193 3074 5219 2148 8710 6570 4107 7444 8181 3542 5559 2103 7287 3671 8056
139 8609 929 8739 1668 5029 7628 7917 1968 5748 6548 4470 6937 8890
140 3664 7792 3280 2848 321 818 1907 3590 2459 3628 1469 5869
141 6048 1186 5346 6916 5637 712 8012 6766 2288 5715 5396 1625 7995 9915 8827 7069
142 7201 4195 1156 4614 6089 4521 9517 2736 7408 7472 6387 979 5594 4731 9244
143 7936 9537 3011 6724 1895 2537 7179 7180 5293 2098 979 2773 5144 1752 2013 2431 6303
144 7714 2 7461 6982 4328 8585 3758 240 560 881 3858 3476 2582 2555 5949 1343
145 3044 4647 5607 5323 8044 6961 3411 5687 2393 4985 8186 6139 7708 7101 6909 1693 2237 6750 5055
146 9673 2889 3084 8172 1490 6355 5846 9110 3831 1431 8408 6489 6170 6014
147 6113 5605 8554 7146 1963 782 7694 9968 2896 2288 1042 4594 2611 7699 820 1461 7351 9207 5112 6396 5788 9791 8671
148 2240 1696 2 4707 2340 1383 2183 2215 5612 3054 7438 5393 9714 9652 4053 6518 4472 5080 1085 7325
149 6592 800 4803 229 3877 8358 8646 2670 9710 7246 7599 7631 5775 2962 3060 7732 3830 4407 7547 8766
150 7427 8263 5064 8910 7507 3061 822 6744 5401 8025 2169 6523 3580 7741 4767
151 7587 6276 6919 1546 9102 9615 6321 8785 2962 7762 979 2805 5558 2007 3672 2908 3261
152 2785 4993 5507 8775 4043 8043 876 8845 5744 2289 7379 1335 1912 3512 4347 5660 6460 7487
153 1121 8386 3907 2979 3877 6470 9831 1640 8425 8298 9164 7854 367 9777 6547 2421 6613 983 7001 9305 2365 8862 9374
154 5858 9795 5347 9316 9157 2414 5840 8433 6291 2965 3158 5528 8125 5086 1663
155 3776 3744 6305 321 1539 9926 2855 6283 8980 2933 7765 1142 6390 7734 7960 281 7610 4923 7517 4093
156 5280 3041 9351 839 5068 3629 621 3885 6895 9424 4144 8597 569 3482 2074 8092
157 1188 133 135 6151 4199 9224 2859 7534 5204 9591 9112 6360 4728 3097 5467 926
158 3936 7235 3012 5989 7688 7400 4908 3021 4237 7759 8208 3285 854 8215 6487 7961 1049 6044 3869 1950
159 993 5731 7428 5477 871 2121 5674 6410 145 2643 5335 5784 7673 3739 6460 3036 1756 1116
160 3521 5762 8994 6404 3494 8552 6504 8010 6379 8780 365 4241 2962 9013 2550 6327 729 9562 1531 1471
161 1056 2368 7682 7652 2341 69 7367 1195 6253 2190 1039 5713 5233 914 2962 8406 3576 5976 3259
162 321 7652 8871 6152 9098 8587 718 7790 3600 1169 7762 9011 8821 374 472 4378 9404
163 9408 6688 321 8803 6020 7173 2630 8998 6506 1263 3634 1299 5715 2869 7413 9398 3830 7127 8057 6938 3935
164 1987 9476 7365 6667 9132 5389 5869 1871 7249 7410 7861 917 8663 6680 888 9048 5688 4505 5465 7163 7932 3613 8125 3326
165 2240 3432 8717 3213 4206 5326 3920 1394 1683 9270 9848 2682 9693 3998 766 1246
166 5732 868 6088 1544 3338 5867 8716 5134 5999 4948 3926 3383 5817 569 2716 3966
167 480 8129 6 3880 6377 777 9129 684 1708 4588 7213 7053 2286 5775 7732 9463 6359 3772 348 7519
168 6401 1731 2437 9671 6087 1608 206 6609 3089 2962 6567 4199 2792 1576 427 2028 6254 7087 4914 7541 3641 6905 7545 6140 9023
169 2049 5186 8994 291 8227 5099 1868 2446 8431 8528 7730 1363 2676 5044 6742 9015 2041 761 7807 4799
170 2752 6337 3873 5251 8387 3012 3625 2249 397 1453 9549 8272 2480 3089 8850 1042 7733 6871 3486
171 3012 7237 3015 5962 9036 6092 6861 4622 2326 3163 9501 9309 6622 8158 7652 1064 5609 3374 1904 4340 5814 58 4797 1341 9789
172 2800 1392 4400 6002 3667 3012 8246 1417 2299 427 5007
173 4354 354 9858 1634 6627 8773 2696 1160 4712 2856 3050 4266 6827 7949 2766 5647 79 5552 369 9843 7736 4698 7071
174 2593 3809 998 2698 9483 5934 2962 1619 3316 1972 9621 3606 6134 5047 4311 702
175 8416 6176 3458 2595 8103 6409 3850 813 3536 9970 2515 7156 4056 7737 6843
176 193 321 2531 3429 9862 1800 104 5961 809 2898 2770 7762 4532 84 4789 3990 6270 1343
177 4610 835 867 3012 4359 4232 1196 7949 8526 3792 3218 7795 246 5593 4379 8829 510 4638
178 6145 5538 4323 7204 2693 8133 1606 3240 1960 7915 2699 1869 1710 4975 2420 2329 1246
179 7456 4387 5892 4004 5831 9543 647 935 3116 8557 5582 6706 6258 5715 2453 4311 7197
180 7968 4228 6886 3079 5321 650 8490 6795 6188 5520 6416 4337 3602 7859 1782 8442 3194 9659 5023
181 1760 9348 8676 9413 2444 8462 6735 2288 3665 9649 7153 6834 2356 2008 9784 2555
182 5921 4033 2529 9825 5410 4487 1927 2377 203 6827 5260 1741 4045 1134 719 2643 9139 5715 6358 7675 1213
183 5153 3329 2 3812 9991 6823 3432 2732 3820 9484 3309 1134 1043 4915 5494 8824 7352 7739 1979
184 5345 3521 2467 7045 6953 5738 6094 7694 2096 8947 499 9812 8021 1784 7225 1276 4284 7902 447
185 2818 2114 355 1641 9514 4074 9196 2349 3885 9650 7186 6547 8468 6646 2519 3004
186 321 4708 5796 8324 1607 2343 2857 2345 6349 4974 4559 3279 2288 6867 1587 857 7289 1658 4314 5119
187 352 866 2404 3910 8230 2630 6920 2505 7689 2314 7950 6798 6161 4242 2323 6454 6616 794 6555 507 8092 9661 5885
188 7040 7680 321 66 9444 2116 5030 7110 1127 3144 4362 8714 139 427 7023 6929 6386 7027 2643 3668 925 7486
189 7683 7652 1129 4781 1583 79 6326 1367 8313 1371 6299 4795 1275 412 5788 4253 6334 7775
190 7489 4866 6274 4035 3269 3942 2246 9800 5164 1332 4956 2621 734 6623 5215 7839
191 7136 6854 2727 7943 2503 4170 3758 2223 3666 5651 5715 6613 7864 6713 6814
192 9313 7265 1986 9186 771 357 3497 8078 7983 7759 6417 8147 5939 7476 3220 1463
193 3072 1058 9379 3207 1383 9032 5481 6538 7788 4624 3766 7385 7801 4953 154 7454 6687 1279
194 737 5666 9219 6692 7652 8008 2858 1611 7727 9968 7120 2577 1814 694 7322 2363 5854
195 3077 8966 8711 5771 3981 9615 1552 1104 8402 979 1495 2904 1496 6554 9311 4963 6509 1774 625 2804 6453 9656 4858 8315 6269 8125 1662
196 7296 417 4770 9155 7748 9896 3370 2892 3853 3314 2612 7544 6201 2780
197 6912 736 3936 3104 7622 1353 1673 1482 7474 4690 6227 2963 2741 4855 2010
198 3936 1601 8930 3493 3109 8134 2186 7627 1067 1932 5581 7407 6224 2128 7409 4849 7153 2673 9842 3897 3226 4828 732 8254
199 2816 1154 7042 7526 9416 6186 5962 3627 139 5517 5101 8533 6613 9558 9657 1146 7517 1375
200 6082 483 420 5383 3240 7177 362 6058 8556 7055 2353 6545 7666 5142 9686 2745 9977 6938 6875 3135
201 3745 3427 8389 1125 7686 199 4199 4489 8235 2539 2987 8140 9580 8973 7602 7570 2611 3379 8342 7642 2141 5341
202 5313 1060 5125 9701 519 4679 1193 3918 6258 3894 2423 3735 7159 6584 3609 7513 3775
203 7296 2562 3334 9771 2894 4878 3376 2768 5041 819 4531 2005 4278 1656 2424 7419 5147 7933 1150 9279
204 7841 6051 5412 7240 1705 3114 3403 7596 7756 4909 2062 2735 177 2865 4468 6869 6933 4341 1623 8183 5977 8220 7676 9918
205 9198 4431 8751 8431 272 6641 3026 6258 1524 9493 4693 7030 8599 3479 2714 8507 4830
206 3360 2533 4037 1893 2213 4520 3080 7560 1774 5391 7217 4210 7219 4787 1109 4534 3452 9374
207 8672 4289 4035 7364 1668 4709 7945 2986 2668 3982 8686 4177 2740 9236 4564 4020 7927 8121 985 4154
208 4544 4034 4418 8453 5322 906 2827 269 7630 9104 2707 726 3543 4377 8922 4060 6044 6302 4065 9062 3305 745 9075 1590 7929 1149 5566
209 5328 4496 5218 6004 5412 7254 4936 1835 2283 6654 8942 3022
210 9633 8481 3842 7618 9668 900 3877 6021 2375 2471 3944 1611 3410 4084 8982 5304 1368 4313 4891 3035
211 8994 899 3363 8069 6054 4680 2026 7564 2125 3885 3951 8881 9041 4275 1875 1238 8284 2781 9247
212 9248 7904 1153 3777 8705 7012 5861 296 394 6860 6479 3762 3862 8150 6295 6778 7323 8287 7743
213 2305 5638 457 5066 2603 1868 5102 5360 4723 9238 5719 1784 6169 6202 9405 7007
214 4737 4162 450 6659 613 9129 9453 9265 244 2228 4949 4983 8920 9721 26 8571 3581 1407
215 2240 5953 7907 8197 1191 1901 4814 2643 2167 3703 2713 9466 5179 9244
216 1985 2722 2245 5445 9318 1353 8941 4110 9168 3506 627 1877 4855 5848 6621 9533 7038
217 6049 7266 3847 4170 1775 7055 79 2672 2128 4176 2288 9968 3729 625 9586 883 9559 6327 4760 8474 3931 797 4414
218 6913 8673 3362 8130 6531 8069 5061 6534 4967 3146 5773 1197 1552 6289 9491 2935 2327 8185 3129 9050 8733 3901 7806 415
219 4192 9283 3012 1190 4007 2055 138 2666 6635 2668 8781 7790 3758 5873 6737 9075 1012 598 5239 412 4636 1564 157
220 4548 1864 7946 5962 8856 6298 6042 6621 6365 8670 8223 4129 3681 931 8293 3750 745 2157 7342 4402 9395 6451 5813 1401 2938 8125 9533
221 3074 4422 9286 4199 3626 5454 5902 6415 4786 2610 3378 4916 5524 6581 3128 3165
222 209 9172 8772 7909 245 2072 8601 4345 3130 1211 9119 5359
223 9730 6211 2214 8807 1097 9353 875 6733 8205 4494 7406 6418 6391 4792 8284 8798
224 7617 7426 1059 5445 7813 9511 5095 9193 1931 5548 6767 79 6544 2962 7091 9783 2327 4857 2491 5020 6077
225 9760 4740 6693 2373 140 4368 8116 6101 8023 5560 3065 986 6778 1405 2109
226 8832 3905 3554 2275 1763 5219 3557 7142 8838 4326 8327 6124 4238 4015 3759 850 211 1847 2264 7355 542
227 5088 8484 3877 1255 9832 4077 2797 207 9359 5266 4179 8083 9300 3894 4824 1560 3801 3866 9402 8859 1566
228 4096 7296 1793 7652 3012 7333 7786 9291 2475 8429 2990 3440 402 9842 6357 2903 5563 4349
229 9377 9666 8450 1826 1828 2244 6020 5412 8134 7784 425 8685 9646 1201 9364 1047 1562 6716 3262 767
230 6465 7970 8098 642 7396 265 5962 6538 7884 8975 3023 5904 4561 6161 2962 8947 3956 949 7029 5206 8375 606 6143 2495
231 9440 8418 7652 805 102 7270 5543 3208 2986 2699 3372 3726 3023 1329 7505 6547 8728 9082 5693 477 6398
232 5120 7298 5539 2500 6922 9163 6320 3186 8564 6613 5526 4632 3032 9369 2874 155
233 103 7817 4746 6635 2414 2576 9138 946 2454 5592 8377 2681 8569 4187 1980
234 6978 8419 9219 5700 5604 1668 4421 6597 4199 935 9384 5099 238 8559 9264 5203 3700 8052 7316 4660 2650 9533 9758 9215
235 8994 1347 9475 2185 3817 3948 3053 6894 8015 5583 2224 8532 116 1813 9816 4959
236 3875 2595 1700 1831 8491 6510 4846 1327 4527 8912 49 1234 5748 7032 6522 7099
237 2340 8037 5541 6981 5801 5865 7949 3982 5295 2384 1393 9010 3603 4563 4020 2516 8693 3830 1017 441 4057 3579 6975
238 609 8227 5348 4358 9607 2121 9071 7247 752 7473 3764 5429 3830 55 1497 2042 828 6783
239 5824 5121 1861 5129 843 3500 334 8848 5715 180 9302 9270 7671 4984 6938 4031
240 4416 1731 8580 9094 5192 7883 9997 3982 9937 5525 7575 1560 9115 3676 4199 1256 3561 5677 239 7088 3827 3767 2744 5308 3006
241 8896 2113 5986 1410 3715 7204 4612 1287 6604 3117 1582 1905 9845 2999 9273 796 5277 2047
242 7808 8964 9349 3877 1032 7880 3753 9290 7852 7949 5522 916 9108 9847 2808 9304 9627 2972 1343
243 65 1890 8995 5862 4856 968 2761 7449 7754 682 9772 703
244 3105 6244 1674 236 2220 5964 3343 7215 79 8400 1328 5395 4531 1524 2718 5471 7359
245 2753 6082 7333 6565 7366 1063 489 5322 5099 9964 3758 8178 9301 1944 8312 7451 1979 3899
246 6018 4194 9603 7268 7240 4909 8494 6483 5715 6580 8214 1654 8406 1849 1215
247 7392 3392 6530 8260 9735 295 5448 9930 267 2412 8046 9871 6352 3153 7697 2962 9340 1565 2013 3454
248 1441 4161 8898 9990 2790 330 9324 5326 5839 3249 6802 6067 8756 5845 2359 4282 3547 4028 412 5983
249 4193 6019 964 5863 7368 8968 1226 5003 4333 3151 7696 6354 7509 666 4123 2555 3836 9181 7389
250 4769 705 5762 997 9584 3441 1270 8470 2904 4089 3867 8477 3198
251 901 9734 3242 6827 7883 6800 3696 4688 9521 3313 7955 5683 4372 3543 279 7545 1370 8698 3291
252 7745 1058 3463 6440 2345 3977 4234 8844 7120 5329 9809 979 2966 7160 9080 6744 6426 5339 6428 8444 7709 2143 7167
253 3648 1984 3106 3203 3811 8387 485 6309 8934 6153 2986 2251 780 7756 9133 528 2064 9523 9942 951 1848 5818 442 6300
254 928 6082 2883 6469 9253 8390 4456 3561 7977 6606 1934 399 7383 632 8696 761 90 8795 9244 5341
255 8994 3270 3111 9995 3563 1420 1934 1041 7377 9778 7059 9076 5783 6425 8570 798
256 3620 9830 8491 1644 8876 7791 3856 2992 1137 6129 3380 3702 8152 5849 4697 4762 1725
257 2240 1952 7170 4898 8066 7495 264 5163 6029 8467 4822 4664 5273 1242 2203 8252 8510
258 2690 2852 1125 5351 427 7922 6164 5589 4215 8889 3229 7453 1790 7774 3839
259 5507 9637 5286 6759 935 7020 400 6036 823 1879 1527 1273 250 8796 29 3103
260 5893 1413 4901 3046 8902 5896 5450 7499 3632 2002 1330 6675 8371 6899 6996 8406 2489 6458 4574
261 5696 7296 2 8994 3043 1637 9766 8744 7405 6607 2704 4400 6290 1429 9527 3737 5149 765 2717
262 7776 7233 5794 2340 6278 7881 2474 4011 8109 590 7150 9200 6547 757 8566 2902 7894 8600 5630
263 4802 6691 7779 9957 6341 4870 3846 166 7240 9130 8236 9197 6445 2962 3700 1079 6647 7289 3034 9275 9533
264 4896 6242 5158 1224 5835 2189 8239 9457 9939 7703 6170 7355 3163 9244
265 8320 930 6020 7652 3877 6918 552 9129 3757 9325 1613 3885 14 9935 7311 6707 3989 9655 8503 1399 4377 6938 8830
266 1121 226 8291 8198 3304 5097 3691 7692 8460 2927 2578 9428 340 7732 5910 9403 2555 444 2078 4958 6271
267 32 3714 9764 9540 9797 7654 4135 7883 8427 141 6670 8111 7762 6195 3414 1496 4216 8058 1247
268 1632 546 8131 8740 8810 2541 6989 9007 5042 3539 4819 406 5816 730 8506 3199
269 96 8770 8290 9510 2886 4071 4455 4811 4909 4782 6511 5554 1395 6613 8183 5913 6267 5821 7517 5437 7198 5407 2943
270 4578 3074 4069 9512 4361 7949 8014 8366 5265 3543 2968 5657 5209 3419 6655
271 4002 3523 7267 4900 7749 3751 7687 935 6057 6189 7984 9139 3637 3354 1339 4988 1501 3582 5567 2687
272 352 8257 4097 1923 6275 8387 6084 8708 4197 4935 1383 2856 9101 8209 7699 2260 9654 3288 3614
273 3936 2240 7043 199 5064 6219 1710 1938 3510 1945 9114 6620 6172 5886 8543
274 5569 2977 3491 6212 8519 3464 2666 8782 146 7762 7699 2678 6139 831 6239
275 5248 8514 3043 1540 5798 4233 9898 5322 557 7825 83 6101 790 4727 8247 5880 5531 315
276 8448 6306 5763 3172 6279 9545 9932 6700 3184 7153 8530 6675 148 7413 2358 630 311 5241 5019 927
277 6465 1348 6181 6534 5799 686 5998 4625 3986 2164 6613 8087 9175 8471 2105 3322 9051 5373
278 3521 898 3074 3748 5957 5703 616 6537 7789 3758 9582 1134 9583 4592 9585 4209 1299 6838 9750 2904 5017
279 2627 3012 6692 7397 8709 6021 2118 4807 8937 5034 8013 9938 7251 7161 7868 9116 3965 1117
280 3584 7105 5187 1763 4229 9541 2024 3368 234 6924 3023 9232 8051 7542 503 6942
281 7553 8961 7875 8134 9383 5352 169 4810 6698 6765 241 5810 5715 6038 7543 219 3004 991
282 2 9992 2121 5097 7821 3693 6287 8495 7506 8722 8212 7640 8153 9465 8123 3837 3711
283 610 3074 4356 5 4295 2346 8650 3852 748 9581 1358 912 9298 726 3894 1048 2904 2201 6458 8188 5501 159
284 2240 4929 8994 7077 4038 6507 3276 8654 1774 2191 1809 1489 7314 9842 5172 8148 4345 7740 5692 925 4254
285 1248 3650 3331 7076 7653 8042 2986 8812 3215 7762 692 6105 604 9245 7262 1150
286 1408 8068 9190 7369 3113 5899 7180 9487 7248 3796 8020 7096 3643 2843 8125 7423
287 7713 2882 6216 7050 4619 301 7438 3823 2416 1840 7762 2355 5557 4665 1051 2875 9852 1309 4735 799
288 3584 1665 2497 2145 2851 5860 1542 9414 3686 9865 5772 8492 2031 6351 5908 4501 2204 5502
289 6464 4258 7747 9347 8612 3012 3014 5063 6568 3624 2795 3405 6190 79 5942 6935 6232 6296 6619 1916
290 769 5767 6599 6285 5838 8142 8302 2100 7285 7029 7797 4245 8920 3804 4124 9244 2238 6431 447
291 2304 3104 9056 8547 2791 935 5544 4937 9129 9358 3183 3376 437 2389 667 4539 2555 3836 9565 6781 1534 7294
292 578 3877 9994 1004 5870 2127 4752 9842 984 8600 5369 2553 1818 6556 412 6525
293 4128 129 6851 2499 707 7012 7559 1352 9007 4944 1841 7537 4531 9140 6424 1720 5530 5437
294 3808 9153 4483 5507 3941 5478 1095 1128 7880 5257 5482 5964 5740 8204 79 4342 6712 2140 6175
295 2917 421 8488 2124 5327 2287 9007 2160 368 9968 369 17 7318 6296 7036
296 6112 6209 6658 4484 5448 2538 3178 5643 7949 1647 2192 9237 9335 5368 3708 5918 2399
297 1665 7494 4391 4106 1930 810 8812 1005 4272 1681 5715 9173 4855 8505
298 9216 3840 3265 1287 7848 6890 8618 2923 8269 6000 2288 9969 8722 8885 4117 5430 2198 4150 7415 4475 3997 9533
299 1668 101 838 2790 647 3687 5096 6921 4714 7118 4976 6672 2481 7093 182 7321 8762 5211 2526
300 4962 2210 7266 6022 8234 1964 7086 4942 1423 8145 6865 4691 8499 6519 6327 2617 8282 2332
301 5600 2340 1638 2953 3146 7050 971 3406 9109 7798 1688 9818 2205 8831
302 1315 3045 710 6888 8842 2284 7021 7533 6351 9968 5075 4212 8981 2555 5437 925 9533
303 6496 1216 1474 7267 5252 5412 2340 1670 8487 425 7787 9195 4719 2256 3312 9873 7762 8434 8340 183 2557
304 768 4032 8449 1762 9285 9573 4587 13 847 8495 79 8688 9362 7956 5175 3320 8345 6778 2555 4158 1534
305 3713 8837 9478 1929 9674 9834 6635 9259 6923 8491 300 9645 8466 5751 5880 6457 6044 8125 5535
306 9184 1187 1380 8004 420 5160 3433 3754 5645 6318 8816 2288 2870 9626 6748 5212 7037
307 7840 7360 4352 1984 707 7331 5507 9349 165 9928 9481 8265 9579 172 5901 5294 7698 4243 2486 2810 4507 9755 9757
308 131 7688 202 8331 8910 6736 18 5268 8341 3543 3160 3032 2970 9628 862 3103 7456 1125 2601 5802 9902 1711 6385 4286 6526 63
309 2 1672 1291 427 3470 2671 4367 1105 2866 5011 8789 8918 9209 3642 1690 5340 9533
310 5728 6528 2401 4132 6500 8357 6406 7399 935 7054 7438 2319 880 2643 3572 8085 4855 4442 3227 5596 8125 8478
311 1697 2884 1348 8677 8711 1260 4845 8878 6863 8720 8275 6613 695 3319 1336 2552 4409 7770 3994 7066
312 6336 2240 321 130 2277 6695 3016 5320 8173 4174 6547 6452 6776 6014 5534 3231
313 1761 7458 2787 6979 7525 4584 8009 7949 8462 463 9295 2929 2962 4051 7699 1622 663 728 1625 2074 7486 895 2079
314 2721 3586 5514 6538 2925 6477 6030 7822 3535 8624 5680 3409 7153 2867 1940 3669 53 6613 9495 9083 2685 30 7582
315 98 2819 7172 5285 325 1670 3689 6441 745 6666 7210 7883 144 9107 3284
316 8067 5412 4933 8678 3271 8423 5962 6572 7309 7795 5587 1299 8759 4377 2107 603 2173 7806
317 9474 8035 5737 4970 8811 2638 8687 6959 79 6480 5875 6777 60 5950
318 9378 8518 518 2983 7657 9866 5388 4879 2639 2480 4017 1364 468 2168 5880 7001 1978 6938 6590
319 8864 1858 8294 4742 742 9159 9255 9223 1865 6859 6512 4081 1745 1238 310 2327 4855 376 9083 220 4926 8895
320 4832 7713 9347 7 4616 2344 6793 555 3983 7055 1425 2737 305 8145 2391 1465 3835 8797 3743 2591 7551
321 9376 2240 3936 7393 897 6465 8163 1220 2407 8363 1261 2063 5234 4309 4695 3127 379 5150 7647
322 3200 4321 7619 4453 935 6827 942 979 9526 5848 5947 2715 2555 8671
323 7013 6725 5958 3783 4747 76 3308 9676 7244 7725 2383 8143 2101 5111 3607 9625 5978
324 9890 4035 677 7238 2695 2892 4590 8276 7062 2486 9211 8635 5339
325 4352 2464 4256 1091 8228 1668 1289 137 6505 6601 5641 5962 9453 6671 5074 1779 5785 6235 6044 7709
326 3075 5446 8583 39 1289 4778 427 2288 401 7762 3827 6997 183 5623 8952 5336 2840 7293 4510
327 9281 9156 1125 1798 105 5193 2985 2029 77 8910 9199 8403 7379 4884 2709 1557 1815 6266 8539 5340 9372 4892 3230
328 1859 709 7656 6538 427 4683 3244 9551 6543 9392 2771 3864 6136 9499 4955 3485 6397
329 608 5412 2437 1838 4783 2195 500 6166 6839 440 1753 2302 5375
330 2978 3298 9763 9930 9103 7183 2288 2000 7440 6770 1042 5748 1365 5432 4696 2654
331 6498 2 1669 1093 3238 2918 170 5962 2155 3371 908 9262 79 6771 662 7191 7831 3032 2232 3003
332 7074 9090 358 3111 7210 2986 3915 1523 5684 9013 6550 8086 3385 4921 2683 5758 255 7199
333 390 2439 3527 2407 970 1386 9804 750 9775 8113 1206 5752 8122 2491 4924 3902
334 2211 3877 7846 7623 7435 5803 3885 9007 8976 1105 3699 3156 2197 3830 183 7064 5848 7865 569 3066 3675
335 6434 2594 2338 8135 2439 2440 7498 2986 1324 2957 559 5169 8470 2264 1625 5690
336 7137 6054 7719 1832 3373 7437 4941 751 2833 8374 1752 6712 6296 8218 8767
337 3424 2051 4419 4806 6343 3533 722 3602 7699 5653 6423 24 4667 380 5437 575
338 7200 8997 5992 9261 7663 3408 9968 7185 1746 5364 3381 9717 4982 887 312
339 7044 6436 4517 5797 4967 5864 3275 8651 6222 7887 9007 8912 2288 5013 5973 8758 5112 4664 6584 9337 9436 3836
340 7232 3363 9027 643 6149 5062 2247 3086 462 8464 9968 2288 3889 1686 8888 760 8572 5628 7581
341 7104 9984 6049 2339 6467 7972 1765 583 9160 4497 6482 2962 116 1717 8118 8663 7895 2616 2488 7452 5661 4670 4575
342 1092 4327 8136 5898 171 3532 45 3982 465 2674 8882 7285 4310 1398 8476 1567
343 5568 3555 4292 5926 6824 520 5898 720 6482 1299 5781 9884 8671
344 8896 7746 5283 1668 4901 7338 2893 6574 5170 7796 1716 9301 6613 6263 2301
345 4736 416 9573 8293 4070 2951 6217 5546 3051 5677 558 6542 8655 9968 6482 5715 7065 476 7709 446
346 3904 7041 4356 6534 3720 1038 7438 6991 7567 3189 9301 8249 7291 1979 5724 4669 4605 574
347 6944 5923 5667 4519 4552 5996 5580 1454 9876 8372 5431 3256 5401 3870
348 7968 2465 2242 7652 4325 1351 3304 9705 4457 3818 7851 6827 3182 9678 81 9908 951 1271 9946 2175
349 2114 9026 9634 3 7395 1091 7012 7844 303 3344 8498 3701 8278 9370 1435 5726 511
350 3456 321 4546 4994 3397 4809 5098 3978 7691 238 1137 2483 8084 183 9018 2618
351 2881 9415 393 1610 4171 6123 5869 8333 9968 3794 6740 8405 8662 8438 3064 3032 4765
352 896 450 5572 6534 5385 5002 2962 5715 2325 9301 2456 6490 3163 7965 6880 992 9955 9827 3431 3753 8491 8812 7598 9968 6705 1009 3894 6903 3959 2877 9533
353 8640 4129 321 4613 6758 263 199 712 109 3697 8242 9138 5779 4628 2622
354 4677 1925 3077 9990 2120 7438 9936 9045 7637 2518 1505 6945 5163 3883 4269 878 3950 6960 2033 756 4661 9400 7546 4027 5756 254
355 2560 5412 5255 7240 2569 6250 3564 8110 8848 3537 977 5298 9749 6681 4249 569 27 8957
356 7652 4997 7496 9385 3274 8907 1451 9708 6893 2669 7278 9070 2704 3728 8659 3509 3798 8666 4346 5980 541
357 6628 8421 1349 2183 8938 8908 3982 5199 2962 9139 1299 4788 5941 6810 4635 8220 1022 1311
358 864 9217 9218 5634 8293 7981 212 148 1141 3894 7223 4855 5755 6076 3805
359 1219 3877 5670 7272 6986 5578 2064 9968 9713 7732 8852 2708 2839 3736 3832 7194 9244 2269 5342
360 2209 321 6178 3012 5925 9386 6382 2767 4946 8914 6709 4565 8661 6550 351
361 4576 4579 708 3876 2085 679 6955 7371 4985 9979 9244 6878 5246 6014
362 2657 321 6946 3524 3652 4104 2728 2317 2093 1231 7439 947 6005 758 7095 7260 1086
363 9319 2825 3753 8362 5035 6413 1998 5105 467 7699 8376 1240 1145 7611 4127 5951
364 8130 3074 1667 4743 8936 2924 6799 4145 979 51 8310 6230 3447 2807 7804 1373 6462
365 1920 1028 7239 2823 8555 6796 4045 3661 5678 3152 6772 1179 7899 5340 7133 8927
366 8706 6661 1670 8075 7438 8081 7892 4437 8922 475 1628 8732 4764 5597 6815 7845 812 2095 9904 6768 2288 8883 5434 8124 4415
367 8483 259 230 4535 8216 8713 4153 7243 8988 6413 1294 238
368 3553 8962 324 5412 2310 8106 1866 6028 3404 8045 2288 3345 7413 2774 7255 2333
369 4004 5962 2254 9903 8626 2962 1843 7315 9492 6644 6327 6906 8446 2398
370 4260 5028 4902 2984 1481 7433 7116 2128 5168 8948 1238 5787 1884 7324
371 4641 3012 1668 2058 5067 3020 5006 7313 2962 1428 6614 6167 3704 5945 1881 2875 4860 541 8030 4063 2175
372 640 7616 4324 2149 3111 5387 5547 5292 9292 4909 4304 1297 3219 7607 5271 9688 6808 6844 7742 2559 287 1055
373 4836 5508 7174 4199 9129 7337 5196 494 5295 8495 3023 6001 8562 918 9368 5852 7998 5855
374 1344 6914 8834 2885 3593 4073 8138 3148 973 6130 3513 4571 8319 735
375 4800 5089 6369 8994 5219 7811 1956 8420 5862 5868 4812 5230 815 6099 9781 2583 5183
376 7296 9859 6086 8231 521 5483 1675 7275 2030 9007 7056 2994 7924 308 3830 1846 438 345 9691 3710
377 3936 1281 2818 2820 6085 7720 7179 847 5362 5906 5270 6775 7575 1272 2458 955 6683 7357 4542
378 1792 9604 1668 2757 4360 6121 617 9167 8630 4694 6327 858 9597
379 3425 2369 4068 3366 8808 4905 6537 1422 719 7282 5237 2426 6234 1883 2685
380 1889 1857 674 5349 2469 518 4999 4871 4967 9544 7880 5193 1387 4432 5299 5715 9751 183 382
381 3520 4609 1955 5702 5485 7629 4302 3502 7951 8495 79 8560 9842 9588 8248 8634 4413
382 8164 6470 8618 4331 6892 1388 3533 9043 9363 1299 5590 6487 6938 8893 3069
383 7554 6855 3623 4296 1194 4493 1296 1010 372 3860 2679 8919 7608 7455
384 6466 6467 5220 8264 2121 8746 9519 79 7347 1941 5461 6774 6970 1627 3869 5054 5182
385 6433 3073 1570 3746 8994 8614 9224 1769 7082 9675 5676 7728 3602 755 4340 660 6677 6934 8535 5880 6362 8189 6429
386 8387 2566 8456 2633 8457 4815 208 6773 2615 5848 153 6778 5402 6717 1277 2270 4095 2463 8639
387 7362 359 5515 1164 7629 6829 5264 2898 9331 8212 5365 88 5880 7226 6938 3132 28 7196
388 8032 3521 6818 162 8360 1579 2540 879 8786 3635 4724 8150 8284 7519
389 6917 7049 6474 6891 9931 3789 7693 2542 4399 4403 6836 4820 8406 2838 6327 6040 3610 2524 2844 9244
390 8800 4705 3937 8994 2115 1445 2630 7751 8392 233 6218 9802 554 6986 5643 7340 8140 4181 374 6010 6174 2239
391 833 2754 450 1252 5990 1961 2794 1517 5972 6967 4152 9179 2943
392 3296 4000 3936 3042 1316 5412 933 3496 4650 3819 8916 3575 8440
393 8064 2 1731 739 2661 427 5682 5107 1174 3894 1559 7736 5177 2777 4572 7261 8286
394 1185 321 2 132 7332 1956 9607 9224 43 4236 2543 6576 9906 9682 2452 4020 3541 6104 4377 3803 3806 8542
395 3656 5161 4522 8459 4332 6737 4692 948 4791 7192 1981 6557 8958 2271
396 3936 3394 8994 5795 5155 8996 4965 4234 1742 2447 8088 1401 5370 9883 3293 8447
397 1376 4449 5443 8644 8296 3657 8841 522 3468 7213 8241 6613 5145 1050 1434 2109 3134 5214 4350 3327
398 673 6146 3012 5995 5355 8011 5133 5457 3285 5877 4757 3350 2327 4602 1853
399 9600 3680 5057 4035 1061 3592 745 1801 3597 1805 9423 79 2192 4434 6547 5882
400 5216 9185 4577 7141 1799 6537 2954 6669 4527 8592 3825 4658 1557 1719 3159 9720 1177 9594 474 61 5439 3423
401 4257 2050 8003 9480 2986 427 4717 5902 7503 9743 7153 6388 1652 8790 8119 4538 2555 3164
402 5248 7009 741 4199 2986 9453 79 3376 659 2580 6133 1238 6968 5624 2746 9659 9085 2719
403 5090 3267 7780 7429 5446 553 3434 8170 8747 780 6862 3025 7413 631 5433 6938 5082 8346 4411 6364 925 7997 2366
404 5857 8033 2 3783 8615 1455 7919 8177 6065 2097 4755 4917 597 9208 8794 924 6973
405 7008 2433 2434 8388 1957 3079 8935 1959 9003 683 7531 7085 5326 2799 5843 276 3093 3415 1436 2973
406 3968 321 8259 3395 5317 4938 2988 3822 3375 1233 8628 6486 1238 8406 8439 9848 6873 4026 9467 7583
407 321 6594 3074 4133 4646 936 6025 1449 5962 4108 4047 9043 4020 4021 2263 2554 4218 5468 3422 9182 1695
408 9568 1058 5223 1000 2121 3562 4940 1774 1616 8432 6324 2996 3670 9434
409 7969 3169 2533 4901 488 3337 910 9806 1360 273 2962 4054 3446 3894 4728 3417 4763 8764 9533 1117
410 513 2146 5122 5762 6883 6503 6311 1256 8105 1514 1548 6226 6196 4180 7510 6265 9177 2555 4062 5311
411 3297 1834 6602 5706 6348 9391 271 2288 6898 3797 2872 6584 9401 6618 4091 7549 5565
412 8900 4903 3783 2952 9833 9545 9004 79 7856 3537 8658 4435 7987 3895 6588 9341 9566 4671 5695
413 5504 1984 5889 1159 9032 8649 4684 7824 6610 2194 1939 2643 4308 5143 7256 2265 4444 5027 1833 9197 9007 9268 7732 1979 6075 6269 3071
414 3009 9602 3202 2 8899 9608 8969 6537 2066 6739 7123 9047 1305 3099 2589 3106 227 9123 4134 2729 9066 110 4591 2673 9842 1149
415 4805 1541 7949 6478 8591 1680 1202 1650 7863 5656 1880 3225 2779 6141 4607
416 1921 5250 260 5093 4199 1992 5065 3690 811 5421 3982 9007 1496 7356 5276 8157 7613
417 7107 9222 167 8235 941 783 5968 7088 7699 5332 5178 634 4159 7391
418 1026 7781 6119 9352 9609 8618 4042 108 8589 9296 1424 7762 1715 2003 9940 1749 2038 2742 7034 5307 3932 2750
419 8195 8387 6021 6150 1002 3531 235 5836 7949 205 4013 6701 9230 1876 4821 1845 246 8854 2335
420 9920 4480 2177 1668 9637 7304 714 1419 4558 7151 6225 7153 7028 2548 1878 7320 4093 4766 2590
421 5536 3427 4741 3560 4169 8043 1773 9901 5869 3982 8815 1072 5040 3474 4314 1851 1948 4893 637 7006 1118
422 8224 5056 2240 802 1956 9733 6021 7303 905 4203 5742 5359 6928 9008 4340 5173 6101 9366 6840 7641
423 4928 352 1538 7939 9638 6984 1288 6153 1645 9007 9842 979 9332 9460 3316 9141 6165 4760 3096 3100 3742
424 2240 3585 7810 5029 457 7883 9067 9739 3821 5583 7280 7893 4469 6613 4502 4248 9688 2233 2175
425 321 2403 6437 2536 3465 8361 5833 7178 652 1647 2546 2549 7063 6583 5880 9945 1979 2555 2462 5438 830 2655
426 449 7713 321 5762 6116 551 6280 42 7852 8716 6926 5775 5296 593 3095 3991 4920
427 7457 2666 1034 4462 8079 1391 3379 243 213 2294 7448 3961 571 2907 7997 2878 6558 8062 9215
428 3616 1536 1381 1510 7302 3398 7591 776 1292 6030 2962 4627 3923 8116 8343 6041 6842 5723 9244 4191
429 6528 7521 4036 8036 4772 3784 6280 9448 8809 2986 3659 7436 2255 79 4913 7153 7702 9176 5307 860 6141 9533 9534
430 33 6258 6803 6549 6294 7017 4041 8202 8156 5598 6879
431 1412 2308 3172 7493 5162 9355 2327 3865 953 9145 5689 7836 2846 9502
432 7138 8738 3975 7976 9290 4586 9803 8175 1743 7632 7762 6260 9622 2555 6940
433 6529 6338 4996 4710 4039 458 8428 8558 5103 9903 2161 9139 8853 9301 2426 9310
434 4420 456 6729 5705 3307 9709 6447 1648 8049 3122 8180 8501 9653 3703 1943 1178 4668 1117
435 4960 1025 2274 6722 3783 4906 8463 1937 849 1361 4178 7380 4020 725 8701
436 8992 5632 1794 9731 9091 5445 293 7816 3752 6281 6250 1130 2701 3119 7413 3638 9848 3706 155 6203 3900
437 5026 8867 9097 5130 6315 524 9265 7634 1426 690 2962 9044 6101 21 7126 1369 5340 1117 190 6015
438 5793 2532 6853 38 9162 4044 4749 7536 3473 5905 9842 1299 3894 5754 9886 94 2783
439 4512 482 6082 8132 8742 7207 8711 9868 7597 1518 5104 6611 2100 3863 9848 5880 4730 1147 2555
440 8832 5890 7459 2887 8712 2409 8491 5900 7053 2895 3088 3154 691 1942 7862 2327 6011 2043 8060 3548 4511
441 5761 8610 5154 6050 740 3845 3077 2892 7949 592 9842 2962 6837 8921 3707 1182
442 6624 321 2725 8359 2920 874 7978 8461 5743 8978 9042 9811 6356 9206 6233
443 2337 7490 4580 8068 9256 9805 527 79 6259 5815 8250 6746 9690 6938 2812 447
444 1571 36 8645 646 8486 3083 9837 7438 3792 7024 978 979 1786 2906 6173 670 9822 2879 2911
445 131 7652 7500 4973 142 8431 3985 9971 2806 2135 5752 1432 9595 827 9533
446 2240 8134 6603 2445 6414 5909 2837 535 6809 9821 1121 675 4389 7336 3753 1898 1323 9260 8686 2350 4463 4529 2225 7288 7736 2555 9086
447 7650 3939 5668 8681 6249 2060 6636 8077 4365 4528 9265 9747 5748 6103 792 218 987
448 8480 3683 5157 5573 838 8711 779 7307 79 496 7569 4785 2129 2003 6804 4341 7349 7285 759
449 6656 3495 6312 7880 1994 4299 5132 4912 112 2258 1107 1855 191
450 865 8513 9635 1958 6054 5671 7048 7147 7979 5358 1167 6608 5872 5553 6999 7991 3193 1466 2939
451 6786 1572 4645 6470 3914 267 8716 332 8748 9740 4173 2513 8337 2769 1874 3508 7636 2969 9947 8350 4478
452 2624 7169 4066 9442 3236 6852 3877 745 9485 3888 4660 3316 7350 2102 343 2555 1340 8029 1310 4702 9086
453 3264 3936 2947 1763 3684 4294 2438 8967 5416 6889 2121 3728 2962 7381 8054 4567 3031 6778 6395 8574
454 1888 1602 6980 5701 7721 331 4300 7310 6031 1264 9968 1111 6073 733
455 2240 5730 6884 1284 6408 5263 7762 5043 6067 6484 5236 7188 1429 6070 5943 4824 1852 7484 7902
456 8097 2915 3460 1668 5928 4491 2828 9069 1421 9903 816 2449 3318 5878 9270 4664 2138
457 448 10 7659 3243 7819 9388 844 9907 4116 1077 9399 6394 443 6046
458 8608 2817 8548 9060 1668 7845 3752 8906 2858 6091 3052 7212 1176 6488 9563 5437 6333 8125 2111
459 321 8451 4040 6281 9354 2379 7566 5838 7699 2262 7899 8925 4382 5474 2085 5997 7277 2158 1007 4527 7025 4786 6327 5884 447
460 1409 6467 8643 935 7209 7273 5353 1289 1962 1066 2126 1651 7604 52 9149
461 9728 4706 9573 5415 1512 3241 5386 9005 8367 8880 4818 4438 3894 3292 8093 7039 3999
462 641 5506 5924 2569 9129 3050 8715 8653 1808 6258 7314 2962 6741 6134 6327 856 9433 2394 9533
463 321 6054 2599 3976 6378 523 6731 1646 2351 7568 3377 5458 1459 8822 982 1596 7966
464 2288 9569 2372 2501 9014 2950 1657 2202 972 8301 8191 8879
465 2979 6692 1668 5734 9545 2730 715 7630 111 1969 7633 4307 2773 150 8055 4504 2936 569 3098 7773 3518
466 7234 6184 2313 9641 2222 5200 5072 5649 7922 4339 7416 381 3007
467 9986 770 5412 2565 9254 745 7562 3722 9933 4397 8911 6223 8176 8338 9555 7382 3255 6584 601 7901 9023
468 4385 321 3234 6947 8644 5444 3781 5254 7022 6257 6673 7092 884 1524 1301 1237 3830 7767 7736 633 7290 6332 349
469 8256 3074 323 4739 8644 9643 1036 7373 3310 1774 6256 6449 9171 4055 8632 2809 6941
470 9507 4771 6983 8041 4557 3376 2418 9815 1655 5880 1337 2137 2555 4252 8924 8061 4734
471 5185 8387 9224 5033 7305 3211 4652 5038 1105 6899 7700 9753 5499 3163 3133 126
472 2048 5826 8994 9955 388 550 328 1353 7886 2575 6833 3377 1555 3507 2711 2331 9438 9950
473 1569 321 3330 6053 5350 937 6473 5962 5770 395 3596 5356 7469 2735 9903 4433 8114 9107 4340 8469 6134 952 152 7993
474 2466 2692 4326 6024 1997 6958 6030 1521 2292 5556 4340 661 4437 407 2296 6650 1181 9885
475 512 321 3810 195 9731 2890 9867 9233 4369 9618 915 8117 149 7285 4854 2870 7511 5307 1979 638
476 8512 8130 4386 4644 4388 356 8484 2117 648 2121 5962 7949 1391 4464 5459 5655 9592 1020 7677 4798 1342
477 5127 3655 5897 4553 9931 8524 8270 847 6545 2707 979 6236 8928 7202 3621 232 3371 6063 1328 9712 2545 8949 3894 123 4348
478 3232 2240 352 5282 6214 7143 6825 3273 1516 2382 6990 1200 1138 8723 8308 5333 4222
479 9344 64 5123 6819 7880 2248 8907 427 1132 4240 3377 6163 8627 405 3190 8855 7354 9178 956
480 2240 5379 8387 5189 8005 2376 1480 6672 784 7826 979 532 5400 8794 9308 8861 8991 352 1124 935 5677 3630 3056 5045 3260
481 3552 7361 3682 8578 2850 8644 2406 935 7274 8843 4399 5716 3125 5397 7477 4728 4537 6521 4314 5659 7068 2685 8445 7133
482 5891 4166 1158 1065 4526 2322 7252 7317 5625 8314 6138 2651 1979 829
483 6404 3141 9030 4167 8841 5418 3437 3438 944 2512 5936 6258 3251 6966 6648 8793 7806 2847 9887
484 2240 9697 9669 2662 3147 3149 7117 7949 5710 8814 8719 2415 7216 657 789 2005 2873 1019 1180 6332 8734 639
485 2144 4801 3074 2790 1736 5768 6728 6633 2156 1293 6064 4882 4566 7353 7482 4314 9436 6685 4703
486 1314 8994 8644 6698 2666 813 8141 5070 9199 687 9711 1807 7952 8722 5207 2264 5081 7386 7259 1244 8125
487 9444 4774 935 4554 5965 3694 6672 9425 1522 3091 8788 4343 2522 2235 4925
488 450 514 3074 5031 8999 2282 6059 7919 8752 6258 1427 1685 6229 3352 9087 3967 7295
489 6468 2596 934 6790 4393 9035 6827 526 1935 8176 753 2802 563 4148 7732 5462 1752 1241 731 5406
490 1377 5253 7301 9381 3144 3081 4969 745 2798 3121 2291 1591 6908 6780
491 1120 9120 5985 8737 5288 1354 8043 7852 44 2001 7153 3059 7699 9624 120 6329 3388 285
492 3936 5507 5830 1639 8295 744 2187 5963 2285 175 8528 7219 8470 8823 7320 5272 3677
493 1280 7777 3521 321 6665 427 7948 6476 4752 2608 8210 3955 1236 2136 56 1817 1657 8121 4442 2747 412 9533 1982
494 1600 5504 3395 325 4198 7 9611 4012 8304 6226 7987 147 2036 6101 1306 9660 9468 3005 4606 4639
495 676 7206 8743 5993 9453 46 3982 7153 3795 6612 1750 9079 5880 7193 1561 2811 2909 893 701 6045 223 6463
496 1504 3970 8387 5860 8581 5895 4078 6095 8336 5617 1139 6613 2614 9430 1366 1464 7321 3995 4989 5343
497 9315 2660 5956 329 4716 3471 7057 1457 8787 3987 4853 4886 4733 7709 4318
498 2240 8801 259 3013 3336 2986 650 4843 2155 6764 431 2288 8690 8819 5109 4663 6360 1624 1209 6170 3002
499 2017 867 6117 935 8200 9545 2602 8622 7504 2321 8753 6738 8245 5654 1402 8731 671
