100
0 4738 3652 137 1227 8461 398 720 1808 146 1494 1368 155 27 91 7707 2268 5469 478 96 33 2849 36 8549 3045 422 935 39 1447 104 236 110 1137 51 756 116 54 5046 120 122 186 2556 382 383 4479
1 0 1 2 3 4 5 6 7 8 9 1290 11 5515 2572 13 14 15 1679 17 19 404 21 22 280 26 27 28 8734 30 159 1440 288 1572 164 37 549 41 940 684 815 176 946 180 52 55 57 1468 61 1597 63 1089 65 9030 199 72 4040 74 596 85 2902 88 1632 869 485 1388 4589 110 5367 120 377 123 252 7292 253 3198 126
2 0 2 3 4 132 6 390 7 1799 8 9 11 139 14 15 16 17 18 148 21 22 23 24 152 27 155 5659 28 1437 32 33 35 44 940 3244 45 178 2741 54 58 3774 62 65 66 1604 2244 69 70 1352 329 78 8528 2264 346 90 1756 92 4063 96 867 485 102 103 751 1524 120 2296 4859 252 637 3199
3 256 896 768 899 2696 4361 907 459 3659 6284 1549 141 5582 78 2191 5519 1362 725 3478 150 2840 3160 5848 3097 1370 4507 225 35 293 551 8295 4009 809 5803 1772 6702 1456 2992 2738 51 7924 54 249 447
4 0 641 3654 8518 9290 908 5196 3404 7313 8401 2706 3860 404 9493 1113 91 2460 862 670 2143 993 1956 3751 1257 3946 2413 3056 433 308 4725 7287 568 891 4157
5 0 1153 132 3849 650 1173 149 4885 155 285 29 1437 797 158 1183 1184 161 36 549 1958 422 1702 40 41 6698 46 2614 60 64 2627 70 4554 76 77 90 859 93 94 97 2785 98 611 869 7915 747 8044 621 1263 240 500 245 631 249 4089 7033 125 255
6 6 7 137 10 12 13 145 17 18 19 20 21 1173 280 25 1310 30 31 1184 34 164 37 38 40 41 170 44 172 46 176 48 50 1334 442 65 1476 72 585 332 78 82 83 86 859 95 1122 110 112 122
7 0 2 3 131 4 6 7 8 9 10 11 139 12 13 14 15 16 3600 17 145 18 4371 659 20 21 23 24 410 28 158 30 32 1315 35 36 37 1452 44 45 46 303 47 5429 309 4023 55 184 2744 57 58 316 63 65 197 78 725 355 229 102 999 107 4848 253
8 4864 901 261 1287 135 10 12 268 9356 2960 18 5011 23 24 411 158 290 3747 35 1189 38 4525 1581 2608 178 50 436 6837 54 56 58 187 3517 62 1735 75 594 83 212 8149 343 216 2140 4703 735 96 484 7269 3302 102 3179 3692 2158 1134 240 8819 121 3961 2171 2430 5247
9 0 1 2 2562 3 4 2820 1412 5 6 7 8 9 138 650 2955 395 2700 14 16 145 1554 19 24 27 155 28 1312 6304 33 163 4390 38 2726 552 45 2735 176 432 53 56 2616 442 58 60 62 6718 574 69 4421 70 199 72 6729 715 204 5200 1106 468 727 6234 2140 737 8034 4962 5349 231 232 873 7401 7147 1388 110 115 120 2170 126 510
10 0 256 1 513 4609 2 3 131 1667 4 5 6 7 135 8 9 138 10 11 139 13 14 16 17 18 19 915 20 3477 23 410 27 28 30 2848 32 1826 290 35 36 37 5926 5031 681 42 1707 47 1327 2871 824 957 193 65 196 199 1737 332 850 82 468 2905 2138 859 482 1506 624 4978 4210 243 1524 120 9086 638 3071
11 6656 0 3457 1 2 1155 7559 3591 8 136 9 650 139 13 653 142 1183 8992 34 39 41 301 46 48 51 54 55 442 60 64 709 327 72 585 206 79 83 2261 91 1122 356 236 494 111 112 114 371 372 117 121 123 125
12 0 1 2177 2 5634 3 4 5 6 7 135 8 9 138 10 11 139 12 13 14 15 16 18 19 20 4500 21 22 23 26 27 155 3483 28 29 1310 32 4514 35 38 554 42 175 1077 1591 56 62 65 2371 69 595 88 731 1502 224 992 2153 878 1263 624 4977 114 117 120 632 121 7929 126
13 3648 4162 1156 1540 5446 393 2185 3659 6480 1105 595 919 3096 29 93 1438 414 6558 2590 2464 1828 1445 358 3943 875 240 3572 567 1271 503 124 1407 2175
14 0 7 8 138 1035 143 1807 404 22 153 2205 291 3239 680 1324 3759 49 185 825 186 4801 450 706 6979 708 196 1477 3398 456 1097 2126 1104 9559 343 5721 5850 734 224 992 482 742 3046 104 8168 362 7147 749 3182 1902 4594 7155 245
15 0 1 513 3 1027 5 6 7 135 8 9 138 3082 14 17 146 147 404 2196 21 22 8215 280 33 42 43 44 301 48 561 51 309 54 6459 1597 62 3774 63 4288 5313 3266 68 709 1734 199 72 968 330 206 6222 979 83 84 468 1495 87 92 9957 1766 231 5482 107 1263 7151 112 2291 1270 120 1401 126
16 385 3715 7367 1100 461 6031 2767 207 848 2768 722 215 1754 2268 93 5791 288 1313 418 611 6565 6630 5222 167 3689 3500 4974 3950 1136 242 1590 1207 2169 634 506 1278 191
17 0 2 1667 4 5893 5 1030 7 9351 8 3977 9 138 11 1420 14 1554 19 1429 665 5404 28 797 5278 6049 1185 418 2342 3243 561 49 1330 435 694 2232 7488 4167 583 199 3912 968 3021 461 8015 1743 3923 3540 8152 1498 731 4443 2145 5218 356 6378 3306 107 238 879 4335 2033 5108 1270 4343 2809 763 252 510 9470 4607
18 6787 389 7557 4102 647 9 138 267 1292 524 910 3983 273 1298 1052 157 161 546 162 803 37 421 3623 7593 6058 43 7984 3121 57 189 66 836 1604 1222 585 1226 204 77 335 720 3410 339 3158 598 609 97 355 6756 229 613 742 231 615 1256 1001 3053 365 879 2416 245 119 4089 122 123 1019 253 8703
19 3203 134 1548 149 536 1689 3741 2079 545 929 34 168 3498 300 812 176 51 1587 309 55 2872 2492 61 1985 708 70 1612 972 333 4430 849 83 980 981 86 2391 599 88 985 1244 861 9053 4317 480 2403 228 358 1128 1896 746 110 5108 245 9081 1529 5497 250 122 764
20 4225 2 3 4 1412 6 8454 7 8 7048 9 1290 10 5514 11 907 12 140 13 14 15 1168 18 19 148 20 21 5526 22 24 26 3483 1052 2591 32 2849 33 35 36 37 3497 7081 41 9519 176 7347 57 442 62 709 199 1225 4171 75 206 4688 595 2659 4067 3172 6373 1638 102 2153 107 1771 3441 2930 119 632 120 249 2298 125 3198
21 0 1152 1 2 3 4 5 389 7 8 9 138 10 11 12 14 15 16 17 19 21 22 23 4247 26 27 28 797 2848 33 34 37 38 3880 41 176 5554 63 1089 69 325 1350 199 71 1482 7242 74 1610 79 977 83 84 3158 2264 96 5985 737 6115 103 5482 107 236 494 110 249 252
22 0 2304 1 2 2818 4226 3 4 6404 5 389 6 7 8 9 1290 138 650 1930 10 3211 12 14 15 19 6035 148 404 1173 21 22 280 26 27 155 28 157 1310 30 161 164 166 40 41 554 299 9517 303 3379 184 57 442 60 61 62 63 193 69 197 198 583 7624 72 73 74 843 331 207 977 468 342 859 731 224 3424 97 2402 355 356 6379 107 236 1132 240 114 501 117 121 8955 253 2045 126
23 4864 0 1 4994 1412 2692 5 8 264 138 273 2579 275 1429 2198 152 536 671 160 9888 42 426 1450 172 48 8116 1972 310 56 58 1981 702 6335 67 195 3525 70 1351 8138 4171 3284 86 343 5336 345 2142 95 482 8802 228 230 361 1385 7658 881 243 3700 6644 2169 122 252 253 4350 126 3839
24 0 1152 128 1793 769 8450 900 388 1284 7 8 1930 138 139 5643 2187 2060 2444 271 16 1173 1174 27 3483 542 1184 1572 679 1321 681 6698 426 42 554 1195 940 7086 175 1584 305 948 53 1334 184 56 185 67 451 708 73 74 6347 8139 204 7373 78 80 977 82 84 725 5333 2136 91 1629 6238 1119 612 3046 103 231 871 104 873 3563 236 108 621 115 1011 9335 3447 2168 6138 3706 382 1151 3455
25 1667 131 4100 6 390 8 140 13 18 1554 147 20 1174 542 31 32 1184 161 35 3747 164 36 166 40 8360 425 44 301 4397 45 47 50 8243 3251 54 56 57 2106 7354 3262 64 3398 1222 1478 72 9677 82 850 468 342 7382 602 1888 101 1645 112 1524 4724 120 3196 3964
26 0 1 3 131 2052 132 5381 8 138 778 907 1420 526 16 144 17 4497 24 25 409 27 797 161 33 162 805 3110 554 299 44 45 47 1967 1584 6577 948 1077 183 1850 187 446 193 66 67 9542 5959 9927 4807 329 4813 80 210 84 342 6369 485 102 1388 624 1656 120 2296 4090 890 3194 1019 126
27 0 1 3 899 1412 5 389 8 11 139 395 6668 524 909 14 15 16 17 20 22 23 151 24 25 27 28 4510 1954 34 35 164 37 679 552 40 299 300 45 5295 47 176 53 184 8761 57 443 574 1221 7753 2889 331 849 82 1365 2780 1117 482 4962 739 228 487 107 1522 4978 119 2296 122
28 0 2048 2 3458 258 899 4 132 6 1031 264 9 137 10 11 12 144 17 914 19 148 7708 31 35 164 552 41 170 44 8492 1583 51 53 824 58 60 61 64 67 198 70 968 1352 78 82 612 621 110 114 1917 253
29 1 1537 66 1607 329 393 137 650 139 331 1803 270 526 2000 337 977 274 594 727 1495 793 281 27 349 223 1697 417 290 34 807 1000 360 490 236 109 621 880 496 881 113 3953 4724 442 762 252 510 446
30 256 4801 1026 3970 1610 1674 75 1933 3149 2385 465 275 150 537 154 602 5914 2076 2014 8480 610 162 8740 294 234 2091 1132 2733 3309 687 1904 432 625 49 6450 435 4532 756 183 184 2298 187 1596
31 0 1 2 3 4 5 6 4487 8 9 138 11 268 12 653 13 14 16 17 273 18 19 915 20 280 408 26 27 1052 797 7454 549 37 1065 554 42 301 4397 55 56 2360 58 316 3008 197 1734 70 199 2504 73 74 1106 211 3676 735 96 867 356 102 105 621 881 1783 5626 253 6141 125 126
32 0 1 2 3 2819 1412 7 8 9 2825 138 10 11 4364 12 13 782 18 20 21 663 23 2841 25 2076 797 31 5921 3489 8993 34 162 1315 35 3110 38 426 554 43 176 1200 2486 184 56 5051 60 1597 4157 709 197 69 3398 968 5448 74 83 339 84 3160 728 2526 2402 2659 995 231 619 3053 624 119 120 632
33 0 6656 2 131 1667 4 7 8 9 138 6539 267 7437 3600 5395 659 8853 9365 22 3097 284 2717 5150 158 31 32 2848 2849 33 7585 1954 2214 9896 8488 298 554 299 2348 686 8751 1583 3119 47 432 3248 176 180 54 3639 55 57 3514 63 961 193 2116 708 69 2374 4172 9933 973 80 4820 596 1365 598 599 87 2521 4953 1114 7387 92 990 1376 609 482 2274 995 9572 1384 107 1900 3053 2291 503 120 2425 377 5754 1917 3198
34 0 1 1665 1921 2 9346 3 4 5 391 8 4104 9 10 138 11 2955 268 653 14 15 16 17 1809 18 19 2707 20 23 152 2713 26 27 4895 32 35 164 9894 1446 1575 681 429 305 178 52 1077 3768 58 442 63 708 73 6604 1612 77 1106 224 96 2153 8044 4977 3441 1524 120 121 6523
35 128 385 3011 388 454 4358 1607 7304 653 8973 3662 975 2576 4435 277 1494 343 344 26 1883 8030 350 1186 738 675 4710 103 108 9391 5552 6962 54 6137 4410 8315 444 6012 829 1150 190 2239 1151
36 0 2180 5 1797 3718 396 1936 403 149 406 280 410 27 3996 7069 9246 163 2979 549 1702 422 301 1966 9521 2097 4273 434 2739 4662 4919 697 59 3003 967 1351 712 585 1481 5329 469 9562 90 859 733 1508 998 106 751 1783 1528 4984 2810 252 1404 1151
37 0 4864 1 2 1027 5 6 7 647 8 137 395 524 2444 146 19 152 3097 2073 25 410 154 155 27 30 158 31 166 40 41 681 42 175 176 48 6577 49 50 2612 54 184 56 60 61 1343 1089 69 198 968 2248 1737 1482 587 332 82 594 88 859 5084 2147 356 5862 236 114 371 120 252 126 2430 8702
38 8704 4032 451 8516 3205 1991 906 853 4630 8342 3926 3034 2078 3359 2593 1314 419 1124 1765 3622 231 360 298 4394 1131 175 1135 3444 2805 6329 698 1530 507 3323 7486 3455
39 0 2688 896 1 2 5381 5 390 646 1671 5895 8 7048 9 393 1930 138 1546 9611 8334 17 1171 148 280 25 797 158 4768 5921 33 34 4388 166 40 5546 554 301 686 46 176 48 50 51 439 55 60 7104 583 2503 968 2889 74 4302 2383 79 207 977 979 84 468 728 1369 2138 6234 2523 1251 356 102 747 107 3182 750 1395 118 120
40 0 1 1153 2 259 5507 388 197 7 8 777 265 73 9 329 2442 907 972 2190 5326 143 151 1880 538 9946 539 159 160 545 482 231 168 5931 365 4849 6001 51 308 2164 53 4277 566 183 439 248 1465 253
41 0 1408 900 516 389 6 7 1287 268 4364 12 910 1679 1168 784 146 1173 665 25 2076 28 156 2079 37 549 6565 166 2214 1321 554 299 3884 44 300 4142 50 1723 3135 64 197 7878 2504 329 205 9678 3790 9039 2258 4308 1877 214 2136 1497 1626 476 5724 1756 97 2147 611 229 5862 104 1262 625 371 117 4728 121 4858 253 382
42 0 1 2 3 1027 4 5 6 7 8 9 138 11 14 15 18 19 20 665 27 155 284 28 2076 285 30 1184 37 935 39 41 43 8364 9517 2862 561 56 4408 60 62 574 63 7360 4288 708 69 74 843 1611 6092 332 3533 211 5973 3286 1495 4568 1369 6362 224 482 2659 5860 356 2150 487 1768 1643 1771 1263 112 1522 1656 121 123 1019 252 1789 126 2047
43 8512 257 1988 1161 2507 77 655 9424 1876 4373 87 664 155 412 2844 6045 158 415 1056 4837 1128 168 42 234 1068 237 174 2480 6258 755 1333 4021 502 631 2169 1274 2171 124 126
44 6402 2050 2563 901 1413 2823 3849 1033 653 272 2577 3604 789 7959 152 6169 410 415 2079 2721 8739 2853 3240 7594 171 1070 3246 175 5936 5555 1204 1077 187 7869 1853 2238 708 1476 327 712 3913 2762 587 716 1871 4817 595 339 1236 1878 1753 5210 604 8541 1379 5860 485 742 1002 4589 750 880 498 1651 9459 1395 2293 120 1401 4089 1017 3065 378
45 0 2 3 131 899 4 5 6 7 135 8 9 138 10 11 12 13 14 15 7055 655 17 18 19 20 21 22 23 26 155 28 5661 29 30 158 1310 31 32 1954 290 35 164 37 2216 554 6698 7850 4266 1714 52 309 55 184 6459 193 65 69 1482 330 332 78 2513 82 3158 1881 1502 1122 1506 355 5990 1510 103 1387 114 243 120 121 252
46 0 2816 1 2 901 2950 7 8 9 1161 138 651 268 14 15 16 1168 1298 4372 23 25 27 1692 28 156 31 289 1324 172 7854 47 4148 183 824 2371 69 583 2120 329 6986 205 8654 983 88 5720 218 346 93 1502 485 2533 102 489 873 106 236 1903 7408 884 4985 634 9338
47 0 1 129 2 9732 517 7 8 9 138 778 6930 146 1171 5910 25 1434 3483 27 1307 6684 2208 288 800 3106 290 3621 1702 39 9768 43 1967 1200 1073 1843 54 3514 188 5182 3139 69 3142 583 2768 339 84 85 2902 1495 2264 9054 480 992 225 737 1762 995 484 228 8933 485 5990 614 233 236 109 4336 625 2291 3448 2685 383
48 0 1283 6 134 7 8 9 2825 138 2955 13 8334 398 4497 1809 7569 1554 914 146 274 147 19 404 20 148 4247 665 25 410 285 30 1312 545 2593 8355 164 1575 39 42 300 48 176 54 55 184 1593 4157 4799 1344 4672 65 1601 198 583 968 72 841 2249 330 335 211 5843 7384 2905 348 990 97 227 3684 356 1510 1384 2920 745 233 3692 878 751 114 120 252
49 0 641 8450 3 131 259 3332 4613 1671 7 5895 8 138 13 272 18 21 22 29 7709 1440 32 33 7970 37 166 7718 5158 1065 6059 1452 301 1325 566 186 59 316 61 2238 1604 4164 69 199 969 74 3923 212 92 94 96 1122 1506 2148 9957 5221 110 9713 7537 6644 3190 763
50 0 2688 4995 3 5 133 6 4619 148 2453 919 3869 926 159 36 46 303 817 55 444 445 1599 8643 69 70 71 1482 76 333 206 1232 2513 216 728 859 734 1376 6755 2787 1891 228 485 233 6762 240 3443 2292 1269 885 8438 1275 2941 125 126
51 0 1 2818 2 3 4 5 6 7 1159 8 9 2826 10 138 11 12 268 13 14 910 15 16 17 18 146 19 20 9365 21 22 23 24 665 27 5659 155 28 1692 30 1826 35 5031 41 45 2613 58 187 63 2500 197 1989 198 72 1225 329 78 977 1745 4946 3923 725 6877 5603 2148 3046 102 1387 371 2420 117 121 5501
52 1088 384 1153 67 4611 2886 1862 198 1096 1417 1805 2512 593 786 212 2585 476 861 1950 3999 33 1186 162 4834 2275 868 6180 6376 296 42 5034 106 2029 239 6514 5299 1012 244 5175 4025 1469 2175 255
53 1408 8 9225 138 1294 398 3215 1296 6035 1171 534 151 1434 3102 5150 3358 927 7712 800 289 1571 6051 803 933 38 1958 679 1704 2857 2218 170 171 43 3243 4525 176 7986 1077 7862 1721 62 1985 195 3395 325 70 9542 71 968 73 74 1866 1483 6092 9551 8660 5205 1495 216 92 3038 225 1762 485 1894 231 873 2538 6126 110 3054 7791 4977 243 8309 118 246 7291 382 4478 6655
54 3 132 7 9 393 2316 13 15 16 144 273 2196 22 23 663 24 5020 29 928 1568 161 35 164 45 3887 176 178 2612 180 52 566 57 954 61 62 830 193 451 69 3141 80 1489 81 468 5982 96 482 1001 751 624 243 115 628 119 4088 120 636 509
55 0 1 2 3 900 4 5 6 7 8 9 650 10 138 11 909 13 14 15 16 17 145 146 19 404 20 21 662 24 152 410 1434 155 27 28 30 1184 161 33 37 166 681 554 3244 45 176 1587 4148 55 57 187 443 316 957 3774 63 2112 3008 65 193 1089 199 583 1737 80 468 725 342 1495 88 2651 348 1502 609 867 5603 869 485 6887 107 747 1263 115 117 1270 121 637 7293 126 1151
56 4612 1287 142 274 146 2451 789 1690 5276 1183 160 1184 1697 804 805 39 1194 2858 3756 1581 3631 1840 1457 8114 948 181 825 2746 9915 3006 5566 1600 707 196 325 3014 7499 203 8402 211 3796 2264 90 1502 223 5472 481 4452 100 868 880 3057 370 3698 375 249 2810 2044 252 8702 2431 2943
57 4099 5 3975 135 4618 138 268 2700 19 404 20 21 26 3613 30 158 1442 37 38 422 40 5801 41 2348 429 176 50 52 53 309 1334 55 448 321 962 6979 708 196 197 2759 968 76 77 3661 335 8272 82 212 2134 6616 218 90 3807 9311 224 480 8672 1506 484 110 7918 114 118 3831 375 7546 2683 126
58 128 513 1284 520 8076 396 909 4493 655 144 1813 666 289 7460 4133 550 294 4390 2986 434 1334 2873 3514 3131 4667 3516 3773 5312 4417 1228 5838 720 850 468 89 859 1627 91 95 6756 2148 1768 6379 1132 8430 7279 1521 4596 244 760 2300 1149 254 1534 126
59 194 2948 3908 902 1480 1096 8969 203 2956 1100 1805 1745 8146 5459 535 216 24 857 8601 3101 1566 2783 32 225 226 1187 2980 933 6246 4646 167 746 684 1966 434 178 6134 2231 2104 762 2043 1277
60 6848 130 1799 1927 583 75 2573 15 84 85 88 216 25 409 219 5661 95 229 101 39 40 1513 297 106 107 1131 235 43 747 238 111 5616 113 310 3126 3319 951 122 123 4413 3455 3839
61 1 193 385 2114 131 6467 323 69 135 7433 266 1546 1227 9294 4942 79 211 468 213 342 215 408 984 89 2649 1754 26 221 797 351 2976 32 2592 230 3624 105 362 815 625 1137 566 374 5751 55 7672 121 444 63
62 0 1 2 5634 1283 5 8 9 138 2698 14 16 17 3345 3858 5395 404 662 919 2841 155 27 2076 28 157 9502 7966 7454 3870 1310 31 672 1826 34 9634 3363 1187 2858 45 309 1591 2616 56 2106 4413 61 195 2116 69 197 3270 583 7624 74 79 982 87 3927 2521 1881 348 1117 1122 3428 3044 6379 236 3052 495 111 5876 1012 117 245 4982 118 2423 120 382 5887
63 0 1 2 131 1283 900 5 7 8 9 138 267 4364 4880 1554 5779 660 3349 1303 155 3100 285 1054 929 169 557 173 3248 436 2359 3642 445 4801 2371 7492 1349 709 1223 5448 968 2378 971 205 1869 976 1104 6481 3025 8402 468 1495 3423 8543 1123 102 2158 4336 370 8947 1779 119 506 2683 4605
64 0 2 1283 3 4 6 7 8 9 265 1930 3211 11 399 784 2705 17 6290 23 408 27 28 157 7837 542 671 166 296 46 181 310 58 63 5055 962 69 72 1737 969 465 3032 9305 219 348 1117 224 2145 100 1384 1005 238 6767 9584 240 6769 3317 4342 120 505 379 126
65 6913 2818 132 2180 390 646 135 13 1679 20 277 2200 410 157 32 34 166 38 552 41 42 44 429 941 46 432 178 3378 434 4403 5429 4791 1336 56 9017 59 1476 1732 69 8901 72 73 841 1491 343 1623 604 1628 734 97 355 9572 103 1385 3689 1004 117 1017 764 3582
66 6656 0 1793 2049 4482 2 132 1413 8 136 9 138 395 524 1042 3477 24 1564 7325 1951 2852 549 45 49 307 947 309 3257 187 2491 1979 574 1087 1988 3142 4040 457 5834 462 976 3676 2653 3041 101 485 1128 2922 236 8688 114 6131 119 7162 7674 4347 636
67 0 1 2 3 4 5 6 7 3975 8 9 1290 10 138 11 3467 2700 12 13 14 15 8080 18 19 21 22 23 152 1434 155 27 28 29 157 9886 30 31 671 35 36 37 38 554 52 3767 4023 184 57 3389 61 65 69 71 1225 78 979 468 88 1881 1506 2148 229 1387 1263 7537 1521 118 126
68 0 4226 517 1669 134 3591 647 397 9360 8466 6163 1428 2837 279 25 1436 156 7584 5667 5286 424 1320 40 426 8241 1078 2487 4919 314 62 63 2112 194 324 715 76 461 79 8911 468 84 90 604 1888 98 612 5350 487 2152 112 1395 243 372 887 250 4347 509
69 1408 7042 3204 388 516 519 778 10 139 907 12 3853 1294 142 15 6543 2448 145 19 659 7827 20 30 671 2085 1446 42 426 43 44 6452 4276 2100 54 2359 55 2616 2744 824 1593 572 62 63 2112 3520 9665 3266 4035 68 73 971 4301 335 8271 82 83 211 84 4436 599 216 1757 1119 4834 3299 356 2919 3561 107 751 1522 243 501 117 762
70 0 384 577 836 7303 840 73 459 203 5580 79 1491 147 404 984 1113 410 90 666 2973 545 162 226 36 42 298 2090 44 46 367 176 240 48 626 54 248 762 378 59 253
71 0 2304 1 2 6018 4 6 1671 7 903 8 9 523 6668 8334 15 655 143 399 4881 534 4632 27 2591 290 546 4131 36 2212 2477 4656 7600 9906 439 1721 1090 66 67 68 69 5447 5195 204 4044 77 5329 2513 8019 728 89 859 3424 355 3684 1384 120 1272 252 2684 4221
72 2433 6082 515 388 261 1478 9478 3016 2313 1353 75 9613 6094 9359 1360 785 3410 1621 1558 2262 4630 475 27 476 477 1758 1566 543 3231 7589 1509 1190 4838 1384 2859 2029 5038 2094 750 948 53 8629 7797 8184 313 251 1215
73 131 515 776 2703 149 1558 2201 1562 1307 156 3357 1311 1442 1571 37 2857 41 1195 6188 4524 7218 52 2869 952 57 4923 6589 703 63 320 1472 9794 69 1611 3403 1484 333 6735 1232 1106 597 1494 1495 1114 8156 4320 1122 98 1251 1128 3818 1386 619 112 3824 3826 7798 4726 8438 6518 3706 250 5627 1277
74 4609 2 4 5 9 10 11 12 268 13 14 1038 15 1807 145 19 5011 21 149 5526 28 9246 2848 37 38 1447 8875 8365 3502 3759 2735 1332 54 1210 1979 443 316 4797 446 65 199 9543 968 201 4429 6097 83 342 7774 7518 2526 96 2274 869 102 3943 8938 8427 5484 621 109 878 880 243 4597 5621 501 2296 1401 377 121 2427 126
75 64 1 257 2177 323 69 5 325 454 583 1671 392 1482 587 14 590 401 977 849 402 147 6165 23 155 28 29 8734 222 159 98 356 100 101 165 679 873 489 174 112 1841 49 120 9464 58 60 63 2431
76 0 1 6402 2 3 131 900 4 5 389 6 7 8 3849 9 10 11 2060 4364 2700 12 13 14 3470 15 16 6288 145 17 19 659 404 148 21 22 3992 24 152 155 27 28 8988 157 30 542 8095 35 164 549 37 166 681 47 50 3379 2614 184 957 62 63 1344 65 5313 1604 199 332 3279 3408 88 867 869 999 107 236 3182 495 112 114 371 372 1780 2168 121 126
77 513 4098 135 651 8332 3981 271 144 3603 403 1300 533 8733 31 32 1577 3884 7342 6961 52 183 1593 59 68 1352 330 2378 75 720 81 2258 82 6745 2265 92 3293 4959 1122 1251 2533 1638 103 1258 235 9710 5872 7792 2942 254
78 2818 261 391 1801 7307 396 909 654 5902 1686 154 4130 292 2981 37 1959 168 680 171 300 5558 183 1591 186 443 59 572 1597 318 961 1601 4421 454 587 1613 845 2509 210 850 7895 87 6744 859 2523 1502 352 611 9832 105 2282 1643 5616 2162 245 117 885 1913 3706
79 256 130 836 71 8 140 76 5069 782 206 3983 16 80 81 146 594 87 24 89 410 538 4122 476 156 157 159 97 98 34 227 995 484 485 2983 1959 300 45 238 112 51 115 372 52 500 119 121 57 4281
80 0 1 641 2 3 4 5124 5 8454 8 137 9 2060 14 782 15 2063 145 4241 659 147 148 2198 919 27 28 287 1572 6057 1065 426 686 1454 309 181 2614 316 61 6337 197 1862 971 75 81 3281 3923 726 88 5209 9947 3166 990 94 95 101 1256 8040 1386 496 1012 1911 120 3708
81 1 5 2185 138 147 19 662 25 282 156 1564 8094 31 803 36 167 7081 554 300 684 173 3631 432 4281 59 829 63 7234 67 68 325 76 79 9039 978 85 1750 727 345 1627 861 95 355 5091 356 102 363 3441 113 1017 764 253
82 128 6656 3457 1665 516 137 6029 271 3471 1937 146 1300 2967 1303 536 3097 155 2717 158 161 163 3493 7975 40 426 42 43 4018 2739 52 60 8643 1734 1606 841 73 77 80 978 339 7253 341 1628 5472 484 999 2282 235 494 112 496 247 1274 5882 252 7677 125 126 2047
83 0 1 2 6147 387 900 7687 7 519 8 9 267 779 11 140 7315 19 3348 155 669 549 1065 3244 49 179 1332 3769 319 70 968 970 589 4178 2132 86 3033 2780 3420 3293 2654 4704 227 2791 3175 105 106 235 7275 3692 365 116 501 6005 120
84 1 390 776 138 12 140 13 2701 15 145 914 21 22 3222 24 155 28 5276 29 6049 33 289 34 38 168 4266 171 44 940 45 176 50 51 54 57 62 3008 64 65 4291 455 72 1737 74 204 2126 78 4432 1745 83 3412 1236 86 9047 5725 7908 229 102 487 1256 1131 621 117 4347 123
85 2432 3456 516 2052 5641 138 10 139 524 1292 782 656 2065 274 403 20 3224 158 544 417 166 422 2730 938 299 183 187 1344 66 7876 9030 201 74 970 330 78 3024 83 2651 1756 2652 1757 2397 2017 355 5605 615 1001 5225 3180 3569 1137 1393 1398 6135 249 121 636 4606
86 0 1 2 3 131 4 5 6 7 9 10 11 12 13 5773 14 15 16 17 145 18 8978 19 404 20 21 277 23 152 25 26 27 28 285 30 7584 35 164 37 38 9514 44 303 178 1591 58 60 1468 62 193 1734 199 72 968 211 96 102 252 126 510
87 130 6915 1541 134 909 5136 1041 22 1558 152 281 6045 2334 32 2978 1702 679 552 1073 177 949 1847 5561 442 1725 62 70 327 331 2509 717 4048 82 598 475 92 1884 99 7013 742 615 4460 364 2288 625 882 371 6134 251 2428 2045 3069
88 0 2 3 4 6 7 8 9 1161 2316 9358 15 273 8465 5778 4500 660 22 278 27 928 290 1571 5668 2212 1958 3879 554 5546 2475 7727 6831 1583 5296 52 7734 1080 7481 957 2372 1223 3400 4171 7117 209 2143 480 7777 869 4841 3561 361 238 9710 1263 497 2552 9208 3704 9593 250 1275 124 510
89 646 4618 267 139 268 3470 272 17 914 532 1172 26 545 161 36 424 40 41 943 48 50 436 53 4537 9657 189 3137 1601 66 3526 6087 583 2120 841 2377 74 79 3024 210 596 726 8790 1495 88 218 348 1757 4962 867 2019 485 5350 1896 233 110 1134 240 1008 625 245 636 7548 2941
90 896 1 3457 5 646 135 519 3977 138 139 907 14 655 6160 2322 19 20 23 25 27 155 28 1052 157 158 31 288 1189 38 679 424 1704 425 42 554 686 49 55 184 8381 63 449 65 2371 198 4551 72 201 330 331 716 210 2899 83 1110 88 90 218 92 4829 9054 9824 3299 1384 4329 1260 751 372 118 120 1016 2169 638 255
91 644 647 9 6795 14 654 4370 148 663 919 1691 5659 5275 2972 3229 1437 414 670 5664 421 9127 680 3244 1070 4148 948 692 7607 184 825 3003 2492 4289 962 1091 1221 455 1227 210 1746 338 211 339 85 5850 1119 97 4962 2020 4581 869 998 7913 2033 4081 113 374 375 120 3066 2685 7167
92 132 1799 1673 2572 142 16 144 659 2067 789 6166 24 3097 1434 161 549 1958 166 41 7977 299 45 1583 47 815 304 176 49 1714 9138 179 1334 57 316 451 1862 71 74 715 75 7373 206 80 81 2385 210 595 216 346 7776 97 8801 3299 611 356 106 107 235 108 8948 121 2298 255
93 128 3586 197 1862 327 1736 201 1098 3532 207 1103 3535 9040 915 276 597 85 150 2073 1948 2205 1951 353 866 164 549 4070 871 616 555 108 2285 750 5041 1010 244 632 6137 185 122 4219 60
94 6785 900 2576 272 4625 402 2965 5909 2329 414 7971 7590 2601 554 171 812 557 686 178 946 948 697 572 189 830 1344 321 2882 5447 1223 2120 4425 77 206 975 725 857 218 91 225 3428 1000 1001 5483 1008 757 374 4857 1150 1790
95 321 5442 258 2820 2436 7173 2437 1863 200 395 75 5516 652 5390 2894 4238 594 2195 277 1112 344 217 3995 3227 929 2017 742 1575 6951 487 488 2668 813 5101 2670 1582 240 8243 119 9271 313 3646
96 2 2818 131 4 391 10 11 267 12 140 271 145 18 19 149 24 152 155 28 542 31 163 2088 45 303 310 184 56 57 58 1339 189 63 2240 65 70 455 201 74 715 1361 2003 596 219 224 737 609 229 1001 108 504 249 123 8955 127
97 0 1 2 3 4 5381 5 6 7 8 9 138 10 267 12 13 14 15 914 18 19 148 20 21 22 1434 27 5276 28 285 29 9630 30 671 290 36 426 4266 4142 815 1200 50 62 63 65 69 197 72 2889 329 1868 4301 78 84 6102 86 1881 90 9691 2653 100 103 6379 879 624 3441 114 1395 375 120 121 249 126
98 0 1 2 3 4 5 7173 6 7 8 9 10 11 139 12 14 15 16 17 5394 18 19 915 20 23 3097 410 26 27 28 797 157 285 30 927 32 38 41 44 2478 303 7347 52 55 56 6201 58 62 63 65 69 198 72 1736 329 7753 82 224 355 2148 229 5350 236 114 2039 120 121 249
99 0 1793 8707 4869 1541 7 135 8 9 138 10 139 15 22 406 155 28 29 30 160 4258 1954 36 3110 166 39 168 1320 173 2478 686 175 303 7218 1334 56 61 62 63 65 7234 195 68 69 1093 1989 454 199 583 1352 8270 79 81 4818 84 599 5851 1756 609 482 103 9447 3057 6385 370 117 119 503 1911 249 252 637 1023 511
