500
0 2404 7652 6472 7561 5005 3469 8366 9807 7474 2645 1207 3261 9021 8413 221 1470 1791
1 2816 1924 548 4010 2349 205 621 9968 241 569 8987 8699 6205 5790 2207 7583 1375
2 1216 2340 8293 7814 7 1544 7242 9231 432 6737 2643 6644 3608 1752 3963 4092 5244 5085
3 2784 5827 1476 6692 4230 8134 1098 6956 4076 2258 8595 5300 5622 8251 3453 4541 7997
4 8768 8832 4994 6467 1668 199 5704 9993 9577 5962 2413 3950 5232 3828 6389 1973 9878 3802 4314 4319
5 7361 6915 9093 2760 7753 5258 6986 3087 9169 3731 6676 4439 8343 8217 6617 7834 2396 1444 7652 4326 7467 4589 6577 1396 952 7992 1534
6 705 9698 6826 2028 6412 3660 6061 7055 2640 2288 5621 7413 5979 5948 4412 4958 5470 1087
7 7265 6598 4744 2152 7530 6482 8979 9205 6325 8726 8284 6653 4029 4223 7519
8 1472 7842 9096 3144 5259 9739 1195 5228 1452 654 3630 1134 1615 5748 3188 3925 1205 5783 8279 1943 8696 1084 3678 1183
9 8352 4226 7266 196 837 4869 6021 7463 3176 3113 3723 8683 7308 6062 622 8498 5977 1822 3391
10 6762 4074 5131 2480 3792 4851 3859 2067 1299 2868 2100 8566 1303 7672 697 4569 6170 443 5981 2175
11 1728 128 8580 1157 1477 2471 2986 4875 6731 5072 9745 1617 7026 5652 9464 889 2490 8637
12 3936 3073 389 199 5610 7916 6831 1200 2577 4626 2962 4435 4500 436 828
13 4448 6433 5188 617 490 210 4662 311 8089 2041 4314 5916 253 7837 1343
14 4352 2342 71 780 8364 493 304 5458 5171 7219 8277 9303 88 9914 252 700 7228 1535 5887
15 8994 1668 2182 8874 5451 4907 6766 2320 7344 945 9393 7572 7829 4151 6007 602 5946 6651 9019 2652 7772 8028 9852
16 7873 7014 4071 4776 3339 1774 3982 7888 4336 6482 1556 9140 8212 533 9014 1496 3673 4921 9244 3005
17 1280 1123 2243 8068 7431 105 9194 5907 1812 7413 950 5048 2904 7736 1467 3836 3038 2430
18 9184 7299 3268 8005 1989 6502 9703 7815 5479 5064 7120 9202 6931 4596 4213 5237 7126 4855 7000 9976 9465 3513
19 9601 4801 5155 4326 2598 2663 6696 3371 5739 3884 1133 9007 976 4020 5269 4855 8858 2106 3835 4060 1212 8221 6461 2782
20 4547 836 644 1668 6694 1031 8007 3377 4597 2742 3320 4155 9564 4126 8639
21 6400 8227 1796 5509 5126 8455 583 297 5226 1580 7372 1101 4816 8017 2324 3222 215 4954 5341 5437 9759
22 3173 1766 8521 5679 9007 1168 4050 7605 2904 8860 5340 7165 9213
23 5409 8193 2595 8387 9125 2025 3790 2574 8754 4306 2451 2356 5750 9689 3418
24 901 454 2984 2123 1259 1867 9835 3467 4176 4945 2071 1528 4664 2937 9532 8989 5310
25 3584 1408 3936 3105 1282 7 3719 3913 4687 9008 624 8210 9299 2037 5721 4666 6652 316 9822 8863 8959
26 3872 6785 3457 2724 4841 5962 1420 689 7825 5303 732 8636 925 4990 7615
27 2597 3174 3943 5834 8268 4556 5069 7055 6191 9135 3984 3122 5842 9496 8473 2297 4027 2875 9982
28 5632 834 6148 4293 4486 455 6281 8524 1806 7120 8531 3543 8344 9435 5341 5278 1694 7713 8931 9443 4844 685 4784 5747 699 1917
29 6787 8293 6438 6920 4136 9 8297 8812 6702 79 8502 9881 2842 2234 3355 5275 7134
30 9505 2 2373 9768 139 9742 9744 2930 8498 4149 569 7129 8538 4314 1307 3612 1661
31 8897 4674 774 3110 4551 7563 4107 9004 1230 238 591 7759 8018 307 115 6421 6101 2555 7710 9758 5887
32 2946 6532 6404 8197 8523 5903 1871 4626 7890 84 1763 6374 7335 8040 9832 3498 8812 8174 5166 9838 7664 2288 5108 4341 3705 6330
33 3008 3104 3393 200 1737 4651 7883 2059 6187 7885 6029 7601 7281 4086 2934 3032 5242 2014 7358
34 3360 4513 3073 5413 3077 1799 5417 106 3022 4176 6485 151 2392 2680 8792 7320 9241 3323 2077 3326
35 6561 2277 8137 1353 5866 8970 8139 8332 9199 9968 6993 2835 1747 2741 2166 221 8511
36 9409 5505 3585 9187 6467 9955 9413 4874 3243 8689 7153 2322 5491 148 9144 5912 7802 5307 7933 5822
37 7744 5408 7296 9664 802 7716 8071 3687 9640 8784 7155 981 8406 9367 7258 1533 5982 5022 6494
38 8065 5762 8227 678 838 872 8680 7626 2475 9235 7733 6775 7162 5338 1275 1468 7614
39 2016 1345 1953 5762 3525 41 1642 6699 9707 8716 7980 6060 6258 3958 6198 4726 2199 7033 6778 476 2205 2685 3551
40 7681 5922 9538 1763 8293 133 966 873 6281 268 1966 9459 5014 2809 2617 5658 9306 989 8573 3167
41 5060 3686 2570 9227 5548 557 2958 9522 5523 1491 4211 7220 1397 3286 5398 5113 574 94
42 3488 8896 3584 4199 8905 2697 9545 6154 2411 8593 6193 5009 3891 3348 8954 3515 3547 4091 988 2653 1534
43 5635 4363 8491 2188 7949 7311 7920 3728 1648 2705 1105 8179 9139 9846 9719 5880 6585 5594 6652 9244
44 1984 9780 6964 6165 8490 4619 2555 9212 2941 2510 7870 8382
45 1440 2 2019 4931 3588 2628 9829 4583 3047 8050 1011 7060 6100 1014 6492 7422
46 9152 2945 8162 8866 9266 8227 3526 906 8605 8990 3807 8703
47 1542 1831 1450 7787 6285 7828 4052 20 148 3349 8470 6582 7962 8794 9244 861 6495 3679 8031
48 3233 7938 4482 6147 8325 3814 2662 9063 5384 9129 139 8529 3857 3028 7124 2871 6327 5435 5180 6044 8095
49 9600 2304 2240 7553 3843 9605 1702 4297 1577 7434 523 5195 2511 3507 4214 5880 6587 1789 8542 6270 3774 991
50 6497 4385 4488 1162 6639 7122 2613 6901 502 3574 1238 9528 5208 1691
51 1025 7043 647 2768 6992 7253 408 7833 6938 6301 1439 5151 5920 4966 9191 6573 4401 626 5748 5557 6071 7736 7992 7485 9407
52 3751 935 6248 7755 2731 6925 82 3954 5106 5778 2962 7699 5527 6456 4761 7742
53 4834 1666 2755 9028 8549 8965 3877 8168 6153 9770 6030 9903 3416 7577 5595 6363 3356 8414
54 5440 352 3586 2530 1954 8354 8579 2340 3461 9836 7438 4624 2898 8116 6101 9623 7031 9915 5885 2206 9535
55 9120 7488 1634 7330 4804 8650 7147 6797 2349 2414 7855 8144 2929 1110 2070 2327 9016 1919
56 7552 4096 9921 321 7874 7044 6662 5902 656 8214 8090 5917 1246 863 9443 3047 1262 3566 6447 5615 7665 5492 9336 5564 9533 8702
57 5601 4484 8199 2892 1390 79 5969 3185 9716 1557 342 2361 4539 2527
58 1731 6980 935 6537 1770 9450 3916 4140 8428 9869 3565 2544 9619 9684 3732 8756 469 2677 5654 3543 7864 6137 1565
59 8005 9545 9738 941 1774 9007 9807 9840 8368 8752 6897 7989 22 4950 6902 600 443 7227 6812
60 9892 453 5386 8491 8654 850 8883 7508 6197 7479 1016 2457 7929 3386 412 6109 7903
61 6241 8225 1122 802 4419 1638 3753 4972 364 5008 6547 2900 6708 7732 5301 1429 2554 1979
62 3232 7906 451 2662 8102 6727 5224 1225 427 1900 9900 6381 1682 7835 3996 3423
63 3138 7619 5988 6054 2058 5804 6541 5390 9518 79 4624 9968 1175 4855 4824 5497 1785 8953 250 8510
64 321 2626 3235 6405 8902 8134 6054 3115 9547 8013 3759 560 6672 7442 5110 2712 2904
65 6144 3074 9795 1574 8582 1546 842 6539 8813 110 5135 1584 2422 5078 5495 8728 4219 7963 8125
66 64 2147 7269 1414 5735 8527 497 1075 7447 696 6074 4156 413 607
67 7296 3651 7652 2407 9960 8266 4849 5428 6168 5561 7738 3548 3549
68 4225 321 1698 7075 1892 2340 1476 7718 7115 2764 4080 6032 8305 2551 3961
69 3210 75 8684 6801 6131 1781 5493 1430 4951 8663 3992 1400 8729 3002 3195 3964 6621 2910 7710 8894 1918
70 6625 9444 2534 7433 8522 8621 4909 3505 1586 338 9842 116 6292 439 23 4855 8349 1437 1119
71 2432 6978 326 136 4362 1227 7179 8209 2897 5393 921 793 8794 7131 6747 286 3166 6752 5412 2863 9330 8887 8183 7289 6073 2298 9338 8508 9917 7806
72 4705 5698 5762 8994 5544 4457 4459 2892 8431 5874 9299 3540 6102 9622 4281 3161 8121 6491 3995 7135
73 3584 3969 4995 6595 9732 2184 75 7500 336 6547 7771 3102 6367 6370 2788 4837 168 6889 8812 4079 8053 4985 1081 2681 5053 5503 3263
74 6499 5923 7651 164 2085 3720 1776 8243 3573 5911 4888 7800 410 8701 7517 478 5631
75 4704 6817 7585 3428 6213 1734 9961 7593 2476 4271 6192 5777 8309 6711 6232 9498 1787
76 3841 9954 9736 3721 3882 7018 2858 1515 8491 76 2796 3120 8498 6003 7221 8920 1083 1788 7292 9470 6718 7679
77 8193 4035 6404 9959 4168 7432 5449 8396 8589 3213 8238 4399 6962 6642 84 6292 8757 8151 4890 284 3836 8671 2815
78 6054 6951 3207 1383 8776 3049 8778 6316 1678 208 9557 247 9209 8986 251 7004 828 2013
79 4801 5347 9317 7205 2057 585 7849 6346 2252 8462 2417 4403 9075 8531 1140 1908 374 5302 56 4350
80 352 9889 3074 5509 1125 1319 9127 8169 8491 4654 1299 3285 214 6710 6584 9722 4315 4027 4765 7166 4831
81 3936 2240 5441 7329 673 3747 9667 1860 804 133 3048 5193 2157 655 6640 5456 7762 9683 7606 9239 7615 9055
82 4514 5124 2662 9798 3946 5326 4655 9615 9872 4721 6963 3253 1626 4734
83 4320 8740 7078 72 6952 7240 9548 3180 1358 5266 9299 7187 1780 4533 8022 2390 6615 2231 7771
84 9025 9636 9188 356 7 6280 3689 4842 9962 7883 3022 1710 9040 7954 2962 1044 4852 2615 283 5532
85 6210 9157 7590 2470 8520 5004 2032 1040 6672 1106 7443 2485 4246 8248 7545 1757 5437 4350
86 7296 4385 3009 4134 6631 9704 2568 2892 6797 6734 3282 7574 9944 5273 7418 1914 5117 6237 6110
87 2496 8736 5825 1218 2307 4100 6052 8804 773 1003 2155 5580 8493 9741 5871 496 2295
88 9953 6850 996 4229 5097 6730 2955 3662 8145 5780 9079 1597 1117 1375
89 2 2468 2340 2408 3371 2092 9293 9422 5680 8306 1428 6196 8373 9461 2263 7545 1625 2139 7707 9820 8831
90 8000 8904 7752 8104 7945 9483 4847 4175 1554 5555 4244 1208 4824 4377 2266 1308 9244 605 8895
91 9761 6403 8836 3012 7240 2600 2121 8586 5547 1356 6221 3053 8110 2128 8976 1585 6482 4147 3092 7864 3545 8604 2460 4094
92 3553 7233 321 8516 357 3877 3529 9129 1738 4971 782 1199 8496 9265 6035 7699 4180 4629 6101 6551 6296 4699 5371
93 517 3717 9797 3783 9129 1002 6187 9421 3278 8495 787 4182 183 6393 4796 3325 6847
94 2112 8801 1379 2052 2150 135 839 8401 7090 407 9687 4056 1530 4507 2555
95 5856 7233 321 7203 8547 259 3781 5287 4264 5451 6547 788 6135 2648 9850 2429 927
96 8817 7971 2916 9573 2997 7880 8620 8540 7132 8749 4909 4046
97 4224 3489 7108 8742 8267 2860 4429 7183 6674 1267 6613 1529 1052 477 3741
98 257 3716 7429 6631 7303 5064 876 567 3192 3352 1018 9692 7164 8828 7230 30 8830 8671
99 4423 5639 8104 4648 6185 4330 7114 299 5483 9038 462 3727 5685 1080 188 4639
100 4160 3744 34 2212 9252 6020 3144 1192 7241 5194 1739 5708 4364 6125 8722 4501 3445 4280 1498 9500
101 6849 6083 9573 5800 7276 2604 3276 557 7439 9681 7153 8307 1492 724 2615 6231 4025 7550 2974 9567
102 225 9857 6630 486 4679 4871 8329 8074 3755 843 6286 7312 6258 2003 8692 2647 9271 8443
103 7234 8450 7556 8005 6982 4710 969 3241 6347 9260 6157 3341 2605 3567 2480 564 5432 9720 4986 9787 3932 9598
104 3522 3909 5894 838 4808 6537 1289 8939 5933 9357 5421 174 2293 2998 9943 5240 9530 7996
105 9312 7586 8452 6692 1829 2118 5862 2790 7975 8487 9225 2635 6030 8465 786 9075 309 6613 5334 7670 3290 122 4957 1149
106 1668 5412 2726 3303 7079 1767 4519 9514 1357 9199 3379 3033 1117 543
107 9632 4290 9606 1831 8391 6471 1774 3982 5167 9137 2961 5138 3254 7357 9086 8830 9183
108 6528 3842 1668 6823 5704 7531 6380 9644 5006 6126 7759 529 1971 5173 540
109 1665 3586 9444 3718 9031 935 5769 6122 716 9199 7858 5715 5396 1461 6805 7925 4793 958 7486
110 6881 3490 9411 7429 2886 1581 3504 7284 4692 4340 5141 8598 1112 6200 7032 1145 5053 9533 7967 8351
111 738 2179 4679 4199 4647 2472 9449 8300 113 5458 2962 8019 2644 2422 7481 9593 8761 7641 4474 3101 4991
112 2176 1728 2018 8932 6949 6373 7621 7429 2278 5608 2634 9610 4750 79 4304 9968 4823 7575 6331 1503
113 4865 6404 4102 935 3145 6251 4396 2061 3950 1071 1839 7921 882 6962 4531 278 5049 6459
114 1633 2 2019 5063 8167 4108 7948 7310 9518 3887 9616 6323 2803 4915 2260 5399 4311 504 6586 3130 9723 8700
115 9124 3813 8870 2218 9515 8652 7949 5966 7889 8146 2290 1204 4660 54 9111 8441 538 6044 8765 1631
116 5152 7715 5156 9161 3530 2346 396 2508 3501 1134 4527 6672 6034 9746 5492 7797 5848 5788
117 2208 8387 6789 3143 935 2537 4779 7437 2734 4558 6030 3024 2643 6516 5014 6327 6938 5115 3103
118 8387 5636 1479 4939 2318 7896 9432 2586 6170 8027 4317 100 8295 4840 492 9965 7087 1904 625 7154 3058 6643 6261 3835 9086
119 6790 4873 9034 2922 176 5233 7153 4274 1298 2739 505 5466 1595 2876 604
120 6369 2982 134 9065 2443 7758 3184 2960 3376 3538 2226 8725 9494 4728 5305 5625 9244
121 3521 6821 4901 6566 4167 9192 6986 8203 2571 8750 4720 1265 7153 178 7860 4277 6584 4285 5247
122 6560 8352 5318 7558 7912 7501 3758 2864 434 468 2932 8212 9912 4633 9178 3451 9179 668 6588 5245 8159
123 1476 9988 1478 9702 2279 2857 6313 5929 80 6578 6258 3158 9431 24 7288 1593 7706 8891 5788 7133 1950
124 7072 2723 6344 8489 2058 811 3981 1933 3758 79 6896 7157 3701 8951 9464 4728 1722 5917 1534
125 1152 8674 2889 238 9040 8848 1362 6900 7927 8601 4377 9786 8154 6875 5052 5662
126 5762 5442 450 7684 2052 4356 3017 1290 2699 4941 9874 6226 2643 8289 2657 3364 552 4649 4780 1454 366 2165 501 2171 5500
127 4035 1668 6279 6376 4170 9451 9073 8241 5746 4082 4883 2099 4020 3993 1724 2173
128 960 3137 1249 6819 5219 7557 1223 6954 7883 4813 2607 3631 8977 4948 3157 6262 118 6743 7001 1850 827 5917
129 385 2 1988 965 6181 3877 806 1222 8233 5997 5073 6938 8091 9404 9694
130 9089 4481 6978 5316 8644 713 1289 5198 270 1295 3728 2128 5330 2962 979 9174 6936 8985 8410 353 4901 487 9327 3578 2555 9533 8125 6463
131 4450 9989 8423 8617 6282 6155 6827 2926 8718 5519 9679 4977 1042 84 7480 1496 4573 1693 447
132 6498 9380 3972 3111 360 8724 3316 4087 4375 1911 1144 5593 4538 7579 8827 4188
133 4672 7425 545 4835 6212 325 3365 2150 5286 9576 1896 9323 3468 9230 2227 2999 5176 9848 8062 8190
134 7296 6115 9443 3622 3528 2088 8365 8590 1999 6514 6134 7639 7513 3481 7609 2521 6427
135 5664 8832 3653 9861 1317 5477 7782 6375 7624 7820 78 9839 3568 9584 2034 9461 3958 7769 25 9533
136 9345 8515 7588 4777 4107 2155 781 4077 7283 2196 5749 7606 2327 1721 7930
137 4880 3442 423 9911 5367 4008 2761 9049 8587 8253
138 8193 4770 8710 6665 4107 2480 7153 7699 7444 8181 2103 5559 8056 9114 954 2142 2687
139 8609 929 4388 7628 5484 7917 3758 1968 5748 4470 6937 4121 8890 7709
140 2848 9282 5412 3590 6470 3628 3664 7792 818 8722 1907 9113 5083 1469
141 6048 1186 5346 6916 3012 5637 1383 8012 7438 5267 5715 8950 3830 7995 1211 7069
142 7201 1667 1156 4614 4326 6089 7852 9517 6030 2736 7472 7408 4112 6387 8470 4731 6428 860 6271
143 7936 3011 6724 7179 7180 5293 1710 8335 2098 8722 979 2773 5144 8476 2013 2431 6303 1279
144 8449 7714 9731 7461 2533 6982 8711 4328 8585 2986 3758 240 560 3476 2582 3894 5340 5949
145 4099 3044 5028 4647 5607 5323 8044 1868 8716 9615 6961 3411 3795 5687 2393 4985 8186 6139 7708 7101 6909 6750 5055
146 2213 3561 8172 3084 2284 1490 6355 5846 9110 3831 8408 9848 7864 6489 1562 2555
147 6113 8387 5605 647 4521 7146 8554 9706 1963 782 7694 2896 7153 820 7351 9207 5112 891 9791 7743
148 1696 4707 2183 2215 5002 778 5612 2028 3054 8495 8208 9652 9844 4053 6518 3894 5400 2264 1085 7325
149 6592 800 4803 5507 229 8358 8646 2986 2670 9710 7246 8462 7599 7631 3060 3830 4407 6938 7547 8766
150 8228 8644 6341 3045 8263 6986 4624 7507 3061 822 887 6744 5401 8025 2169 6778 6523 3580 4767
151 7587 4035 6276 6919 1546 9102 6321 8785 1524 2805 5558 2007 3672 2908 3261
152 2785 4993 2818 8775 5706 4043 8043 2155 8845 1454 5871 9615 5744 2289 7153 7379 1335 1912 4347 5660 7487
153 1121 8386 3907 2979 6470 9831 1640 8425 8298 9164 7854 367 9777 2421 983 7001 9305 2365 9533 8862 9374 447
154 5858 9795 9316 8134 5840 8433 7538 6291 2965 3158 3799 5528 4312 5086 1663
155 3776 6305 3074 1539 3877 9926 2855 6283 8980 7765 2933 6390 1142 7734 7960 281 7610 411 4923 7517 4093 5023 1375
156 5280 6688 3041 5507 3877 9351 9418 7979 5068 3885 3629 2158 6895 9424 4144 8597 6613 569 3482 8092
157 3361 5204 1188 2869 135 9112 6360 6889 4009 1355 5467 926
158 7235 8387 3012 5989 4423 7688 7400 4908 3021 4237 7759 4562 1138 2036 854 120 7992 7961 1049 6075 3869 1950
159 993 8994 7428 420 5477 2182 871 5674 525 5038 5263 145 5335 5784 7673 3739 6460 3036 1756 2494
160 3494 4199 8552 6504 8010 6379 8780 365 4241 9013 2550 729 8345 9562 1531 1471
161 1056 7682 7652 2341 69 7367 2986 1195 6253 2190 1039 5713 914 2962 8406 3576 7225 6715 2715
162 7200 3937 8194 7652 9098 718 7790 3600 1169 9011 8821 1430 3894 472 7481 4378 1116
163 9408 2240 321 8803 8387 6020 7173 2630 8998 6888 904 6506 1263 3634 7762 1299 9398 7127 8057 3259 5629 5437 3935 2943
164 1987 9476 7365 2187 6667 5389 1871 7249 917 6680 9048 5848 5465 4505 2907 1383 9132 7410 7861 9013 5688 888 7163 7932 3326 447
165 7429 3432 2892 8717 205 4206 3567 3920 1394 1683 6677 9270 8248 2682 9693 3998 766
166 5732 8644 6088 3338 5867 8716 5134 238 5999 2288 659 4948 3926 3383 9848 2716 3966 2558
167 480 1984 6 3880 6377 777 9355 684 1708 4588 7213 2286 949 8022 6359 9463 3772 382 8958 7519
168 6401 259 2437 8134 9671 6567 6087 2792 1608 1576 1548 973 6254 7087 1873 6609 4914 7541 4664 6905 6140
169 2049 5186 291 5412 3368 5099 1868 2446 8431 7730 1363 2676 5044 9877 6742 9015 569 7807 4799
170 2752 6337 260 3012 3625 2249 650 397 9549 1453 5038 8272 3089 8850 9075 8116 7733 3926 5880 7193 2204 3486
171 1731 7237 3015 1353 9036 6092 8780 6861 7949 4622 2326 3163 9501 6622 1064 5609 3374 1904 5814 4791 5239 58 4797 1341 9789
172 2800 2209 8561 6002 2004 8246 5960 6345 2299 5964 717
173 4354 354 9858 6627 2052 8773 2696 1160 4712 4266 8332 2766 5647 5552 369 9843 791 4698 8668 7071
174 8512 5445 3079 2698 9483 3627 5775 3632 1619 1972 9621 5077 3606 6134 5047 4311 2138 702
175 8416 6176 321 3521 3458 2595 8103 6409 3536 9970 7762 2515 7156 8982 7737 6843 4604 3677
176 9280 3936 193 321 2531 3429 4901 9862 1800 5961 809 4236 5582 2898 9842 4532 3990 3032 2171 9757 1343
177 3584 4610 835 4359 3655 4232 1196 8526 7795 2387 2327 1625 4379 8155 8829 7294 510
178 6145 5538 8834 1730 8994 2693 8133 1606 3240 1960 2699 7915 1869 7341 4975 2420 2329 1246
179 7456 2240 7652 5831 9543 1415 3116 8557 6258 6706 2453 3509 6426 8731 955 4923 7197
180 7968 9057 4228 6534 3079 7880 5321 6795 780 6188 5520 6416 9392 4337 3602 7762 5331 7859 1782 8794 8442 3194 9659 3071
181 3904 1760 9348 8676 875 2444 4045 7886 6735 3665 9649 6834 2962 5779 2008 9784 5304 1149 4958
182 5921 4033 9825 2529 8994 3012 6534 4487 1927 2377 203 5260 1741 1038 719 9139 5715 2643 6358 1145 7675 1213 7806
183 3329 5153 6369 3812 7845 9991 2087 3432 9484 2732 3820 3309 7630 1134 6737 1043 979 5494 8824 7352 7833 2522 7739
184 1984 5345 2467 7045 8741 5445 6953 5738 5962 2096 9265 8947 499 9812 8021 3894 1276 4284 2332 7902
185 2818 2114 8386 355 5156 1641 9196 2349 431 1393 9650 1810 7186 8468 6646 2519 5849 2555 1596
186 5796 4708 8324 1607 2343 2857 6349 4974 4559 3279 6867 1587 9848 1560 857 4345 1658 5119
187 866 2404 2630 3910 8230 6920 2505 7689 2314 427 7950 6798 7023 4242 6454 1495 4855 6616 794 6555 507 8092 9661 5885
188 7040 7680 2240 6049 66 9444 2116 1797 5030 7110 1127 8714 139 1739 1550 7023 6386 9714 7027 925 7678
189 7683 7652 3783 6151 4781 1583 7153 6162 6326 1367 8313 4346 4795 1371 6299 4253 6334 7775
190 7489 4866 6274 3269 7653 3942 9800 5164 7762 5715 1332 9654 6360 4956 6460 221 2621 734 6623 5215 7839
191 7136 7458 3140 7076 2503 2727 8396 1358 2223 3666 5651 6067 3830 6713 8799
192 9952 9313 9186 2 771 5064 3497 8078 1102 7983 6417 7762 8147 5843 5939 7476 3220 6613 1463 7709
193 3072 321 1058 9379 3207 1383 5481 3753 6538 7788 9492 9301 3766 247 7385 7801 4953 154 7454 6687
194 5666 9219 7652 3877 4070 8008 7944 2858 9902 4526 7727 1488 5715 1814 694 3830 5854
195 4963 3077 8966 5864 5771 3981 6509 4367 1552 1104 625 8402 2804 6453 1495 9656 6554 4858 8315 9311
196 417 961 321 9155 5412 9765 9896 5386 3370 3853 3314 2612 7544 6201 3676
197 6912 736 4259 259 7622 838 1482 1518 7474 4690 6482 6227 2579 8406 2010
198 8644 2186 7627 1932 2892 5581 1871 6224 2128 8912 5848 3226 4828 732 8930 3493 3109 1067 3756 7407 7409 3377 9842 3897 5689 8254
199 3521 1154 7042 8068 7526 9416 6186 5101 5517 8533 9558 9657 7545 1146 2237 8957 4189
200 483 5383 3240 7177 362 6058 427 8556 3342 7055 9007 6545 2353 7666 7669 5142 5080 2745 9977 6938 6875 3135
201 3745 6178 3427 8389 1125 7686 4489 8235 2539 2987 8140 9580 8973 7438 4527 7602 7570 2611 3379 8342 1500 2141 2495
202 5313 1060 5125 9701 519 4679 1193 3850 3918 7732 2423 3735 6584 3609 3775
203 2562 1763 8871 7434 9771 2957 2894 4878 4686 2768 5041 819 2005 4278 6454 2424 1656 4314 7419 7933 1150 9279
204 7841 6051 6115 5064 1705 3114 3403 7596 4909 2062 2735 177 2865 1843 4468 6869 6933 1623 8220 7676 9918
205 8613 4967 1035 4431 8431 8751 272 6641 6258 466 9493 4693 7030 8599 3479 3097 8507 4830
206 450 2533 4037 1893 4520 3080 7560 5772 8494 5391 9775 7217 4210 7219 19 1109 4534 3452 3261 9374
207 4289 4035 7364 1668 9733 9545 3982 1808 4177 9236 4564 985 6233 5340 6558 8672 4709 2668 2740 3316 4343 8121 4154 3006 8831
208 4544 7105 4034 4418 8453 3334 712 457 5322 5962 2827 269 9104 850 2707 726 3543 4060 6302 4065 4646 3305 9075 1590 7929 5821 5566
209 5218 3012 1835 6987 4496 5328 1042 4979 1396 7254 7931 6811 3614
210 9633 8481 3842 7618 6020 9668 900 9412 5412 2375 3944 4745 9930 1611 3410 4084 8982 5304 1368 4313 4891 3035 9979
211 3363 8069 9669 4680 2026 3435 8491 7564 2125 3885 4909 3310 8881 9041 8819 1875 7285 9560 6938 2781 9247
212 9248 7904 1153 3777 8705 259 7012 5861 296 394 6860 6479 8591 7120 3762 3862 6295 7671 1178 6778 1117 8287
213 2305 5217 6467 4357 5066 2666 3050 2603 8812 8430 5360 7088 4723 9238 3894 5719 1784 2104 6202 9405 7007
214 4737 1121 4162 6659 1668 613 9733 9453 244 2228 4949 4983 9721 26 8571 3581 1407
215 5953 7907 1191 3784 9800 4814 3376 1045 2167 3703 4151 2713 9466 5179 2651
216 1985 2722 5445 2245 9318 2822 200 8941 4110 9168 3506 2770 1877 7038
217 7266 9029 3847 1993 4170 7370 1775 79 3729 625 9586 2322 883 9559 4760 8474 5882 4314 797 4414
218 4928 6913 6531 3012 8069 5061 4362 5773 1293 79 6289 9491 8788 9050 8733 8673 3362 4901 4967 2983 8618 1197 2935 8185 3129
219 4192 2080 9283 3652 1190 2055 4007 138 2666 6635 7756 2668 8781 7053 7790 5873 7474 598 5239 1979 412 4636 1564 157
220 4548 1864 7946 5775 8209 3543 8856 6298 6042 6621 6365 8670 8223 4129 3681 3750 745 7342 4402 9395 6451 5813 9462 1401 3641 2938
221 3779 4422 3626 5454 6415 7919 4786 2610 4916 5524 6613 3128 664 698 3165
222 8609 7909 3335 6765 205 5841 5715 9172 6804 6676 245 2072 8601 6395 9244 4957 9119
223 9730 6211 131 5412 2214 8807 1097 9353 8205 6733 4494 7406 6418 979 9075 6391 3543 4792 8798
224 3584 7617 7426 8994 1059 5764 5445 7813 4326 5095 9511 8711 1931 5548 6767 79 6544 7091 9783 4857 8634 5020 6077
225 2240 4740 1668 6693 140 4368 3440 3728 7153 5560 3065 986 1882 4539 1405
226 3905 3554 2275 3557 8838 7142 4326 8327 5930 6124 4238 4015 2033 211 7699 1847 542
227 2240 7429 207 9359 6161 4179 979 9300 6294 9046 1560 3801 3866 8859 1566 5088 8484 1255 3753 4077 2797 7856 9265 3894 9402
228 1793 8867 2856 7786 9291 8429 2990 7438 5296 402 6357 2903 3833 5563 4349 6141
229 9377 9666 8450 1826 2244 1828 5412 425 5899 8685 9646 2959 9199 8176 1201 9364 7413 1047 2679 1562 3262 767 9215
230 6465 642 7970 8098 5283 7396 7 265 7884 3023 8975 5904 4561 6161 3956 949 7029 5206 8375 606 1150 4222 6143
231 9440 5248 2240 8418 9826 7874 102 7270 5543 7015 2699 3726 4623 1329 3281 7505 8728 5693 6398 1406
232 5120 7298 5539 2500 6537 3433 6922 9163 9003 5869 9965 6320 3186 8564 7413 5526 9369 2874 155 8894
233 640 6404 581 935 1383 7817 4746 4909 2414 2576 9968 753 946 4787 2454 5592 8377 4187 1980 1916 1823
234 3586 5700 1668 4421 5203 7316 2650 9758 415 6687 1442 8419 5604 4199 935 9384 238 8559 9264 9138 3700 8052 9461 4341 9215
235 930 1347 3817 2185 7274 6827 3948 3053 6894 7438 8015 9551 9138 8532 9108 1813 9816 9244 4959
236 7649 1700 3144 6510 1327 4527 8912 49 3089 1234 6522 1754 7099 7867
237 3232 6981 8037 5541 5383 5801 5865 5322 8907 7949 3982 5295 2384 9010 8498 3603 4563 2516 8693 4057 441 1017 3579 6975
238 609 5348 6180 4358 5190 774 73 9071 7247 752 7473 3764 404 5429 4314 4381 8733
239 5121 6945 9415 5129 3500 4846 6832 7120 7762 5715 7669 9302 4984 826 6938 4031 8671
240 4416 8580 9094 5192 9448 9512 1256 9129 9997 239 6799 7088 5042 3827 5525 1750 2422 7575 3767 2744 1560 9115 5308 3006
241 5504 2113 5986 1410 3715 7204 4612 3877 1670 1287 6604 3117 1582 1905 9845 55 9273 796 5277 2109 2047
242 7808 8003 8964 9349 2183 7880 1032 9290 3982 6223 5522 916 9847 2808 9304 4824 9627 2972 1343
243 65 1890 7524 5412 968 6601 7754 682 9772 2288 3733 2741 2264 8125 703
244 6244 935 1674 2220 236 7215 3343 8400 4531 5395 1524 4020 761 7354 2718 5471 7359
245 2753 6082 1346 5412 7333 6565 6949 7366 1063 489 5322 5099 9964 1740 8528 1944 1979 7451 9788 3838
246 6018 4594 3074 9603 6483 7268 6580 1654 1128 1849 1215
247 7392 3392 6530 8260 9735 295 5448 2412 8046 8078 9871 9007 5584 3153 7697 2962 117 9340 8445 2013 9533 3454
248 1441 8898 9990 2246 2790 330 9324 5839 3249 6802 8883 5845 2359 4282 3547 412 4028 5983 9151
249 1984 4193 6019 964 5863 8968 1226 5003 8844 4333 3277 9453 3151 7696 6354 4787 7509 666 4123 7899 9181 7389
250 3172 997 8487 9933 3441 7732 1270 4089 8697 2714 3867 8477 9375 2175
251 901 9734 3242 3696 6800 880 8848 9521 3313 7955 5683 4372 279 2807 8698 1370 3291
252 7745 2499 3463 3977 4234 843 8844 5329 9809 979 6744 2649 5339 6428 7709 477 2143 1058 6440 2345 3376 9080 7160 8444 7167
253 3648 3106 3203 3811 485 6309 8934 199 6153 2251 780 7756 9133 528 2064 9523 9942 951 1848 5818 442 6300
254 928 6082 2883 6469 9253 8390 4456 3561 7977 6923 8812 5709 6606 399 3377 7383 761 8345 90 8795
255 6464 8994 3270 7048 7240 9545 745 9995 3563 76 1934 1041 7377 9778 7762 7059 5783 6425 8570 3771 798 6654
256 7776 3620 9830 8711 1644 8876 7791 943 3856 2992 1137 6129 3380 3702 3127 5849 4697 8763 8830
257 1952 6977 7170 4898 8066 3074 7783 264 5163 6029 3982 6064 4822 3894 6744 1242 2203 8252 9823
258 2690 2852 7206 5351 8105 4809 7922 5490 1299 6164 5589 6136 8889 3229 7453 1790 3839
259 352 5507 5286 6759 4071 7020 876 400 6036 823 1879 1527 1273 250 1979 8796 29 5437 3103
260 9793 5893 3046 3783 8487 5896 5450 7499 3854 2002 1330 6675 8371 6996 2489 6458 1053 4574
261 5696 450 2659 3043 1637 9766 6054 8744 6635 7405 6607 2704 4400 6290 1429 9527 3737 4377 5149 765
262 5824 6817 5794 6278 9160 7881 2474 7306 4011 8109 590 9200 9265 6547 757 8566 2902 7894 8600 4472 1496 2555 5630
263 4802 4870 3846 7240 7880 5326 4367 3034 5340 925 6691 7779 9957 166 5862 745 9130 8236 3244 9197 6445 3700 1079 6647 7289 9275
264 4896 7296 6242 741 3877 1224 5962 2189 8239 9457 8178 9939 7703 7355
265 8320 930 6918 552 9836 1613 3757 9325 3885 14 6094 9935 5583 2415 9007 2323 6707 3989 8503 9655 6458 8830 735
266 1121 226 8198 3304 3945 5097 8841 3691 7692 8460 2927 2578 340 9428 7732 5910 8088 9403 444 4958 2078 7742
267 2240 32 3714 9540 9764 7654 8427 8235 141 8173 6670 5326 8111 7699 6195 3414 4216 8058 6778 1083 348 1247
268 1632 546 8131 454 8810 6989 2541 4941 1455 3602 3539 4819 406 5816 730 8506 9404 2717 3199
269 96 8770 8290 1413 9510 4071 4455 9992 8265 4811 3885 4782 6511 9777 5554 3827 8183 5913 6267 6044 7517 5821 7198 5407
270 4578 4069 9990 4361 3981 8014 7695 6608 5265 2548 2968 4344 5657 3419
271 4002 3523 4900 7749 3751 7687 6057 6189 1742 7984 5105 3637 4341 2966 3354 6938 1339 4988 1501 3582 5567
272 8257 1923 6275 6084 8708 6852 4197 6886 4935 2856 9101 2260 4919 3288 3163 8830
273 3936 5667 7652 1668 6219 300 4653 1938 84 3510 3830 1496 9114 9467 6620 7005 8509 8543
274 7232 5569 3491 6152 3914 8782 4048 7762 5715 4020 9589 6139 4605 6239 831
275 5248 8514 8994 3043 5798 8134 9898 5485 2288 1458 83 4469 6101 790 4727 8247 5531 2427 8220 9406
276 6306 5763 3172 7652 2790 935 9932 6700 1103 3184 2288 8530 148 1588 7413 7125 6613 2358 9078 311 6264 5241 5019 4539
277 1348 2981 5799 686 5998 4625 6258 7762 7699 2164 8087 9175 8471 2105 3322 9051 4443 5373
278 898 3748 7652 5957 5703 616 7789 3758 9582 9583 79 4592 9585 1299 6838 9750 630 2904 5017
279 2627 3012 6692 6021 8709 7397 4807 8937 5034 7883 9199 79 9938 7251 1942 7161 7868 9116 3965 4286 6334 351
280 7105 8994 5187 9219 9541 234 8491 6924 1614 5934 3023 9232 7313 8051 7542 503 6424 1821 6942
281 7553 8961 1058 7875 2501 9383 5352 169 4810 6698 6765 5810 6038 7543 219 3004 925 991
282 2121 5097 5386 2986 1707 7821 3693 6287 8495 7506 7640 8153 8123 3837 3711
283 610 3074 4356 5 4295 5063 2407 2346 4490 5898 2666 748 3852 9581 912 8880 9298 1048 2201 8188 5501 1598 159
284 4929 6402 8994 7077 4838 2986 6507 5677 3470 2191 1809 7314 5172 8148 4345 6170 7740 5692 7741 4254
285 1248 2593 3331 2564 420 7653 2918 6054 8042 3215 7762 692 6105 9245 7262
286 1409 8068 8645 9190 7369 3113 4041 5899 7949 8686 9487 7248 3796 1238 7736 952 3643 7423
287 7713 2882 6661 5029 6216 4619 301 7949 3823 2416 4432 2355 5783 4665 4377 6778 1051 2875 9852 1309 4735 799
288 2240 1665 2497 5859 5860 1542 9414 7240 9865 5772 8492 2031 3855 5908 4501 8406 6327 1499 5147 5502
289 6464 4258 7747 8612 3014 6568 3624 9480 2795 3405 6190 79 847 8211 5942 6935 6619 1916
290 769 5090 5767 6599 1223 4362 5838 8142 8302 7285 7029 4245 9685 3541 3804 7516 4124 9276 2238
291 2304 3104 9056 4352 2 2791 1543 4937 9129 9358 3183 3376 437 2389 4181 8026 667 3836 9565 6781 1534
292 8417 321 578 4326 9994 1004 5870 2127 9842 9811 984 5369 2553 1979 6556 6525
293 4128 129 6851 707 9990 7559 1352 9007 4944 1841 7537 8786 5715 4531 8215 6424 1720 9244
294 3808 9153 577 7427 3941 5478 1095 5257 5482 5964 5740 6540 5229 9615 9007 4342 2589 6175
295 2402 2917 421 8488 2124 3758 5327 9007 2160 368 369 17 7318 6296 8920 7036 2175
296 6112 6209 6658 8167 4199 5448 2538 3178 6827 2192 9968 4020 9237 9335 5368 7096 8312 5050 3708 2399
297 7652 4391 4106 1930 810 4272 1681 5715 9173 6613 374 4855 8505 4985 9371 8411 2267
298 9216 3840 3265 2439 1287 7848 8618 6890 6922 2923 8269 6000 2288 8885 4117 2198 4150 5430 7415 4475 3997 9533 2239
299 7363 101 2790 647 5096 6921 4714 2412 7118 4976 2481 7093 182 4056 8248 8762 5211 2526 3006
300 4962 2210 6022 712 9224 8234 6635 1964 205 7086 4942 1423 8145 6865 4691 8499 9171 6519 2617 8282 6332 8125
301 5600 1638 3146 7050 971 2989 3949 1456 9109 7798 1688 9818 2236
302 1315 710 8842 7533 7021 6351 688 9937 5489 5075 7699 4212 8981 6101 9533
303 6496 1216 1250 1474 7267 2915 4965 1670 425 2058 7787 9195 4719 2256 3312 9873 8434 8340 3668 4985 8991
304 768 4032 4161 1762 9285 9578 4587 13 847 8688 9362 7956 308 5175 3836 5149 1534
305 1984 3521 2340 8837 9478 1929 9674 6410 6635 9259 9645 8466 8083 3316 5751 6457 6044 7740 5535
306 1187 1380 8004 420 8839 3754 6796 5645 5677 6318 1647 8816 8722 2870 9626 5212 6748 7037
307 7360 4352 1984 707 5507 9349 9928 9481 5901 2893 7698 658 7762 4243 9178 4507 9755 9757 7331 165 1961 9579 172 5294 2486 2810
308 131 518 202 8331 6736 18 2962 5268 8341 3032 3160 2970 862 3550 7456 9827 2601 5802 8235 1711 6385 4286 6526 6270 63
309 4097 2 967 9991 1672 7088 2866 5011 9107 8789 8918 3642 5723 7997 1727
310 6528 9347 6406 8840 7438 7054 2319 8085 4442 3227 5596 9309 8478 5728 2401 2339 4132 6500 7399 3111 935 5677 9968 7153 2611 3572 3316
311 1697 2884 1348 8677 6310 1260 4845 8878 6863 8720 7600 7153 8275 695 3319 1336 2552 7770 3994 2555
312 6336 130 5094 6695 7751 3016 5320 9834 6413 6452 6776 5339 9948 6014 5534 3231
313 6979 8009 463 9295 847 6482 2962 4051 1622 663 728 2074 6554 4314 2079 1761 2787 7525 5543 4584 3304 2929 6967 7486 895
314 3905 2721 6049 3586 6538 5514 7883 6477 2925 7822 3535 5072 8624 4400 3409 3858 2867 1940 3669 2837 53 9495 30 7582
315 4194 2819 7172 745 6666 4683 3284 5364 9524 6712 4985 1725 1343
316 8067 5412 4933 6117 8678 3271 6572 7309 8431 7795 5587 9654 249 2107 603
317 9474 450 2725 5737 4970 8811 2638 8687 6959 6480 3633 5875 4340 6777 60 3964 5950
318 2273 8518 2983 7657 9866 5388 4879 2639 4688 1364 7988 2168 1978 6938 5212 6590
319 1858 4742 9159 1865 6859 2315 6285 7438 399 79 1745 8594 2327 220 8864 4004 8294 742 9255 6512 4081 310 7159 376 9083 7355 1149 4926
320 4832 7713 9347 4616 2344 6793 555 7565 3983 9968 1425 2737 2962 851 2391 952 1465 9244 8797 3743 2591 7551
321 9376 7393 897 9537 6465 1601 8163 1220 9637 6920 8363 3533 2063 5234 2900 4309 4695 379 5150 7647
322 3200 4321 9890 7266 4453 8805 9526 935 6827 5947 8348 4109
323 7013 6725 5958 76 3308 9676 7244 1484 7725 2383 8143 2288 5715 2101 5111 3607 9848 9625 1403 925 7709
324 9972 7062 2486 5511 9000 5336 9211 8635 8603 7148 4590 9007
325 4352 2464 4256 1091 7943 9607 3208 1289 137 6505 9453 6671 6352 1779 5876 9012 5785 6235 2555 7964
326 1121 3075 8643 2310 5446 8583 39 4778 1552 401 7762 6997 183 5623 8952 347 7293 4510
327 9281 2114 9156 1253 1798 105 5193 2985 2029 77 8910 9199 1042 8403 4884 1557 2709 1815 9145 6266 6938 8539 9372 3230
328 2145 1859 6467 259 6692 709 5734 7656 6538 9551 6543 5359 2771 6547 9848 3864 3512 9499 4955 3485 6397
329 608 9506 8994 843 1838 4783 9968 2962 2195 6166 440 216 1753 1625 2302 5375
330 2978 3298 9763 2629 9930 3758 9103 2000 7440 6770 9555 1365 1399 4696
331 8448 3650 1669 1093 3238 2630 170 5962 908 9262 1934 6771 662 7191 7831 2232 3032 3003 3102
332 1601 9090 7074 1508 358 105 7210 1710 1232 1523 5684 9013 6550 8086 3385 2683 2555 5758 255 7199
333 7012 1668 1125 390 2439 3527 5512 970 9804 1772 750 9775 8113 1206 6584 8122 2491 9083 4924 3902
334 2211 1668 3012 3877 7623 7435 5803 9387 7534 1105 3699 3156 2197 7064 569 7865 3066 3675 1083 476
335 6434 2594 8134 8135 7751 2440 7498 2986 1324 559 5169 2065 6613 8150 2264 4664 5690 2623
336 7137 7719 1832 3373 751 2833 435 4340 8374 5366 8631 1752 6712 1625 8218 9946 1534
337 3424 4806 6343 6216 1774 722 5653 3830 6423 727 4409 4667 380 4638 575
338 7200 8160 6465 8997 5992 5962 1580 9261 7663 3408 7185 1073 1746 2962 3381 9717 4982 312
339 7044 6436 4517 5797 6538 8651 3275 6222 3982 1903 7887 7153 5973 9077 8758 5112 4664 6584 9337 9436 1148 8988 5053
340 7426 9027 643 5379 3363 2340 6149 5062 2247 3086 4558 8910 8464 3889 881 1686 6486 7575 8888 760 8572 5628 7581 1086
341 9984 7972 1765 7846 583 9160 2027 4107 5775 4497 116 1717 8118 8663 7895 2616 2488 7452 5661 4670 4575
342 1092 5636 4327 8136 7368 5898 3532 9197 45 5869 465 2674 8882 4310 1398 7513 1567
343 3555 4292 5926 6824 520 7213 720 5781 918 9884 188 5341 8671
344 8896 7746 5762 4901 5160 5833 7338 7050 6574 5170 7796 9301 6263 7194 6588 2301
345 4736 4483 7683 4070 2951 3528 6217 5546 2986 3051 6827 5677 558 1710 3982 6481 2643 3927 7065 7709 446
346 7041 8129 5122 3720 4332 2285 9197 6991 7567 9039 3023 3189 8249 7291 2555 5724 4669 574
347 6944 3746 6947 4552 5996 1454 9876 8372 5431 3256 665 3870 6047
348 7968 2465 6177 4325 1351 9705 3818 6827 7851 9678 3182 81 8049 2834 7314 6547 9908 951 1271 5880
349 3936 2114 9026 3 7395 1091 7012 7844 5677 303 3344 7824 2288 8278 9370 1435 5726 8158 511
350 3456 4546 6564 3397 8357 5098 7691 4334 4398 2288 1137 2483 1395 8084 3830 8470 2618 9018
351 6528 2881 9060 868 393 1610 4171 6123 5869 8333 7055 3794 9747 8405 8662 8438 3064 4765
352 896 5572 9284 5385 4367 2325 2456 1625 6490 3163 9436 7965 6880 992 3810 9955 8293 3431 7598 9968 6705 1009 6903 3959 2877 9533
353 8640 4129 4613 6758 939 109 3697 8242 3027 4628 6101 5181 317
354 1 4677 2757 1925 2120 5962 9936 2962 9045 7637 2518 5590 412 1505 5163 3883 4269 878 6960 756 4661 9400 5880 5756 254
355 2560 1248 5255 3564 2413 8495 2704 3537 977 5298 4978 8851 9749 6681 4249 569 27
356 3873 4997 7496 9385 8907 1451 9708 6893 2669 7278 9070 2704 8659 4404 3509 3798 8666 5980 4988 541
357 6628 8421 1349 8938 8908 1005 8942 3023 4788 5941 6810 4635 6269 1311
358 864 9217 9218 5634 3012 8293 1385 7981 1261 2673 212 1141 5755 6076 3805 5053
359 1219 7238 9160 6986 5578 9036 2064 7569 7379 8852 2708 2839 8599 3736 6938 2269 5342 5670 4326 7272 3753 9968 9713 3832 6458
360 2209 6178 4739 5925 7974 9223 9386 8171 1901 9677 2767 9007 1328 4946 9426 979 6709 4565 8661 7413 6550
361 4579 5059 708 3876 2085 6597 9286 776 6955 7371 9591 9979 7997 6878
362 6946 2146 547 3524 4104 2728 3082 2317 1231 7439 6351 947 6005 3061 758 7095 7260 5437
363 6312 2825 2121 8362 5035 1774 1042 467 3988 8376 1240 1145 7611 4127 5951
364 8130 677 4743 8936 4170 8140 2735 4145 979 51 6230 8310 3447 4311 1431 7001 2074 7804 1373 6462
365 1920 321 1028 6020 7239 8555 427 4045 3661 5678 3152 3155 6772 7414 1179 8927 223 2175
366 8706 6882 1670 1611 812 1134 9904 6768 8081 8883 9075 7892 4437 8922 5434 475 1628 8124 8732 4764 5597 5309 6815 4415
367 352 2242 3939 8483 9669 103 7243 6413 1294 5715 1299 4535 4153
368 8962 324 5448 8106 1866 6028 3404 8045 3982 847 3345 7413 2774 9718 7255 2333
369 7296 1443 4004 37 6600 2254 9903 213 9465 7546 6906 2398 8446 6686
370 4260 4135 1481 7116 3436 2128 5168 9808 3218 9270 5787 1884 7324 8125
371 4641 5067 3020 305 7153 7285 6614 6167 3704 5945 7097 5436 541 8030 4063 2367
372 640 7616 1411 4324 2149 4393 5387 9292 5292 5966 1297 5201 3219 5271 7607 9688 6808 6844 1117 287 1055 2559
373 4836 5508 7174 7337 5196 3245 494 8910 5295 79 6001 8562 9368 4314 7323 2875 5852 7998 5855
374 1344 6914 6146 8355 7267 2885 3593 8138 2475 3148 813 4174 6130 6613 3513 4571 2555 8284 8319
375 5089 1601 7811 8035 1956 1605 5862 6570 5868 5230 815 6099 9781 9397 2583 6204 5183
376 9859 7077 6086 8231 521 1675 5483 7275 3757 8462 2030 7694 7056 2994 7924 7669 1846 438 3830 345 9691 8284 3710
377 1281 5250 2820 6085 7720 427 527 5362 5906 5270 6966 7575 1272 5209 2458 955 6683 4542 9342
378 9604 2340 3782 6121 4457 7182 5006 9167 5807 3792 9968 8630 2838 4694 1079 6327 858 7066
379 3425 2369 4068 3366 8808 4905 1962 1422 719 9903 1136 1557 2426 6234 3516 62
380 1889 674 1252 5349 2469 518 4999 9544 7880 1387 7150 5299 691 5715 2134 3894 9751 183 2327 762 9819 8092 6014
381 3520 4609 9794 1955 5702 198 8711 2666 9356 4302 7951 8560 6929 8634 4413
382 931 8164 6470 4390 6892 3533 8910 2962 9043 9363 6675 4276 5013 6487 4441 8893 3069
383 7554 450 8994 2148 6469 6855 4296 1194 7883 5869 1296 1010 5715 372 3860 9301 2679 8919 3320 7449 8284 5340 7455
384 5921 6466 5220 3623 935 8264 8746 9519 7347 1941 6774 3383 1752 6970 1627 5054 5182
385 5445 9224 3976 5194 9675 8269 3602 2962 660 6677 6934 8535 6362 6429 1570 1763 8614 1769 7082 5676 2095 7728 9841 9969 755 8948 8189
386 8387 1252 1125 2566 8456 2760 2633 8457 6030 4815 208 9139 8212 6773 5848 153 5402 2426 6717 1277 2270 4095 2463
387 7362 8994 8644 359 5515 1164 7629 6829 1774 5264 7153 9331 6771 8212 5365 183 88 6488 7226 3132 28 7709
388 2240 6818 162 3074 5219 8360 1579 2540 879 1520 721 2962 3635 8150 730 3195 7997 6431
389 6917 7049 6474 6891 491 8908 3789 7693 3885 2542 4399 2288 6836 4820 9301 8406 6040 3610 90 2524 2844
390 8800 3937 4705 2115 1445 2630 7751 935 8392 233 6218 554 9802 5643 7340 8140 7857 374 6010 7483 6174 2239
391 833 2754 3074 1252 5156 5990 2794 6732 1679 5972 6967 1559 4152 2943
392 3296 4000 8832 1316 933 2951 935 3496 4650 3819 300 7820 5458 8916 4886 3575 8440 569
393 8064 2 1731 739 7495 8713 9834 427 269 6671 3823 5682 5107 1174 3894 5177 2777 4572 7261 8286
394 1185 321 7491 132 7332 1956 2437 9607 9224 43 2543 6576 7121 9906 9682 9842 2452 3541 6104 3803 3806
395 321 2051 3656 5161 4522 8491 8459 300 817 9010 4692 948 3894 7192 6716 9244 1981 6557 8958 2271
396 2752 3394 5795 8996 4965 2024 4234 2447 3671 3543 5370 9883 3293 5437 8447
397 1376 4449 5443 8196 8296 3657 8841 522 3468 5145 1050 2109 1117 6749 5214 3134 3327
398 673 580 9381 5638 4454 4904 2569 5995 5355 8011 2288 5457 8116 3285 4757 5877 4602 1853
399 9600 8130 4035 5412 6726 9990 3592 1801 2859 3597 1805 9423 2192 2769 4434 8756 6807
400 5216 9185 4577 4195 3875 7141 7333 1799 2954 6669 7949 8592 4689 4658 1557 1719 3159 9720 1177 9594 474 61 5439
401 4257 6753 3521 2050 6082 3106 1446 9480 745 9197 5902 7503 9743 8722 6388 1652 8790 8119 3164 5374
402 5248 7009 7748 4199 6119 9453 9075 2580 9076 6133 1238 6968 2746 9659 6396 9085 5533 7805
403 5090 3267 7780 5446 6790 553 3434 8170 8747 6862 3025 631 5433 5082 8346 4411 6364 2366
404 5857 8033 2 9573 8615 8177 2097 6065 4755 4917 9208 5081 5307 924 6973 8125
405 7008 2433 2434 8388 452 1957 3079 8935 1959 7367 5064 9003 683 7085 5326 2799 8946 276 3093 3415 1436 732 2973
406 3968 3074 8259 3395 5317 4938 2988 3822 3375 1233 1299 8628 6486 8439 7576 6873 4026 9467
407 737 6594 5155 4133 936 1449 6025 4108 4047 9043 4021 6581 9301 2263 5880 2554 4218 5468 3422 9182 1695
408 9568 3074 5223 3562 4940 5261 1616 8432 2643 6324 2996 3670 8152
409 7969 3169 4901 2533 199 488 3337 910 9806 1360 273 4054 3446 4728 3417 4763 8764 9244
410 513 6049 2146 5122 6883 5446 6503 6311 1256 8105 1514 4523 2924 6196 4180 7510 9177 6170 4062 5311 6655
411 3297 450 8994 9319 1834 6602 6348 7852 9391 271 7120 4401 6898 7219 3797 3894 2872 9401 6618 4091 7549 5565
412 2563 8900 4903 2952 9833 5962 9004 7949 7856 3537 8658 3895 9341 9566 830 5695 4671
413 5504 5889 3074 5762 1159 9032 6984 8649 4684 4812 206 6610 2194 1939 4308 5143 7256 2265 8922 7643 4444 3871 5027 1833 9268 6075 6269
414 1473 9602 3202 2 8899 9608 8969 4558 2066 6739 7123 9047 1496 1305 3099 2589 3106 227 9123 4134 2729 9066 110 4591 2673 1139
415 4805 1541 4134 7049 7949 6478 1680 9968 1650 1202 5656 1880 3225 2779 412 6141 4607 7327
416 9314 5093 1895 1992 5065 9129 3690 5580 3982 7438 9007 2672 3251 7356 5276 6492 8157 7613 4093
417 8933 3877 9222 167 8204 7180 783 5968 8660 5848 5178 634 5340 4159 5663 2719
418 1026 5954 7781 9352 9609 8618 4042 108 9296 1424 1715 9940 1749 2038 2327 7034 7642 6939 3932 2750 9023
419 8195 6150 235 3531 5836 108 6701 4013 4717 9230 1840 1845 4821 246 8854 8539 9628 5437 2335
420 9920 4480 2177 1668 9637 8519 7304 714 1419 7151 6225 8625 7028 1878 4985 2013 4766 2590
421 5536 3427 4741 3560 4169 8043 9901 1773 5869 8815 9199 1072 5040 3474 1851 1948 4893 637 1118 7006
422 8224 5056 5537 1956 6021 905 4203 5742 5359 6928 3763 4340 9366 6840 7641 5307 2557
423 4928 7296 8384 1538 7939 3012 3077 6534 8711 6153 5962 6613 4760 3096 3100 3742 352 2272 1061 9638 2407 2283 1645 5869 9842 3316 9332 9460 9141
424 2240 7810 5029 935 457 3146 7883 9067 3821 5583 7280 7380 7893 4502 6296 9688 2233 5915 4892 9533
425 2240 321 5251 9032 3465 7178 652 7438 7063 9945 6044 2462 2655 2403 7459 6437 3111 2536 8361 3437 238 1647 2546 2549 6583 5880 5438
426 449 6116 3012 551 4199 42 3466 6926 593 7153 3380 3095 3991 4920 4286 2847
427 7457 5381 2666 1034 4462 6382 7153 9842 3379 243 2294 7448 571 2555 508 3613 7997 2878 8062 7806
428 1536 3616 9025 7652 1381 6021 1510 7302 3398 7591 776 3240 5003 1292 9008 3923 4627 116 8343 4632 6041 6842 4191
429 7521 4036 8036 4772 6280 3784 8809 3659 7436 3758 2255 7183 4913 5074 7702 9176 5307 6141 2685 9534 9023
430 33 8513 2 7017 8202 8558 79 2288 6803 6549 4215 8156 7548 6879
431 67 1412 2308 1668 5162 8846 9007 7732 5880 3865 953 2330 7836 8284 7133 2846 9502 863
432 7138 8738 4034 3975 6537 9290 4586 9803 3371 3214 2350 8175 1743 8655 7632 6260 4340 1625 6940
433 6338 4996 4039 4967 458 8428 7852 5103 9903 2161 9139 8853 565 6613 1497 4762 9310
434 4420 9062 456 1288 6729 5705 3307 267 427 652 9709 7085 6447 8049 2707 2643 8180 8501 9653 3703 4668
435 4960 1025 2274 6722 4906 5099 7883 8463 1937 1361 849 4178 1716 4020 725 663 3675 860
436 8992 1794 9731 9091 293 7816 3752 6250 1130 2701 3119 7795 7668 7413 3638 3706 155 6203 3900
437 2368 5026 8423 9097 5130 524 6060 3728 7634 690 1426 9044 2932 21 7126 1369 2969 190 7454 6015
438 5793 3074 8579 5251 2532 6853 38 9162 4044 4749 7536 3376 5905 3473 1299 726 4985 5754 9886 2783
439 4512 482 6082 8132 7207 8711 4073 9868 7597 5104 1105 6611 7987 2100 3863 919 7511 4855 4730 1147
440 5985 5890 1986 7459 2887 3783 8712 2409 3146 7053 2895 3088 6160 3154 691 1942 7862 2327 1690 6011 2043 8060 8702 4511
441 5761 8610 5154 3845 4360 5673 7949 592 6837 1238 8406 7736 8921 3707 1182
442 6624 8611 5766 8359 2920 874 7978 9931 8461 5743 8978 9042 9842 6899 6356 4437 9206 2491 9023
443 2337 7490 8130 4580 4199 9256 8043 5643 9805 398 527 496 6259 6613 5815 8759 2264 6938 8250 6746 2812 447
444 2240 9120 1571 36 646 8486 3083 9837 3792 7024 2288 8914 978 979 2870 1786 2906 6173 9822 670 2879 2911
445 4385 259 7652 7301 2858 4973 7277 5869 142 8431 3985 8307 1876 2806 2135 5752 1432 9595
446 7104 2240 8134 6603 2445 6414 5909 6613 535 6809 7321 4828 9821 1121 675 4389 7336 1898 1323 9260 8686 9198 4463 4529 2225 7736 7162
447 3680 9249 7650 5668 8681 6249 9545 3914 2060 6636 5900 4365 8077 4528 6103 792 218 987
448 8480 7874 3683 5157 5573 838 9001 779 7307 7569 4785 3825 3250 2003 7349 759
449 6656 8995 3495 1994 4299 5132 5199 4912 112 9265 1107 5461 2615 5880 1723 1855 191
450 7296 865 9635 1958 5671 935 7048 7147 2155 8716 5358 1167 4943 6608 5872 5553 6999 7991 3193 1466 9146 2939 3004 6014
451 6786 1572 4645 3914 267 332 8748 9740 4173 1389 2513 8337 1489 1874 7826 2962 3508 7636 597 2264 5817 9947 8350 4478
452 2624 7169 4066 9442 8644 3236 9485 3888 4660 7350 2102 9270 343 5978 5660 1340 8029 9565 1310 4702 9086
453 3264 3936 2947 3684 4294 2438 8967 5416 1609 2121 1803 7381 8054 4567 3031 8574
454 1888 1602 5219 6980 2823 7721 6250 331 4300 5677 4717 1264 177 755 7252 9013 1111 4376 6073 733 3869
455 2240 5730 4035 6884 6408 2345 8332 1998 9968 7922 5043 6067 8467 6484 7188 5236 6070 5943 1852 7484 7902
456 8097 3460 5928 4491 2828 9069 1421 816 2449 3986 4818 2962 6740 3318 7517
457 3877 937 10 3243 7659 7819 9388 1134 4176 1012 4116 1077 8469 6327 9399 6394 4317 6046
458 8608 2817 8548 7845 3752 9993 8906 6091 3052 7212 2006 1176 89 9563 5437 8125 6333 2111
459 5474 8451 4040 6281 5641 9354 2379 5997 7566 5838 2158 1007 4527 7025 4786 7699 2262 7899 5884 8925 4382 447
460 2338 1956 6470 7209 5353 1066 1962 2126 79 1651 7604 52 1945 9852 9149 1022
461 9728 4706 3236 5415 1512 3241 5386 5547 427 9005 3694 8367 8880 6547 4438 3292 8093 7039 3999
462 641 5506 5924 4901 1000 2569 2537 3050 8715 8653 7759 6258 9842 6741 2422 856 9433 569 2394 9533
463 3393 321 2599 6378 523 6731 7949 1646 7568 1459 6515 9139 8822 982 6487 9529 6011 7966
464 9569 2119 1161 3786 972 8301 5748 4341 9014 8887 1657 8569 2202 6238 8191
465 3521 2979 2730 715 7630 111 1969 7633 4307 2773 150 8055 4504 2936 1625 3098 1434 5788 7773 3518
466 7234 4643 6184 2313 9641 2222 5200 5649 4339 2867 9404 381 9374 6078 3007
467 770 9986 2565 8069 9254 745 7562 3722 650 7083 9933 4397 8911 8338 9555 7382 3255 601 7901 925
468 3234 5444 3781 5254 3499 7022 6257 6673 6611 7092 1524 884 8212 1301 1237 7767 633 7290 6332 349
469 8256 323 7204 9643 1036 7373 1774 6256 3280 6449 2129 5748 4055 8632 6941 1662
470 8193 4771 9507 6983 7976 8041 9545 4557 2418 9301 9815 1655 1337 2137 2555 4252 8924 8061
471 5888 5185 8258 9224 7688 5033 7305 3211 5611 5643 4652 6734 7119 1105 6899 5656 9753 8125 126
472 2048 5826 6050 388 550 328 1353 2575 6833 3507 1555 2711 6871 1401 2331 9438 9950
473 1569 3330 3012 6053 5350 6473 937 5770 395 3596 5356 7469 2414 4526 6448 4433 753 8114 9107 4340 6134 152 1113 7993
474 2466 2692 4326 6024 3274 1802 1997 6958 1521 7699 2292 5556 661 5752 6650 1181 9885 4765
475 512 3936 321 163 195 9731 2890 9867 9615 9233 4369 9618 915 8117 149 7285 4854 7511 6584 1465 5307 638
476 8512 8130 2117 647 648 2121 2193 5459 7699 8534 8470 5655 1752 3163 4386 1571 4644 8484 7782 2986 1391 4464 7732 9592 1020 7677 4989 4798 1342
477 3077 5127 9224 5897 4553 9931 4493 8270 6545 979 2643 6236 8928 3936 7202 2661 3621 3111 232 3371 6063 1328 9712 2545 8949 123 4348 7934
478 352 5282 6114 8994 6214 7143 6825 3273 5962 1516 2382 6990 8723 8308 5333 4501 9301 632 4222
479 9344 3395 2248 8907 427 1132 9677 238 4240 6163 147 405 3190 566 9270 8855 6327 5530 8378 2555 956 5918
480 352 2240 1124 5189 8005 2376 1480 9193 3630 6672 784 3056 8947 4531 532 468 4884 5045 9623 5400 9308 3260 8767
481 3552 7361 8578 3682 2850 4549 805 2406 8843 5716 3125 5397 7477 246 4728 4537 6521 4314 5659 7068 732 2685 8445 7133
482 5891 6339 4323 4166 4615 4199 1065 4526 2322 7252 7285 6613 7863 8314 2651 829
483 2 867 1668 3141 9030 4200 8841 5418 7210 3438 79 944 2512 5936 3251 6648 8793 4860 2847 9887
484 9697 9669 3147 3149 7117 5710 8814 8719 7216 657 789 2005 8023 8183 2873 4314 1019 1180 8734 639
485 2144 4801 3074 1540 9510 1736 5768 6728 6633 2156 1293 7949 2288 4882 9971 979 4566 7864 7353 7482 6685 3901 4703
486 1314 6698 813 8141 5070 3502 687 9711 1807 7952 4624 2577 4402 5207 3543 1784 7386 7259 1244
487 4001 4774 262 6054 6630 8107 6315 1037 9425 1522 9907 7478 8406 4343 4024 2136 2235 4925
488 514 3108 5031 8999 2282 6059 7919 6258 7699 1685 6229 7061 1429 6839 3352 5401 9087 3967 7295
489 5219 6468 2596 934 9035 526 1935 8176 2802 1778 563 4148 5462 1241 731 1979 5406
490 1377 3012 5253 3144 3081 4969 6187 2798 3121 1105 627 7608 6908 6780 3740 8126
491 1120 321 5288 1354 8043 44 1198 2001 3059 3382 9624 4184 6329 3388 285 3103
492 5376 8002 5830 3750 1639 744 7210 427 175 8528 7219 9043 7638 8823 7320 5272
493 7840 1984 7777 9160 7948 6476 4752 2608 8210 3955 1236 2136 56 1817 3577 1657 4442 2747 412 5340 1982
494 1600 321 3395 325 5064 9611 139 7949 6226 6101 1306 4639 7391 3042 4198 7782 2538 4012 8304 114 7987 6331 9660 9468 3005 4606
495 256 5572 8713 9545 9930 7629 3982 8207 3795 1429 1750 7193 1561 2909 6045 676 7206 8743 5993 46 7791 6134 5880 3961 2811 315 701 893 511
496 3970 8581 5895 3144 9930 6095 8336 1366 9430 8406 7321 8345 5343 1504 5860 2790 2093 4078 1391 5617 4209 1139 2614 1464 8696
497 4352 9315 2660 5956 329 9834 4716 8879 3023 7057 1457 8787 3987 4853 4886 3350 2518 183 4027 4220 4733 7709
498 2240 3713 3013 3336 4843 2155 6764 2413 8690 8149 5109 4663 6360 1624 2840 1209 5372
499 2017 1090 1986 867 935 104 8200 1129 2602 7852 8685 8622 7504 2321 8753 6738 8245 5654 1402 671 319
