100
0 4481 4616 9737 6473 6861 7630 5711 9680 4626 5716 9492 6996 8084 9622 8791 5464 9689 9625 6618 7450 4892 7904 6496 6945 9186 7779 9381 5094 8167 8617 7145 9706 7148 3244 4655 7664 6322 7666 9330 3187 8756 7418 7804 4861 5886 7422
1 7940 9860 3077 8133 2630 6598 4935 3399 7496 4746 1290 8142 8145 8469 5846 6358 8921 7450 8798 5151 6625 6562 8805 7334 9062 9063 5992 5097 5867 8943 4338 9395 6709 9399 5112 5247 9535
2 9091 6276 9028 9287 3657 9547 7119 3472 6865 9554 5651 9239 3672 2264 3103 6496 9443 6309 9833 4970 2796 9260 7789 5870 6708 2741 7158 8695 6263 9144 9337 6714 4220 6332 2109 8510
3 8003 8067 9992 8781 8462 5711 9236 9240 7642 7836 9052 8223 4768 6754 4771 6435 7079 7847 9899 7595 7276 4013 4717 9006 9584 6132 6004 4987 5949 3518 6975
4 8833 8451 8072 7561 4043 2635 7117 8850 5906 4626 5654 4502 3606 9815 3991 5976 8665 7262 9256 7210 5292 2668 8496 6132 9270 5238 7927 7352 7097 6777 8511 7999
5 5252 3781 6853 9735 8711 7949 1743 7888 8977 6801 8658 9235 5531 7388 3678 7138 3300 8936 8552 8937 8748 5102 6709 9270 6455 3703 5496 9401 3579 5500 4414 6591
6 4934 1288 648 8778 75 7251 9491 9107 9044 7958 8856 3800 8346 5344 6179 4709 8807 8615 9193 170 7082 4842 8874 3627 172 9838 2481 8435 9267 6326 9462 9847 122 8255
7 8832 7172 2247 6151 139 2635 7503 5457 3795 8278 1496 7000 9881 9178 1438 7967 5090 1315 229 3749 999 3943 8425 1579 7212 6764 2989 46 2031 6447 242 7923 7988 8564 5429 2744 7676 9278
8 8257 8453 9032 5070 4113 2962 4626 6743 7319 3991 9945 4826 6173 6494 7071 4703 6496 7778 3300 1572 6503 8808 8936 3050 4843 7787 1901 5869 9966 7921 6897 8500 5302 8758 3961 9979 4735
9 6593 2369 9282 9609 5771 3213 6287 5975 4377 9945 9690 8410 7067 4508 7068 2397 3551 5605 6309 4777 6250 2923 7147 9644 8556 9712 7665 7410 8631 7288 7674 9723 8573
10 5890 8581 4873 1737 1739 3157 8085 5656 7385 7005 6496 3297 6497 6625 2018 8418 7078 5926 2984 1707 4075 9964 8749 9075 8500 7670 4471 8760 4602 7996
11 5376 4034 9475 2691 902 6217 9675 6604 7054 2129 6865 9045 9879 3673 477 5856 934 231 8935 9959 7912 41 7849 6637 8623 7921 7283 4981 1720 7673 6142
12 2176 2177 8834 7238 4999 7944 1929 1226 1298 595 2709 3029 4054 9239 9111 731 2588 5981 7198 5342 736 6241 3873 8161 8676 805 7142 3558 2535 9129 9001 8937 9193 4398 8502 632 4283 3581 7999
13 8832 5379 4933 6985 6091 5836 6604 6605 7632 4369 2641 7955 9619 6679 7963 9435 9051 2588 3105 5026 8995 4966 5736 7592 6316 5292 6956 3382 5113 2940 7996
14 2369 5953 9921 5764 6597 7689 1290 5131 9292 2189 5266 3669 4503 8857 5721 3802 4826 8283 9758 6431 8863 4256 7520 2018 4579 4965 7912 3754 8811 7148 8556 8815 4015 6960 7603 7861 7929 7165 9853 7871
15 4288 7361 3013 5701 5382 8519 2829 1037 9485 5330 660 9942 8535 2330 92 3679 4961 7329 1766 4582 361 9193 3434 5482 4845 3184 5620 9588 6390 2040 2553 8570 9597
16 5377 9668 9865 8522 4748 3538 8274 7507 7380 7700 9941 9237 6165 9558 6551 4057 4891 8225 9124 4516 8998 4903 8105 8045 1773 6125 9774 4271 6768 7921 7476 6646 9339
17 9921 9282 9731 5893 2822 8776 6217 3087 3345 7442 8852 5013 5782 9942 8218 7450 5085 5086 1439 7968 547 7203 3109 2727 1835 8174 3889 946 9010 5108 4278 5884 4093 9533 5758 6143
18 9792 8133 6151 9227 8268 2829 3087 6159 7184 8403 9941 9688 4954 7450 8412 3233 3745 7586 8356 8613 7912 2283 4781 6829 5807 7984 3888 8115 3316 8053 7990 8505 7482
19 5888 9922 9282 9540 5061 8071 4234 5323 7823 6545 6936 9624 7130 4315 5023 9827 9956 9893 9001 4842 2283 5868 8492 4333 3757 4782 8881 9714 6323 7158 8634 9210 7804 5437 4158
20 640 3718 8454 1290 5514 4234 8138 7563 6859 8013 8463 5330 9170 3922 8724 6165 9046 7766 1052 9244 2849 9698 5154 5347 3497 2153 5163 2283 2228 6076 6013 1726
21 1152 386 4100 6982 7242 1293 7117 1553 9426 2709 3158 4055 2264 6105 474 3484 9373 606 99 4262 1128 3945 6507 4911 6703 8817 5618 2546 3251 2420 4021 1271 1912 5307 5499 4094
22 1666 8195 583 1290 2125 3726 2190 3086 9745 2450 2387 3221 9621 2262 9239 5659 2459 9373 1310 224 6051 1317 8677 9829 4200 4011 2989 8685 9709 3122 7346 9715 2996 6964 7543 5945 8377 5370 2876 3836 703
23 7810 8067 1412 645 8458 6220 9228 8782 6480 3474 5459 2579 9491 5012 9879 6553 5274 3037 2142 8802 866 2980 2922 7210 9708 8686 8304 6897 7474 7668 7157 2997 3324 572 1981 3839 1407
24 644 6408 4936 2186 8138 5643 6347 5581 911 1935 8975 1427 6676 2389 2133 1174 4950 7575 4120 9947 605 7133 8225 6053 3046 6887 104 4908 2732 2673 3958 1976 7864 1212
25 5184 4161 9475 6472 6346 8330 6605 7377 7442 9620 5076 8535 7642 4570 3739 6240 9121 4198 9959 4905 8938 4714 9579 9264 6193 5107 5687 9274 8186 6715 7165 8063
26 5760 513 6339 70 4102 3406 2130 4051 5396 5142 1623 8152 8025 4634 2267 1822 5983 2271 4704 4772 8421 6821 8552 299 8111 3440 8177 2803 1397 2809 6137 3194 187 7803
27 1921 2627 1732 8900 1221 5830 202 6668 2508 3663 9811 151 6103 2200 920 6617 537 2586 1117 1954 4643 5155 228 7271 3371 4462 6194 9715 4854 1718 2231 9719 3064 8761 9466 3451 6780 6460 4093 3582
28 2048 9922 8900 2440 3466 1290 8011 8716 2576 6865 9490 2516 1494 9753 9689 4955 6493 8606 2015 7008 5921 8102 234 8362 3244 8877 7598 7471 2356 2876 9406
29 7744 3201 3842 8834 4933 4294 8011 8077 8141 6992 8913 3474 5331 727 6936 5661 2591 8737 6370 9058 8550 360 5736 9323 5104 3120 6196 8630 3959 9911 4856 5816 7289 9022 7230 6719
30 3393 1026 3010 8325 1610 5962 5198 6159 5968 8913 6039 6427 8732 3484 7775 3039 5730 7075 3300 9321 1132 4333 687 7471 4080 9712 625 8310 8957 2621 8765 7741 2559 4543
31 1093 7110 9926 263 2504 73 3785 9162 590 399 3409 1362 3608 2078 31 1057 3811 9387 4397 302 5551 7153 6705 4787 1140 1911 6841 1467 2876 3004 5053 4671
32 7170 4738 6851 581 4741 9165 717 4941 1422 4758 1368 8729 8732 477 6367 6753 8162 6052 619 8492 5230 6254 239 5359 4271 5615 2288 4853 6903 9401 6715
33 1922 5385 3786 9227 9932 973 7951 3855 7376 8464 4945 8787 2326 5465 4953 8540 5856 4964 4068 3687 8552 6505 7978 9389 8238 8174 9776 5169 2609 8369 7410 3958 1464 6396
34 1665 2305 7681 9601 7109 8008 2892 6476 9036 6604 6606 2319 9615 5204 2200 2713 2015 4640 7072 1700 9192 2985 9961 2986 6890 3690 8876 4977 305 5362 9525 3894 4667 7099 2877 6463
35 8900 7623 6792 5325 9871 6480 6418 8658 4886 9111 8413 6687 6688 7904 4576 9762 3876 8357 6119 5289 5995 6060 9260 3244 9325 4845 5040 9394 5045 9271 9273 2617 7802 3579 7419 7740 8510 4095
36 9408 4359 6535 7623 1290 9419 8335 4176 8913 9812 7573 8277 5462 8856 9625 7194 3996 9565 6814 9503 3104 9379 4067 6372 9703 7081 4201 4586 4654 8239 4082 8436 8501 8565 5174 4087 9533 5502 4926 1919
37 4096 1921 129 2690 6787 838 6662 4102 263 647 839 2248 4619 2444 1233 1681 3028 3097 1372 2268 30 3104 4640 5862 6630 3947 9709 2542 3054 2227 9205 8311 1080 4282 1214 2430 1278
38 6528 3526 3719 4871 3399 9416 6216 6984 9996 8014 7055 2130 6420 3605 8598 5142 3097 6305 6627 5283 8105 7788 4780 7664 6704 9074 9394 9331 8310 7350 6071 2299 5310
39 4420 3272 8396 4367 1744 3283 979 9171 4179 6807 1369 6042 2077 6622 7839 4768 3683 8292 421 5480 6440 6058 9258 8300 8812 9584 2226 2995 3891 4147 3575 2811 5628 701 7935 8127
40 3589 3462 2566 5703 5256 9930 3917 2830 3217 3857 7763 405 9877 7574 9110 4502 1047 1880 7327 8939 4333 3570 3506 9786 3196 317 1022
41 1409 4546 516 5706 6538 4555 8140 6604 3790 784 2258 9363 3925 1174 3353 2079 5538 7204 2727 5993 3882 8683 1964 748 1262 5619 3959 9082 6587 5243 4475 1213 382 3135
42 4736 708 9413 7430 3786 5646 4175 7766 5783 9561 7524 8485 8871 9577 6377 9578 1643 8364 6829 9517 2862 9070 1904 3441 7347 5683 2484 4084 5044 3061 8118 6520 9338 9599 5631
43 4224 7041 9667 5955 7112 9352 6793 7817 2761 1355 9938 9492 7895 3991 2264 7513 8538 6886 9383 1128 5673 7788 1773 6445 8686 4206 8111 9327 7985 7538 9911 9719
44 8064 2050 6402 2884 2054 9865 3473 2709 9302 9177 8538 9050 4827 4123 4127 5407 4065 7522 1379 4323 9125 8551 8105 9643 7788 3565 7985 8754 9076 4660 6198 8823
45 576 515 132 1412 2439 1096 3275 11 2639 4495 656 8273 3028 2068 7637 7895 9946 91 30 1950 2721 7971 9061 6502 554 43 171 1643 1195 1711 689 2162 9779 309 3319 7479 3832 6843 6459
46 2369 6722 9731 5318 9864 7113 3849 3851 7115 1356 4686 3023 8592 5649 4755 7763 983 8857 5402 2394 4443 5473 1761 9766 4842 7339 7021 9646 8177 9905 2995 6453 8183 6975
47 129 9601 6723 7493 1482 4811 3980 9806 9814 8792 2264 7706 1249 4900 5734 4454 8615 4392 5289 9066 1965 2542 8878 9070 7087 1967 4847 2161 4147 244 2040 7416 3514 8958
48 2305 1601 1729 2178 1283 4293 3269 902 7112 6664 9164 398 4497 4821 2901 4247 7452 4320 2337 164 7716 8934 8616 2345 9644 6832 5683 1907 3507 5491 7347 2041 3193 9273 8572
49 5632 3332 5895 839 1671 6473 6986 9099 4622 8785 9938 5331 2581 9495 8984 4765 1569 1186 4452 7717 9957 1767 6059 5291 6962 1842 8883 3446 3190 8313 6137 5305 5948 8828 5437
50 7424 6016 3522 7108 9797 8134 8201 1482 3086 8079 6034 3795 788 9941 1814 9498 8798 2591 4898 9188 5093 6828 8493 9390 5295 5424 817 6771 8438 3065 9849 4089 7034 6395 4733 1599
51 9664 1921 6211 7300 9349 7238 2826 7819 7694 8526 9746 6237 4382 7200 3942 5095 7404 8300 4781 9070 9456 2675 6773 5685 6075 3261 5053
52 8576 9472 5057 5638 8710 8650 5387 6860 8143 5711 6614 3481 8730 9946 4762 9501 6941 7198 4000 3363 5092 9700 9125 8935 6185 3371 5229 8822 6264 3385 6524 8191
53 8512 9280 1218 2117 6599 1353 73 1866 1931 1035 6156 1228 9613 4374 3739 92 1695 2592 7712 289 6051 6949 807 4968 2473 6121 8309 1077 1334 8184 2107 254
54 2816 5504 3522 6595 6470 6215 6152 1039 7503 6225 5020 9116 7391 2400 7585 7717 7209 9513 7083 6572 6892 1836 6125 561 5427 3123 7095 826 8058 1146 1084 8573 5630
55 2112 579 460 2828 2257 7572 8407 4507 2651 5086 1567 864 2272 544 1761 3810 2406 6824 6634 9515 1266 1459 1587 8759 1912 761 9722 827 187 7293 1151
56 4612 8132 7815 5707 7499 1871 145 8402 725 9368 2264 6301 5472 4514 8548 4516 868 8039 2599 5161 7978 3756 3244 2349 5935 816 624 1457 1075 7283 948 2549 2746 2044 3006 1406
57 1156 6532 3975 2247 3784 2634 4618 9548 268 8272 721 402 19 2644 4436 6677 1877 6616 9884 5724 9566 1506 7075 484 5605 5033 1708 3820 1389 9709 9010 437 1461 5431 1336 3130 7546
58 1921 5186 9539 5892 3973 6725 8070 5769 3849 3530 9101 4879 7060 9175 6298 1248 2339 6756 6439 7335 9512 9962 9131 6444 6190 6382 9007 1009 3186 4084 7351 1914 3131 7099 9212 4028
59 9600 2692 1668 5382 8201 8524 1805 9231 1685 6999 8601 5210 7196 3356 8478 9438 6623 4322 5602 5219 1701 1579 8621 1648 4913 9137 8306 7091 3766 8695 6264 8440 8124 702 6527
60 9857 9473 1927 8458 6028 2508 1743 3984 5841 7762 7570 3091 5269 2069 4247 4504 4249 7897 9243 5020 4062 4965 3431 8615 2025 2089 8046 3891 6003 9271 6520 7163 9534
61 4356 968 1358 9551 7056 530 3667 213 9557 4438 2456 2649 2458 411 795 221 2014 927 9311 3807 2278 1511 873 5997 1776 9584 564 1780 1463 1785 121 635 9085 3965
62 1922 3907 1923 7171 3913 7051 402 2004 3604 9237 6165 5014 1047 2715 3870 4638 7966 8480 3232 5666 1826 3619 3363 8867 9637 3238 1383 8423 3431 8681 5550 495 3312 9009 7603 3899 1596 5887
63 9347 6150 7110 5127 3337 6730 7820 976 1104 8402 6101 3991 4056 2137 3100 7772 3552 7328 4835 9446 4647 2991 3249 5489 9396 8885 3320 9784 1656 5307 5372
64 1283 5253 5445 7048 3211 332 1228 3405 2893 2958 784 5840 336 6992 5585 8596 7192 5401 8282 923 7837 8034 9187 1380 6117 3369 8490 1323 1005 5167 9584 7474 7730 9460 3317 629 8826 8891 1403 9982 1855
65 1922 4549 7624 6986 9995 4492 4238 7122 8723 3348 2460 1694 1247 5216 5412 4584 9192 3304 1385 877 1903 1397 6903 2232 2297 1467 3067 7356 3901
66 6656 6468 8708 2761 1418 8012 1164 9933 7506 1682 2710 5654 4696 5593 5467 607 5793 4705 7585 1123 4709 4585 9772 4845 9520 4019 5302 8825 7674 3130 1087
67 1664 6913 1735 1671 7178 1290 8139 5196 2700 2253 9549 2894 2959 5391 2193 7313 1238 3350 7318 343 152 3033 3227 155 2204 6046 2143 9824 1377 7078 9703 1387 6892 5357 3055 1079 5628 6524 3389 2622 767
68 2112 1537 1921 4226 324 2186 8466 6163 5652 2262 279 8154 26 3740 2012 3805 2206 2720 5350 2471 1703 2152 1577 4138 2090 6961 8241 1139 4211 3189 7607 4919 2236 1086 3903
69 7554 1346 6659 9413 8903 4488 6536 1737 9738 5066 8842 9293 4175 6032 5777 9310 6239 3168 5926 6247 8807 9256 5354 6508 4718 6191 9329 3316 2103 7288 5753 5179 9405 7933
70 577 2883 9479 840 1673 1291 76 5262 1295 3609 3931 1695 1824 1445 744 2280 3880 3113 3177 2093 367 629 9013 762 4858 315 444 1532 4476 7293 4863
71 9088 581 5767 1671 3464 2633 651 3085 2638 8976 6417 150 854 1496 8088 729 1820 8605 2591 3237 1766 8104 3564 3756 2797 3567 3696 4656 2294 3512 5242 442 2684 9663
72 5376 2433 3395 9478 328 1993 9868 653 6158 3855 9424 1552 785 657 3986 5971 6099 5845 2135 3545 8735 1509 679 7336 2859 428 2286 111 6258 755 4404 3828 948 1215 1983
73 8512 1088 7360 8962 3338 3403 8203 3406 9491 1491 4693 3225 4572 6432 1953 3425 5028 4645 2857 7530 5931 1835 2028 9009 3826 3506 4915 7732 8372 6005 5046 6711 2936 5050 6906 5627 4287
74 2624 6144 1608 3784 7624 9993 4491 3660 9295 5403 1182 9118 7648 4768 2274 2468 4519 6696 8938 492 9068 2732 2733 8365 3759 8241 4915 2166 7417 825 1210 1596 3261
75 5955 9411 583 4999 2381 144 401 1169 8338 6930 7444 6165 9301 3288 2521 9178 9565 3165 4509 7454 2846 3359 2208 3682 4002 3878 4264 3244 2605 173 1841 2738 8373 8374 5878 3254 6775 2360 3833 2554 5819 5629
76 3584 5824 4608 2048 6402 3780 4868 900 4613 4422 3398 3849 1737 1355 3408 6288 4053 4374 1879 1372 8988 6174 2722 2275 869 8871 2281 3625 3308 5805 2734 3182 3567 7729 4529 9778 3635 5747 1780 6392 3256 7225 5946 3325 8638
77 5376 7105 6145 4098 1795 4166 7111 6855 3591 8776 8202 3979 8462 5455 6095 3216 3603 5523 5533 1502 4128 7074 5156 5608 7342 6128 2864 5876 2999 8185 8058 4412 4670 6846 8063
78 1540 1796 3335 5834 3210 1291 3021 9742 3982 3600 1105 467 3923 4822 8086 987 731 5278 3999 9888 6049 1186 7395 1379 35 2854 5735 6378 305 8114 1971 9912 635 1469 2623 4607
79 3009 130 5894 1479 1097 4362 13 3983 1235 2645 9109 87 4122 603 1883 220 8030 1504 1440 9441 98 1762 2533 5223 1835 3950 3632 9136 9918 1022
80 6720 1217 9794 5124 8454 7559 3017 2510 8398 974 5839 3089 5523 149 8663 4824 2842 2907 9307 3419 9884 1572 6310 5926 3495 4526 6964 4341 9461 2614 8377 9145 698 2812
81 1216 1603 68 388 520 332 2766 463 9039 402 211 277 5461 22 1367 8538 1627 8094 735 7842 355 5091 3812 3430 359 3754 2668 684 812 7405 1263 5744 4851 5560 4281 6394 2939 6971 764 829
82 4930 8643 2179 644 6660 3205 2567 199 2124 2769 3220 6165 2967 2647 4123 5853 2656 3300 9252 999 7975 9320 2093 2797 9711 1648 9842 4018 4723 4981 5750 4535 3964 2173 1917 958
83 1795 7687 6344 3849 9290 1932 589 3153 3730 7763 9043 2260 5140 5016 669 6688 4904 1257 6314 2795 3244 365 112 2609 3377 1843 1075 1656 9017 1532 254 8063
84 3522 3907 4291 6024 1737 6729 2892 2700 5133 2126 4432 2896 3281 7185 851 1236 1620 5332 3094 599 1624 8536 8153 29 8863 866 7908 8036 1446 359 3752 7400 6762 6639 1327 4790 6328 7417 1275 1469
85 2054 719 8911 7760 3410 2322 1619 5206 2903 1944 7257 2074 4187 4065 289 5025 802 8930 4643 8422 4710 4715 6060 6061 9007 1393 9330 3251 1398 6647 6202 9085 6718 3903 8191
86 3392 3969 1601 1861 3526 7371 267 1035 76 269 3023 79 5520 9170 6100 277 599 3163 1502 4639 3807 7584 673 2019 9892 3367 2221 8557 4783 3894 5175 311 1975 9657
87 7808 8065 4227 3332 6790 5638 5448 1737 4171 463 6224 5265 1558 6614 1370 5469 8353 419 1893 3045 7013 679 4456 5675 177 1073 1137 8949 2998 1273 186 2108 5503 1727
88 5696 2952 777 3915 7117 461 8017 3345 7826 4498 3668 469 3221 470 7447 5979 2715 2143 3295 3040 672 7777 1570 1571 869 3110 6439 5929 554 5931 5296 1715 755 3892 501 7734 9208 1275 4156 957
89 512 3137 4034 1346 9155 3012 2885 4743 9804 1036 2060 1038 3983 1495 5340 8156 3101 2206 866 2210 5350 2662 3176 4840 1193 9130 1134 5486 240 8823 1912 3257 7934
90 449 1281 900 2374 905 3081 138 4171 1804 1357 3022 5583 655 1808 2322 5012 277 5973 918 3286 1687 4442 6941 9054 2207 6823 4007 1640 1514 7532 7085 45 9135 6192 5552 1776 4593 8378 8381
91 834 6018 1987 3909 1925 3336 8714 9163 1419 1804 2060 9167 6159 4309 4183 6557 4575 7327 2149 7653 4967 5608 5418 3244 5613 2030 1646 2802 2741 6005 1718 5112 8185 1083
92 4032 194 8516 1157 521 4554 459 1804 6284 4366 5519 2067 3926 1687 2840 7776 3299 1123 1765 9574 8295 41 1065 4394 6698 4714 108 45 6702 9199 6064 2992 3313 9906 9138 756 698 3324
93 5120 514 4553 8969 202 138 2768 3920 4497 1300 3808 1889 740 9000 6952 6249 4907 555 5548 109 623 1010 9268 7285 8310 122 3519
94 645 262 3974 1544 9864 4362 5710 144 4305 5458 5909 6165 8087 6935 1880 7003 6493 5021 7392 2272 5924 5477 8103 1000 6442 493 7412 757 6776 1788
95 6912 3973 5704 200 2569 4810 3404 2380 3532 4621 5390 3154 4373 5977 7386 91 3613 3169 7585 3362 1763 6629 742 2599 6636 813 2670 4529 2174
96 1088 2818 5381 3591 713 329 8010 2251 1099 9357 7567 2003 2643 1237 534 1175 1559 6624 3941 6376 3881 2732 4204 365 753 4849 3378 4914 4468 2869 7094 6009 9913 318 6271
97 6082 2245 3397 1095 7176 5708 1548 2636 5646 9743 8655 3858 146 84 1621 6102 1047 603 3675 6621 3231 543 4385 6369 6691 8867 5029 166 363 9195 6379 430 559 1395 3637 630 1146 3771 700 191
98 6400 5380 1542 1672 1928 649 7753 5130 7691 139 3214 6480 7507 6932 2008 9177 3097 2395 927 1122 2148 1893 1450 4074 3756 1389 1006 1519 434 4083 499 7544 3064 1658
99 3008 6210 7363 1028 4869 199 3849 139 1618 5524 8532 3863 4311 1945 1052 29 605 7648 1954 3109 3110 550 5863 9447 3886 5487 1648 4720 5233 3057 3697 3762 2163 503 312 891 2301 1277
