100
0
1 0 1 2 5
2 16 17 4 6 7 8 9 11 14
3
4 0
5 0
6 0 2 6 7 12 13
7 2 3 4 6 7 23 8 9 11 12
8
9 1 3
10
11 13
12 0 1 2 3 5 9
13
14
15 0 1 8
16
17
18 0
19
20 1 2 4
21 0 1 2 3 5
22 0 1
23 0
24 0 3
25
26 0 3
27 0 1 2 3 5
28
29 0 1
30 0
31 0 16 1 2 3 4 5 8
32 2 3 10
33
34 2 3 4
35
36 0
37 0 5
38
39 0
40 0
41 0
42 0
43
44
45 0 2 4 5 6 7 8 9 10 11 12 14 15 17 19 23
46 0
47 0 1
48 6
49 0
50
51
52
53
54
55 0 1 4 8
56
57 2 19 5
58
59
60
61 1
62
63 0
64
65
66
67 1 2 4 6 7 9 10
68 0
69
70 0
71
72
73
74
75 0 14
76 0 1
77
78
79 2 4
80 0
81 1
82
83 0 2
84 0 1
85
86 1 2 3 5 7 9 10 11 12 14
87 1
88 0
89 0
90 1 3 5
91
92 3
93
94
95
96 0 3 4
97 0 1 2 4 6
98 0 1 2 4 6
99 15
