100
0 1847 3901 5952 1862 1884 3935 1893 1904 1916 6012 8065 3977 1931 1933 6033 3989 1944 3993 6045 6052 4007 1973 1974 1977 4040 6092 1999 4048 2020 8168 8176 2035 6134 6136 2045
1 0 1 2 3 4 5 6 7 8 9 10 13 14 15 16 19 21 24 25 26 27 29 30 32 34 37 41 46 54 65 84 88 102 110 126 158 159 199 253 404 484 485 4589 2572 8734 549 869 1089 3198 5367 1388 1572 1597 1679
2 0 1 2 3 6 7 8 9 11 14 23 27 69 81 104 112 132 168 203 252 257 282 297 318 342 355 356 370 371 389 401 8734 632 737 8933 763 929 940 1072 9301 1260 1497 1548 1604 1629 6188 2244 6589 6668 2703 2707 2741 2857 2981 7218 3244 3706 3774 3818 3824 8114
3 1857 5957 1862 1866 3926 8025 1882 1883 1888 1909 3969 6024 3981 1937 1939 3989 6037 1943 3993 1958 4009 6064 4018 1974 4032 4033 8131 1991 1992 2047
4 941 951 4025 6074 960 961 963 965 4049 7122 2005 3033 987 993 2022 8166 1001 4073 2027 3056 1012 1013 2038 1017 2042 3066 3067 1022
5 0 1 2 3 4 5 6 7 8 2056 9 15 27 28 37 90 97 120 8332 151 155 184 202 2255 210 4314 231 253 298 329 428 439 482 501 513 524 8733 6698 566 612 621 681 4805 4807 712 749 4849 784 797 859 869 880 907 972 977 1031 3131 1095 1184 1263 3315 1283 1300 1332 1390 9786 1697 1772 3849
6 2302 2347 6558 2565 2575 6684 2657 6804 2743 2762 2841 2853 2867 2872 2941 2951 7051 2979 7129 7147 3065 3167 3246 3257 3271 3338 3363 3384 3443 3604 3794 7905 3870
7 0 2 7 8 9 39 44 63 78 90 98 107 110 119 131 151 156 160 167 185 186 195 207 224 229 238 250 256 258 4371 288 290 329 331 332 355 382 393 398 484 524 526 597 611 650 659 681 725 4848 880 933 1027 9225 1207 1315 5429 2169 2205 2744 2768 2983
8 8028 3939 1901 3958 3961 1915 8059 1918 1920 3969 8074 8076 8080 1943 1947 1948 3996 6046 1953 4004 1971 8149 8156 2014 6112 6114 6116 2028 2035 2042 8189
9 0 1 2 3 4 5 6 7 8 9 10 13 14 15 16 19 20 21 24 25 27 28 29 30 31 33 37 45 52 56 58 62 65 69 72 78 103 114 121 2170 126 138 158 164 166 176 184 187 199 253 290 4390 410 432 442 6718 6729 2700 665 2735 715 873 899 2955 5200 1510
10 0 1 2 3 4 5 6 7 8 9 11 13 14 15 16 17 18 19 20 23 27 28 35 37 62 65 69 78 80 106 110 114 120 126 4226 131 138 139 152 4281 193 199 207 4317 224 235 6379 243 253 290 309 310 332 4430 346 355 371 372 482 2533 4609 624 638 679 681 703 739 2848 2872 849 850 859 9053 4978 4985 9086 2950 909 957 3071 1155 7408 1324 5463 3477 1524 3635 1667 1737 5926
11 0 1 2 4 5 6 7 8 9 11 13 14 15 63 64 69 72 98 102 117 120 121 123 136 139 4241 184 189 199 201 206 216 229 236 248 252 290 301 303 316 343 356 362 371 377 388 432 442 542 650 653 671 680 709 737 810 825 992 1122 1166 1558 2261 6656 3457
12 0 1 2 3 4 5 6 7 8 9 10 11 12 13 14 15 16 17 18 19 20 21 22 23 24 26 28 29 32 35 40 45 56 58 61 62 65 69 82 120 121 135 138 155 184 252 253 554 624 1077 1310 1476 1502 1591 2371
13 2978 932 1959 1967 944 947 8116 952 953 5049 1979 1981 1984 4033 8130 964 1988 976 2000 4051 4055 984 986 2016 3041 6115 2024 4072 1010 6131 9205 3066 7162 4094
14 0 1 2 3 4 5 7 8 9 11 14 2063 27 28 65 69 72 4188 97 102 113 114 121 130 135 138 143 148 169 196 212 231 243 253 280 355 2433 404 410 421 486 4594 2604 670 706 707 708 710 717 735 749 764 8965 6979 5038 948 966 3046 9206 1095 1119 1131 1324 3398 9559 1384 1524 5721
15 0 2 4 7 8 9 10 11 12 13 14 15 16 17 18 20 21 23 29 34 38 40 44 4148 53 54 58 61 62 63 65 69 82 84 88 108 119 120 126 131 138 139 4288 199 206 212 224 231 280 301 329 468 561 968 979 9365 1270 5429 9572 5482 1597 1734 1766 2818 3774
16 948 950 4023 1977 1979 4027 1983 1985 3009 1986 3011 5059 968 1995 5069 2001 6097 5079 989 2014 992 993 8162 997 999 1000 3054 5109 1015 1021 1022 3070
17 0 2 3 7 8 9 2072 28 4167 87 94 2145 2232 6378 4343 2296 252 273 285 2342 345 346 4443 361 390 454 510 4607 536 561 583 637 665 694 731 751 879 3021 5108 1030 5218 5278 1185 3243 3274 3306 1270 9470 5404 7488 1352 1420 5558 1498 1524 1554 1591 1667 1743 5893 1801 8015 3923 3977 6049 1971
18 0 4102 8 9 6180 37 78 92 120 122 123 128 138 148 157 161 8360 169 184 187 192 193 202 211 229 252 253 255 265 267 286 325 330 6475 355 384 408 450 4558 495 496 8703 585 2651 4703 609 6787 712 715 720 879 3036 1052 1095 3158 1222 1350 1352 3410 1398 7557 5576 1604 5751 1718 1772 1799 7984 1949 8100
19 6063 1973 1983 1985 1986 4039 6087 8135 4047 8143 2000 4048 4050 6100 8150 4056 6109 2014 6110 4063 2018 8164 2023 2024 4079 2032 2038 8183 2041 4089 2042 4090 2046
20 0 2 3 4 7 8 9 14 20 22 27 35 37 50 61 75 4171 80 97 2150 2153 119 120 125 4225 148 149 159 172 176 184 199 206 6362 6373 243 249 2298 252 8454 280 299 301 4408 332 372 410 442 2591 549 561 4662 4688 595 2659 624 632 686 709 751 805 843 849 859 2930 7048 907 7069 7081 1005 1027 1052 1117 3172 3198 1168 7347 1225 5329 3286 1256 1290 9519 3441 1412 5514 5526 3483 3497 3533 1638 1702 1768 1771 1783 1789 5973
21 0 1 2 3 4 5 6 7 8 9 10 12 14 15 16 17 19 20 21 22 24 27 28 32 33 34 37 38 53 54 55 58 63 65 69 82 96 103 107 120 152 158 164 176 199 236 252 389 494 797 1089 1350 5482 5554 1482 1554 5985 2264 6379 2848 7242 3199
22 0 1 2 3 4 5 6 7 8 9 10 11 12 13 14 15 16 17 18 19 20 21 23 26 27 28 30 37 41 44 55 57 61 63 69 70 72 74 78 82 102 103 126 138 145 148 155 157 161 164 166 193 197 236 268 280 299 303 316 342 355 356 404 442 468 583 731 859 977 1173 1290 1310 9517 6035 2045 2402 2818 3211 3379 3424 7624
23 4034 1987 1988 6087 1992 8138 8139 1997 2001 8146 4051 8149 4056 2010 8154 2012 8157 2014 6110 4063 2021 4072 2027 4077 2030 4079 2033 4081 6131 6134 6135 2041 6138 2043 4093
24 0 1 2 5 7 8 9 19 27 38 78 82 84 96 103 120 138 148 161 164 175 184 193 204 231 236 243 252 253 8450 271 285 290 8488 303 316 382 404 426 542 554 585 599 611 612 621 655 679 681 702 708 725 726 746 747 762 764 769 817 871 873 881 900 902 933 940 948 977 1065 1114 1119 1134 9335 1151 1152 1173 1174 1184 1195 5333 5350 1284 1321 1334 1385 1386 1412 1429 1454 5643 1566 1572 1584 9947 1862 2060 2136 6238 2168 2187 6335 6347 6698 2614 2692 2956 7373 3706
25 7087 944 952 953 5049 1984 8130 1987 4038 8136 1999 2000 5072 2007 4055 984 4060 2016 6115 996 997 998 2024 1001 2034 9205 2038 2040 4094
26 0 1 2 5 8 9 19 27 107 4219 126 131 138 4238 145 147 161 162 164 168 181 187 197 199 210 234 4335 8465 299 342 4497 403 406 409 446 485 488 494 503 515 554 585 4704 616 669 4807 4813 797 824 9040 891 907 915 5041 948 1077 1152 9351 1330 9542 1352 1388 1395 1420 1429 1483 9710 1584 1656 9927 1736 1850 5959 1951 2296 6577 2889 3110 3158 4090
27 0 1 2 6 7 8 9 25 27 69 73 107 113 117 121 135 157 164 166 176 183 184 196 206 211 221 256 277 299 300 4403 343 389 390 409 410 414 417 429 443 482 523 552 8761 604 626 646 647 679 694 734 739 764 841 849 855 4962 4978 909 1004 1117 1395 1412 1476 1718 1732 1921 1954 2180 2200 2296 2780 2889 7753
28 1933 3983 6033 3987 3989 1942 1944 3993 1959 8103 1963 6059 1973 1977 1979 4027 6077 1983 1990 1993 6092 1999 6097 4055 2014 8162 8168 2032 8176 6137
29 6009 1921 3972 6021 1931 8076 6031 3987 1946 6043 4001 1959 8104 4010 1963 4023 4030 4031 1985 1986 1995 4044 6093 2000 2001 2006 4055 8154 2012 8162 4088 2041
30 6027 1933 6033 3989 1944 3993 6044 1953 4010 1963 1977 1979 4027 4030 1983 1996 6092 1999 6097 2006 4056 2010 4060 8157 2014 8168 8176 4089 8189
31 0 1 2 3 5 6 7 8 9 11 14 15 22 23 27 30 55 58 69 70 72 82 83 105 126 132 137 138 144 158 162 184 193 199 243 252 258 273 280 4397 332 356 364 4487 408 424 445 468 482 8707 583 596 619 621 4818 735 776 797 867 881 915 1052 1065 1093 1320 1349 1352 1734 1793 1911 1989 6141 2196 6385 2504 3676
32 0 1 2 7 8 9 11 12 17 18 20 22 2076 35 36 44 55 57 60 61 4157 62 65 69 74 78 82 107 114 119 120 131 138 152 161 162 166 176 178 180 184 4281 197 231 236 253 4364 280 301 331 339 2402 4460 404 426 2486 451 2526 549 552 554 2614 2659 624 625 632 2700 653 655 663 709 727 728 2819 2825 782 2841 797 8993 850 859 869 900 909 5051 968 5091 3053 1031 3110 1106 3160 1200 1315 1334 3398 3458 7559 3470 3489 7708 1597 1604 1627 1780 1783 3849 5921 1917
33 0 1 2 7 8 9 63 2116 69 4172 83 126 134 147 158 164 168 176 204 2274 228 243 2291 2313 298 299 307 344 2425 393 6539 4510 448 2521 482 2547 501 6656 554 8751 4676 609 2666 634 659 8853 665 2717 4820 733 749 751 2845 2848 2849 6946 4953 880 961 973 979 990 995 3053 1019 1023 3097 5150 3142 1113 5255 5264 3248 1224 7437 5434 1365 9572 1384 3514 9716 3600 1583 3639 1604 3686 5754 1667 9896 9933 5860 1783 1807 5973 1954 6050 2020 2033
34 0 1 2 3 4 5 6 7 8 4104 9 10 12 14 15 16 17 18 19 20 28 35 44 52 63 82 2153 120 121 137 138 152 8355 164 224 2300 268 285 290 4417 329 391 396 429 442 6604 482 2593 621 665 666 720 4895 850 899 2955 926 990 1077 1106 7279 3441 3514 1521 1583 1665 9894 3768 5850
35 829 1856 836 839 844 3923 855 1883 1885 1886 8030 8032 1909 6012 1917 897 899 1927 3977 2954 907 3983 914 918 1959 6059 953 6077 3011 969 3020 975 994 996 2032 5108 1016 1017 6137
36 6013 1919 1922 6022 1934 1935 1936 1940 1948 3996 1951 8108 1966 8110 4020 1978 6074 1986 1989 1990 4040 1996 4047 4051 2010 2011 2019 4067 2020 8164 4070 2037 6137 4090
37 0 1 2 4 5 6 7 8 10 12 13 15 16 17 18 19 20 21 24 28 30 31 35 36 38 41 42 45 56 57 58 62 69 74 102 114 121 126 140 152 155 166 176 236 4347 303 356 371 395 4864 776 919 968 1089 1256 1482 1737 5862 2073 2430 2444 6577 2513 2612 2713 3097 3222
38 915 1939 2963 3989 6037 3993 926 1958 4009 2992 6064 945 4018 9138 947 949 954 958 959 4032 4033 8131 1991 970 971 976 3025 3034 987 994 998 999 5108 2047
39 0 1 2 5 7 8 9 14 27 60 74 79 2138 6234 97 102 107 119 138 8334 148 162 166 176 4302 207 280 4388 301 335 2383 346 356 365 2416 389 390 439 2503 468 2523 524 546 583 595 598 6756 615 632 2688 646 647 4768 686 728 731 742 747 750 797 803 836 2889 878 896 7048 7104 968 977 979 3053 1019 3121 3182 1171 1251 5381 1292 1298 1369 5480 1395 9611 5546 1520 5634 1546 1667 1671 5895 5921 1930 3983 6058 4089
40 1935 3988 8087 3994 6044 1950 3999 4005 1958 4022 4025 1982 1986 1987 1991 1992 6095 4049 2005 2007 6106 2014 8159 8166 4073 2027 8175 8182 2042 2047
41 11 23 26 27 37 40 4142 8267 96 116 117 123 145 4255 166 170 181 197 205 207 208 247 253 4364 283 371 382 388 393 4525 476 495 549 554 611 625 4728 638 716 812 9039 900 910 5038 979 1058 1173 1174 5277 1210 1262 1287 1324 1408 1477 1575 1679 1751 1756 1809 2076 6265 2214 2270 2492 2504 2533 7013 3248 3591 4040
42 0 1 2 3 4 5 6 7 8 9 10 11 12 13 14 15 16 17 18 19 20 21 23 27 28 2076 32 37 38 41 44 56 57 62 63 65 69 74 78 82 102 121 126 131 138 155 161 164 193 197 224 236 252 253 285 2385 432 482 487 2659 708 815 2976 935 968 1001 1132 1184 1263 7408 9517 1369 1495 1522 1643 1656
43 6045 1951 6047 1953 1958 6057 1965 1967 4016 6067 4020 4021 1986 1988 1991 4040 1993 6092 1997 4045 6094 4047 8152 6105 2014 4062 8162 2021 2025 2028 2029 6126 2037 8184
44 8034 1904 1906 1907 8056 1915 3970 1923 3972 1928 1933 1935 1940 6044 1953 1954 6054 1961 4010 1963 1972 4021 4023 4030 1986 4035 1993 2006 4065 2029 2033 4089 2044 8189
45 3 7 8 11 15 17 18 22 23 35 38 42 44 55 57 59 61 69 74 79 82 90 91 107 120 123 4226 131 132 135 138 139 152 155 4266 193 211 225 229 231 243 252 274 285 309 310 4421 329 330 332 355 397 424 468 482 517 545 595 604 650 671 737 4919 859 867 880 1000 1122 1310 1320 1387 1412 1429 1482 1502 1506 5661 5667 1714 1799 1881 5990 2169 2216 2298 6459 2487 2513 6698 2818 7055 2973 3158 7584 7850
46 0 1 2 3 4 5 6 7 8 9 19 22 24 27 28 47 51 54 57 72 83 94 96 107 122 130 138 140 142 145 148 152 155 158 166 171 238 243 272 309 330 410 485 493 733 777 873 1337 1502 5974 3264
47 0 1 2 3 4 5 6 7 8 9 14 15 19 22 23 27 28 37 48 57 65 69 71 83 88 102 115 120 138 139 193 199 230 236 249 280 316 346 383 517 536 583 587 625 778 861 9054 880 9081 985 992 995 5182 1134 1171 1200 5497 1434 1437 1495 9732 9768 1587 1612 1689 1702 1762 1799 5910 5990 2208 2264 2391 2403 6684 2685 6930 3106 3139 3142 3448 3483 3514 3621
48 0 1 2 3 4 5 6 7 8 9 10 11 13 15 16 19 30 39 41 4157 69 71 74 79 110 119 138 8334 146 148 4247 176 184 198 211 233 274 300 330 335 348 356 4497 404 545 583 4799 745 751 841 914 1312 1344 1384 1510 1575 1593 1601 5843 1809 2825 2905 2920 2955 3158 7384 7569 3684 3692
49 0 1 2 3 7 8 9 14 20 27 37 58 63 4164 69 70 81 82 84 87 88 97 2148 114 119 121 122 123 8315 128 138 148 164 184 186 212 227 235 253 8450 259 272 277 300 301 310 316 2371 388 454 4551 476 6644 4613 519 552 566 4710 638 686 1122
50 3906 3911 3913 3915 8019 3927 3937 3938 3947 8044 3949 8060 8063 3970 3971 3980 3987 8088 4022 8122 8123 4034 4038 8136 4046 8151 4060 4074 4078 4089 8185 8189 4094
51 0 1 2 3 4 5 6 7 8 9 10 11 12 13 14 15 16 17 18 19 20 21 22 23 24 27 28 30 35 41 45 58 63 72 78 2148 102 117 121 1159 146 9365 187 197 198 1225 268 329 1387 371 2420 5501 2500 5603 5659 2613 665 1692 1745 725 6877 2818 2826 1826 3923 910 5031 1989 977 3046
52 3999 1953 1954 2983 5034 2987 7085 951 4025 960 961 1986 5069 4049 980 2005 982 987 4065 8166 1001 4073 1002 2027 2029 1012 1017 4089 2042 3066 5115 2044 1022 1023
53 23 37 47 48 52 66 70 82 103 112 114 8309 118 138 139 170 171 176 180 184 243 246 251 252 325 327 4478 4525 461 8660 477 510 534 566 583 609 679 800 803 869 873 4977 909 914 927 5038 1019 5150 1077 5205 1171 1183 1296 9542 9551 1408 1428 1434 1495 1510 1571 1591 1721 1876 1894 6035 6051 2052 2094 2218 2433 6655 2859 3032 3038 3102 3243 3358 3395 7712 7862
54 2580 2622 6808 2772 2860 2892 2985 3052 3285 7434 3480 3542 3558 3688 3729 3736 3783 3785 3799 7936 3971 4016 8131 4050 8165 4078
55 0 1 2 3 4 5 6 7 8 9 10 11 13 14 15 16 17 18 19 20 21 22 26 27 28 30 37 45 4148 55 57 58 63 65 80 88 96 117 121 126 146 155 164 166 176 183 187 193 199 330 342 404 410 443 468 485 637 650 662 681 684 725 867 880 900 957 1089 1151 1184 1263 1270 1283 1434 1495 1502 5603 1587 1737 2112 2651 6887 3008 7293 3244 3774 8094
56 178 8402 211 214 215 2264 274 302 349 4452 2431 388 390 391 2451 4514 481 485 8702 4612 587 595 707 6854 731 2810 789 803 804 2858 825 868 878 2943 3006 966 3014 3057 5276 1184 1194 1298 7499 3416 5472 5566 1502 5634 9742 1581 3631 1600 5707 1690 1697 3756 9915 3796 1840 1871 1890 1936 2044
57 0 4099 7 8 26 30 35 76 8272 83 117 135 146 176 196 221 268 274 296 321 349 361 410 429 444 448 480 8672 484 496 4618 566 659 708 738 762 4858 4859 797 4942 9311 1168 1334 1442 5580 9678 1626 5724 5801 1877 2134 2147 6565 6616 2683 2759 6979 7546 7672 3613 3661 3807 3831 3884 3975
58 941 1301 9539 9595 3501 7605 3530 3649 1651 1696 9891 1701 1787 1823 1824 1845 8008 3921 3933 1887 1923 3987 6055 1991 2033
59 1966 943 2479 9137 434 1972 2485 7607 440 3002 2494 4034 1477 1480 8138 8139 1997 5581 462 977 1489 8146 979 8149 470 475 477 8157 479 2027 494 1011 6134 6135 504 6138 2043 508 3580
60 1337 3478 1439 3535 7663 1566 1568 1585 7746 3670 1678 1744 5841 1775 5904 1837 1841 5971 5977 5982 3981 3984 6043 6047 6067 4020 4047 6105
61 984 5180 1156 1187 1224 9465 1278 1314 7501 1449 1462 5570 9666 5610 1552 1556 1558 3617 9836 1699 9897 7852 1713 1717 3768 5864 1778 1788 5942
62 0 1 2 5 6 7 8 9 10 11 12 13 16 17 19 21 23 26 27 28 2076 31 36 41 56 2106 65 69 78 102 107 110 112 117 120 138 146 147 148 155 197 6379 236 2292 303 309 4413 325 348 356 382 404 2521 495 6668 8734 2616 583 625 650 662 2785 789 2858 4982 919 3052 1070 1106 1122 1132 1173 1183 5295 3270 1223 1310 7454 9502 3428 7624 5626 5634 1591 1610 5876 5887 7966 1826 1881
63 0 1 2 3 4100 5 6 7 8 9 14 27 2158 138 155 4259 8355 184 8402 6383 4364 285 307 2359 321 2371 329 2378 6481 8543 436 447 468 8673 487 2683 638 4801 709 8947 757 762 8969 4880 2849 900 5063 968 1019 5127 3100 1054 1104 9347 1169 3222 3248 1218 1236 1283 1303 1349 5448 3412 3423 1495 1554 3642 5779 1745
64 0 1 2 4 6 7 8 9 11 13 19 27 28 69 107 120 126 157 166 193 204 211 230 238 290 310 356 358 361 373 390 494 512 8713 587 621 623 6769 671 784 829 904 5055 5063 5091 9211 9305 1134 5253 1167 1227 1232 1236 5355 1274 1283 1292 5451 1384 9584 5585 1547 1562 1737 1745 1930
65 4961 903 3023 9192 5115 1023 5146 1116 1130 1245 1247 1385 9592 1404 1423 1429 1451 1467 1489 9693 5617 1530 5636 3677 9831 1691 1692 1777 1829 1836 5970 1902 1903 1922 3976 6063 8160
66 0 1 2 3 4 5 6 7 4103 8 9 11 13 14 15 18 19 22 23 27 28 4148 63 65 74 78 2139 2185 138 155 166 211 229 236 4347 252 4403 316 356 382 404 409 468 485 549 551 4696 632 4744 662 684 734 2785 2809 8955 774 1093 1164 7325 1369 1376 1418 3477 1437 7674 5643 1550 1564 1610 1673 3767 5845 1775 8012 5973 8114
67 3 4 6 10 12 16 17 18 19 21 22 24 26 28 31 35 36 37 38 41 42 52 55 56 57 58 65 78 87 110 114 118 120 126 144 152 155 184 193 229 309 404 482 519 574 637 671 815 4977 899 1225 1263 1290 1387 1434 1495 1521 1679 9886 1881 2148 2700 2713 3389 7537 3467 7687 3767
68 0 1 2 4 5 6 9 12 19 6163 20 27 28 37 8241 60 62 102 113 188 199 201 223 228 236 4347 254 264 8466 279 302 324 372 426 487 554 612 631 653 725 899 1078 3160 9360 5286 3293 5350 1333 1395 9710 3591 1593 5848 1803 1888
69 933 4006 936 4008 1961 942 945 1972 953 9148 959 963 4035 1988 1993 970 971 973 977 980 993 3041 994 996 1003 1005 2033 1010 3058 1011 3059 8180 3062 1017
70 1203 3384 3464 9609 1486 3559 1517 9723 3714 3775 7876 1743 1757 1837 5960 1892 5998 1908 1909 6021 1927 6030 1944 2013 2014 6111 2017 2035 6135
71 0 1 2 3 4 5 8 9 12 17 19 20 22 27 28 36 37 48 4148 57 68 72 74 77 92 96 110 112 114 120 8334 147 158 161 164 184 197 229 236 243 2291 249 252 2304 267 290 309 330 331 355 404 439 442 451 2513 523 2591 549 4656 609 624 2700 655 709 715 727 728 4881 859 919 7086 962 968 1155 5295 1272 5447 1384 1495 1506 3684 1671 1721 9957 6018
72 633 890 1068 1108 3164 3231 1190 1215 9424 3317 9478 1313 1353 1360 1397 7559 1416 9613 1443 7589 1503 1509 1566 5689 1598 7797 1704 1732 1758 3828 1799 7986 1852 1866 1889 1931
73 8438 250 303 333 8528 393 4524 461 484 485 510 543 4645 594 658 703 751 776 867 4976 898 5028 5050 973 980 5132 1039 1066 1106 1114 1122 1128 5235 1172 1216 1251 5357 9478 1294 1317 9547 1442 1472 1494 1495 1516 1522 5627 1558 5659 1571 1611 1733 1756
74 79 110 112 121 126 145 148 169 170 8365 198 203 234 8427 242 268 314 4429 342 410 431 443 446 468 4597 517 610 621 625 8875 4797 4801 8938 841 914 968 9246 1210 1274 1332 9543 5484 1428 5526 1447 5667 1583 1596 1610 1754 5914 1917 2048 2112 2274 2296 6450 2385 2427 2735 2967 3149 3502 7774 3759 3943
75 5 15 18 6165 24 29 30 33 42 43 44 45 47 49 57 58 60 62 63 67 72 73 98 99 100 129 2177 145 6290 155 170 209 224 245 4342 335 2448 489 557 679 873 977 1482 1671
76 0 1 2 3 4 5 6 7 8 9 10 11 2060 13 14 16 17 19 21 22 23 24 26 27 28 30 35 50 62 63 88 104 107 110 112 114 2168 121 126 6288 145 148 152 155 157 164 166 184 199 236 6402 4364 332 371 372 389 484 495 542 549 659 681 2844 867 869 900 3182 3279 1344 3408 3992 8095
77 6961 840 842 1866 844 851 8025 1883 4959 1888 2933 888 2942 896 899 6024 3981 913 1943 924 5022 7074 932 943 1974 7105 964 1992 969 3045 1005 7156 1014
78 1 5 37 42 63 70 2142 114 122 126 138 145 2198 171 172 183 184 187 197 218 233 2282 2285 4336 244 4350 261 275 325 343 352 375 422 426 443 2509 482 6644 2579 572 2653 8802 654 680 750 4864 2852 845 2922 885 4994 909 915 1152 3284 5336 1413 1452 3525 1506 7658 3600 1597 3676 3700 1686 9888 7918 3839 1913 1951
79 658 675 763 6962 1041 5158 1065 3126 5221 5222 3190 1186 1235 3303 1277 1278 3332 1313 5430 1352 3417 7537 1440 1452 3500 1477 1506 9713 7676 7709 7718 1576 1579 1590 1604 1607 3689 7791 3698 3715 5791 1704 1748 1754 1762 9957 3839 1799 5895 1811 7970 3950
80 0 8 12 2060 14 17 18 20 22 24 28 31 37 45 48 57 58 62 65 72 95 108 115 126 131 137 149 2198 155 6337 197 214 224 4320 227 249 8454 309 382 390 422 426 451 545 553 574 596 619 641 665 686 782 899 919 968 971 990 5124 5209 1153 1256 1339 1572 1911
81 4 21 24 25 29 31 32 33 34 42 51 54 56 61 67 73 95 102 103 126 131 138 145 148 155 156 167 193 196 211 264 268 300 321 329 451 554 662 715 8992 9039 861 1017 1564 2185 7081 7234 7481 3441 3631 7734 3879 8094
82 92 96 112 125 2173 150 8342 155 161 199 225 231 247 271 309 332 338 339 360 2417 398 4507 426 432 8643 461 484 496 6656 524 2593 564 644 2717 725 735 907 3097 3142 7253 1124 1135 1303 5419 1325 5472 3457 5512 1480 1530 7677 1606 1615 1628 1665 1671 1734 1759
83 0 1 2 5 7 8 9 10 11 16 19 21 25 33 34 35 38 39 41 43 49 50 52 54 56 72 82 4178 85 148 155 157 365 371 372 485 513 859 900 1482 2552 2780 3194 7315 3244
84 10 11 13 21 22 25 26 27 29 30 32 34 36 40 46 49 50 51 53 54 60 63 65 73 84 86 88 102 114 117 123 135 145 146 158 4266 176 4291 198 229 410 468 621 9047 914 940 5276 1506 5725 6049 2126 2701 3008 7908
85 6647 513 4625 548 611 2667 656 2730 719 762 782 9030 4962 882 912 951 970 3024 1017 1106 1112 5225 3180 1135 1137 1158 1170 3224 9372 3251 9442 5349 7401 3319 5371 1280 9479 1292 1295 1312 1344 3400 1388 1393 3456 5605 3569 5641 1554 1756
86 0 1 2 3 4 5 6 7 8 9 10 11 13 14 15 16 18 19 21 23 25 27 28 29 30 34 35 37 41 44 57 58 60 62 72 74 107 131 139 145 152 161 164 199 267 277 348 485 968 5350 9514 1468 5773 1734 3046 3483 7584
87 538 2594 568 598 611 615 4738 677 717 756 8949 774 789 2849 7013 882 2978 935 949 5046 995 3045 1009 3069 5136 1073 1137 1180 1218 1227 1273 5414 1333 5448 1368 5469 5561 3580 1541 1558 1579 1583 3652 1702 1725 1799 5920
88 0 1 2 3 5 7 8 9 14 27 37 135 155 166 209 2316 282 290 345 355 388 4500 510 539 611 660 6831 4841 772 777 796 869 875 914 928 957 972 7117 9203 9208 1027 1080 1135 1153 1161 5296 5326 1263 1275 1401 9593 5507 5546 1571 5668 1583 7727 1627 1673 5778 9957 5931 1958
89 536 605 636 6799 720 756 8992 828 857 888 914 971 1154 1265 1307 7497 1358 7548 7553 3470 1562 1579 7828 1728 5847 1765 1781 3843 1809 3862 3883 5931 1882 3952 6036 1967 1981 6082
90 4 6 10 11 12 13 15 16 17 18 19 21 22 23 24 25 28 29 30 35 38 42 45 52 54 55 57 60 61 72 4171 83 88 102 107 120 131 137 139 140 157 158 229 4329 309 330 331 410 554 646 655 679 720 4829 2899 9054 1384 3457 1452 1476
91 0 1 2 5 7 8 9 14 27 35 1070 58 1083 4171 85 1119 1134 8307 120 126 138 145 3244 176 184 1221 2282 1262 1287 1300 2371 4465 2452 1437 6557 2477 1457 2492 445 452 4575 501 5659 5664 2650 619 2685 1691 4770 2741 732 1804 795 2871 841 2905 4962 869 880 9127 948 962 9167 998 1012 1016 3066
92 10 13 14 16 2067 21 6166 25 26 31 38 40 41 45 50 54 56 58 65 71 97 106 108 121 122 125 176 206 216 235 253 255 268 2334 299 304 316 2385 346 442 2572 585 8801 659 8948 815 907 3097 1106 7373 3299 1334 1434 7776 1714 7977
93 842 1103 1109 1190 7474 5446 1370 1402 1407 1421 1438 3535 3572 1525 1532 1540 3604 3648 9798 3659 3706 1677 5834 1793 1797 1801 5902 1828 3943 1948
94 262 4657 582 755 4955 1193 9401 1216 1220 1246 1305 1335 1432 5548 1544 1665 9862 1724 1744 1788 5924 5933 1861 1865 1882 1918
95 562 5161 1120 3235 7337 5388 5390 9493 1304 1321 5442 1361 1431 5564 5661 3616 3624 3646 1628 1635 1664 5774 3751 3769 1807 3860 3884 1843 3893 1876 3946 8055 1912 3995 1956 6058
96 384 713 734 778 4914 1001 1099 1161 1168 1183 1298 1361 1461 1489 1568 9763 1575 1607 5720 1679 1697 1862 1867 2003 2063 2087 2099 6222 2190 2205 2212 2240 2249 2251 6369 6376 2330 2348 6459 2419 2477 6668 2614 6735 2650 2684 2809 2869 2905 7147 7151 3082 3141 3166 3182 7306 3239 3315 3378 3397 3424 3532 3564 3591 3708 3826 3881 3923 3953 8168
97 0 1 2 3 4 5 6 7 8 9 10 11 12 13 14 15 16 17 18 19 20 21 22 23 24 27 28 37 44 4142 57 62 63 65 69 72 78 83 84 86 90 120 126 132 138 140 148 158 4266 197 4301 249 285 329 375 426 624 815 5276 1200 5381 1434 9630 9691 1868 1881 6102 2282 6379 2653 3441
98 0 1 2 3 4 5 6 7 8 9 10 11 12 14 15 16 17 18 19 20 23 26 27 28 29 30 38 41 44 45 52 55 6201 58 62 63 69 72 82 2148 114 120 121 139 157 198 224 229 236 249 285 329 355 410 2478 494 797 915 927 7173 3097 7347 5350 5394 7753 1736 2039
99 0 4 7 8 9 12 13 14 16 17 19 20 24 28 36 37 38 46 56 61 62 63 65 67 69 70 74 8270 79 81 84 92 96 102 103 106 119 138 158 4258 166 173 175 178 224 249 253 303 309 316 501 549 599 609 686 708 747 4869 1070 9447 1334 1541 5851 1756 1954 2478 3008 3057 3110 7234 7454 3849
