500
0 2404 6472 7561 2892 5005 3469 8366 9807 7474 6482 148 2645 1207 3261 9021 8413 1470 1791
1 2816 1924 548 4010 2349 205 621 9968 241 569 8987 8699 6205 5790 2207 7583 1375
2 1216 7 1544 1673 7242 9580 7949 9231 6644 3608 7321 3963 4092 5244 5085
3 7296 2784 5827 1476 4230 1098 6956 4076 2258 8595 5300 6613 5622 8251 5340 3453 4541 7997
4 8768 8832 4994 1668 199 5704 9993 9577 5962 2413 3950 5232 3828 8212 6389 1973 6613 9878 3802 2555 4319
5 7361 6915 9093 2760 7753 5258 6986 3087 9169 3731 6676 4439 8343 8217 6617 7834 2396 1444 7652 4326 7467 4589 6577 1396 7413 952 7992
6 705 9698 6826 2028 6412 3660 6061 2640 2288 9842 5621 7413 6613 1625 5979 5948 4412 4958 5470 1087
7 7265 6598 4744 2152 7530 6827 8431 2288 8979 9205 6325 8726 8284 6653 4029 4223 7519
8 1472 9733 4870 9096 3144 5259 9739 654 1615 3925 5783 8279 1943 3678 1183 7842 7845 8487 5228 1452 5748 3188 1205 8696 1084
9 8352 4226 7266 6692 196 837 4869 7463 3176 3113 3723 8683 7308 6062 622 8498 5977 1822 3391
10 6762 4074 5131 2480 1105 4851 3859 2067 2643 1299 2868 2100 8566 1303 183 7672 697 4569 6170 443 5981 2175
11 1728 128 8580 1157 1477 2471 2058 4875 5072 9745 1617 7026 5652 9464 889 2490 8794 8637 9023
12 3073 389 199 5610 7916 6831 1200 2288 2577 4626 2962 4435 4500 436 828
13 4448 6433 5188 617 490 210 4662 311 8089 2041 4314 5916 253 7837 1343
14 4352 3877 2342 71 9930 780 8364 493 304 5458 5171 7699 8277 9303 88 9914 252 700 7228 1535 5887
15 2240 1668 2182 7782 8874 5451 4907 7949 6766 2320 7344 945 9393 7572 7829 4151 6007 602 5946 6651 9019 2652 7772 8028
16 7014 4071 4776 3339 3534 1774 7888 4336 6482 723 1556 9140 8212 9014 1496 3673 4921 9244 3005
17 1280 3074 1123 2243 8068 7431 105 2121 9194 8812 5907 1812 950 5048 2904 1467 3836 3038 2430
18 7299 3268 8005 1989 7815 5064 6920 8332 7120 6931 7000 9184 6502 9703 5479 9202 4596 4213 5237 9976 9465 3513 4539
19 9601 4801 5155 4326 2598 2663 6696 3371 5739 3884 1133 9007 976 4020 5269 4855 8858 2106 3835 4060 1212 8221 6461 2782
20 7296 3074 4547 836 644 1668 3877 6694 4070 1031 8007 3377 4597 3320 5880 4155 9564 8125 4126 8639 2623
21 6400 8227 1796 5509 5126 8455 583 297 2986 5226 1580 7372 1101 4816 8017 2324 3222 215 4855 4954 5341 9759
22 259 3173 1766 8521 9931 5679 1168 3792 4050 7605 7126 4919 3032 8860 5340 7165
23 5409 8193 3074 2595 9125 2025 3790 2574 2288 8754 4306 2451 2356 5750 9689 3418
24 901 454 2984 2123 1259 1867 9835 3467 4176 4945 2071 1528 4664 2937 9532 8989 5310
25 3584 1408 3105 1282 3012 7 3719 3913 4687 9008 624 8210 9299 2037 5721 4666 6652 316 9822 8863 8959
26 3872 6785 3457 5064 4841 5962 1420 5261 689 7825 7732 5303 4343 732 8636 4990
27 7296 1668 2597 3174 3943 5834 5643 8268 4556 5069 7055 6191 9135 3984 3122 5842 9496 8473 2297 4027 8830 9982
28 5632 834 6148 4293 4486 455 6281 8524 1806 7120 8531 8344 9435 5341 5278 1694 7713 8931 1383 2858 4844 685 9968 4784 5747 699 1917
29 6787 8293 6438 6920 4136 9 8297 8812 6702 79 8502 9881 2842 2234 3355 5275 7134
30 9505 2 2373 9768 139 9742 9744 2930 8498 4149 3830 7129 569 8538 1307 3612 1661
31 8897 4674 774 3110 4551 7563 4107 9004 1230 238 591 7759 8018 307 115 6421 6101 2555 7710 9758 5887
32 2240 2946 6532 8197 8523 3982 5903 1871 4626 7890 84 1763 6374 7335 8040 9832 3498 8812 8174 5166 9838 7664 5108 4341 4985 3705 6330 8125
33 3008 3393 200 1737 4651 7883 2059 6187 8396 7885 6029 2480 7601 7281 4086 2934 3032 5242 2014 7358
34 3360 4513 3073 5413 3077 1799 5417 6537 9930 106 4176 3665 2643 6485 151 2392 2680 8792 7320 9241 3323 2077 3326
35 6561 5156 2277 7429 8137 1353 5866 8970 8139 6993 2835 1747 2741 2166 221 3261 8511
36 9409 5505 3585 9187 6467 9955 9413 4874 3243 8689 7153 2322 5491 148 9144 5912 7802 5307 7933 5822
37 7744 5408 7296 9664 802 7716 8071 3687 9640 7438 8784 7155 981 9367 7258 1533 5982 5022 6494
38 8065 5762 8227 678 838 872 8680 7626 2475 9235 7733 6775 7162 5338 1275 1468 7614
39 1345 5762 3525 7751 8716 6547 2199 4377 476 2205 2016 1953 1763 41 1642 6699 9707 6827 6060 7980 4717 7600 6258 3958 6198 4726 7033 2685 1534
40 7681 5922 9538 5219 8293 133 966 873 6281 268 1966 979 9459 5014 2809 2617 5658 9306 4314 989 8573 3167
41 5060 3686 2570 9227 5548 557 2958 9522 5523 1491 4211 7220 1397 3286 5398 5113 574 94
42 3488 8896 3584 4199 8905 2697 9545 6154 2411 8593 6193 5009 3891 3348 8954 3515 3547 4091 988 2653 1534
43 5635 199 4363 8491 2188 7311 7920 3728 1648 2705 2962 8179 9139 9846 9719 5880 6585 5594 6652
44 4199 9129 8490 2510 9968 9780 6964 6165 2773 4985 1625 9212 2941 7870 8382
45 1440 2 2019 4931 3588 2628 9829 4583 3047 9834 7949 7438 9199 8528 8050 1011 7060 1014 6492 5340 8125 7422
46 9152 8512 7296 2945 8162 8866 3526 906 9266 8605 8990 3807 8703
47 1831 1450 7787 9548 6285 7828 4052 20 148 3349 8470 6582 7962 8794 9244 861 6495 3679 8031
48 3233 7938 4482 8994 6147 7652 8325 3814 2662 9063 5384 9129 6538 139 9968 8529 3857 3028 7124 2871 6327 5435 5180 8095
49 9600 2304 2240 7553 3843 1668 9605 4297 7434 523 5195 2511 8284 8542 1702 5862 1577 9842 3507 4214 5880 6587 1789 6270 3774
50 4352 6497 4385 321 4488 1162 6639 7122 2613 6901 502 3574 9528 5208 1691
51 1025 7043 647 2768 6992 7253 6101 408 3032 7833 6938 6301 1439 5151 5920 4966 9191 6573 4401 626 5748 5557 6071 7992 7485 9407
52 3751 6248 2121 7755 2731 1740 6925 5038 3630 3567 7856 82 5106 5778 3954 7699 6100 6456 4761 9244 7742
53 4834 1666 2755 9028 8549 8965 4326 8168 6153 9770 9903 7699 3416 7577 5595 6363 3356 8414
54 5440 352 3586 2530 1954 8354 8579 2340 3461 2892 9836 7438 6030 4624 2898 6101 9623 7031 9915 5885 2206 9535
55 9120 7488 1634 7330 4035 4804 8650 7147 6797 2349 2414 7855 8144 2929 1110 2070 9016 1919
56 7552 4096 9921 7874 7044 6662 5902 656 8214 8090 6170 5917 863 9443 3047 1262 3566 6447 5615 7665 4787 5492 9336 5564 9533 8702
57 448 5601 8994 3427 4484 7333 8199 1390 5969 9716 1557 342 9688 2361 4539 2527
58 6980 6537 3916 9869 9619 979 9684 3732 469 5654 3543 4311 1565 5412 935 4199 1770 9450 4140 8428 3565 2544 8756 2677 7864 6137
59 8005 9545 9738 941 1774 9007 9807 9840 8368 8752 6897 7989 22 4950 6902 600 443 7227 6812
60 9892 453 5386 8491 8654 850 8883 7508 6197 7479 1016 2457 7929 3386 412 6109 7903
61 6241 8225 1122 802 4419 1638 935 3753 4972 364 5008 2900 6708 7732 5301 1429 3894 2554 1979
62 3232 2240 7906 451 2662 8102 6727 5224 1225 1900 9900 6381 1682 7835 3996 3423
63 3138 7619 5988 6054 2058 5804 6541 9518 5390 4624 9968 1175 5497 1785 8953 250 9148 1181
64 2626 3235 6405 8902 8134 3144 2986 3115 9547 8013 3759 8431 560 7442 5110 2712 2904
65 6144 3749 1574 8582 1546 842 6539 8813 5135 2422 5078 5495 4219 7963 8125
66 64 2147 7269 1414 5735 8527 497 1075 7447 696 6074 4156 413 607
67 7296 3651 2182 4199 9960 8266 4849 5428 6168 9848 5561 7738 3548 3549
68 4225 1698 7075 8387 1892 2340 7718 7115 5451 2764 4080 6032 8305 2551 3961
69 8068 8134 3210 6801 1430 4951 8663 2327 3992 8729 6621 2910 7710 427 8684 6131 1781 5493 1400 3002 3195 3964 8894 1918 1343
70 6625 9444 2534 7433 8522 8491 2892 4367 3505 1586 338 9842 116 6292 7669 439 23 4506 8349 1437 1119
71 2432 1984 6978 3074 1668 326 136 4362 1227 7179 8209 2897 5393 1429 921 793 7131 6747 286 3166 6752 5412 2863 9330 8887 8183 7289 6073 2298 9338 8508 9917 7806
72 4705 5698 5544 4457 4459 2704 5874 9299 3540 9270 6102 9622 4281 3161 8121 6938 6491 3995 7135
73 3584 3969 4995 6595 9732 2184 75 7500 336 7762 7771 3102 6367 6370 2788 4837 168 6889 8812 4079 8053 4985 1081 2681 5053 5503 3263
74 6499 5923 7651 164 2085 3720 1776 8243 3573 5911 4888 7800 410 8701 7517 478 5631
75 4704 6817 7585 3428 3236 6213 1734 4647 9961 7593 2476 557 4526 4271 6192 5777 8309 6232 9498 2970 1787
76 2240 3841 9736 3721 76 7762 5715 8920 9954 1763 3882 7018 1515 8491 2796 3120 7153 8498 6003 7221 9848 1083 1788 7292 9470 6718 7679
77 8193 4035 6404 9959 4168 7432 5449 8396 8589 3213 8238 4399 6962 6642 84 6292 8757 8151 4890 284 3836 8671 2815
78 5762 6054 6951 3207 8776 3049 8778 6316 1678 208 9557 247 4855 9209 8986 251 7004 7101 2013
79 4801 5347 7429 9317 7205 2057 585 7849 6346 2252 2417 6258 4403 9075 8531 1140 1908 374 5302 3830 56 4350
80 352 9889 5509 1125 1319 9127 8169 8491 5869 4654 3285 214 6710 6584 9722 4315 4027 4765 7166 4831
81 3936 2240 5441 7329 3747 9667 1860 804 133 3048 5193 9677 2157 655 6640 5456 9683 7606 9239 7709 7615 9055
82 4514 5124 2662 9798 3946 5869 4655 9615 9872 4721 1105 6963 3253 1626 4734 1534
83 4320 7873 8740 7078 72 6952 105 9548 1358 5266 9842 9299 7187 2643 1780 7669 4533 8022 2390 6615 2231 7771 7709
84 9025 4035 9636 9188 356 7 6280 3689 4842 9962 3022 1710 9040 7954 1044 4852 2615 283 5532
85 6210 9157 7590 2470 8520 5004 2032 1040 1106 7443 2485 4246 8248 1625 7545 1757 5437 4350
86 4385 3009 4134 6631 9704 2568 2892 6797 6734 3282 7413 7574 9944 5273 7418 1914 5117 6237 6110
87 2496 8736 5825 1218 2307 4100 6052 8804 773 1003 2155 5580 8493 9741 5871 496 2295
88 2240 9953 6850 996 5412 4229 5097 6730 2955 3662 9008 8145 5780 9079 1597 1117
89 7296 2 2468 2340 2408 2092 9293 9422 5680 7153 8306 1428 6196 8373 9461 2263 7545 1625 2139 7707 9820 8831
90 8000 8904 7752 8104 7945 9483 4847 4175 1554 5555 4244 1208 4377 2266 9852 1308 605 8895
91 6403 8836 8711 7240 2121 8586 1356 6221 2128 8976 7762 3092 3545 8604 2460 9761 2600 5547 3053 8110 1585 4147 7864 4094 447
92 2240 3553 7233 321 8516 357 3877 3529 9129 1738 4971 1199 8496 9265 6035 7699 4180 6101 4629 6551 6296 5401 4699 5371
93 517 3717 9797 3783 1002 6187 9421 3278 8495 9007 787 4182 183 6393 4796 3325 1534 6847
94 2112 8801 1379 2052 2150 135 839 8401 7090 407 9687 4056 1530 4507 2555
95 5856 7233 7203 8547 259 3781 5287 4264 5451 6547 788 6135 2648 9850 2429 927
96 8817 753 7971 2916 2997 7880 8620 7132 8540 5340 8749 4046
97 4224 3489 7108 8742 8267 2860 4429 7183 6674 5715 1267 1529 1052 477 3741
98 257 3716 3012 7652 7429 6631 7303 876 567 3192 3352 1018 9692 7164 8828 9244 7230 30 8830 8671
99 4423 5639 8104 4648 6185 4330 7114 299 5483 9038 462 3727 5685 1080 188 4639
100 4160 3744 34 2212 9252 6020 3144 1192 7241 5194 1739 5708 4364 6125 8722 4501 3445 4280 1498 9500
101 6849 6083 9573 8293 5800 7276 2604 3276 7439 9681 8307 979 1492 724 2615 6231 4025 4985 4346 7550 2974 9567
102 225 9857 6630 486 4679 4871 8329 8074 3755 843 6286 7312 6258 2003 8692 2647 9271 8443
103 7234 8450 7556 8005 6982 9545 969 6347 6157 3341 3023 7699 3932 4710 3241 9260 2605 3567 564 4020 5432 9720 4986 9787 2555 9598
104 3522 3909 5894 838 4808 6537 1289 8939 5933 9357 5421 174 2293 2998 9943 5240 9530 7996
105 8452 2118 7240 9225 2635 6030 8465 8722 786 6101 6613 5334 3290 4957 9312 7586 1829 5862 7975 8487 9075 309 7670 122 1149
106 1668 5412 2726 3303 7079 1767 4519 9514 1357 9199 3379 3033 1117 543
107 9632 4290 9606 1831 8391 6471 1774 3982 5167 9137 2961 5138 3254 7357 9086 8830 9183
108 321 3842 7267 6823 5704 7531 6380 9644 5006 6126 7759 529 1971 5173 540
109 1665 3586 9444 3718 9031 935 5769 6122 716 9199 7858 5715 5396 1461 6805 7925 4793 958 7486
110 6881 3490 9411 7429 2886 1581 3504 7284 4692 4340 5141 8598 1112 6200 7032 1145 5053 9533 7967 8351
111 738 2179 8484 4679 2472 9449 8300 113 5458 8019 2644 2422 3894 7481 9593 8761 7641 4474 6938 3101 4991
112 2176 1728 2018 8387 8932 6949 6373 7621 2278 5608 2121 2634 9610 4750 79 4304 9968 4823 7575 6331 1503
113 4865 6404 4102 935 3145 6251 4396 2061 3950 1071 1839 7921 882 6962 4531 278 5049 6459
114 7874 2 5063 9545 4108 7948 7310 9616 979 5399 2327 1633 2019 5412 8167 9518 3887 6323 2803 4915 504 6586 3130 9723 8700
115 9124 3813 8870 2218 9515 8652 5966 7889 8146 2290 1204 4660 54 9111 8441 538 2555 6044 8765 1631
116 5152 7715 5156 9161 3530 2346 396 2508 3501 1134 6672 6034 9746 5492 7797 3543 4314 5788 7517
117 2208 7652 6789 935 3143 4779 7437 4558 6030 2734 3024 9842 2643 6516 4341 5014 6327 5115 9659 2013
118 2240 5636 1479 4939 7949 2318 7896 9432 2586 6170 8027 4317 100 8295 4840 492 9965 7087 1904 625 7154 3058 6643 6261 3894 3835 9086
119 2537 4873 9034 2922 176 5233 4274 1298 2739 5848 9848 505 5466 1595 2876 604
120 6369 5507 2340 4326 2982 134 4967 4199 9065 2443 7758 3184 2960 3376 3538 2226 9075 8725 9494 7224 4728 5305 9244
121 1984 3521 6821 6566 4167 935 9192 6986 8203 2571 8750 4720 1265 178 7860 4277 6584 4285 5247
122 6560 8352 5318 7558 7912 7501 2864 434 4786 468 2932 7669 3543 9912 4633 9178 9050 3451 9179 668 5245 8159
123 1476 9988 1478 9702 2279 2857 6313 5929 80 6578 6258 3158 9431 24 7288 1593 7706 8891 5788 7133 1950
124 7072 2723 8134 6344 8489 2058 811 3981 1933 79 6896 7157 3701 8951 9464 4728 1722 5917 9533 1534
125 1152 8674 9545 2889 6030 9040 8848 1362 7699 6900 7927 8601 9786 8154 4314 6875 5052 5662
126 8289 2657 5762 5442 7684 3364 2052 552 4649 3017 1290 2699 4780 4941 1454 366 9874 6226 2643 2165 501 9273 2171 5500
127 4035 1668 7845 1542 6376 4170 9451 9073 8241 4561 7153 5746 4082 4883 2099 4020 6613 2517 3993 9244 1724 2173
128 960 3137 1249 6819 7557 1223 6954 6827 7883 4813 2607 3631 8977 4948 3157 6262 118 6743 1850 827 7133 5917
129 385 2 1988 965 6181 806 1222 8233 5997 2288 5073 6938 8091 9404 9694
130 9089 4481 6978 5316 8644 713 1289 7883 5198 270 1295 3728 2128 5330 9174 6936 8985 8410 353 4901 487 9327 3578 2555 9533 8125 6463
131 4450 9989 8423 7240 8617 6282 6155 2926 8718 5519 9679 4977 9265 1042 84 7480 4573 1693 447
132 4352 6498 259 9380 3972 360 8724 3316 4087 4375 1911 1144 5593 4538 7579 8827 4188
133 4672 7425 6212 325 3468 9230 545 4835 3365 2150 5286 9576 1896 9323 2227 2999 5176 8062 8190
134 6115 9443 4901 3622 3528 2088 8365 8590 1999 6514 6134 7639 7513 3481 7609 2521 6427
135 5664 8832 3653 9861 1317 5477 6375 7624 7820 78 1934 9839 3568 9584 2034 9461 3958 7769 25
136 9345 8515 4777 4107 2155 781 110 1906 7283 2196 5749 7606 1721 7930
137 3521 423 4008 2761 8587 1195 4880 6613 9911 5367 9049 6811 8253
138 8193 4770 8710 2986 4107 8621 7153 7699 7444 8181 3542 2103 5559 7575 4855 8056 9114 2142 2687
139 8609 929 4388 8005 7628 5484 7917 1968 5748 4470 6937 4121 8890 7709
140 2848 9282 3590 6470 3628 3982 3664 7792 818 8722 1907 9113 5083 1469
141 6048 1186 5346 6916 3012 5637 2184 3371 8012 7820 7438 2162 5715 5267 8950 7995 7069 2589 4957
142 7201 1667 1156 4614 935 6089 7852 9517 6030 2670 2736 7472 7408 4112 6672 6387 7699 8470 4314 4731 6428 6271
143 7936 3011 6724 7179 8043 7180 5293 1710 8335 2098 5748 2773 5144 8476 2013 2431 6303 1279
144 8449 7714 7461 2533 6982 647 8711 4328 8585 9545 8716 3758 240 560 3476 2582 5949
145 4099 3044 5028 4647 5607 5323 8044 1868 8716 9615 6961 3411 3795 5687 2393 4985 8186 6139 7708 7101 6909 6750 5055
146 2213 2437 5064 9673 3561 8172 3084 1490 6355 2260 6613 5846 9110 3831 8408 6489 1562 7454
147 6113 5605 4521 7146 8554 9706 1963 782 7694 2896 1042 820 7351 9207 5112 891 5340 9791 7743
148 1696 2 4707 1383 2183 2215 5002 778 5612 2028 3054 7438 8495 9007 8208 7153 9652 9844 4053 6518 3894 5400 1085 7325
149 6592 800 4803 5507 229 8358 8646 2986 2670 9710 7246 8462 7599 7631 3060 3830 4407 6938 7547 8766
150 8228 8644 6341 3045 8263 6986 4624 7507 3061 822 887 6744 5401 8025 2169 6778 6523 3580 4767
151 7587 4035 6276 6919 1546 9102 9615 6321 8785 2805 5558 2007 3672 6938 2908 3261
152 2785 4993 2818 8775 5706 4043 8043 2155 8845 1454 5871 5744 2289 7153 7379 1335 1912 6778 6938 4347 5660 7487
153 1121 8386 3907 2979 6470 9831 1640 8425 8298 9164 7949 7854 367 9777 6547 2421 983 7001 9305 2365 9533 8862 9374
154 5858 9795 9316 2414 5840 432 8433 6291 2965 3158 3799 5528 4312 3163 220 5086 1663
155 3776 3074 1539 6404 9926 9160 7880 6283 8980 7765 7960 281 411 7517 5023 6305 3877 2855 2933 6390 1142 7734 7610 4923 4093
156 5280 6688 3041 5507 9351 9418 7979 5068 3885 3629 2158 3982 6895 9424 4144 8597 569 3482 8092
157 3361 7713 1188 135 2155 4787 5204 2869 9112 6360 5336 5467 926
158 321 7235 3012 5989 4423 3783 7688 7400 9129 4908 3021 4237 7759 4562 1138 2036 854 120 7961 1049 6075 6044 3869 1950
159 993 7428 6404 5477 2182 871 5674 525 5038 5263 145 5335 5784 7673 3739 6460 3036 1756 2494
160 8994 3494 8552 6504 8010 6379 8780 365 3023 4241 9013 2550 6327 2904 729 9562 4314 1531 1471
161 1056 7682 7652 2341 69 7367 2986 1195 6253 2190 1039 5713 914 2962 8406 3576 7225 6715 2715
162 3936 3937 321 8194 7652 9098 718 7790 7791 3600 1169 9011 8821 1430 472 7481 4378 9404 1116 5437
163 9408 321 8803 8387 6020 7173 2630 8998 6888 904 6506 1263 3634 1299 7413 9398 3830 7127 8057 3259 5629 3935 2943
164 1987 9476 7365 2187 6667 5389 1871 7249 917 6680 9048 5848 5465 4505 2907 1383 9132 7410 7861 9013 5688 888 7163 7932 3326 447
165 2240 7429 3432 427 8717 5326 4206 3920 1394 7474 1683 9270 8248 1912 2682 6170 9693 3998 766
166 1922 5732 2340 6088 3338 5867 8716 5134 5999 659 4948 3926 3383 2264 2716 3966
167 480 6 1607 3880 6377 777 9355 684 1708 4588 7213 2286 5775 7732 949 8022 6359 9463 3772 382 7519
168 6401 259 2437 9671 6567 6087 4199 2792 1608 1576 1548 973 6254 7087 1873 6609 4914 7541 4664 6905 6140
169 2049 5186 3074 291 3368 5099 1868 2446 8431 7730 1363 2676 5044 9877 6742 9015 569 7807 4799
170 2752 6337 5251 8387 260 3012 3625 2249 650 397 9549 1453 8272 3089 8850 9075 8116 7733 3926 5880 7193 2204 3486
171 1731 7237 3015 1353 9036 6092 8780 6861 7949 4622 2326 3163 9501 6622 1064 5609 3374 1904 5814 4791 5239 58 4797 1341 9789
172 3012 5960 6345 3113 5964 717 2800 8561 6002 2004 8246 9270 2299 1979
173 4354 354 9858 6627 8773 2696 1160 4712 4266 8332 7949 2766 5647 79 5552 369 9843 791 3543 7736 4698 8668 7071
174 6306 3079 2698 9483 3627 5775 3632 1619 3316 1972 9621 5077 3606 6134 5047 4311 2138 702
175 8416 6176 321 3458 2595 8134 8103 6409 3536 9970 2515 7156 8982 7737 6843 4604 3677 2013
176 9280 193 2531 8387 3429 4901 9862 1800 5961 809 4236 5582 2898 4532 3990 3032 2171 9757 1343
177 3584 4610 835 3012 4359 3655 4232 1196 8526 7795 2387 7732 2327 4379 8155 8829 7294 510
178 6145 5538 8834 1730 2693 8133 1606 3240 1960 2699 7915 1869 7341 4975 2288 2420 2329 1246
179 7456 5831 9543 1415 3116 8557 6258 6706 2453 3509 6426 8731 955 4923 7197
180 7968 9057 4035 4228 6534 3079 5321 650 6795 6188 5520 6416 9392 4337 3602 7859 5331 1782 8442 3194 8794 9659 3071
181 3904 1760 9348 8676 875 2444 4045 8462 7886 6735 2288 3665 9649 6834 5779 2008 9784 5304 4958
182 5921 4033 9825 2529 3012 4487 1927 2377 203 5260 1741 1038 1134 719 2643 9139 6358 1145 7675 1213 7806
183 3329 3521 5153 6369 3812 9991 2087 3432 1256 9484 2732 3820 3309 7630 1134 6737 1043 5494 8824 7352 7833 2522 6938 7739
184 1984 5345 2467 7045 8741 5445 6953 5738 5962 7883 7949 2096 8947 499 9139 9812 8021 3894 1276 4284 2332 7902
185 2818 2114 8386 355 1641 9196 2349 431 1393 9650 1810 7186 8468 6646 2519 5849 1596 3004
186 5796 4708 8324 1607 2343 2857 6986 9834 6349 4974 4559 3279 2288 1105 9842 6867 1587 979 9848 857 4345 1658 5119
187 2630 3910 6920 2505 7689 2314 7950 6798 6161 4242 4180 1495 6616 794 6555 8092 6044 866 1571 2404 8230 427 6454 507 9661 5885 9533
188 7040 7680 6049 66 9444 2116 1797 5030 7110 1127 4362 8714 2666 139 1550 7023 6386 9714 7027 925 7678
189 7968 7683 7652 6692 3783 6151 7880 4781 1583 6162 6326 1367 8313 4795 1371 6299 4253 6334 7775 3103
190 7489 4866 6274 3269 7653 3942 9800 5164 1332 9654 951 4956 6460 221 2621 734 6623 5215 7839
191 7136 3666 5651 6067 7076 2503 2727 7864 6713 2140 2223 8799
192 9313 1986 9186 771 132 5064 3497 1833 6827 8078 1102 7983 6417 7762 8147 5843 5939 7476 3220 1463
193 3072 1058 9379 3207 1383 5481 7788 9492 3541 3766 247 7385 7801 4953 154 7454 6687
194 5666 9219 7652 3877 4326 8008 7944 2858 9902 4526 7727 1488 9968 5715 6677 1814 694 3830 5854
195 3077 8966 8711 5771 3981 9615 1552 1104 4624 8402 1495 2904 6554 9311 4963 5864 6509 625 2804 6453 9656 4858 8315
196 417 321 9155 5412 9765 9896 5386 3370 3853 3314 2612 7544 8344 6201 3676 7326
197 6912 736 3104 4259 259 7622 838 1482 7949 7474 4690 6227 2579 2902 3894 2010 1085 5918
198 1601 8644 2186 7627 1932 5581 6224 2128 8912 5848 3226 4828 732 8930 3493 3109 7782 1067 3756 7407 7409 7153 9842 3897 5689 8254
199 1154 7042 7526 9416 6186 5962 5101 5517 8533 9558 3830 4855 9657 7545 1146 2237 8957 4189 1375
200 5383 7177 3342 7055 79 6545 5142 5080 6938 6875 483 420 935 3240 362 6058 427 8556 4909 9007 2353 7666 2745 9977 3135
201 3745 6178 3427 8387 8389 1125 7686 199 4489 8235 2539 2987 8140 9580 8973 9007 7602 7570 2611 3379 8342 1500 2141 2495
202 5313 5219 1060 5125 9701 519 4679 1193 3850 3918 2423 3735 6584 3609 3775
203 7296 2562 8871 7434 9771 2957 7949 4909 2894 4878 4686 2768 5041 819 5748 2005 4278 6454 2424 1656 7419 7933 1150 9279
204 7841 6051 6115 1705 3114 3403 7596 4909 2062 2735 177 2865 1843 4468 6869 6933 1623 1979 8220 7676 9918
205 8613 2666 1035 4431 8431 8751 272 6641 6258 466 9493 4693 7030 8599 3479 3097 4985 8507 4830
206 450 2533 4037 1893 4520 3080 7560 5772 8494 5391 9775 7217 4210 7219 19 1109 4534 3452 3261 9374
207 8672 4289 4035 9443 1668 7364 5412 4709 2668 3982 1808 4177 4020 2740 9236 4564 8121 985 6233 4154 3675 7997 6558 8831
208 4544 7105 4034 4418 8453 3334 712 457 5322 2827 269 9104 7762 2707 726 3543 4377 4060 6302 4065 4646 3305 9007 3377 9075 1590 7929 1149 5821 5566
209 4496 5328 5218 1042 4979 7254 8728 1835 6987 7931 3614 1759
210 9633 8481 3842 7618 6020 9668 900 9412 2375 3944 4745 9930 1611 7153 3410 4084 8982 5304 1368 4313 4891 3035 9979
211 3363 8069 9669 4680 2026 3435 7564 2125 3885 3310 8881 9041 8819 1875 7285 9560 8284 2781 9247
212 9248 7904 1153 3777 8705 7012 5861 4199 296 394 6860 6479 8591 7120 3762 3862 6295 7671 1178 6778 1117 8287
213 2305 5217 4357 5066 2666 3050 2603 5360 7088 4723 9238 5719 1784 5848 2104 6169 6202 9405 7007
214 4737 4162 8130 6659 613 9733 9453 6547 244 2228 4949 4983 9721 26 8571 3581 1407
215 5953 7907 1191 3784 4814 3376 2001 1045 2167 3703 4151 2713 9466 5179 2651 9244
216 8832 1985 2722 5445 2245 9318 2822 8941 4110 9168 3506 2770 1877 3830 4855 7038
217 6049 7266 9029 3847 1993 4170 7370 1775 79 2288 3729 625 9586 883 9559 4760 5784 8474 5882 797 4414
218 4928 6913 6531 8069 5061 3077 4362 5773 79 6289 9491 1555 8788 2327 9050 8733 8673 3362 4967 2983 8618 1197 2935 8185 3129 447
219 9283 3652 2055 138 7756 8781 7053 598 7320 412 4636 1564 157 4192 2080 1190 4007 2666 6635 6827 2668 7790 3758 5873 9075 5239 1979
220 4548 1864 7946 5775 8209 3543 8856 6298 6042 6621 6365 8670 8223 4129 3681 3750 745 7342 4402 9395 6451 5813 9462 1401 3641 2938
221 3779 4422 3626 5454 6415 7919 4786 2610 4916 5524 3128 664 698 3165
222 8609 321 7909 3335 427 6765 205 9709 5841 9172 6804 6676 245 6613 2072 8601 6395 9119
223 9730 6211 131 2214 8807 1097 9353 8205 6733 4494 7406 6418 979 6391 3543 4792 8798 3103
224 3584 7617 7426 1059 5764 5445 7813 5095 9511 8711 1931 8491 5548 6767 79 6544 7091 9783 5880 4857 8634 5020 6077
225 1121 4740 1668 6693 140 4368 3440 7153 5560 3065 986 1882 1405 2175
226 8832 3905 9027 1668 3077 8838 8327 7050 4238 1358 850 211 2264 542 3554 2275 1763 5219 3557 7142 4326 6124 4015 2033 1847
227 5088 8484 1255 3753 2732 4077 2797 8174 207 9359 6161 4179 9300 6294 9046 3894 4824 1560 3801 3866 9402 8859 1979 1566
228 1793 8867 3012 2856 7786 9291 8429 2990 5296 402 6357 2903 3833 5563 4349 6141
229 9666 8450 2244 5899 7949 2959 5715 9364 1047 1562 9377 1826 8994 1828 5412 425 8685 9646 9199 8176 1201 2679 3262 767 9215
230 6465 642 265 7884 3023 8975 5904 6672 4561 6161 2962 6547 5206 606 7970 8098 5283 7396 5412 9007 3956 949 7029 8375 5437 1150 4222 6143
231 9440 5248 8418 9826 2114 102 7270 5543 2699 3726 4623 3023 7919 1329 3281 7505 1942 7575 3543 8728 9916 5693 6398 1406
232 5120 7298 5539 2500 6537 3433 6922 9163 9003 5869 9965 6320 3186 8564 6613 5526 9369 2874 155 8125 8894
233 640 581 1383 935 7817 4746 2414 2576 9138 946 2454 5592 8377 4187 1980 1916 1246 1823
234 1442 3586 8419 5604 5700 1668 4421 4199 9384 238 8559 9264 9138 5203 7219 3700 8052 7316 9461 2650 9758 9215 415 6687
235 930 1347 3817 2185 7274 3948 3053 6894 7438 8015 9551 9138 8532 9108 1813 6613 9816 9244 9533 4959
236 7649 1700 8491 6510 1327 4527 8912 49 3089 1234 8406 6522 1754 7099 7867
237 6981 5383 8907 7949 2384 3603 4563 2516 4057 3232 8037 5541 5801 5865 9197 5295 9010 8498 8693 3830 441 1017 3579 6975
238 609 8227 5348 4358 5190 6534 73 2121 3914 9071 7247 752 7473 3764 404 5429 1497 4381 7615
239 5121 545 9415 5129 3500 4846 6832 7120 5715 9302 4984 826 4031 8671
240 4416 8580 9094 5192 9448 9512 1256 9129 9997 239 6799 7088 5042 3827 5525 1750 2422 7575 3767 2744 1560 9115 5308 3006
241 5504 2113 5986 1410 3715 7204 4612 3877 1670 1287 6604 3117 1582 1905 9845 55 9273 796 5277 2109 2047
242 7808 8003 8964 9349 2183 7880 1032 9290 6223 5522 916 9847 2808 9304 4824 9627 2972 1343
243 2240 65 1890 7524 968 7754 682 9772 2288 5748 3733 2741 4856 703
244 6244 935 1674 2220 236 3343 7215 8400 4531 5395 1299 1524 761 7354 2718 5471 7359
245 2753 3521 6082 1346 3074 7333 6565 6949 7366 1063 489 5322 5099 4619 9964 3758 7055 8528 7254 1944 1979 7451 9788 3838
246 6018 9603 7268 7240 8075 3371 4594 6483 6580 1654 1849 1215
247 7392 3392 6530 8260 9735 295 5448 2412 8046 8078 9871 5584 3153 7697 2962 117 9340 8445 2013 9533 3454
248 1441 8898 9990 2246 2790 552 330 9324 5839 3249 6802 5845 2359 4282 3547 412 4028 5983 9151
249 4193 6019 964 5863 8968 1226 5003 8844 4333 3277 9453 3151 7696 6354 9139 8212 7509 6712 666 4123 7899 9181 7389
250 5762 3172 997 4038 7 935 9933 3441 7732 1270 4089 3867 8477 8222 9375
251 901 9734 3242 3696 6800 880 8848 9521 3313 7955 5683 4372 279 2807 8698 1370 3291
252 7745 2499 3463 3977 4234 843 8844 5329 9809 979 6744 2649 5339 6428 7709 477 2143 1058 6440 2345 3376 9080 7160 8444 7167
253 1984 3648 3106 3203 3811 485 6309 8934 199 6153 2986 2251 7179 780 7756 9133 528 2064 9523 9942 1848 5818 442 6300
254 928 6082 2883 6469 9253 8390 4456 3561 7977 6923 8812 5709 6606 399 3377 7383 761 8345 90 8795
255 6464 3270 7048 9545 745 9995 3563 76 1934 1041 7377 9778 7059 2643 5783 6425 8570 3771 798 6654 1534
256 7776 3620 9830 8711 1644 8876 4909 7791 943 3856 2992 1137 6129 2643 3380 3702 3127 5849 4697 8763
257 1952 6977 7170 4898 8066 7783 264 5163 6029 3982 6064 7762 4822 3894 6744 1242 2203 8252 9823
258 2690 2852 7206 5351 8105 4809 427 7922 5490 6164 5589 6136 8889 3229 7453 8125 1790 3839
259 352 5507 5286 6759 4071 7020 876 400 6036 823 1879 1527 1273 250 1979 8796 29 5437 3103
260 9793 5893 4901 3046 3783 5896 5450 7499 3854 2002 1330 6675 8371 6996 8406 2489 6458 6778 1053 4574
261 5696 450 2659 3043 1637 9766 6054 8744 6635 7405 6607 2704 4400 6290 1429 9527 3737 4377 5149 765
262 5824 6817 5794 2340 6278 9160 7881 2474 7306 4011 8109 590 9200 9265 757 8566 2902 7894 8600 4472 1496 5630
263 4802 4870 3846 7240 7880 5326 4367 3034 5340 925 6691 7779 9957 166 5862 745 9130 8236 3244 9197 6445 3700 1079 6647 7289 9275
264 4896 6242 741 5158 1224 5962 2189 782 8239 2288 9457 9939 7703 7355 2875
265 8320 930 6918 552 9836 1613 3757 9325 3885 14 6094 9935 5583 2415 2323 6707 3989 8503 9655 6458 8830 735
266 1121 226 6692 8198 3304 3945 5097 8841 3691 7692 8460 2927 2578 340 9428 5910 8088 2555 9403 444 4958 2078 7742
267 2240 321 3714 5762 9540 7883 141 6670 5326 7762 2962 1299 3414 1496 4314 348 1247 32 9764 7654 8427 8173 8111 9968 6195 4216 8058 1083
268 1632 546 8131 454 8810 6989 2541 4941 1455 3602 3539 4819 406 5816 730 8506 9404 2717 3199
269 8770 1413 9992 8265 4811 5913 5340 7517 7198 5407 96 8290 9510 4071 4455 935 4909 4782 6511 9777 5554 3827 8183 6267 5821 5437
270 3074 4578 5219 4069 4361 7883 3981 8014 7695 6608 5265 2548 3894 2968 4344 5657 3419
271 4002 3523 6467 4900 1668 7749 3751 7687 6057 6189 1742 7984 5105 3637 2966 3354 6938 1339 4988 1501 3582 5567
272 8257 1601 8994 1923 6275 6084 8708 6852 2340 4197 6886 6470 4935 4199 2856 3371 9101 7694 3758 2260 9654 3288 3163 828
273 3936 5667 2790 5064 6219 300 4653 1938 9075 3510 1496 9114 9467 6620 7005 8509 8543
274 7232 5569 3491 6152 2666 8782 4048 7699 4020 9589 6139 8284 412 4605 6239 831
275 5248 3936 8514 3043 5798 8134 9898 5485 1458 2962 83 4469 6101 790 4727 8247 5531 2427 8220 9406
276 6306 5763 8387 3172 935 9932 6700 1103 3184 2288 8530 148 1588 7413 6613 2358 9078 311 6264 5241 5019 4539 5727
277 1348 2981 5799 686 5998 9007 4625 6258 7699 2164 8087 9175 8471 2105 3322 9051 4443 5373
278 898 3748 7652 5957 5703 616 7789 3758 9582 9583 79 4592 9585 1299 6838 9750 630 2904 5017
279 2627 3012 6692 5412 6021 8709 7397 4807 8937 5034 7883 8491 79 9938 6258 7251 7161 7868 9116 3965 1981 4286 6334 351
280 7105 8994 5187 9219 9541 234 8491 6924 1614 5934 3023 9232 7313 8051 7542 503 6424 1821 6942
281 7553 8961 1058 7875 4035 2501 8134 9383 5352 169 4810 6698 6765 5810 6038 7543 219 2555 3004 991
282 2121 5097 5386 1707 7821 3693 6287 8495 7506 7640 8153 8123 3837 3711
283 610 4356 5 4295 5063 2346 4490 5898 748 3852 9581 1358 7438 912 8880 9298 1048 2201 8188 5501 1598 159
284 4929 6402 7077 4838 200 6507 3470 2191 9968 1809 7314 5172 8148 4345 7740 5692 7741 925 4254
285 1248 2593 3331 2564 420 7653 2918 6054 8042 3215 7762 692 6105 9245 7262
286 1409 8068 8645 9190 7369 3113 4041 5899 8686 9487 7248 2288 1299 3796 1238 7736 3643 6270 7423
287 3936 7713 2882 6661 5029 6216 4619 301 7438 3823 2416 4432 2355 5783 4665 4377 1051 2875 9852 1309 4765 4735 799
288 2240 1665 2497 5859 5860 1542 9414 7240 9865 5772 8492 2031 3855 5908 4501 8406 4855 1499 5147 5502
289 6464 4258 8994 7747 8612 3014 647 6568 3624 9480 2795 3405 6190 79 8211 5942 6935 6619 1916
290 769 5090 1476 5767 6599 1223 4362 5838 8142 8302 7285 7029 4245 9685 3804 7516 4124 9276 2238
291 2304 3104 9056 4352 2791 935 1543 4937 9358 3183 3376 6547 437 2389 4181 8026 667 2555 3836 9565 6781 1534
292 8417 578 3111 9994 1004 5870 2127 9842 9811 984 5369 2553 6556 6525
293 7296 129 6851 707 4356 9990 7559 1352 4944 5715 4884 2005 8215 6424 5530 9244 4128 4199 9007 1841 7537 4531 7413 1720 8125
294 3808 9153 577 3905 7427 3941 5478 1095 935 5257 5482 5964 5740 6540 5229 9007 4342 6712 7001 6175
295 2402 2 9731 2917 421 8488 2124 9007 5327 2160 368 369 17 6547 7318 6296 8920 7036
296 6112 6209 6658 8167 5448 2538 3178 2192 9968 4020 9237 9335 5368 7096 8312 5050 3708 5437 2399
297 4391 4106 1930 810 3885 4272 1681 5715 9173 374 4855 8505 9371 8411 2267
298 9216 3840 3265 2439 1287 7848 8618 6890 6922 2923 8269 6000 2288 8885 4117 2198 4150 5430 7415 4475 9533 3997 2239
299 7363 101 2790 647 5096 6921 4714 2412 7118 4976 2481 7093 182 4056 8248 8762 5211 2526 3006
300 4962 2210 6022 712 9224 8234 6635 1964 205 7086 4942 1423 8145 6865 4691 8499 9171 6519 2617 8282 6332 8125
301 5600 1638 3146 7050 971 2989 3949 1456 9109 7798 1688 9818 2236
302 1315 3877 710 745 8842 8491 7533 7021 6351 688 9937 5075 4212 6228 8981 9533
303 1216 1474 1670 9545 2256 9873 979 8340 3668 8991 6496 1250 7267 2915 5412 2340 4965 425 6889 7787 9195 4719 3312 9968 8434
304 768 4032 4161 1762 9285 5862 9578 2986 4587 13 6030 847 79 8688 9362 7956 308 5175 8345 2555 3836 1534
305 1984 2340 8837 9478 1929 9674 6410 6635 9259 9645 8466 8083 3316 6101 5751 5880 6457 6044 7740 5535
306 1187 1380 8004 420 8839 3754 2986 7883 6796 5645 6318 1647 8816 8722 5748 2870 9626 5212 6748 7037
307 7360 4352 1984 707 5507 9349 9928 9481 5901 2893 7698 658 7762 4243 9178 4507 9755 9757 7331 165 1961 9579 172 5294 2486 2810
308 131 518 202 8331 6736 18 5268 8341 3032 3160 2970 862 3550 3103 7456 9827 7652 1125 2601 5802 1711 6385 569 4286 6526 6270 63
309 4097 967 9991 1672 7883 1105 2866 5011 9107 1524 8789 8918 3642 5723 5340 9533 1727
310 6528 9347 6406 8840 7438 7054 2319 2643 1299 8085 4442 3227 5596 9309 8478 5728 2401 2339 4132 6500 7399 3111 935 2611 3572 3316 4855
311 9120 1697 3074 2884 1348 8677 6310 8711 1260 4845 5869 8878 6863 8720 5489 7153 8275 695 3319 1336 2552 7770 3994
312 6336 8832 321 130 5094 6695 3016 5320 9834 6413 9968 6547 6452 6101 6776 5339 9948 6014 5534 3231
313 6979 8009 6538 8462 3982 463 9295 847 6482 4051 1622 663 728 2074 4958 2079 1761 673 2787 7652 7525 5543 4584 3304 2929 6967 5880 7486 895
314 3586 6538 5514 6477 6030 7822 3535 5072 3409 3858 1940 3669 2837 9495 5341 30 7582 2721 2925 5677 8624 4400 2867 1524 53
315 4194 2819 7172 745 2121 6666 4683 8235 8431 3284 5364 9524 1725
316 2209 3521 8067 5412 4933 6117 8678 3271 5962 6572 7309 7438 8431 7795 5587 6613 249 2107 603
317 9474 3074 3012 2725 5737 4970 8811 2638 8687 6959 6480 3633 5875 4340 3316 6777 60 3964 5950
318 2273 7652 4901 8518 2983 7657 9866 5388 4879 2639 2480 4688 1364 7988 9013 2168 7001 1978 6938 6590
319 1858 4742 9159 1865 2121 6859 2315 6285 7438 1745 8594 1238 2327 220 8864 4004 8294 742 9255 6512 4081 310 7159 376 7736 9083 7355 1149 4926
320 4832 7713 9347 8005 4616 2344 6793 3914 2986 555 7565 3983 1425 2737 2962 851 6613 2391 1465 8797 3743 2591 7551
321 9376 2240 7393 897 9537 6465 8163 1220 9637 2407 8363 9483 3533 238 2063 5234 2900 4309 4695 379 5150 7647
322 3200 3936 4321 9890 4453 8805 935 6827 4109 979 9526 5848 5947 8348
323 2 8994 7013 6725 5958 745 76 3308 9676 7244 1484 7725 2383 8143 2288 2101 5111 3607 9625 1403 925 1534
324 7296 7874 6470 5511 9000 7148 4590 8276 9972 7062 2486 9211 8635 8603
325 4352 2464 4256 1091 7943 9607 3208 1289 137 6505 9453 6671 6352 1779 5876 9012 5785 6235 2555 7964
326 3075 8643 2310 5446 8583 39 4778 1552 401 7762 6997 183 5623 8952 7864 347 7293 4510
327 9281 9156 1253 1798 105 5193 2985 2029 77 8910 9199 1042 8403 4884 1557 2709 1815 9145 6266 8539 5340 9372 3230 8830
328 2145 1859 6467 5412 709 5734 7656 6538 1774 9551 6543 5359 2288 2771 9848 3864 3512 9499 4955 3485 6397 7709
329 608 9506 8994 843 1838 4783 2962 2195 6166 440 216 1753 1625 2302 5375
330 2978 3298 9763 2629 9930 3758 9103 2000 7440 6770 9555 1365 1399 4696
331 8448 3650 1669 1093 3238 170 2155 908 9262 1934 3602 6771 662 7191 7831 3032 2232 3003 3102
332 1601 9090 7074 1508 358 3111 4199 7210 1710 1232 1523 5684 9013 6101 6550 8086 3385 2683 5758 255 7199
333 7012 390 2439 3527 5512 970 9804 1772 750 9775 9968 8113 1206 6584 8122 2491 9083 4924 1117 3902
334 2211 1668 7623 8487 7435 5803 9387 7534 1105 3699 3156 2197 7064 569 7865 3066 6170 3675 476
335 6434 2594 1731 5219 8135 2440 7498 2986 1324 559 5169 2065 8470 8150 183 2264 4664 7097 5690 475 1822
336 7137 2 7719 1832 2986 3373 751 2833 7153 435 4340 8374 5366 8631 1752 6712 1625 8218 9946
337 3424 4806 6343 6216 722 7699 5653 6423 727 4409 4667 380 5437 4638 575
338 7200 8160 6465 8997 5992 5962 1580 9261 7663 3408 7185 1073 1746 2962 3381 9717 4982 312
339 3074 7044 6436 4517 5797 6538 8651 3275 6222 1903 7887 7153 5973 9077 8758 5112 4664 6584 9337 9436 1148 8988 5053
340 7426 9027 643 5379 6149 5062 2247 8910 3086 4558 8464 1686 6486 7581 3363 2340 8293 2288 3889 881 8888 760 8572 5628 1086
341 9984 7972 1765 7846 583 9160 2027 4107 5775 4497 116 1717 8118 8663 7895 2616 2488 7452 5661 4670 4575
342 3936 1092 4327 8136 7368 5898 3532 108 9197 45 465 2674 8882 7285 4310 1398 3158 7513 1567
343 3555 4292 5926 6824 520 7213 9007 720 6482 5781 918 9884 188 8671
344 8896 7746 4901 4199 5160 5833 7338 6251 6574 3758 5170 7796 9301 6613 6263 8663 7194 6588 2301
345 4736 4483 7683 4070 2951 3528 6217 5546 3051 5677 558 6481 2643 3927 952 7065 7709 446
346 7041 8129 5122 6534 3720 4332 2285 6991 7567 9039 9301 3189 8249 7291 5724 4669 574
347 6944 3746 6947 4552 5996 1454 9876 8372 5431 3256 665 3870 6047
348 7968 2465 6177 4325 1351 9705 3818 6827 7851 9678 3182 81 8049 2834 7314 6547 9908 951 1271 5880
349 2114 9026 3 7395 1091 7012 7844 4199 5677 303 3344 7824 2288 8278 9370 1435 5726 8158 511
350 3456 4546 6564 7652 3397 8357 5098 7691 238 4334 4398 3982 1137 2483 1395 8084 3830 2618 9018
351 6528 2881 9060 868 393 1610 4171 6123 5869 8333 7055 3794 9747 8405 8662 8438 3064 4765
352 896 5572 9284 5385 1105 5715 2325 2456 1625 6490 3163 9436 9244 7965 6880 992 3810 9955 3431 5097 8812 7598 9968 6705 1009 6903 3959 2877 9533
353 8640 4129 321 4613 6758 939 75 109 3697 8242 4754 3027 4628 5181
354 1 4677 2757 1925 9990 2120 5962 1293 7438 5007 9936 1042 9045 7637 2518 412 1505 6945 2790 5163 3883 4269 878 6960 756 4661 9400 7736 5880 5756 254
355 2560 1248 5255 3564 2413 8495 2704 3537 977 5298 4978 8851 9749 6681 4249 569 27
356 3873 4997 7496 9385 8907 1451 9708 6893 2669 7278 9070 2704 8659 4404 3509 3798 8666 5980 4988 541
357 6628 8421 1349 8938 8908 1005 3982 8942 1299 4788 5941 6810 4635 6269 1311
358 864 9217 9218 5634 8293 1385 7981 1261 2673 212 1141 5755 6076 3805 5053
359 1219 7238 9160 5578 9036 2064 7569 7379 8852 2708 84 2839 8599 3736 2269 5342 5670 7272 3753 9968 9713 3832 6458
360 2209 6178 4739 3012 5925 7974 9223 9386 8171 1901 9677 2767 1328 4946 9426 6709 4565 8661 7413 6550 9244
361 5248 4579 5059 8707 708 3876 1668 2085 6597 9286 776 6955 399 9591 9979 1979 6878
362 6946 2146 3074 547 3524 4104 2728 3082 2317 1231 7439 6351 7762 947 6005 3061 758 7095 7260 8125
363 6312 2825 1289 8362 5035 1774 467 2643 3988 8376 1240 1145 7611 4127 5951
364 8130 677 4743 8936 4170 8140 2735 4145 979 51 6230 8310 3447 4311 1431 7001 2074 7804 1373 6462
365 1920 321 1028 6020 7239 8555 427 4045 3661 5678 3152 3155 6772 7414 374 1179 8927 223
366 8706 6882 4901 1670 1611 812 1134 9904 6768 8081 8883 7892 4437 8922 5434 475 1628 8124 8732 4764 5597 5309 6815 4415
367 352 2242 3939 8483 9669 8713 7243 6413 238 1294 8406 4535 8216 4153 6687
368 8962 324 5448 8106 1866 6028 3404 8045 3982 847 3345 7413 2774 9718 7255 2333
369 1443 4004 37 6600 2254 9903 213 6101 9465 7546 6906 2398 8446 6686
370 4260 4135 1481 7116 3436 2128 5168 9808 3218 979 9270 5787 1884 7324
371 4641 3012 6986 5067 3020 305 6614 6167 3704 4184 5945 5436 541 8030 4063 2367
372 640 7616 321 450 1411 5387 9292 1297 5201 3219 5271 9688 6808 287 1055 4324 2149 4393 5292 238 9075 7607 9979 6844 2559
373 4836 5508 7174 7337 5196 3245 494 8910 5295 6001 8562 9368 7323 2875 5852 7998 5855
374 1344 6914 6146 8355 7267 2885 3593 8138 2475 3148 813 4174 6130 6613 8470 3513 4571 8319
375 5089 8994 5219 7811 8035 1956 1605 5862 6570 5868 5230 815 7153 6099 9781 9397 2583 311 4855 6204 5183
376 9859 6086 521 1675 7056 6739 2327 345 9691 925 6049 7077 8231 9834 5483 7275 3757 2030 9007 2994 7924 1846 438 3710
377 1281 5250 2820 6085 7720 427 527 5362 5906 5270 6966 7575 1272 5209 2458 955 6683 4542 9342
378 9604 3782 7880 6121 4457 7182 5006 9167 5807 3792 8630 2838 4694 1079 6327 858 7066
379 3425 2369 4068 3366 8808 4905 1962 1422 719 9903 1136 1557 2426 6234 3516 62
380 1889 674 1252 5349 2469 518 4999 9544 7880 1387 7150 5299 691 5715 2134 3894 9751 183 2327 762 9819 8092 6014
381 3520 4609 9794 1955 5702 198 9356 4302 7951 8560 6929 5458 5715 8634 4413 7997
382 931 8164 6470 4390 6892 3533 8910 2962 9043 9363 6675 4276 5013 6487 4441 8893 3069
383 7554 450 2148 6469 6855 935 4296 1194 7883 5869 1296 1010 5715 372 3860 9301 2679 8919 3320 5880 7449 8284 7455
384 5921 6466 5220 3623 935 8264 8746 9519 7347 1941 6774 3383 1752 6970 1627 5054 5182
385 5445 9224 3976 7240 5194 9675 8269 3602 2962 660 6677 6934 8535 6362 6938 6429 1570 8614 1769 7082 5676 2095 7728 9841 9969 755 4340 8948 8189
386 8387 1252 1125 2566 8456 2760 2633 8457 6030 4815 208 8212 6773 5848 153 6778 5402 2426 6717 1277 2270 4095 2463
387 7362 8994 8644 359 5515 1164 7629 6829 1774 5264 9331 6771 8212 5365 1238 183 88 6488 7226 3132 28
388 3936 3521 6818 162 8360 1579 2540 879 1520 721 3635 8150 730 3195 7997 6431
389 6917 6920 7049 6474 6891 491 8908 3789 7693 3885 2542 4399 6836 4820 9301 8406 8439 6040 3610 2524 2844
390 8800 3937 4705 2115 1445 2630 7751 935 8392 233 6218 554 9802 5643 7340 8140 7857 374 6010 7483 6174 2239
391 833 2754 1252 5156 3877 5990 2794 6732 1679 5972 6967 1559 4152 2943
392 3296 4000 3936 1316 933 2951 3496 4650 3819 300 5458 8916 4886 3575 8440 7193 569 2175
393 8064 2 1731 739 7495 8713 427 269 3982 6671 5682 5107 1174 3894 7736 5177 2777 90 4572 6044 7261 8286
394 1185 321 7491 132 7332 1956 2437 9607 9224 43 2543 6576 7121 9906 9682 9842 2452 3541 6104 3803 3806
395 321 2051 6054 3656 5161 4522 5962 8491 8459 1739 300 6737 817 4692 948 3894 7192 6716 9244 1981 6557 8958 2271
396 2752 3394 8994 5795 8996 6692 4965 2024 4234 2447 3671 3543 5370 9883 3293 8447
397 1376 4449 5443 8644 8196 8296 3657 8841 522 3468 2288 7699 5145 1050 2109 6749 5214 3134 3327
398 673 580 9381 5638 4454 4904 2569 5995 5355 8011 5457 8116 3285 4757 5877 4602 1853 9533
399 9600 4035 6726 9990 3592 1801 2859 3597 1805 5869 9423 2192 2769 4434 8756 6807 5340
400 5216 9185 4577 4195 3875 7141 1799 2954 6669 4527 8592 4689 4658 1557 1719 3159 8599 9720 5880 1177 9594 474 61 5439
401 4257 6753 3521 2050 6082 3106 1446 9480 427 9197 5902 7438 7503 9743 8722 6388 1652 8790 8119 3164 5374
402 5248 7009 7748 6119 2155 9453 2580 9076 6133 1238 6968 2746 9659 6396 9085 5533 7805
403 5090 3267 7780 8644 7429 5446 553 3434 8170 8747 780 6862 3025 7413 631 5433 5082 8346 4411 2555 6364 925 2366
404 5857 8033 2 3783 8615 8177 2097 6065 4755 4917 6134 9208 5081 5307 924 6973
405 7008 2433 2434 8388 452 1957 3079 8935 1959 7367 5064 9003 683 7085 5326 2799 8946 276 3093 3415 1436 732 2973
406 3968 8259 3395 5412 5317 4938 2988 3822 3375 1233 8628 7413 6486 8439 7576 6873 4026 9467
407 737 6594 5155 4133 936 1449 6025 4108 4047 9043 979 4021 6581 9301 2263 2554 4218 5468 3422 9182 1695
408 9568 7458 6054 5223 3562 4940 1616 8432 6324 2996 1173 3670 8152
409 7969 3169 4901 2533 488 3337 910 9806 1360 273 2962 9842 4054 3446 4728 3417 4763 8764 1117
410 513 6049 2146 5122 6883 5446 6503 6311 1256 8105 1514 4523 2924 6196 4180 7510 5175 9177 4062 5311 6655
411 3297 450 2630 9319 1834 6602 6348 7949 9391 271 7120 4401 6898 7219 3797 2872 9401 6618 4091 7549 5565
412 8900 4903 2952 9833 5962 6731 9004 4079 79 7856 3537 8658 7699 3895 6588 9341 9566 830 5695 4671 5247
413 5504 5889 1159 9032 6984 8649 4684 4812 206 6610 2194 1939 4308 5143 7256 2265 8922 7643 4444 3871 5027 1833 9268 1979 6075 6269
414 1473 9602 3202 2 8899 9608 8969 4558 2066 6739 7123 9047 1496 1305 3099 2589 3106 227 9123 4134 2729 9066 110 4591 2673 1139
415 4805 1541 4134 7049 7949 6478 1680 9968 1650 1202 5656 1880 3225 2779 412 6141 4607 7327
416 9314 5093 1895 1992 5065 9129 3690 5580 3982 9007 2672 7762 3251 7356 5276 6492 8157 7613 4093
417 2240 3553 3877 9222 167 2407 5835 8235 8204 7180 783 7023 7088 5968 8660 5178 634 4159 5663
418 6465 1026 5954 7781 9352 9609 8618 4042 108 9296 1424 1715 9940 1749 2038 6327 7034 7642 5307 6939 3932 2750
419 8195 6021 6150 5962 235 3531 5836 205 6701 4013 4717 9230 1840 7762 8883 1845 4821 246 8854 6584 8539 9628 2335
420 9920 4480 4352 2177 1668 9637 8519 7304 714 1419 7151 6225 8625 7699 7028 1878 2013 4766 2590
421 5536 3427 4741 3560 4169 8043 9901 1773 5869 3982 8815 1072 5040 3474 4314 1851 1948 4893 637 1118 7006
422 8224 5056 5537 1956 6021 905 4203 5742 5359 6928 3763 4340 9366 6840 7641 5307 2557
423 4928 7296 8384 1538 7939 3012 6534 8711 6153 7120 979 9301 4760 3096 3100 3742 352 2272 1061 9638 2407 2283 1645 5869 9842 3316 9332 9460 9141
424 2240 6785 7810 5029 935 457 3146 7883 9067 3821 5583 7280 7893 4502 6296 9688 8600 2233 5915 4892 3644 2175
425 321 5251 9032 3465 7178 652 2892 7438 7063 9945 2462 2655 2403 7459 6437 3111 2536 8361 3437 238 1647 2546 2549 6583 5880 5438
426 449 6116 3012 551 42 3466 6926 593 7153 7762 3380 3095 3991 4920 4286 2847
427 7457 5381 2666 1034 4462 6382 7153 9842 3379 243 2294 7448 571 2555 508 3613 7997 2878 8062 7806
428 1536 3616 9025 2052 7652 1381 1510 7302 3398 7591 776 5003 1292 9008 3923 4627 8116 116 8343 4632 6041 6842 4191
429 6528 4036 6021 3784 6280 3659 7436 2255 5074 6547 7702 9176 860 7521 8036 4772 9573 8809 2986 3758 4913 5307 6141 2685 9534 9023
430 33 8513 2 7017 8202 2986 8558 6803 6549 4215 8156 7548 6879
431 67 1412 2308 1668 7493 5162 8846 9007 7732 3865 953 7836 7133 2846 9502 863
432 7138 8738 4034 4326 3975 6537 9290 4586 9803 3214 2350 8175 1743 8655 7632 6260 4340 1625 2555 6940
433 6338 4996 4039 4967 458 5643 8428 5103 9903 2161 2962 9139 8853 565 4758 4762 9310
434 5507 4420 9062 456 1288 6729 5705 3307 267 652 9709 7085 6447 8049 2707 8180 8501 9653 3703 4668
435 4960 1025 2274 6722 4906 5099 8463 1937 1361 849 4178 1716 4020 725 663 860 8733
436 8992 1794 9731 9091 7012 5445 293 7816 3752 6250 1130 2701 3119 7668 3638 3706 155 6203 3900
437 2368 5026 8423 9097 5130 524 6060 7634 690 1426 9044 2932 6101 21 7126 1369 2969 3354 1117 190 6015
438 5793 8994 3074 8579 2532 6853 3877 38 9162 4044 4749 5038 7536 3376 5905 3473 1299 3894 726 5754 9886 2783
439 4512 482 6082 8132 4326 8711 7207 7751 4073 5322 9868 7597 5104 6611 7987 2100 3863 919 4730 1147
440 5985 5890 1986 7459 2887 3783 8712 2409 3146 7053 2895 3088 6160 3154 691 1942 7862 2327 1690 6011 2043 8060 8702 4511
441 5761 8610 5154 3845 4360 5673 7949 5677 592 9842 2962 6837 1238 8921 3707 1182
442 6624 1984 8611 5766 8359 2920 874 7978 9931 8461 5743 1871 8978 9042 9842 6899 6356 4437 9206 2491
443 2337 7490 8130 4580 4199 9256 8043 5643 9805 398 527 496 6259 6613 5815 8759 2264 6938 8250 6746 2812 447
444 2240 1571 36 646 8486 3083 9837 8462 3792 7024 2288 8914 978 979 2870 4151 4824 1786 2906 6173 9822 670 2879 2911
445 4385 259 7652 7301 2858 4973 7277 142 8431 3985 8307 1876 2806 2135 2327 5752 1432 9595
446 7104 2240 8134 6603 2445 5005 6414 5909 535 6809 4828 9821 991 1121 675 4389 7336 3753 1898 1323 9260 8686 9198 4463 4529 2225 7736 7162 2555
447 3680 9249 7650 1731 5668 8681 6249 2060 6636 5900 4365 8077 4528 9265 6103 792 218 987
448 8480 3074 3683 1668 5157 5573 838 7240 9001 779 7307 9199 79 7569 4785 3825 3250 2003 4341 7349 759
449 6656 8995 3495 4199 1994 4299 5132 5199 4912 112 9265 1107 5461 2615 1723 2555 1855 191
450 865 9635 1958 5671 7048 7147 2155 8716 5358 1167 4943 6608 5872 5553 6258 6999 7991 3193 1466 9146 2939 3004 6014
451 6786 1572 4645 3914 267 8716 332 8748 9740 2892 4173 1389 2513 8337 1489 1874 7826 3508 7636 597 5817 9947 8350 4478
452 2624 8512 7169 9485 7949 343 5978 5660 8029 1310 4702 4066 9442 3236 3877 3888 4660 7350 2102 9270 6327 5880 1340 9404 9086
453 3264 3936 8994 2947 3684 3140 4294 2438 8967 5416 1609 6889 7183 3728 7381 8054 4567 3031 6778 8574
454 1888 1602 9795 6980 8134 6534 2823 7721 6250 331 4300 8812 5677 1264 177 755 7252 9013 1111 4376 6073 9244 733 3869
455 2240 5730 4035 6884 6408 2345 8332 1998 9968 7922 5043 6067 8467 6484 7188 5236 6070 5943 1852 7484 7902
456 8097 3460 8293 5928 4491 2828 9069 1421 816 2449 3986 4818 2962 6740 3318
457 3877 937 10 3243 7659 7819 9388 1134 4176 1012 4116 1077 8469 6327 9399 6394 4317 6046
458 8608 2817 8548 7845 3752 9993 8906 6091 3052 7212 2006 1176 89 9563 5437 8125 6333 2111
459 8451 4040 6281 9354 2379 7566 5838 7699 2262 7899 8925 4382 1121 5474 5411 5997 2158 1007 4527 7025 1778 4786 6327 5884 447
460 2338 6467 1956 7209 5353 1066 1962 2126 79 1651 7604 52 1945 9852 9149 1022 447
461 9728 4706 9573 5415 935 1512 3241 5386 5547 9005 3694 8367 8880 6547 4438 3292 8093 5149 7039 3999
462 2240 641 5506 5924 1000 2569 2537 2121 3050 8715 8653 6258 2962 9842 6741 6134 2422 856 9848 9433 569 2394 9533
463 3393 2599 6378 523 6731 1646 7568 1459 6515 9139 8822 982 6487 9529 6011 9244 7966
464 9569 2119 1161 3786 972 8301 5748 4341 9014 8887 1657 8569 2202 6238 8191
465 2979 6692 9545 2730 715 7630 111 1969 7633 4307 2773 150 8055 4504 2936 1625 3098 1434 5788 7773 3518
466 7234 4643 6184 2313 9641 2222 5200 2448 5649 4339 2867 7575 381 9374 3007
467 770 9986 2565 8069 9254 745 7562 3722 7083 9933 4397 8911 8338 9555 7382 3255 6584 601 7901 8125 9023
468 3234 8644 5444 3781 5254 3499 7022 6257 6673 9842 6611 7092 1524 884 1301 1237 3830 7767 633 7290 6332 349
469 8256 3074 323 7204 9643 1036 7373 1774 6256 3280 6449 2129 4055 8632 6941 1662
470 8193 4771 9507 6983 7976 8041 4557 7153 2418 9301 9815 1655 4855 1337 2137 4252 8924 8061
471 5888 5185 8258 8387 9224 7688 5033 7305 3211 4652 6734 7119 6899 5656 9753 3133 8125 126
472 2048 5826 6050 388 550 328 1353 2575 6833 3507 1555 2711 6871 1401 2331 9438 9950
473 3330 6473 5770 395 3596 4433 9107 152 1752 1113 1569 5412 6053 5350 937 2986 5356 7469 6448 753 8114 4340 6134 952 7993
474 3936 2466 2692 4326 6024 3274 1802 1997 6958 1521 2292 5556 661 5752 6650 1181 9885 4765
475 512 3936 321 163 195 9731 2890 9867 9615 9233 4369 9618 915 8117 149 7285 4854 7511 6584 1465 5307 638
476 8512 8130 2117 647 648 2121 2193 5459 1299 8534 8470 5655 1752 3163 4386 1571 4644 8484 7782 1391 4464 2288 7732 9592 1020 7677 4989 4798 1342
477 3077 5127 9224 5897 4553 9931 4493 8270 6545 979 2643 6236 8928 3936 7202 2661 3621 3111 232 3371 6063 1328 9712 2545 8949 123 4348 7934
478 352 5282 6114 8994 6214 7143 6825 3273 1516 2382 6990 7055 8723 8308 5333 4501 632 4222
479 9344 3395 7880 2248 4554 8907 427 1132 6095 4240 3377 6163 147 405 3190 9270 566 8855 2778 956
480 8387 5189 8005 2376 1480 843 6672 784 532 468 7511 5400 9308 352 7266 1124 9193 5677 3630 3056 8947 4531 5045 7992 3260 8767
481 3552 7361 8578 3682 2850 4549 805 2406 8843 5716 3125 5397 7477 246 4728 4537 6521 4314 5659 7068 732 2685 8445 7133
482 5891 6339 4323 1668 4166 4615 4199 1065 4526 2322 7252 7285 7863 8314 2651 829
483 2 867 3141 9030 4200 8841 5418 7210 3438 79 944 2512 5936 3251 6648 8793 4860 2847 9887
484 9697 9669 3147 3149 7117 5710 8814 8719 7216 657 789 2005 8023 8183 2873 4314 1019 1180 8734 639
485 2144 4801 3074 1540 2790 9510 1736 5768 6728 6633 2156 1293 7949 4882 9971 4566 7353 7482 6685 3901 4703
486 1314 8644 6698 813 8141 5070 3502 9199 687 9711 1807 7952 2577 4402 5207 3543 1784 7386 7259 1244
487 4001 4774 262 6054 6630 8107 6315 1037 9425 1522 9907 7478 8406 4343 4024 2136 2235 4925
488 450 514 3074 3108 5031 8999 2282 6059 7919 6258 4531 1685 6229 7061 1429 6839 3543 3352 5880 5341 9087 3967 7295
489 6468 2596 6790 934 9035 526 1935 8176 753 2802 563 4148 6613 5462 1241 731 5406 2558
490 1377 5253 3144 3081 4969 6187 2798 3121 1105 627 6613 7608 6908 6780 3740 8126
491 1120 516 5288 1354 8043 7852 44 1198 2001 3059 3382 9624 6329 3388 285
492 5376 8002 5830 3750 1639 744 3753 7210 175 8528 9713 7638 8823 8663 5272
493 7840 1984 7777 9160 7948 6476 4752 2608 8210 3955 1236 2136 56 1817 3577 1657 4442 2747 412 5340 1982
494 1600 3395 325 5064 9611 139 6226 7762 6101 1306 4639 7391 3042 4198 7782 2538 4012 8304 114 7987 6331 9660 9468 3005 4606
495 256 5572 3144 9930 7629 3982 8207 2383 3795 1429 1750 7193 1561 2909 6045 676 7206 8743 5993 46 7791 7153 5880 3961 2811 315 701 893 511
496 321 3970 8387 8581 5895 3144 9930 6095 8336 7762 6547 6613 1366 9430 8406 7321 8345 5343 1504 3936 5860 2093 4078 1391 5617 4209 1139 2614 1464 8696
497 9315 2660 5956 1125 7429 329 4716 5869 8879 7057 1457 8787 3987 4853 4886 3350 2518 183 4027 4220 4733 7709
498 3713 259 3013 3336 650 4752 6360 1624 2840 4843 6764 7852 2413 4527 8690 5109 6711 4663 1209 5372
499 2017 1090 6978 867 6467 935 104 8200 1129 2602 7852 8685 8622 7504 2321 8753 6738 8245 5654 1402 2555 671 319
