100
0 128 4738 3652 137 1227 397 398 1808 720 146 1368 91 2268 5469 96 33 2849 36 8549 3045 422 742 39 935 552 104 4266 110 751 1137 51 756 116 54 5046 2169 186 122 8381 3069 382 4479
1 0 1 2 3 4 5 6 7 8 9 1290 11 2572 13 14 15 1679 17 19 404 21 22 280 26 27 28 30 8734 159 1440 288 1572 164 37 549 1958 41 425 42 940 684 815 946 180 52 55 57 1468 61 1597 63 1089 65 199 72 74 596 85 2902 88 869 485 1388 5367 377 123 252 253 3198 126
2 0 1 2 3 131 4 132 5 390 6 7 8 264 9 11 14 15 16 17 18 148 24 282 27 155 1564 33 804 37 44 3244 45 2741 54 58 3514 62 63 65 66 1604 69 325 70 329 346 90 1756 92 1502 4063 96 485 102 103 487 751 120 4859 637
3 256 768 3591 2696 4361 3659 459 2572 1549 141 2191 5329 1362 3478 150 2840 1434 1370 92 3359 225 419 293 551 4009 809 5803 1772 46 6702 1456 2992 2738 51 7924 54 7677 447
4 641 514 3654 8518 1417 9290 908 5196 3404 7313 8401 2706 3860 9493 91 2460 862 670 2143 993 1956 3751 1257 3946 2413 3056 433 7287 568 891 4157 3646
5 0 64 1153 2627 3849 650 76 77 78 977 149 90 859 29 285 1437 93 158 94 32 1184 160 97 98 611 36 549 933 1702 422 1958 9447 40 41 6698 747 8044 621 46 1263 240 2163 500 245 60 125 510 255
6 5634 131 1476 197 1287 72 137 585 10 1871 145 4881 83 2196 86 280 25 348 30 31 1183 95 34 36 164 100 38 40 41 170 172 684 46 110 175 48 112 4336 50 498 52 954 122 3131 126
7 3 131 4 6 9 10 650 11 12 13 1805 16 17 145 18 659 20 23 24 410 30 32 35 1315 36 37 933 1452 44 45 46 47 303 55 2744 58 187 316 65 459 78 79 2768 9425 1496 89 611 229 102 107
8 4864 901 261 1287 135 10 5515 12 268 9356 1292 2960 8080 275 5011 4885 411 158 1183 290 35 3747 1189 38 4525 2608 178 50 436 6837 54 56 58 187 3517 62 64 5313 9030 1735 4554 75 594 1365 343 216 2140 4703 735 1632 484 7269 3302 7915 3179 3692 4589 2158 110 1134 8819 631 5751 120 7033 249 121 3961 2171 7292 5247
9 0 1 2 2562 3 4 2820 5 6 7 8 9 138 2955 11 2700 14 15 16 19 24 27 155 28 1312 33 163 38 2726 552 554 45 2735 176 432 53 56 2616 58 60 62 6718 65 69 4421 70 199 72 715 204 2258 83 468 727 6234 5349 231 232 873 7147 1388 110 115 121 126 510
10 0 256 1 513 4609 2 3 131 4 389 6 7 135 8 9 10 11 13 14 16 17 18 915 19 20 3477 23 7959 410 27 28 30 8094 2848 32 1826 290 35 36 37 5926 679 5031 681 42 1707 47 1327 2871 442 957 3008 65 193 196 199 9927 72 1737 332 78 4432 82 850 468 859 482 1506 1131 6379 624 4978 4210 114 638 3071
11 0 6656 1 3457 2 5 6 7 3591 8 136 9 650 139 653 142 1183 8992 34 39 41 301 46 303 48 51 54 55 60 316 64 69 327 72 585 206 79 83 2261 91 1122 356 236 494 111 112 372 117 121 123 125
12 0 1 2177 2 3 4 5 6 7 135 8 9 138 10 11 139 12 13 14 15 16 18 19 20 21 22 23 26 27 155 3483 28 29 1310 32 290 35 38 554 42 1077 1591 56 62 65 2371 69 2757 595 88 731 221 1502 224 867 2148 2153 878 110 1263 114 120 632 121 7929 252 126
13 4864 2049 4994 1156 1540 3525 393 2509 5902 6480 1042 919 5336 90 731 29 7325 2205 93 1438 414 9888 3041 8802 1445 358 42 7658 7918 750 48 240 8116 6644 3572 245 567 1271 503 3257 7162 3706 2491 1979 60 124
14 0 513 7 8 9225 1035 909 143 1807 153 2205 285 671 2593 290 291 8355 9894 3239 680 1324 49 948 3768 185 825 442 2746 62 4672 450 6979 196 708 709 3398 456 1097 201 2767 1104 9559 343 5721 5850 90 349 990 224 482 102 1384 1768 362 3182 1902 8430 3441 4594 370 7155 245 252
15 0 1 513 2 2818 3 1027 5 6 7 8 9 138 3082 11 3467 14 17 146 147 21 9365 280 33 545 42 43 44 301 686 48 561 51 54 182 1597 62 3774 63 193 3266 2114 709 1734 199 72 968 206 979 83 84 468 87 1495 92 224 9957 1766 107 112 7537 2291 1270 632 120 1401 126
16 385 3715 1477 7367 1100 461 6031 207 848 722 1754 2268 93 5791 288 418 6565 6630 167 3689 3500 4974 3950 3054 1136 4848 177 242 3698 819 5429 1590 1207 634 506 252 4797 191 63
17 0 1 257 2 3 1667 4 5893 7 8 3977 9 138 396 1420 14 4497 1554 536 665 5404 28 797 5278 1951 6049 1185 161 418 2342 49 561 178 1330 435 5558 1591 2232 3904 4167 4807 199 583 1352 3912 968 2889 4813 8015 1743 3923 2905 731 4443 2145 6369 5218 356 6378 3306 238 879 4335 2033 1524 1270 4343 247 2296 252 9470 4607
18 5634 6787 389 7557 4102 647 9 138 1546 1930 267 9611 1292 524 8334 910 3983 273 1298 280 152 1052 157 161 546 162 803 37 421 7593 6058 43 175 7984 3121 1973 1334 57 189 66 836 1604 1222 583 585 204 77 720 3410 339 598 3158 728 6234 609 355 6756 229 613 742 231 615 1256 3053 365 879 2416 245 119 4089 122 123 1019 8703
19 9732 134 1799 139 1548 6930 149 536 1689 3741 158 2079 800 545 34 3621 9768 168 681 300 2348 940 303 51 1587 309 55 2872 2492 61 708 70 1612 77 333 4430 849 83 211 980 981 598 86 599 2391 88 985 1244 861 9053 480 1762 2403 8933 871 1128 1896 746 1900 236 1132 625 243 1524 1529 9081 5497 250 122 764
20 0 4225 1 2 3 4 1412 6 7 8 9 1290 10 11 12 140 13 15 1168 18 148 20 21 22 5526 24 26 27 1052 2591 159 33 35 36 37 41 3497 176 184 57 709 199 1225 75 206 4688 849 97 2659 4067 3172 2153 1771 2930 119 120 249 125 3198
21 0 1152 1 2 3 4 5 389 7 8 9 10 11 12 14 15 16 17 21 22 23 4247 26 27 28 2848 33 34 35 37 38 41 176 5554 54 63 1089 69 325 1350 199 71 74 1482 7242 79 83 3158 2264 96 5985 103 107 236 494 110 249 252
22 0 2304 1 2818 2 6402 3 4 6404 5 6 7 8 9 1290 10 138 1930 3211 12 14 15 19 6035 148 404 21 277 1173 22 280 26 27 155 28 157 1310 161 164 805 38 166 40 41 299 9517 301 303 3379 184 57 442 62 63 193 69 197 198 583 72 7624 73 74 843 331 207 977 468 7508 342 859 731 476 3424 224 97 2402 355 356 1770 107 236 240 114 117 501 121 8955 253 2045 126
23 0 1 2 1412 2692 5 7 8 1801 138 139 3600 273 2579 275 1429 2198 152 27 160 1959 1450 172 1972 310 7607 56 58 6459 572 1981 318 67 195 70 1351 462 86 343 345 2653 2142 95 482 230 361 1385 746 881 114 243 2169 122 252 253 1277 3839 1407
24 1152 128 0 1793 769 8450 900 388 1284 7 8 1930 138 2060 271 16 1173 1174 542 1184 1572 679 1321 42 426 554 7086 175 1584 305 948 1334 184 56 185 188 67 451 708 73 74 75 204 7373 78 80 977 3281 82 84 725 2136 91 1629 1119 103 231 104 873 3563 108 621 1134 115 245 9335 3447 2168 120 3706 6138 382 1151 3455
25 1667 131 4100 6 6534 140 13 18 1554 19 147 20 1174 1048 28 542 31 1184 161 3747 164 36 166 40 3880 8360 425 44 301 45 4397 47 49 50 3251 8243 57 2106 7354 3262 64 3139 1222 3398 72 1610 9677 849 82 850 594 595 342 7382 88 602 9054 1888 6115 101 5482 1645 1134 112 4724 1524 120 3196
26 0 1 258 2 131 2052 5 5381 8 9 778 138 907 1420 526 16 144 17 24 152 25 409 27 161 33 162 3110 554 299 44 45 47 1967 1584 6577 1077 183 1850 187 446 66 67 197 329 461 80 210 342 8152 867 102 107 1388 4090 890 3194 1019 253 126
27 0 1 2 899 1412 389 646 8 9 139 395 524 909 16 17 22 23 151 8215 24 25 409 26 27 157 4510 1954 34 35 164 37 679 552 299 300 172 45 47 176 4403 53 183 8761 443 69 70 7753 2889 331 849 82 211 855 2780 1117 4962 482 739 487 1385 107 1522 4978 119 2296 121 122
28 2048 3458 258 899 4 132 6 1031 264 137 10 11 12 653 144 272 914 148 7708 414 31 35 164 552 170 44 8492 686 51 53 2486 824 58 5051 60 4157 64 67 70 198 78 82 1494 5091 612 232 114 4596 1917 253 383
29 1537 66 3141 393 137 329 650 139 1803 331 270 526 15 337 4881 274 594 22 215 727 281 793 223 1697 417 609 34 807 1000 360 41 490 6698 236 109 880 496 881 113 4724 250 762 510
30 256 4801 1026 1610 75 715 3149 9360 2385 465 274 275 150 5526 537 154 602 9246 2014 992 162 610 8740 294 1447 3943 489 234 8427 5484 2733 7918 687 2735 432 1904 8241 625 2166 184 120 2427 1596 124 61
31 0 1 2 3 4 5 6 4487 8 776 9 138 11 12 268 13 14 16 17 273 18 19 915 20 21 280 408 26 27 1052 7454 30 37 1065 42 301 4397 55 2360 58 3008 1734 199 583 2504 73 74 1106 82 211 596 468 735 96 867 102 105 621 881 1783 5626 253 125 6141 126
32 0 1 2 3 2819 1412 900 5 6 7 8 9 2825 10 4364 12 2700 782 3470 15 18 20 663 23 2841 25 2076 31 5921 8993 34 162 1315 35 549 38 3110 426 554 43 176 1200 1334 2614 184 56 1597 451 1604 709 197 69 3398 968 5448 74 79 83 339 84 3160 728 859 2526 2402 995 869 231 619 3053 624 1780 119 120 632
33 0 6656 4 7 8 9 267 6539 2444 3600 5395 659 8853 22 3097 3483 284 2717 158 31 1951 32 2848 33 2849 7585 1954 2214 8488 9896 554 298 6698 299 812 3119 47 1583 8751 176 432 3248 180 54 3639 57 3514 5434 187 316 1468 574 63 961 193 2116 69 2374 4172 973 80 4820 1365 87 2521 4953 1114 7387 92 990 1376 609 482 2274 995 9572 612 3046 1384 3053 1011 503 377 5754 1019 124
34 0 1 1665 2 9346 3 4 5 391 8 9 10 138 11 2955 268 653 14 15 16 17 1809 18 19 20 148 23 152 24 2713 26 32 35 38 1575 681 429 45 1583 305 6577 178 52 1077 63 708 73 6604 77 2126 1106 224 96 2153 621 118 120 6523
35 128 385 388 4613 4358 1799 8973 2576 17 277 26 7709 1186 419 675 5158 5552 6962 4410 444 829 190 2239 65 3011 454 1607 1352 3662 4435 344 89 1883 8030 350 1506 1122 2148 9957 4710 108 7537 9713 6644 120 1016 6137 8315 6012 1150 1151
36 3586 2180 3718 8454 7048 396 7437 14 1936 784 8465 403 149 406 280 3483 3996 7069 797 9246 163 2979 549 1702 7081 301 1966 9521 2097 434 1332 4662 4919 1080 697 59 3003 967 1351 712 1736 585 4171 9933 5329 469 9562 90 859 733 1117 94 1508 1638 998 107 9710 751 624 114 1783 1528 4984 2298 1404 252 1151
37 0 4864 1 129 2 1027 5 7 647 8 137 395 524 2444 146 19 4371 919 3097 2073 25 410 154 155 27 28 30 158 31 166 40 41 681 42 175 176 48 49 50 54 184 56 60 61 1343 1089 69 198 968 1737 1482 587 332 2513 82 594 88 5084 2147 356 5862 114 371 121 4347 2430 8702 126
38 8704 3457 8643 8516 3205 1991 906 971 6284 7373 5519 1041 3025 853 7253 4630 8342 3926 3034 1628 3676 2078 7776 8801 2593 3299 1124 1765 231 8295 7975 360 7977 298 1325 3444 2805 698 507 3323 8444 445 3455
39 0 2688 896 1 2 5 5381 390 646 1671 5895 7 8 7048 9 393 138 14 17 1171 148 25 797 158 4768 33 5921 34 4388 166 40 5546 301 686 46 176 48 50 51 439 55 184 60 62 7104 2503 968 2889 74 4302 2383 79 207 335 977 979 84 468 1369 2138 2523 1251 102 747 107 750 3182 1395 118
40 1 1153 2 259 1027 388 7 8 777 265 9 1161 2442 907 7307 143 3345 3858 405 9749 151 538 155 28 797 672 4130 168 5931 5296 51 308 1332 53 566 183 439 2112 1601 3400 73 329 1482 972 5326 211 342 6744 482 3044 869 231 4849 2423 248 632 8955 253 2175
41 1408 4099 899 516 900 389 6 7 7559 1287 650 268 4364 12 13 910 1679 1168 145 146 1173 22 665 25 27 2076 28 156 158 164 1572 37 549 166 2214 41 1321 554 299 3884 44 940 4142 686 9519 50 7347 442 1723 3135 64 6979 197 2504 329 205 78 3790 9039 5200 595 4308 1877 214 5724 476 1756 2140 3807 97 737 2147 611 229 104 1262 625 371 117 4728 121 4858 253 382
42 0 1 2 3 4 132 5 6 7 8 9 138 11 14 15 17 18 19 20 665 27 155 2076 284 28 29 30 5150 1184 37 935 39 43 8364 9517 2862 561 56 4408 60 62 63 7360 708 4676 69 74 843 1611 332 3533 5973 3286 1495 1369 6362 224 482 2659 5860 6373 2150 487 1643 1771 236 1263 112 3441 1522 1656 121 123 252 1789 126 2047
43 132 8454 9478 9351 7559 265 2313 1161 9613 6035 2067 664 412 6045 158 30 3358 3231 168 1068 174 52 1333 7862 1721 1988 4040 1483 3532 77 6094 1876 3540 5205 87 219 1128 1513 234 2029 6126 496 5616 6258 755 8309 502 8184 2809 1274 2171 124
44 2563 4869 2823 1033 3849 272 2577 5395 789 7959 2841 6169 1052 3870 2079 8480 8739 2091 1070 5936 309 1077 1591 574 2116 327 3913 330 587 78 595 339 1878 3927 5210 8541 1376 8034 1379 869 1132 880 4977 370 1651 3443 1395 120 1401 378 128 1153 4226 3970 132 901 1413 1674 2698 6539 1933 653 2707 2196 152 410 9886 2721 1954 7594 5555 1204 4532 4023 187 7869 2238 5313 1476 708 1221 4551 712 716 4817 211 1236 1753 5851 742 1002 4589 750 9459 2293 4089 1017 3065
45 2818 3 131 4 6 7 135 8 10 138 11 12 13 655 17 18 19 147 20 21 22 23 151 26 155 29 30 31 671 32 290 1954 35 164 37 166 2216 681 4266 554 1195 171 52 180 309 55 61 63 193 69 583 2120 330 332 2513 82 3158 984 1881 859 1122 1506 1510 103 1387 114 2162 243 120 252
46 0 2816 1 2 1667 4 5 8 9 1161 138 15 16 1168 1298 19 4372 22 23 152 25 27 1692 28 285 31 928 289 549 1324 47 57 4288 69 583 1352 329 6092 205 6222 8654 983 88 4568 5720 218 93 1502 478 9572 485 102 106 1903 7408 884 119 376 4985 634 9086
47 0 1 129 2 517 5 7 8 9 138 778 146 1171 659 5910 25 1307 6684 1437 2208 288 3106 37 1702 39 43 1967 3887 1073 1843 54 188 5182 192 69 3142 583 78 339 84 85 1495 2264 992 480 225 995 484 228 5990 614 233 109 2291 3448 383
48 0 6 134 7 8 2825 138 2955 13 8334 398 4497 1809 7569 1554 146 274 914 19 147 404 20 148 4247 919 665 25 155 30 1312 32 545 164 1572 1575 39 42 300 48 176 55 184 1593 4157 62 4799 1344 65 1601 198 583 841 2249 330 335 211 5843 84 7384 5209 2905 348 5728 227 3684 356 1510 1384 2920 104 233 3692 878 751 114 119 120
49 0 641 2 8450 3 131 259 3332 7 5895 8 9 138 907 13 18 21 22 27 29 1440 32 33 7970 37 7718 1065 6059 1452 301 566 184 186 59 316 61 63 2371 4164 1604 69 2120 969 74 3923 212 94 478 96 994 5221 107 3190 1530 763 253 3839
50 2688 1921 4995 3 900 133 5 6 4619 2453 155 412 3869 926 159 1446 46 303 817 55 444 445 1599 8643 70 71 2248 76 333 206 1232 1233 216 734 735 2787 6755 1891 228 485 233 6762 8044 240 2292 1524 1269 2941 125 126
51 0 1 2818 2 3 4 5 6 7 8 9 2826 10 138 11 12 13 14 910 15 16 17 18 146 19 20 9365 21 22 23 24 665 26 27 5659 28 1692 30 1826 35 5031 41 45 58 63 197 1989 198 1224 1225 329 78 977 1745 3923 725 6877 5603 2148 3046 102 1387 371 2420 117 121 5501
52 384 1088 67 133 198 1862 1096 201 267 1805 2190 79 16 786 850 9946 476 861 1950 3999 33 418 1186 2275 868 296 6376 42 45 365 239 6001 6514 244 2164 1012 6388 4277 1270 5175 4025 1465
53 1408 0 898 8 138 909 1294 14 3215 15 1296 1171 21 534 151 1434 3102 5150 927 800 7712 1313 289 6051 803 1571 38 679 1704 2218 170 43 3243 4525 176 7986 948 1077 4023 1985 195 3395 325 70 583 73 74 1866 6092 8660 725 1495 216 92 3038 225 1762 355 869 485 1894 999 231 1384 873 2538 110 7791 243 118 246 760 7291 382 4478 6655
54 7 393 2316 13 15 16 144 273 4500 22 23 663 24 4632 5020 29 797 1568 32 161 35 45 178 3379 2612 180 566 57 61 830 193 5313 321 962 451 69 1607 330 80 2000 1489 81 82 2902 728 90 5982 96 737 1768 1001 1132 624 4977 243 115 628 4088 636 509
55 0 1 2 3 4 900 5 6 7 8 9 10 650 138 11 13 14 15 16 17 145 18 19 20 404 21 662 24 410 1434 27 155 28 30 8094 1184 33 161 37 166 3244 45 176 4148 55 183 57 58 187 443 957 3774 63 2112 3008 65 193 1089 199 1737 80 468 725 1495 88 2651 348 1502 5603 867 485 6887 107 1263 115 117 1270 121 637 7293 126 1151
56 142 398 146 1298 2451 789 5276 160 1184 1697 4514 805 39 1194 2858 3756 1581 302 3631 1840 8114 178 179 181 825 9915 3006 5566 64 1600 707 196 966 3014 7499 203 5707 8402 211 3796 214 2264 223 5472 481 1890 4452 485 236 624 3057 370 249 2810 2044 8702 2431 2943
57 0 3975 8 4618 404 20 21 26 2330 28 797 3613 30 158 1442 37 38 422 40 296 5801 2348 429 176 50 52 53 309 55 448 708 196 197 2759 76 77 3661 335 977 82 212 2134 6616 218 349 9311 224 480 8672 1506 484 110 114 118 3831 375 7546 2683 126
58 128 1283 1284 4104 520 8076 396 4493 3470 655 144 1813 666 4895 289 3106 7460 4133 550 294 1065 171 1457 434 1587 3514 4667 3516 3773 5312 4417 1228 1612 78 720 850 468 342 89 91 1627 95 97 2659 6756 745 6379 1132 7279 1007 880 1521 121 2300 1149 254 1534
59 194 2948 3908 646 902 1480 1096 8969 8138 2187 5643 203 8139 2956 1100 1805 1745 914 8146 5459 5333 535 24 536 216 857 8601 1566 6238 32 226 163 1187 2980 933 4646 6246 167 871 1966 434 2866 1011 6134 2231 762 702 6335
60 6848 130 1927 4551 75 2573 142 15 143 84 85 88 152 25 409 95 229 101 39 40 297 106 1131 235 43 747 238 111 113 3126 310 3319 951 122 123 4413 3455
61 385 2114 131 6467 323 9542 135 968 7433 266 1546 1227 79 208 8272 2705 914 211 213 342 215 408 984 89 1497 1626 1754 221 2014 351 2976 228 230 3624 553 105 362 815 9584 1137 625 566 374 7672 444 574
62 0 1 2 1283 5 7 135 8 9 138 907 2316 6668 14 15 16 17 5778 19 148 404 1173 662 919 27 155 2076 28 7966 7454 1310 9502 31 34 1826 3363 5668 2858 5546 45 7727 6831 5295 309 1591 56 2616 2106 442 700 4413 62 63 65 195 69 3270 583 7624 74 332 79 982 87 1881 2521 1117 2143 2785 1122 3428 102 107 6379 236 3052 111 495 5876 1012 117 245 4982 118 120 3704 9593 2298 382 5887
63 0 1 2 1283 131 900 5 7 8 9 138 267 395 907 4364 4880 1554 5779 660 3349 1303 155 3100 285 1054 159 2849 1314 8355 557 815 3248 436 2359 56 184 3642 63 3008 4672 65 2371 1223 968 5448 205 1869 78 976 1104 6481 1745 8402 1495 475 8543 3423 1123 102 364 2158 8947 1779 372 119 506 2683
64 0 1 2 1283 3 4 6 7 8 9 1930 3211 399 17 23 27 28 157 7837 542 30 671 32 164 805 296 46 310 55 63 193 962 69 3016 72 1737 969 2126 1360 465 1745 977 1236 84 3032 9305 5091 100 356 1509 1384 1005 238 6767 240 3317 120 505 126
65 6913 1921 132 2180 390 135 138 396 13 1679 20 277 2837 2200 410 30 32 34 38 166 552 41 42 429 46 432 178 3378 434 4148 5429 1718 3767 1336 56 184 9017 59 6459 1476 1732 8901 69 72 73 841 206 1491 343 604 1628 734 97 6756 103 3689 5482 1004 626 117 4725 1017 764 3582
66 0 1793 4482 2 132 1413 136 8 9 138 395 524 909 1424 915 3477 1686 24 3096 1564 31 161 2852 549 426 171 684 45 49 947 307 309 1087 1988 3142 4040 457 5834 78 976 3284 468 3676 5472 101 485 102 1128 2922 236 8688 6131 885 119 7674 636 252
67 0 1 3 4 5 6 7 3975 8 265 1290 10 11 2700 12 13 14 15 18 19 404 20 21 22 23 152 1434 155 27 28 29 157 30 31 671 35 37 38 52 308 184 57 61 3389 65 69 71 1225 979 88 1881 1506 2148 356 229 1387 1263 1521 118 120 126
68 0 4226 2 899 517 1669 134 647 8 9 397 6163 1428 2837 279 25 1436 156 5661 7584 5667 551 424 1320 40 426 554 1078 2487 4919 314 62 194 324 76 8911 468 84 725 213 90 604 3293 1888 98 612 5350 5990 487 2152 112 243 1395 372 887 4347 509
69 2177 7042 388 3204 516 519 10 778 139 11 12 3853 14 1294 142 15 6543 2448 145 6290 19 659 7827 20 671 2085 166 1446 41 3369 42 426 171 4276 2100 6452 54 2359 2616 2744 824 56 1593 572 1468 62 2238 3520 2112 9665 3266 4035 73 6986 971 4301 335 8271 82 83 211 4436 599 216 346 1883 1628 1757 1119 224 4834 3299 356 2919 3561 751 1522 243 5876 501 117 4342 249 762
70 577 321 66 7303 264 840 73 459 4942 79 1491 216 1113 666 410 90 2973 545 162 226 36 228 6565 42 298 2090 7850 44 46 367 48 240 496 54 184 248 442 762 378 2298 59
71 0 2304 1 2 3 4 5 1671 7 903 8 9 138 523 268 2700 15 143 399 19 534 27 2591 290 546 4131 36 2212 4656 9906 306 439 1721 442 1090 66 67 68 69 5447 968 5195 4044 77 1495 89 859 3424 355 1384 120 1272 252 2684 4221
72 2433 6082 515 388 516 261 1478 71 1353 75 9359 9551 785 1621 4630 1558 2262 599 536 475 477 1566 798 1758 543 415 36 7589 1190 3046 2859 5038 2094 750 4977 371 53 8629 7797 313 251 510 1215
73 776 11 6668 782 2703 2063 149 1558 2201 1562 1307 5659 156 3357 1311 1571 37 4390 2857 6057 1195 6188 44 4524 686 46 7218 2869 57 6589 574 3774 703 320 1472 9794 2244 72 1611 3403 333 5838 6735 1232 8528 1106 3923 83 596 1494 1495 1114 8156 4320 224 609 1122 98 867 1251 228 1128 1386 3818 619 112 3824 3826 7798 4726 8438 6518 3706 250 5627 252 126
74 4609 1667 4 10 139 12 268 13 14 1038 1807 145 5011 19 148 21 149 1434 27 3483 155 38 169 41 8875 8365 3502 3759 1583 431 175 1200 1332 948 55 1210 1979 443 316 446 2112 65 199 9543 583 968 201 4429 6097 83 468 342 7774 2526 7518 96 2274 102 8938 6379 621 109 880 2291 243 4597 117 501 5621 2296 1401 377 2425 250 2685 1917 126
75 64 257 323 5 325 454 1671 392 1482 587 590 401 209 402 147 6165 23 155 29 222 8734 98 1187 356 101 165 679 489 873 43 44 173 174 112 1841 49 58 60
76 0 1 6402 2 3 131 900 4 5 389 6 7 8 9 3849 10 11 2060 4364 12 13 14 16 6288 145 17 19 404 148 21 22 3992 24 152 155 27 28 157 30 542 8095 35 164 549 37 166 681 47 50 184 957 62 63 1344 65 199 332 3279 3408 88 867 869 999 104 107 236 3182 495 112 114 371 372 2168 121 253 126
77 896 513 135 651 653 144 8466 3603 533 8733 31 32 35 5286 3884 45 8241 6961 52 183 1593 59 60 68 1352 2378 330 75 715 5582 78 720 81 2258 83 5848 3160 6745 2265 4959 2657 1122 1251 2533 1638 103 1258 235 9710 5872 249 2942 254
78 261 391 135 269 654 7055 19 154 1690 1310 1951 292 2981 168 680 300 47 53 183 184 57 186 443 59 1597 961 4421 454 587 1613 461 81 210 87 3416 89 2523 1502 352 355 105 2282 1643 5616 4336 3700 117 375 1913 4350 126
79 256 130 836 68 71 8 140 76 5069 782 206 3983 16 80 81 146 594 87 24 538 4122 410 156 476 157 159 97 34 98 227 484 2983 1959 9514 300 45 238 112 51 115 52 372 500 119 57 4537 121
80 0 1 641 2 3 4 5124 5 8 137 9 138 2060 14 15 4241 3089 659 148 2198 27 28 287 1065 426 45 1454 309 181 2614 54 316 6337 197 69 1862 968 971 75 6347 9678 81 726 88 9947 3166 990 94 95 7908 101 1256 8040 1386 1012 1911 3708
81 194 7234 67 451 68 325 2185 138 76 978 147 4500 277 85 662 727 152 25 345 1627 156 861 95 803 355 36 165 166 167 554 363 300 173 110 3631 1135 432 113 6769 757 375 1017 59 123 1468 829 126
82 128 6656 1665 1671 137 6029 271 3471 1937 146 1300 2967 1303 3097 155 2717 2592 163 3493 42 43 4018 2739 52 54 1591 60 578 1218 1734 1606 199 73 841 77 9294 80 978 339 725 341 609 99 484 999 2282 235 494 879 112 496 247 1274 5882 125 2047
83 0 1 2 6147 387 7687 7 8 9 267 779 11 140 7315 19 669 415 3244 49 179 3769 319 968 970 1482 5580 589 3406 2132 86 3033 859 3420 2780 3293 2654 4704 227 2791 3175 105 106 235 7275 365 116 501 6005 637
84 515 132 5 1541 390 776 138 12 140 13 2701 15 145 914 21 22 3222 24 280 5276 29 33 289 6049 34 38 168 4266 171 44 940 176 50 51 2612 53 57 58 62 64 65 321 4291 455 74 204 3412 86 9047 5725 229 102 487 1256 363 236 621 117 123 1275
85 2432 516 1412 2052 5641 10 139 524 782 2065 1554 274 403 20 21 23 3224 158 544 6304 417 35 4390 422 2730 938 299 183 187 574 1344 193 7876 68 9030 201 6729 74 970 330 78 3024 1106 219 1756 2652 1757 2397 4962 355 5605 2533 615 7401 1001 3569 1137 1393 626 1398 120 249 2170 636 252 253 4606
86 0 1 2 3 131 4 5 6 7 9 10 11 12 13 5773 14 15 17 18 8978 19 20 404 21 277 23 152 25 26 27 28 285 30 7584 35 164 37 38 44 178 58 60 62 1734 199 72 968 96 100 485 102 103 252 126
87 130 6915 1541 134 138 909 5136 22 1558 152 281 538 27 6045 797 2334 32 3489 2978 1702 166 1583 1073 177 949 1333 1847 5561 442 1725 62 70 1862 9542 5959 4040 331 2509 717 4048 82 598 1884 99 7013 615 4460 236 109 4589 2288 625 882 371 115 6134 251 2428 2045
88 0 2 130 3 4 6 7 8 9 9358 15 273 145 914 660 21 22 278 2073 282 27 7707 155 928 160 290 1571 2212 1958 3879 2475 1583 52 309 7734 7481 957 2372 1223 7117 209 725 9054 480 7777 869 3561 361 4841 238 879 1263 497 2552 9208 120 1656 250 1275 124 510
89 4618 267 268 272 17 145 1172 532 26 545 161 36 424 41 943 48 50 436 53 4281 9657 187 1340 189 3137 1601 66 3526 6087 841 2377 74 79 3024 4048 210 596 726 8790 218 348 1757 93 4962 2019 5350 1896 233 110 240 1008 625 636 7548 2941
90 896 1 3457 5 646 135 519 3977 5514 139 8461 14 655 6160 2322 19 20 23 25 28 157 158 31 288 1189 38 679 424 1704 425 42 554 49 55 449 198 72 201 330 331 4171 76 210 83 2899 1110 88 90 218 92 4829 98 3299 1384 4329 1260 118 638 255
91 6018 1155 644 901 647 138 651 11 8334 14 654 4370 148 663 919 1691 5659 5275 2972 28 1437 3229 414 5664 421 9127 680 426 3244 2477 1070 5295 7600 176 1457 948 4148 7607 184 825 3003 2492 61 2238 4289 962 2371 1091 1221 455 1227 4171 2513 210 338 8019 339 2905 5850 1119 97 4962 2020 612 3684 4581 869 880 113 2033 4081 8438 374 375 1016 3066 2685 7167
92 132 1799 1673 142 14 16 144 659 2067 789 6166 24 3097 28 161 549 1958 169 299 45 47 304 176 49 1714 9138 179 1334 57 316 71 327 74 715 75 206 80 81 2385 210 595 216 346 97 611 356 106 107 235 108 8948 121 255
93 128 1155 454 327 201 1098 845 207 1103 3535 9040 147 276 597 85 150 1948 353 737 866 4070 871 616 555 108 2285 5041 1010 370 2739 244 2296 185 6137 122 4219
94 1344 6785 321 2882 133 645 5447 1223 4425 77 206 975 2576 1360 4625 402 146 5909 2965 725 1750 857 282 218 91 225 7971 3428 7590 1000 1001 5483 812 557 1008 178 946 374 697 4281 4857 572 764 189 830 1150
95 2820 7173 2437 519 267 395 5516 652 5390 2195 3348 4373 3995 3227 5661 160 929 6951 1575 7081 813 941 8243 4021 4791 9271 313 5442 1863 200 75 2894 9039 4178 594 1623 1112 344 217 1113 2138 742 488 2668 3692 5101 2670 878 3441 119 9464 2169 511 2431 3199
96 131 391 10 12 140 6668 271 655 145 18 1429 24 155 156 542 31 163 164 2088 40 1714 310 56 184 824 58 1339 189 446 2240 65 70 455 71 74 715 204 1361 2003 7895 219 737 229 231 9832 1001 108 7151 504 249 123 127 255
97 0 1 2 3 4 5381 5 6 7 8 9 138 10 11 267 12 140 13 14 15 16 18 19 20 148 21 22 1434 27 5276 28 285 29 9630 426 4266 44 4142 815 1200 50 57 61 62 63 65 69 197 72 329 1868 4301 78 335 84 6102 86 1881 90 9691 2653 102 103 6379 624 3441 114 1395 120 249 126
98 0 1 2 3 4 5 7173 6 7 8 9 10 11 139 12 14 15 16 17 5394 18 19 915 20 23 3097 410 26 27 28 797 157 285 30 927 38 40 41 44 2478 7347 52 55 56 6201 58 62 63 65 69 198 72 1736 7753 82 224 2148 6628 229 5350 236 114 2039 120 121 249
99 0 1 1793 8707 1541 7 135 8 9 138 10 139 15 22 23 155 27 28 29 31 4258 36 3110 166 39 168 1320 2478 686 175 303 7218 1334 56 316 61 62 63 65 7234 195 68 69 1093 1989 70 198 199 1352 8270 79 81 4818 84 599 1756 609 482 101 6385 3057 119 503 1911 249 1274 252 1023
