500
0 935 7561 3082 3436 2892 5005 9807 148 2645 1207 6968 9021 8413 3261 1470 1791
1 6339 1924 548 2858 8235 2349 241 9079 5016 8987 8699 2652 6205 2207
2 1216 3110 7 3849 238 9231 1460 4055 2425 5210 3963 5244 4092 5085 9533
3 7296 4230 2247 1098 4076 6956 79 1363 5300 5622 2679 6327 3928 8251 1979 3453 4541 5886
4 8768 6020 9577 5962 2413 3950 5232 7825 3828 1973 6389 6261 9878 1403
5 8994 6915 1188 9093 1002 5258 4589 6577 9169 6676 1396 2006 8217 7579 2396
6 3012 3877 3143 5993 6826 2028 2640 2962 6452 5621 2555 4412 5948 2460 4958 1087
7 7265 6325 6598 806 2152 4744 2666 8284 6653 4223 5919 2607
8 2272 1472 2240 8994 9733 9285 9096 5259 5228 8846 1615 3188 5783 8696 4120 5848 1084 8125 7997
9 8352 4832 7873 4226 196 4869 7463 3176 3113 8683 3723 6062 8498 6613 6042 1822 8830 3391
10 3859 4851 2067 2868 1303 263 7672 4569 5131 7854 2175
11 1728 3332 1157 1477 4170 2986 7275 4875 9803 5072 9745 7026 3507 5652 213 9464 889 8637
12 580 389 8677 8682 6986 7916 4014 6831 2577 2962 436 4500 828
13 4448 5188 3207 490 210 6999 951 8089 2041 9082 9948 7837 253
14 7744 4352 71 493 304 7699 9303 1591 88 9914 1114 7228 252 700
15 2240 321 4196 7782 2182 935 8874 4907 2959 9393 9845 3061 9142 602 9019 7772
16 2 8132 7014 9991 935 2861 7888 723 1556 438 2295 2807 8984 4216 3673 9244
17 2243 6243 7431 3720 9194 6030 5907 4947 7669 950 3543 7128 9912 1467
18 674 7299 995 1989 8005 6502 5064 8332 7120 4213 7000 9976 9848 2076 8703
19 5155 1507 2598 4326 4998 2663 3371 9007 976 2962 5269 5942 5848 7001 8858 3835 4060 1212 4988 4861 8221
20 9698 4547 836 2596 6245 3877 1031 2417 3320 8441 4377 4155 5148 4126
21 6400 769 1796 5509 5126 8455 297 5226 2986 5551 2324 3222 215 4954
22 1168 4528 6161 7605 1766 4904 6811 8860 7165 4237 6190 5679
23 5409 2 9125 6280 6475 2636 3184 2451 9689 4313 3418 5341 415 6335
24 3936 3300 4964 1668 3717 454 2984 1867 2123 4176 5458 2071 1528 9532 8989 9278
25 3584 7332 8644 3719 7 3913 4687 9008 624 3027 7031 4666 316 6652 9244
26 3872 3457 2724 9508 2508 7949 689 6490 732 8636 7389 6749 4990
27 3936 5572 5412 741 2597 3174 7017 4556 5069 7055 5842 9496 8473 2297 4027 5532 9982 8830
28 8931 4293 4486 2886 685 7344 9968 8531 1429 9526 1400 699 1694
29 2114 6787 7493 8293 5925 6438 4199 6920 4136 9 6702 9871 979 7413 3382 8502 2842 5275 3355
30 9505 2 935 7849 6986 587 9742 9744 3025 2930 3762 6613 8055 7129 8538 1307 3612
31 8897 4674 259 774 4551 7563 1230 6929 786 115 4052 6421 2555
32 2946 6374 8870 7335 8040 5962 8523 8812 9838 5166 5903 7664 7890 4626 6901 6776 4985 6330
33 2059 4651 7883 8396 3438 7281 7601 8915 4086 2934 5880 7358 2014
34 1664 4513 1799 5417 9930 106 3216 4176 151 7575 8792 2680 2392 9241 2077
35 2240 5156 7429 8137 8105 6029 6993 3185 2835 1492 2741 2166 2684 2876 221 8511
36 2240 5505 9409 9187 6821 7239 935 8233 4874 653 8689 5491 5912 9144 5822
37 5408 9664 7296 2402 802 7716 8071 9640 2288 2962 7155 5882 4186 1533 5341 5022 447
38 5024 8680 7626 2475 8402 9235 6547 6263 1401 5338 7162 8220 6109 8125 7614
39 1345 8835 3525 6823 7751 41 1642 4362 6699 7980 6060 4717 7153 4726 3958 2714 476 1534
40 7681 2211 8293 966 8648 873 268 8781 9459 5658 9306 989 3167
41 2851 2570 5548 2958 9522 1906 9299 7220 5398 3286 8120 4314 574
42 3936 8354 867 3045 8905 2697 6154 555 6193 402 1042 3731 979 3348 9592 923 2653 1534
43 4322 199 3529 393 9835 9677 3757 1648 8179 5461 9846 8024 4217 5884 3103
44 6208 5248 2510 46 8499 6964 9780 4311 8794 2941 7870 8382 2046
45 1440 6531 3588 2628 6500 9829 4583 9834 586 5962 8429 7438 7060 6100 9141 8151 8343 6492 1564
46 8866 3586 9124 5285 1774 9266 9554 1043 2739 4468 4858 8955 8605 5917 8990 3807
47 231 1293 4302 1840 7828 3349 6582 1368 9817 861 190 6495 8031 3679
48 3233 7938 9063 5384 6538 3021 4751 3857 8529 498 3891 2871 5180 3036
49 8192 2240 3843 1444 7653 1702 2662 7434 5195 557 2511 6419 4214 5880 6587 1789 6270 3774
50 8641 321 7474 7764 502 1558 3574 9528 3401 1691 8331 6639
51 5920 5762 7043 4966 4679 6573 1102 6992 2768 4401 626 7253 7992 408 7833 1305 7485 6301 1439 9407
52 8130 5284 8713 5322 7755 1740 6925 5038 3954 5778 82 8114 2962 7699 6456 4761 6938 4347 9244 9533 7742
53 1666 4834 2755 9028 8549 5322 6635 5171 7699 6613 2838 216 5595 5147
54 5440 9377 2530 3586 8579 8900 3461 1350 2892 9901 7438 7793 6101 3894 9623 5305 5885 9757 4765 9535
55 9120 450 4804 5412 9865 8144 8977 6868 9429 8917 2070 9016 7932 5565 1919
56 7552 9443 3012 6662 3047 2635 1262 5615 6447 656 8625 7665 4787 5492 2420 8090 5564 8702 863
57 3696 4865 5601 9716 7412 7525 8199 8553 4539 2731 1390 5326
58 3776 6275 9450 1770 4140 3916 3565 2544 9619 979 8756 9684 2677 9688 6137 1565
59 8368 9840 7088 8932 22 4950 6902 600 1801 9738 1727 6879
60 4867 9892 4527 8883 8627 7508 6197 1304 2457 3386 2555 1053 7903
61 5008 6241 1122 6547 2900 5301 1975 1417 7146 364 4972 7662
62 4481 451 6727 5224 8776 2122 427 1900 6381 6509 4047 1682 9682 8471 5114 3996
63 5280 3138 3907 5988 6054 6087 5804 6541 5390 9518 1175 1785 8953 5497 2873 250 8442 5756
64 2626 1314 4802 964 3144 8013 560 6608 3217 9779 5110 2712 7231
65 6144 1574 4809 1546 842 6539 8811 908 1868 2830 5135 3023 2643 2422 4314 2172 5853
66 2147 7269 1414 1606 9129 8527 497 1075 7447 6071 696 6074 3706 6972 413 6687
67 3393 3651 8583 715 2319 7762 7636 6168 5561 7738 3546 2492 3549
68 7075 1892 7718 7115 2764 9836 8305 2551 3961 9690 3226 925 4318
69 9382 8134 8684 9900 3792 6801 6547 8276 5493 1781 1430 4951 3992 9848 3195 3964 8894
70 2534 1897 5386 4367 3504 3505 3953 1586 6292 116 7285 439 23 4631 4379 8349 1790
71 1668 326 3467 1227 3660 7949 5869 2863 8208 9968 8209 754 4020 1429 8887 5784 793 921 9338 7131 286
72 5698 6021 4457 8338 3540 9270 9622 6102 4376 3161 4281 9146 8603 3357
73 6370 6595 4995 7076 4837 2981 6889 2251 4079 336 8053 1081 4985 8767 5503
74 1776 2065 7651 8243 3573 5911 7800 8841 9545 7181 478 5631
75 4704 6817 6213 1734 3814 935 2476 3693 3885 1902 6192 7088 8722 8309 4949 9498 7134
76 3841 9954 1763 9736 3721 1515 3376 7762 6003 9492 1431 9848 9529 1083 1788 9470 5950
77 4168 5449 8238 8017 6642 2963 84 8757 3000 4890 284 9885 2815 8671
78 9600 8711 5736 1160 3049 3594 6316 204 1678 9557 1686 247 7004
79 740 9317 7205 6346 2252 6765 1198 79 6258 1908 2548 1140 374 5302
80 2 981 2533 214 6710 1319 9722 5994 4315 4654 7166 1135
81 2240 7329 5441 3011 3747 133 3048 655 5456 6640 7606 9239 5819 9823
82 8994 5124 8644 3749 3398 2662 9798 3946 5869 9872 4721 6963 4981 7607 1626
83 3008 1603 7078 6952 72 3180 9299 1780 4533 8022 2231 4311 7001 1018 7709 958
84 9025 9636 9188 9962 4842 5962 9548 8430 3022 6931 1044 4852 9301 2615 283 2555 5213 8671
85 6210 5382 5544 5004 2032 1040 8528 2962 7443 2485 9111 8248 1625 8666 1757 4350 2047
86 2145 4385 7783 9704 2568 6797 6734 9998 7574 4185 5117 6237 6110
87 8736 5825 1218 4100 8804 6052 773 937 9129 1003 5580 8493 5871 496 9968 952 9402
88 9953 996 5780 5412 6645 6534 4503 5897 1597 9981 3662 5471
89 2468 2408 8552 5385 2092 7820 9293 9422 8306 1203 2263 7799 8831
90 8904 7752 8104 2921 9483 6253 3760 1554 6547 5555 2643 6548 1208 5304 1308 605
91 9160 8586 7530 5547 427 3053 6221 3854 1585 4946 3378 3092 2932 3771 3867 447
92 2240 3553 321 4194 8516 3146 4971 3181 8496 9265 1969 8882 6035 4180 4629 6101 6551 5371
93 7424 9185 9255 4138 6187 9421 3278 1138 7762 8277 4182 183 6393 3325
94 2112 225 1379 2052 1733 2086 839 3371 9292 1356 7090 2834 9727
95 5856 7233 5604 5287 3943 4264 5549 8403 788 2836 4661 8343 891
96 4480 1553 7971 2916 2997 3351 1353 6651 8540 1901 2350
97 4224 8387 7108 8267 7883 2860 4429 2126 7183 6674 2962 1267 5715 6613 4150 1529 1052 477 3741 5887
98 257 3716 2148 3012 6631 743 136 876 2865 2068 117 8214 2232 5307 9692 7164
99 7553 5639 4648 6185 4330 9099 299 2155 427 9038 152 2780 188
100 34 9252 2212 2340 1192 7241 5194 5708 6125 4050 4501 4856 6488 1498 1118
101 6849 6465 4740 5800 7276 8748 1295 7439 8307 724 9077 6231 634 412 7550 9567
102 5376 9857 1313 6630 4679 8074 3755 7885 6286 9271 2647 4600 2555 7133
103 3936 7234 7556 2790 969 3241 9545 6347 1196 6157 3341 2605 3567 401 1079 4986 3932
104 3522 7012 1668 3909 4808 6537 9357 5933 9007 2998 4438 5240 9530 7996 8158 7007
105 9312 7586 4038 4902 9702 6279 7240 9225 745 5334 7320 122 2650 4957
106 2528 6211 5412 2789 2629 2726 1670 7079 1357 5715 5333 1310 543
107 9632 4290 9606 6471 1831 3019 9137 2961 5138 1299 1437 3838 1950 3103
108 321 3206 5704 5256 1832 3144 5006 6126 6160 529 9234 7578 8506 540 4286
109 6355 7925 6805 9031 5769 6713 4793 4538 412 7709 7327
110 3490 9411 7750 2887 9575 9545 7147 1581 6989 6772 5141 8598 5053 1213 7967 8351
111 4519 4199 2472 9449 7949 113 2962 3923 8374 2422 9593 8761 7481 4474 4991
112 9184 2018 1668 6949 9608 9610 2634 2987 9389 4750 4823 4952 1273 6331
113 3584 6945 321 6854 4396 2061 1839 1071 7921 882 1458 278 5049 1852
114 5665 7874 8167 5063 3887 79 1488 9616 7762 5399 7864 6586 9723 27 4319
115 2290 8146 7428 54 7223 538 1818 2218 8652 8765 1631
116 5152 3074 647 3528 9161 3530 396 3501 1134 8145 6034 9746 62 222 7615
117 5762 6789 935 5513 4558 2734 5422 3024 7120 6516 6108 9949 2013 2718
118 5636 100 3877 1479 4840 4939 492 3058 9363 3894 3031 9432 2586 8027 4317 9086
119 7138 5094 2537 4873 2922 8810 9034 1580 3982 176 1298 4274 6838 5816 505 5466 3004
120 4130 1668 134 4326 6120 9065 8076 4112 7633 9075 2643 9494 3198
121 1984 5090 4167 9192 5064 8203 2571 8750 4720 1265 178 1844 4277 6454 4285 5247
122 6560 2081 3329 4754 468 7669 3543 4633 3451 668 5917 5245 9501 2494 3454 8159
123 321 9988 1476 5829 2279 5929 2857 300 2989 4526 144 80 6578 5108 3158 9848 5788 7133
124 7072 5989 2504 3981 79 6896 179 3603 7157 1334 6326 8406 8951 1722
125 1152 3073 8674 8675 3012 9573 9545 5578 9040 1362 7699 6900 2199 9786 5052 5662
126 8289 5442 552 3017 7273 4649 1290 4780 4941 366 688 9874 2171 5500
127 6832 9073 4082 4883 2099 4020 2517 5414 7991 1687 9244 9615
128 6882 2 7557 1223 199 6954 4363 6827 4813 3631 4948 3509 6262 1238 569 2042 1850 5246
129 385 1988 4424 2539 6891 8400 2321 9842 5748 3449 8091 9404 9694 2367
130 9280 353 6978 1476 4901 713 491 270 5330 2707 6936 8410 2555 1468 9533
131 4450 9989 8423 8617 6282 6155 2926 8718 9679 5519 4977 1105 1106 4700 4573 4831
132 321 5538 259 3972 9380 3492 8839 399 8724 4087 4375 4151 1144 1787 2141
133 4672 545 321 3365 2150 9576 1896 5608 4490 9323 5715 245 5176 3836 8190 8062
134 434 6115 7588 7908 9540 3622 7639 7513 7609 6427 6846
135 5664 450 3653 9861 7624 2155 4685 78 9839 2034 2962 5588 9461 5146 6970
136 8515 3877 4103 4777 7466 4107 781 7283 2196 9940 4535 5783 7930
137 4880 3521 3442 6869 3894 423 5367 2583 4008 3480 9049 8253
138 8193 7649 3074 5219 5540 8710 8391 647 8938 7699 7444 8181 3542 5559 2103 8056
139 8609 929 2184 7628 7917 79 1968 9268 5748 6101 4470 3160 6937 4121 8890 6365 3230 3263
140 3664 7792 2848 3280 818 3474 1907 3590 2459 3628 4365
141 6048 5346 1186 5637 1383 8968 5386 6827 8012 6766 753 8950 7995 8923 7069
142 7201 7361 4195 4614 6089 7371 9517 7408 2736 6258 6387 7380 5788 4959
143 7936 2 6724 1895 9607 7179 7180 5293 2704 2678 5144 7610 3389 4382 2431 6303
144 7714 2 7461 6982 4328 240 9552 3476 6613 2582 2555 1917 5949 7997
145 4129 4099 3044 6692 5645 6961 9714 3411 5687 8186 6139 1693 7101 6750 5055
146 7296 7173 4967 9673 3084 8783 7509 9110 3831 8727 7929 3514 5982
147 7874 5605 9222 8554 1963 7694 782 2896 9968 2288 1042 4594 5715 820 4884 9207 7351 8344 6396 9791
148 2240 1696 2183 2215 1383 7153 5426 8723 9652 4053 3894 4472 2521 1595 475 1085 6783
149 6592 800 961 229 8646 2029 9710 2670 5014 4407 6327 9434 7547 8766
150 2370 8962 7427 8263 935 8910 6744 5401 8025 2169 6778 6523 3580 7741
151 6561 8930 7587 6276 8711 9102 8785 7153 2962 7762 5715 5558 2007 3672 2908
152 2785 8043 8845 4048 5744 5968 2289 7379 1335 1912 3512 5660 444
153 8386 9831 8425 8298 6796 4653 367 79 6165 2421 983 9305 8862
154 2113 4801 5347 9316 4836 3012 9157 2414 5840 6971 5086 2654 1663
155 3744 321 3074 4229 9573 9926 9510 1038 7734 1142 7960 4923 3836 4093 317 7517
156 3041 5158 9351 5068 3629 3885 9424 4144 180 1909 569 8092 1534 5855
157 2656 6467 2643 5204 135 9112 8664 5467 926 4142 3183
158 9472 8770 7235 7688 4908 236 7759 7377 2643 854 8215 1049 6044 3869
159 993 5731 5477 871 5674 6410 146 7762 4275 9075 5335 7673 3739 6460 1756
160 7568 4241 3521 9732 3494 2550 3014 729 8010 6379 7963 8780
161 1056 3552 4035 7652 2341 69 8581 7367 1195 2190 1039 9455 5713 2962 3576 9147 2715 2365 447
162 1636 6022 3302 5192 7949 3600 1169 9011 8821 472 4377 2074 9820
163 9408 6688 321 8803 5059 1731 6020 2630 6506 9580 1263 1299 2869 9398 3830 7127 8057
164 1987 7365 9132 780 5389 1871 9968 7249 8050 917 888 6680 4505 3068 3613 3326
165 2240 8964 8297 8491 8717 4206 5326 2927 3920 1394 7698 2682 9693 766
166 4801 2657 5732 3338 5867 5036 8716 5134 5999 945 3926 6134 3383 2584 569 3966
167 582 1708 684 4588 7213 9933 2062 5775 4017 4020 9463 4983 348 3772 7519
168 6785 228 2437 9671 6567 1576 2953 7087 6609 4914 7541 3641 6905
169 2049 7730 5186 8116 6742 9015 103 7305 9644 7807 8431
170 2752 6337 5251 3012 3625 2249 6217 1453 397 8272 8850 7699 3032 9597
171 5924 7652 7237 5990 3015 1064 5609 9036 6092 6861 3374 3982 1904 1617 7153 4340 2326 5814 3163 4797
172 1392 2800 4096 6002 2690 3667 3012 5960 3738 2858
173 8225 1634 8773 3050 4266 5997 2766 8942 79 5552 8722 6740 7736 1625 4698 3802
174 1568 3980 1619 6131 1972 3316 6356 9621 8373 6101 6134 5047 6200 702 8223
175 8416 6176 3458 2595 8103 3271 552 6409 3850 3536 2515 7156 2327
176 193 321 2531 3429 4901 9862 8487 1800 5961 2409 3884 1613 2770 2898 4532 7348 3990 1343
177 3218 4610 4882 835 7827 7795 4359 4232 5675 510 4638
178 4323 2693 8133 3240 2329 4378 7915 4061 1246 3534 4975 1823
179 7456 2240 4387 9443 5892 9543 5831 3116 6706 6258 5715 2453 7197 8669 1183
180 7968 4228 3012 6886 5446 5321 650 8490 6188 2796 6416 5520 7859 6677 7287 3194
181 1760 673 8676 1668 9413 2444 6444 3502 8462 2288 3665 9784 2008 6843 1343
182 4033 5921 5410 4487 1927 3753 4554 203 5643 719 2643 7861 6358 6359 7675 6814
183 5153 2 7843 3432 9484 3820 2732 8824 7352 4122 6938 7739 4895
184 6082 3074 2467 7045 1161 6953 5738 8947 499 5523 9812 8021 5848 7225 8121 1276 6366 7902
185 2818 355 1641 9514 4074 9196 4110 7186 9650 2519 8375 4985 1979 445 3102
186 4708 8324 3524 2343 1607 9961 6349 4974 4559 1587 6867 1658 4314 2044 5119
187 6658 2404 8005 3910 8230 2505 2314 6798 7950 7153 4242 3026 5143 6616 794 507 6555
188 7680 7040 66 8387 2116 9444 5030 1127 8714 4362 139 8812 6094 7023 6386 3698 7027 7864 410
189 1409 2 7683 7652 395 8491 4781 1583 53 1371 6299 1275 412 4253 6334 7775
190 864 7489 4866 6274 9800 2986 5715 664 4956 2621 221 734 6623 7839
191 7136 6626 8994 330 9197 2223 6704 9841 5650 4370 3666 5651 6613 7864 2874 6044
192 2176 9313 9186 1986 771 357 3497 9930 8078 7438 6417 8147 1875 7476 8116 4980 1463 9279
193 3072 9379 5481 4624 7762 2165 8245 3766 7801 7385 154 3035 7454 1279
194 5666 9219 5893 8008 1774 7727 6705 7889 2194 9842 1814 694 7322 8029 5854
195 5025 865 4963 4996 6244 3077 8966 4107 9615 1552 1104 625 9777 7153 979 6453 1495 2904 6554 7450 8315 9311
196 417 866 5412 3269 9896 3370 938 2158 3314 1971 920 7544 6201 7326 5567
197 6912 9792 736 5122 4452 7622 1353 6348 7474 4690 6227 3894 5151
198 1601 3493 3109 8327 2186 7627 1932 5261 7407 6224 4849 7409 7153 9842 4828 732 8254
199 8387 7526 9416 9384 6186 3627 3819 5517 1710 7153 9140 6613 9558 5494 9657 9337 1146 1375
200 9378 2 483 4035 420 5383 7177 362 6058 8556 7055 2353 7666 2291 6875 7487
201 3745 5057 7602 2611 8389 8342 7686 4489 8650 8140 4332 8973
202 5922 5125 9701 519 1193 9930 7053 3918 2423 3735 6584 6136 9918 9086 3775 9759
203 7296 5473 6723 8580 8487 9771 2957 2894 3376 5041 819 9075 2005 4278 1656 7419 7933 1150
204 7841 6051 6933 1559 9895 311 7546 7676 4846 2735
205 4545 4431 272 4656 6641 9651 4693 9493 7030 8599 8507 8125 4830
206 2213 1893 2533 7560 3080 4520 9992 6251 7883 5391 7217 1109 4534 758 3452 9374
207 4289 4177 147 4564 9236 2740 4709 3800 7945 4154 3098 2668
208 4544 4065 4418 4034 1058 899 9062 3305 906 2827 269 9104 1590 726 1149 6302
209 5328 4496 5218 2709 7254 5463 4936 1418 6938 5451 1759
210 8481 3842 9668 3877 2471 1672 2696 3944 1611 3410 8982 4891 8542 6590
211 738 8994 6627 6563 6054 1960 907 427 2125 5711 4080 8881 9041 7413 9752 8284 2781 2910
212 9248 7904 3777 1153 8705 5861 296 5358 6479 3862 6295 4151 1723 8287 7743
213 2305 9538 5027 453 9770 2603 2480 1621 9238 5719 1784 6169 6202 6399
214 4737 4162 8130 6659 1668 613 9129 5133 9453 2228 9721 26 3581 6494 1407
215 8000 5953 7907 7206 1191 427 4814 5966 2288 2167 2713 9466 5179
216 9168 321 3506 2722 627 2245 9318 4855 8941 9965 7038 6318
217 6049 7266 1510 3847 1775 2672 3729 9586 8474 3931 4124 797 4414
218 6913 3362 8069 5061 5773 1774 3951 6289 6708 2935 2327 3129 8185 9050 4090 8733
219 4192 9283 2948 6980 7877 1190 4007 2055 4104 2666 7790 4273 9075 1012 5239 4636 412
220 4736 3681 1864 7240 745 2121 7946 5962 2157 7342 4402 9395 7638 5336 6621 8125 8670
221 4128 3333 4422 2599 329 3626 9453 5454 6415 1777 4786 2610 5307
222 7909 8908 5901 3758 209 9172 343 8601 3130 1211 6364 2622 9119
223 9730 403 3364 2214 6455 6391 4792 1097 6733 6158 1647 9023
224 7617 7426 1059 5445 9511 5991 4616 9193 8491 6767 5647 6544 7091 7575 4857 5020 6077
225 5952 9027 8452 6693 6822 140 6412 4368 5560 5433 3002 7388 2589 1405
226 8832 2275 3557 7142 6124 4238 6510 3759 4015 3088 2033 850 4886 1847 2264 3163 8125 542
227 2240 6307 8484 1255 2569 6860 4077 207 9359 4179 8083 9300 6294 3894 1560 4824 3866 8859 1566
228 3440 7152 9089 9842 6357 2903 5641 3545 7786 9291 5563 4349
229 9666 1826 707 1828 425 3337 7211 8685 9646 1201 9364 1047 1562 3262 5278 767
230 6465 8098 7970 3074 7396 4423 6152 265 1226 5962 7884 8814 8975 5904 4561 6161 3956 949 606 6143
231 9440 1 8418 102 7270 9734 5543 2699 8491 4623 9135 9943 8728 5881 5693 4445 6398
232 5120 7298 2500 2565 6922 9163 3758 9903 6320 8564 4117 5526 1078 5111 4632 7677
233 3905 9795 581 7817 4746 2576 946 9138 2454 342 5592 8377 4187 4699 1980 8671
234 5700 4421 5099 8559 3503 9264 5203 8052 3700 7316 1625 6974 9758 9215
235 2240 8994 1347 9475 3301 3783 2185 3817 1675 6894 8015 9203 8532 4180 9816
236 8353 1700 8491 8972 1327 111 8912 49 1234 3219 8127 8863 6687
237 1857 4035 2340 8037 6470 8521 5865 7949 5295 2384 9010 4563 2516 4020 8693 5685 3830 1017
238 609 8577 8227 2115 5348 4358 9191 5672 1480 2121 5099 9071 3764 5429 1497 5082
239 5121 321 2405 8361 5129 843 3500 334 5715 4084 9302 4031 3455
240 4416 4199 7883 9997 239 1520 9937 3827 5525 3767 2744 9115 5308 3676
241 5986 1410 3715 7204 1125 1287 1582 1905 1011 52 6613 2359 9273 5277
242 7808 293 1032 7880 2345 3089 5522 9108 916 5813 9847 9304 9627 2555 2972
243 2240 1890 3812 9928 7754 9772 621 6072 5946 763 6236 703 7103
244 1767 935 4139 2220 7215 3343 9199 5395 4531 1524 5878 281 7359
245 1537 6082 7333 6565 7366 1063 489 5291 427 2866 1944 7451 3899
246 6483 2035 5715 1654 7558 5446 1849 3257 1115 8075 4909
247 3392 7392 352 6530 8260 9735 2412 8046 1871 3153 7697 2962 7414 3192 9340
248 2224 4161 3249 8898 3106 6067 4439 3547 315 4028 5839 4655
249 450 8420 5863 7368 5003 4333 3277 1998 3151 9199 9139 666 9181 3902
250 8833 8193 418 997 5062 935 4366 6254 6511 3441 50 1270 8470 8477 9533 4639
251 901 3877 3242 3758 4688 6800 9521 3313 4593 5683 7955 4372 279 3543 7545 1370 3291
252 2 3463 4200 3977 2986 6091 8844 9809 7160 9080 6426 5339 8444 6428 7709 2143
253 3648 1984 3203 6309 7753 4810 2986 780 7756 9133 9523 7927 1496 442 5818 6300
254 928 6082 3074 2883 164 6469 9253 8390 9990 7977 3561 6606 9617 7383 632 761 90
255 7652 3270 1478 6377 3563 9995 1420 1934 1041 5457 7059 9107 9076 6425 8570 9533 798 6654
256 3620 9830 1644 7791 3856 2992 6129 1137 7505 3702 3830 4311 8152 4697 5849 9852 1725
257 1952 2240 7170 8005 4552 9007 7315 4822 3894 3258 1242 2203 8252 8510 2751
258 7922 6164 2852 3796 5351 4215 8889 5340 7453 7774 6014
259 8560 5507 6036 1527 823 7608 8796 7020 29 3229
260 8578 3046 4806 8902 5958 5896 5450 7499 3982 2002 6675 8371 6996 6458 4574
261 9766 8744 745 8590 6607 2704 7472 4400 6290 3737 9243 765 5149
262 7776 3232 5794 2340 6180 6278 4199 7881 4011 590 9200 757 8566 7894 2902 8600 2363
263 6691 9957 3877 3846 166 4870 8134 935 4456 7240 9130 8236 9197 2962 6647 760 8088 7289 3034 9244
264 1224 5835 2189 8239 7535 2288 9457 9939 5715 7355 3707 3163 9628 6493
265 8320 930 6707 4068 6918 1399 4377 924 9325 14 9935 7311
266 226 8291 6371 8198 8134 3304 2121 3691 7692 2578 9428 9403 2078 6271
267 3714 9764 7654 4135 8427 141 6670 8111 79 9649 6195 3414 4279 1496 8633
268 1632 4819 3539 8131 8740 6345 3113 1530 730 2541 2287
269 96 4071 4909 4782 5554 6613 9270 8183 153 5913 6267 8731 1244 5340 5821 7517 7198
270 4361 8522 6538 6604 8014 271 4303 79 5265 6834 2994 2968 5657 604 1630 3135
271 1984 5874 3523 4900 3637 7687 3751 9035 1501 3582 3006 2687
272 352 2240 8257 4097 7010 1923 8708 4197 4935 2856 4521 5514 9101 2260 9654 3288
273 3936 8453 2342 5096 5064 332 8557 6061 1710 9013 7032 9114 6172 6620 1021 9022
274 3984 2977 2547 3491 6741 9461 9244 8782 9790 831 95 6239
275 5248 98 4354 8514 3043 5798 9898 2667 110 83 5589 790 8247 4727 4824 218 5531 764
276 8448 6306 5763 3172 935 8651 6700 9932 7724 48 2288 8530 148 2358 6743 311 633
277 1348 6181 8293 5799 9902 6958 686 4625 2737 6482 2164 6613 2105 3322 9051 1979
278 5219 6084 5957 5703 616 7789 9582 3758 9583 2703 79 4592 9585 883 2904 5017
279 7713 2627 3012 7397 2118 6951 8937 5034 6987 6030 6771 6643 7161 7707 9116 7868
280 7105 5187 2372 9541 2024 6762 6924 3023 9232 2288 8051 3125 8406 6746 6942
281 9383 5352 2824 169 9707 5810 7732 9013 6038 7543 5495 219 2267
282 9476 1861 4071 5097 2121 7821 6287 7506 9588 8153 8123 3837 7229
283 9760 610 3554 4356 5 4295 2407 2346 5643 3852 748 1358 9298 8406 2201 5625 8188 159
284 4800 4929 6402 7077 485 4838 6507 8654 2191 7314 8148 7413 4345 5692 7740
285 1248 2593 3650 3331 5123 6404 8042 2986 3215 692 6105 6938 9245 7262
286 2 2691 8068 7369 5899 3052 3758 9487 7248 6390 7159 3643 2843 8094 8959 7423
287 2882 3750 6216 4619 1388 7438 3823 2513 2355 4758 4665 6778 9852 1309 4735 799
288 160 3584 2240 1665 2497 4291 8229 8293 1542 9414 5772 1260 2031 6735 9201 4442
289 6464 4258 7747 8612 6568 3624 2795 3405 4877 9681 4341 1557 6619 187 1916
290 3077 391 6599 745 7501 8302 8142 5838 8498 7285 7029 8920 5977 3804 7516 2238 1471 6431
291 9056 2304 3104 9574 2791 4937 8618 9358 7438 3890 437 3962 667 9565 5215
292 448 321 578 676 9994 1004 7788 5870 2127 1524 984 2553 5369 6556 6525
293 129 6851 6534 7559 1352 6441 5739 6191 9007 4944 4531 5847 1720 6424 7167
294 3808 9153 1095 5257 5482 9482 5964 5137 4342 1624 6712 3865 3450 2298 2140
295 8066 643 8772 421 2917 5445 8488 7689 2124 9007 2160 17 369 7318 6296 7036
296 6112 6209 259 4484 612 5448 9480 3178 2538 1197 2192 9237 9335 5918 2399
297 4272 7696 1538 1620 4391 8505 810 4106 1930 9371 333 6478
298 9216 6000 2288 3265 5139 8885 5430 5926 1014 7415 6890 4475
299 8450 1668 101 838 6921 4233 5706 7118 9007 4976 6672 2481 182 8762 5211 2526
300 2210 4962 5064 8234 7086 4942 1423 6865 9171 6519 2617 5115 2332
301 5600 9761 1638 3334 2375 6920 3146 7050 6285 3406 8910 7798 1688 7577 9818
302 5075 4212 8981 8213 7512 8842 2284 7021 7533 3261 6351
303 6496 1474 7267 5412 1670 1289 5610 7787 9195 974 2256 9968 8434 7762 8340 8058 2557
304 4032 4321 8449 1762 4587 847 8495 79 7956 8345 6235 2555 4158 1534 3327
305 3713 8837 9478 1929 9674 9259 8491 9645 8466 2933 5751 5880 6457 5535
306 1187 8004 1380 7751 3754 4394 2986 8816 2288 338 2870 9913 9626 6748 7037
307 7360 4769 707 9349 165 9481 5963 172 9966 7762 4243 9205 2486 6327 2810 4507 9755
308 131 202 7947 1711 6736 6385 7153 18 5268 8341 7255 7288 2970 6526 63
309 7968 1291 1774 2671 1105 5011 8789 8918 9590 1750 9559 9209 7227 5340
310 5728 3968 2401 4132 6406 4102 7399 8039 7438 6031 2897 2643 4855 3227 5596 3101 8125
311 1697 2 3684 6149 8711 3659 7500 4845 8878 6863 8720 8275 7699 695 3319 1336 7770 3994 7066
312 7937 321 7042 1763 2788 5320 3016 4718 4174 9968 6547 5044 9655 2456 9533 6014 5534 3231
313 1761 2787 6979 7652 8009 5451 8462 9295 463 5073 4051 1622 728 7486 895 2079
314 2721 3526 2925 1774 3535 8624 5680 2867 1940 3380 3669 9495 4892 7582 30
315 3074 2819 2195 3284 2708 5046 9783 2855 7113 4713 6666
316 1569 8067 7331 2340 4933 5962 6572 9740 7309 3376 5587 7795 211 3572 603 2107 5627
317 1321 5737 4970 1964 2638 846 8687 6959 6480 9968 5875 1429 6777 60
318 1729 7652 549 8518 2983 872 7657 9866 5388 45 2639 4879 847 2480 1364 2168 1978
319 8864 1858 1637 8294 9159 1865 3882 6859 6512 4624 4081 310 1238 2327 4855 376 5272 9083 220 4926 8895
320 7713 8707 9347 6793 1450 3983 1328 1425 305 5458 5397 2391 1465 8797 3743 7551
321 2240 897 7393 8163 1220 7943 8363 2063 7153 5234 4340 4309 4695 2745 379 8125 5150 1086 7647
322 3200 464 4018 2354 979 935 8364 6909 942 3038 718
323 7013 6725 6794 4747 9676 3308 76 3982 8143 2383 4912 9968 2230 3607 5978
324 8209 9890 7154 8868 7062 2695 2999 553 8635 9211 4590 9007
325 4256 4352 2464 1091 1475 1668 710 6183 7912 1289 6505 137 6671 1779 5715 5785 8799
326 6017 8643 3012 230 3921 6354 7762 183 6679 8952 2840 7293 5981
327 321 2754 9156 1125 2985 5193 6542 1815 6775 6266 987 8539 9372 5340 412
328 7425 5412 2950 7975 6538 4683 427 9551 6543 7759 2288 3057 4955 9499 6397 3485
329 608 8994 2117 2349 1838 4783 500 6166 440 1753 3705 1625 2302 5375
330 3298 2978 9763 7652 105 9103 7440 2288 6770 3826 979 1365 7190 4696
331 7153 1669 1093 2918 662 8614 170 3003 1483 9262 4767
332 7074 9090 358 3111 7210 3915 8491 1523 5684 9013 5974 6550 3385 1627 5758 255
333 390 3527 2439 1386 970 6827 9804 750 79 8113 9078 1206 1110 5015 2491
334 8224 1284 3877 7623 7435 3885 9007 8976 8336 1105 3156 2197 7064 7865 3066 3675
335 6434 2338 2594 7619 8259 8135 1324 5169 2549 8470 4889 5690 6141
336 7137 6529 7719 3373 7437 751 2833 7153 2644 1752 6712 8218 1883
337 3424 419 4134 6343 4844 8397 8109 722 5653 6423 6938 4667 380 5437 6718 575
338 7200 8997 3303 3372 7663 3408 9265 1746 2962 5364 9717 3381 4982 312
339 6436 7044 5797 4517 9669 5864 3275 6222 7887 5013 8758 5112 6584 9436 6781
340 7232 6433 3363 4035 6852 7114 3086 8910 79 8464 8572 5628 7581
341 7104 8226 1765 583 9160 7852 2962 1717 8118 7895 8663 2488 2616 7452 5661 4670 4575 3199
342 1092 4327 8136 5898 171 1931 7375 465 2674 4310 1398 1174 6041 1339 1567
343 5568 720 6482 546 291 3555 4292 5781 6824 520 3256 4765
344 8896 5729 4901 5862 6574 1807 5170 7796 1716 9301 601 8861 2301 9533
345 416 804 4165 4070 2951 5546 3051 5677 558 1811 5715 1204 3927 7065 446
346 7041 8174 6991 7567 6895 2962 3668 3189 8249 3354 6747 2555 5404 5724 4605
347 6944 5667 1956 1668 5996 1454 2991 9876 8372 5431 3543 5976 4191
348 2465 6273 2242 7652 4325 935 9705 3818 7851 6827 9007 81 9908 8596 5748 9081
349 9026 3 7012 7844 303 9905 5297 9842 3701 8278 857 9370 1435 5726 511
350 3456 321 4546 5507 7652 8357 7880 7691 238 5264 8084 8436 9334 6521 9018 3997
351 2881 321 2340 9415 5671 4968 1322 1610 4171 5869 3794 8405 8438 3064
352 896 992 9827 9955 9284 4550 6534 8812 7598 1454 9968 6547 2773 3959 6903 7580 2877 7965
353 8640 4613 1829 712 109 8974 6030 7728 8242 5779 8595 4628 8729 7902
354 1505 8642 4677 1925 9990 392 8394 5163 3883 7438 9936 5715 756 5590 2518 9400 5880
355 2560 3137 5255 7632 3537 977 5298 84 6681 3993 569 636 8957
356 3873 9941 3274 1451 8907 8571 9708 5980 6893 2669 7278 9070
357 8817 6628 4788 5941 1349 8421 6810 5962 4635 1022 3982 5199
358 5634 9218 6179 7981 3634 8786 8467 7699 212 3894 952 5755 6076 9661
359 1219 4483 2403 7272 6986 3434 427 2414 2064 9713 7699 8852 7732 2839 3736 7194 986 6458 5342
360 321 8994 6709 4565 7494 6646 2264 9386 6382 2767 351
361 4576 7266 4579 708 3876 2085 8838 1703 8296 2057 9963 7438 5659 9979 6878
362 7153 6946 947 547 6005 7430 4326 6167 7260 2317 2351
363 8672 7570 8376 1128 2825 1145 8362 3978 7611 5035 5951 4127
364 4225 4743 8936 5392 9968 4145 51 979 4724 8310 3447 7804 7068
365 1920 321 1028 4805 2823 2698 8555 4045 5678 8431 3152 5748 8888 1179 8926 8927
366 4647 9224 5227 812 9904 7120 8081 4437 725 5079 8922 5434 8219 1628 4764 5597 6815
367 3728 2209 8483 8216 4153 537 8988 6413 3085 1294
368 321 324 1866 8106 4299 3404 6028 8045 206 2288 3345 8980 2774 9718 3037 2333
369 706 7779 4004 6857 7949 9903 1199 8626 1843 5175 6040 9465 6906 1117 8446
370 8451 4260 2340 4199 1481 4235 7116 2128 5168 2130 9330 8948 3832 5787 1884 7324
371 4993 2058 107 3020 9581 7313 5747 405 6614 3704 1881 5945 2875 4860 541 8030
372 768 7840 7616 640 4324 3111 5387 5292 79 4304 2288 1297 7413 9688 6808 2559 287 1055
373 3361 5826 8963 5508 7460 7174 9129 9354 5196 6001 6613 5852 7998
374 1344 6914 2885 2760 3593 8138 3148 79 6130 6451 7732 7989 3513 4380 9598 830 8319
375 5089 7811 6755 5219 1956 5862 5868 4812 815 4691 6099 340 9781 506 5183
376 4994 9859 6597 8231 935 521 6153 5483 2765 2030 9007 7924 3830 663 345 9691
377 1281 834 1282 2820 6085 4645 7015 7720 3145 5362 6547 5270 3608 2458 6683 955 4542
378 1792 8832 9604 1060 9445 6121 8909 8269 9968 8690 501 8630 4694 858
379 2369 3425 3074 1668 8325 8808 4905 6448 8240 7282 5142 406 6234 2426 447
380 1889 5299 5349 2469 8661 3973 518 4999 1671 7896 9258 1739
381 3520 4609 321 1955 1283 4965 5702 6445 7951 5745 5715 1141 8634 9851 9915 4413
382 5796 6470 6 3462 4331 7372 3533 9043 979 5748 2613 6487 2393 3610 5851 3069 8893 2813
383 6178 8994 1156 9127 6855 935 4296 1010 5715 372 3860 6068 7700 7285 1051 7455
384 6528 6466 5220 8264 8746 971 9519 79 7347 1941 6774 4855 7835 5182 5054
385 8512 4129 3746 1570 9224 1769 1673 7082 1482 9675 5676 1134 3602 2962 4340 6934 1046
386 2566 8457 9545 143 7760 6773 5402 6778 3290 6717 2270 4095 2463
387 8928 5515 1164 7629 301 9773 6829 5586 4531 8212 5365 7226 3132 7196 28
388 8032 3521 6818 6214 8360 8328 5323 1579 523 2540 2093 879 8150 4408
389 6978 6692 1668 6917 7749 7049 6474 7693 2542 7406 4399 8406 1592 2524 2844 1629
390 4705 3937 8994 8645 233 9802 6218 7340 4181 7733 374 6010 1534 3711 2239
391 833 3075 1252 2794 1517 4494 1299 5972 6004 8246 6967 4152 1373 2943
392 3296 4000 9281 8916 1316 9301 8440 4650 9662
393 8064 739 1731 5767 1383 427 7373 5682 7218 5107 5750 7736 4572 7261 6367
394 321 2 8739 132 420 3012 6504 43 4843 2543 9906 3541 6104 4251 3803 4381
395 2051 2630 4199 3656 5161 9993 4522 8459 8491 6737 4210 4692 7192 5145 4476 6557 1981 8958
396 3394 8994 5795 8996 5412 198 1036 7949 1134 2447 177 4850 5370 3293 8447
397 5056 1376 4449 5443 3657 522 3468 2288 8241 7410 4339 1050 9947 2109 3134
398 2432 1266 6146 1698 5877 3285 7990 8134 4602 8011 5995 5355
399 4434 6258 9155 1061 6518 3592 745 3597 1805 9423 2303 5727
400 5216 4577 6692 7141 9834 6669 7823 4527 8592 8178 4658 1557 6613 1719 9720 474 5439 3423
401 4257 2050 427 5902 9806 7503 9743 7891 6388 1652 8790 8119 9275 9435 3164 9533
402 6752 7748 998 1544 200 659 2580 8212 6133 1238 5624 2746 9659 9085
403 3267 5603 7429 8170 7413 9782 631 5880 6265 8346 6938 4411 2366
404 8033 5857 8615 3783 1326 4111 9007 6065 8177 4755 1299 4917 469 9208 7163 6973
405 7008 2434 8388 3079 2567 1959 7531 7085 9709 5326 79 276 918 3415 1436 2973
406 5317 4938 2986 3822 3375 9967 1233 8628 6613 3126 6486 8439 6873 4026 9467
407 6594 3074 4133 4646 936 6025 3789 8979 6584 4218 2554 5468 3422 1695
408 9568 5378 7462 3238 4199 3562 5290 1774 8432 2996 6324 5748 3670
409 3169 7969 1194 910 1360 273 4054 4728 3417 4763 8764 1853 9533 1117 2013
410 1825 2146 4901 6503 6311 6440 1256 8105 1514 7723 7510 6745 4062
411 3297 9797 1640 6602 1834 3797 183 2872 9401 5273 6618 4091 7549
412 7429 4903 3783 2952 9833 9004 3982 79 7856 8658 4435 7699 5332 3895 6588 9566 4671
413 5504 3074 8678 1159 9032 5097 4684 7824 4308 7256 2265 2777 6075 411 1979 4444 6269 3071
414 3106 9602 3202 2 9123 8899 227 8644 4134 776 8969 9066 4591 2673 2066 6739 7123 244 9047 3544 3099
415 5762 7949 9968 1202 7346 1650 5845 7863 5656 1880 3225 3801 2779 4607
416 7169 1921 5093 1992 5065 9129 1674 5453 3982 2389 7356 5276 8157 7613 4958
417 8848 4385 386 167 5271 4825 5178 4987 460 1677 4159 783
418 7781 8618 4042 6827 108 7122 1715 1749 2038 9974 2742 3419 5019 5053 2750
419 8195 8387 6021 6150 7656 3531 235 4013 7949 205 6701 9230 8722 7762 6612 4821 1845 246 8854 2335
420 9920 9637 8069 7304 714 1419 5611 5102 7151 4945 7028 4596 1878 4766 2590
421 5536 3427 4169 2379 1773 8815 1072 3632 1851 1948 4893 637 8189 8125 7006
422 5537 7303 680 905 5962 4203 5359 6928 4340 5173 6101 9366 6840 7641
423 4928 7939 7302 9287 1288 6153 1645 9007 9332 9460 4501 3096 4760 6394 6362 7706 3100
424 2240 7810 5029 3975 457 9067 7883 3821 47 5583 1680 9430 4248 6296 3032 2233 3897 2175
425 2240 3809 321 6437 2536 3465 652 7246 9970 6583 4056 9945 9404 3133 2462 2655
426 449 1953 321 6116 551 42 5775 593 7763 979 3095 4920 254 5023
427 7457 3969 487 1034 2666 8043 4462 5198 8079 79 5040 243 3379 6836 2294 7448 4888 4664 571 2878 6558
428 3616 1536 9634 6021 7591 1292 7150 2288 2962 4627 3032 5723 3614
429 7521 4642 4036 4772 4037 9448 3784 2255 7702 1846 9176 6522 5307 860 6141 9534
430 33 321 6372 7111 5447 7593 8202 9515 1329 6803 6549 8794 5598
431 1412 2308 8836 6054 5162 370 3894 4791 953 2330 443 7836 2846 9502
432 8738 2 7976 4586 9290 843 8175 1743 5327 6833 6260 7416 6940 8125
433 6338 1859 7652 645 486 4039 458 8428 5103 3793 2161 9139 8853 9310
434 4420 456 5705 6729 7338 8049 4337 8210 1299 8501 7317 9653 3703 5975 5340 9950
435 8001 1025 2274 6722 3144 9545 4906 9326 8463 849 1937 1361 4178 1661
436 8992 8994 7107 7652 5445 9094 7816 6250 1130 2701 7277 3119 155 6203 3900
437 3811 5130 6315 3982 1426 3154 2962 9044 6101 21 3989 7126 1369 5725 6015
438 5793 2532 388 38 8778 4044 4749 7536 9968 3473 5905 7413 3894 5754 2783
439 4512 482 2082 4612 8742 8998 8711 7243 7597 1518 5104 6611 2100 3863 4730 1147
440 5890 7459 4073 139 5900 2895 7056 691 1942 2327 2969 6938 6011 2043 3548 8060 9533 4511
441 592 8610 9842 2962 4868 6837 5575 4360 8921 9562 1182 9007
442 6624 3718 8359 2920 874 7978 8461 5743 8495 8978 3570 6547 9206 4088 925
443 2337 7490 4580 3813 9223 7207 9256 9768 9003 527 6259 6613 5815 8250 6938 2812
444 2240 1571 36 6148 646 7495 3083 3023 7024 8914 7797 1786 670 9822 2879 2911
445 2019 7652 7301 838 4973 142 8431 3985 2806 2135 1432 5752 6073 9595 827
446 675 4389 8134 2727 7336 3753 8169 1898 1323 6603 9260 6414 8686 4463 4271 4529 9204 5909 535 6809 8286
447 7650 9747 3939 5748 6103 792 6249 8681 5499 2060 6636 8077
448 8480 3683 5157 779 7307 7569 4785 2003 6804 4341 4149 7349 7413 759 2615 1882 3836 1343
449 6656 2258 1107 8164 8068 5412 6312 1994 5132 191 1855
450 8513 6049 3074 2083 9635 1958 7048 3182 5872 5553 2962 755 3193 1466 2939
451 6786 1572 679 3914 267 8716 4173 2769 8337 1681 2929 8018 3508 9178 8350 4478
452 2624 352 4066 9442 3236 360 3403 2155 9485 3888 4660 2102 7350 2555 1340 7357 4702
453 3264 480 4352 1121 2947 4294 8967 5416 4041 1705 3728 2962 7381 4567 6395 8574
454 320 1888 5701 7721 331 4300 1264 7413 1111 8697 6170 3004 6429
455 5730 5670 935 6408 3117 5263 5043 979 5236 7188 309 6070 5943 4247 7484
456 8097 3460 1668 4491 2828 9069 3246 9903 4464 2069 3318 4664 1946 2138
457 3144 10 7659 3243 9388 844 4108 77 4116 1077 4725 9399 4119 6046
458 8608 7745 2817 8548 7845 8038 3752 7240 8906 1525 3065 9563 5437 8125 2111
459 5474 4578 6439 4040 6281 427 7566 1806 1007 7025 6196 2262 6138 7899
460 6467 3395 1957 935 8 3464 168 5353 1962 1066 9261 79 5424 1651 7604 7957 9149
461 9728 4706 5415 1512 9005 2381 8367 8880 3316 8508 3292 8093 3999 5983 7039
462 641 5506 1416 2569 6537 4234 8715 8653 6258 2642 2962 6134 6327 856 9433 2394 2847
463 4193 5858 7652 4742 6054 6378 523 6731 1646 4784 6033 1459 982 8822 7966
464 9569 2501 9579 972 8301 7949 9014 2967 1657 2202 3678 8191 4383
465 2979 6692 1668 9545 2730 6926 7630 3279 4307 150 2936 5212 7773 3518 2719
466 5249 6184 2313 9641 2222 5200 2448 5649 7762 3575 6617 381 3007
467 9986 4115 7382 9254 9686 3446 6584 7562 7901 4397 8911 9023
468 321 7330 3234 5444 5668 8644 3781 197 2986 7022 2318 6257 6673 1237 1301 7767 7290 6332 349
469 6256 3840 8256 3936 6449 2129 323 8632 9643 6941 3310 1662
470 8193 9507 4771 2600 4269 7984 2418 1655 9815 2328 2555 5757 925 4734 8063
471 5185 3621 2759 7047 6248 6376 9224 5033 6697 3211 4652 7280 6899 9244 1119
472 2048 8994 9731 550 3431 328 2378 2575 9391 208 1555 2711 6938 2331 5437 9438
473 3330 8035 5350 6601 5770 5962 2986 3596 5356 7469 7762 8469 7993 2555
474 1058 5252 2692 6024 4714 4811 1521 5556 660 661 407 2296 6650 1181
475 512 6593 195 2890 9867 7883 9233 4369 915 8117 149 4854 7511 4606
476 4386 8130 4644 8196 648 1391 5459 7771 8059 1020 1342 4798 638 5279 991
477 7202 2 5127 3655 232 4553 9931 3371 8270 6063 9199 6545 2545 979 8949 1239 123 8443 4348
478 5282 7143 5834 1516 1005 2382 6990 1200 2832 9265 8308 2555 9244 8925 4222
479 9344 64 8099 7880 2248 2217 6635 1132 238 4240 3377 6163 2771 3190 5403 956
480 3012 1318 2376 8747 5677 3630 3056 6672 532 5045 3765 1205 5400 3260 9308 1503
481 2240 3682 2850 2406 7274 9331 2356 4728 4537 7642 4314 5307 8445 2685
482 2816 6497 3810 2562 4166 1158 5159 716 2128 2322 7252 1176 8314 2651 829
483 5761 6404 9030 935 8841 5418 2572 944 5936 2512 3251 9555 6648 8793 7806 4862 9887
484 1984 9697 6369 8194 5573 9669 3147 3149 205 5710 7216 657 1019 2555 1180 8734 639 2591
485 2144 1121 3074 4388 2790 1736 6633 1802 6064 4566 7353 7482 1979 4703
486 1280 7784 6698 813 8141 5070 9711 687 9199 7952 467 5081 7386 4314 7259 1918
487 2336 6790 5965 461 9425 3091 6422 4343 4504 7961 2235 9787 4925
488 450 514 5570 3012 8999 5031 2282 6059 7919 6258 1427 1685 3543 3352 7295 9087
489 7712 5762 6468 934 1737 5066 683 3885 526 1935 1167 8176 2802 563 4148 6613 5462 1241 731
490 1377 5889 5253 4969 3081 2798 3121 2962 9942 3894 5944 697 6908 6780 1278 4799
491 1120 8737 4199 5288 1354 8043 44 7852 2001 3059 8020 116 9624 6329 3388 285
492 1793 7842 5507 5830 4326 1639 744 4425 175 8528 7219 5715 7862 5206 8823 5883 3486
493 8101 1381 6665 75 7948 2608 4752 3955 1236 598 2136 56 1817 2747 1982
494 1600 8800 321 325 1991 9611 6226 4499 7987 9139 3605 1306 6938 9660 3005
495 8166 8743 1033 5613 3792 3795 5880 1561 7193 2811 7708 893 701 2909
496 1504 3936 3970 8387 5860 5895 4078 6095 1616 5617 4818 1139 5715 2614 7321 3995 7710 5343
497 8288 9315 2660 2278 1833 4716 3471 7057 8787 3987 7572 4853 3350 6327 4027
498 8801 259 6764 1938 8819 7219 2676 5109 4663 6872 6360 3032 6170
499 2017 6242 7684 6117 5095 2602 682 7504 8753 6738 4789 5654 671
