100
0 322 198 975 146 210 339 405 663 27 220 93 606 543 288 33 610 36 677 39 807 425 43 237 239 48 1137 756 120 184
1 0 1 2 3 4 5 6 7 9 10 12 13 77 14 15 17 19 21 85 22 88 281 26 30 159 37 231 110 180 52 56 186 251 61
2 0 64 2 66 3 4 69 6 70 7 8 9 329 11 268 14 15 16 17 18 83 148 21 85 22 23 24 27 28 94 32 96 33 35 485 102 103 44 45 54 59 62
3 768 256 65 129 581 582 1991 903 585 906 907 3659 590 848 2385 853 4630 346 1370 3676 2078 1054 735 161 33 1638 1065 173 46 1714 54 2360 251 447
4 0 740 133 454 3175 488 3689 779 1515 908 1582 79 1424 432 1074 2132 3893 8055 1336 891 1628 637 862 319
5 0 65 1 193 67 195 68 135 76 141 90 155 93 797 32 96 97 98 36 422 3110 40 41 109 46 303 240 51 245 247 314 60 510 255
6 67 6 7 72 10 75 12 13 78 17 18 82 19 20 21 86 25 90 30 31 95 98 37 38 40 41 170 44 108 46 112 48 176 50 1334 56 121
7 0 2 3 4 6 7 8 9 10 11 12 13 14 15 16 17 18 20 21 23 24 25 28 31 32 35 40 44 46 47 49 51 55 57
8 768 64 65 323 199 8 74 11 75 76 845 18 24 216 280 25 1754 1434 411 283 286 158 95 415 546 1572 484 38 487 40 41 106 815 50 178 500 54 118 126
9 0 1 65 2 66 3 67 4 5 6 70 8 142 16 83 468 24 25 27 155 158 35 163 99 38 232 109 45 46 48 115 53 58 62
10 0 128 1 513 65 2 3 4 5 6 7 8 9 10 11 13 14 16 17 18 20 406 23 26 27 28 30 32 34 99 35 36 679 40 47 114
11 0 64 1 65 67 72 136 75 13 142 206 79 81 93 39 40 41 236 46 111 48 112 114 51 117 54 246 55 60 125 63
12 0 1 2 3 4 5 6 7 8 9 10 11 12 13 14 16 18 19 20 22 23 26 27 29 32 33 34 35 36 39 42 554 50
13 1105 740 341 567 3676 29 607
14 0 1 450 1097 398 80 2132 479 224 289 290 1122 162 355 291 807 1902 303 370 245 503 8055 185 825 123 381 1214
15 0 1 3 67 4 5 197 69 6 7 8 9 17 147 83 84 21 22 87 89 92 30 160 33 231 41 42 43 108 44 48 113 54 120 61 63
16 256 129 898 131 1027 323 1035 524 1100 461 141 846 848 1296 659 916 90 1754 288 1185 417 418 933 165 229 167 1959 1704 3689 880 819 506 380
17 0 1 2 3 4 581 5 454 199 8 521 779 652 461 3923 533 150 665 602 346 92 1185 418 291 428 879 751 946 435 55 633 763
18 192 129 66 450 712 393 10 202 267 204 77 15 595 84 21 25 221 94 286 161 1251 37 169 108 237 750 879 175 1395 245 122 59
19 98 67 517 37 134 358 39 231 40 139 109 1582 175 245 22 90
20 0 1 2 3 4 709 6 7 8 9 10 1290 11 75 12 13 14 15 18 20 148 22 5526 24 26 32 33 35 36 43 49 119 120 57 249 59
21 0 1 2 3 4 5 69 71 10 74 11 12 77 14 15 79 16 17 19 21 22 25 26 27 33 34 38 39 47 124
22 0 1 2 3 4 68 5 133 6 7 583 8 72 9 1290 75 12 15 144 19 89 26 29 30 31 97 37 41 42 43 52 58 59 61 63
23 0 1 131 195 70 264 139 269 207 83 275 84 86 345 477 95 160 226 35 419 230 297 42 107 174 48 817 502 118 58 252 253 318
24 0 128 66 131 8 73 74 203 204 77 269 14 271 16 80 82 149 88 27 91 32 103 104 105 236 305 116 53 54 56 185 122 250 188 61
25 64 35 101 37 6 7 8 40 9 425 1610 44 13 46 2191 49 18 50 82 83 20 469 127
26 0 1 257 66 2 258 3 131 134 327 399 16 144 80 17 210 84 85 24 25 27 91 412 161 37 103 234 45 47 181 309
27 0 1 3 5 70 11 14 15 16 17 20 149 23 151 24 25 27 28 29 33 34 35 164 39 40 107 45 110 47 50 53 57 124
28 0 64 128 2 258 67 4 132 900 6 70 264 9 137 10 11 12 78 144 17 19 148 93 102 169 170 234 107 44 1583 114 54 59 60 61 253 63
29 64 1 196 456 329 393 330 331 77 270 462 526 337 274 281 153 27 223 34 1506 1000 490 109 559 562 244 309 760 442 762 191
30 1026 517 200 1610 272 80 2385 275 340 602 347 155 989 94 224 610 162 163 294 105 111 431 175 625 756 372 3893 1087
31 0 1 2 3 4 5 69 6 135 8 9 73 10 11 12 77 13 14 16 17 18 83 19 20 26 27 159 96 34 105 42 554 172 55 58 60 125
32 0 128 1 2 3 197 8 9 10 74 138 11 12 13 18 20 25 91 29 31 34 35 101 38 104 47 176 49 116 60
33 0 64 2 903 334 83 724 22 87 23 24 92 284 157 222 31 33 482 102 169 42 298 46 47 48 180 118 124
34 0 1 65 2 3 4 68 5 391 8 9 73 10 11 76 14 16 17 18 20 23 25 154 27 412 32 35 40 49 305 52 121 190
35 1074 1927 344 6137 431
36 0 5 1863 712 332 206 3535 403 149 469 406 409 1052 989 94 163 676 1638 998 105 751 434 308 3317 1333 1783 2295 1080 376 6137 125 126 446 1214
37 0 128 1 2 3 5 6 7 137 77 78 146 19 88 26 30 31 36 102 40 41 42 107 46 48 176 50 114 54 246 56 251 60 252 61 63
38 945 1106 2611 6229 489 698 2191 607
39 0 1 2 322 3 68 390 74 79 207 16 17 22 86 731 796 546 99 355 38 102 40 43 46 48 51 118 55 439 56 60 62
40 0 64 2 66 131 452 68 388 3400 265 73 521 777 74 907 210 211 595 405 151 1184 161 994 1123 803 292 1958 306 498 755 1395 308 53 317
41 0 64 321 6 7 392 137 12 205 13 15 214 24 665 91 156 28 29 97 481 33 34 39 44 50 181 442 59 60 63
42 0 1 1729 2 3 4 5 69 6 7 8 11 908 332 13 141 17 18 20 472 26 284 353 34 487 1449 172 432 819 567 250 123 61 62
43 898 132 1988 325 1097 139 1228 846 398 209 6229 87 472 219 347 1566 803 1128 1704 425 753 755 2611 3317 1333 633 380 446 127
44 256 498 146 853 742 214 39 137 378 187 75 47
45 0 2 3 4 5 69 6 7 8 9 10 138 11 12 13 14 15 17 18 19 20 21 22 23 26 28 29 30 31 32 33 37 42 554 43 1714 51 52 55 120 121
46 0 1 2 4 74 140 205 14 15 336 20 21 22 23 280 152 25 217 156 31 289 612 38 39 489 106 1902 241 181 376 315
47 0 192 1 129 130 2 514 138 93 224 225 1506 228 293 102 39 233 109 429 47 1073 433 114 244 54 55 503 186 188
48 0 68 6 134 7 8 9 75 76 13 335 146 20 23 24 30 31 32 99 164 37 103 104 1384 41 233 42 106 300 48 51 116 55 119 56 120 63
49 0 641 2 3 131 388 7 519 139 13 272 18 3923 212 21 22 92 29 94 30 478 32 994 355 165 1065 49 113 51 1909 121 186 763 1150
50 0 320 322 514 3 4 69 133 6 198 71 74 268 592 82 338 83 148 85 3222 158 866 228 233 363 817 178 500 53 118 1080 443 379 125 126
51 0 1 2 3 4 5 6
52 753 397
53 194 195 2052 70 71 73 74 1866 332 82 22 215 151 216 89 1434 92 225 100 38 360 170 362 171 110 174 238 302 118 184 58 250 254
54 193 3 451 772 7 72 9 140 13 16 80 81 1489 149 23 24 280 283 29 31 32 99 484 164 40 104 45 561 178 243 115 51 180 57 509 125 62 446
55 0 1 2 3 4 5 6 7 8 9 10 11 12 13 14 15 80 17 21 24 88 27 28 94 161 43 45 49 115 180 53 117 55 57 124
56 196 142 143 465 274 211 276 214 154 220 349 350 223 160 1184 481 100 231 113 177 242 179 52 948 181 117 121 825 186
57 1 132 5 135 136 200 968 76 335 82 19 20 404 150 26 218 90 349 30 158 35 37 422 296 170 43 110 46 50 52 308 53 118 56 60 126
58 1729 66 1026 294 6 364 1228 175 880 434 1010 1106 565 119 666 862
59 33 194 323 163 933 167 231 585 1100 494 3349 470 23 343 2295 24 123 1566 479
60 130 194 78 15 143 82 84 216 25 409 412 1756 95 31 35 164 101 103 105 297 106 235 238 433 49 114 116 310 119 122 123 124
61 1 131 456 75 524 208 20 916 468 213 215 154 157 221 2014 478 351 226 165 230 103 105 42 235 1137 374 121 444 62 191
62 0 1 2 3 5 8 201 138 527 16 17 914 277 21 87 27 1627 798 31 1503 1571 611 100 102 363 45 111 304 50 117 245 182 1591 248 1017 58 62
63 0 1 2 227 3 1123 4 971 907 206 976 4336 145 401 210 307 3349 3222 506 285 445 1054 255
64 0 1 2 3 4 6 7 8 265 9 458 11 1296 336 592 465 17 533 342 89 90 410 158 100 296 299 428 301 116 55 505 379
65 64 259 2052 73 13 77 1489 82 2195 88 157 94 32 97 546 482 100 165 41 299 44 429 47 815 113 117 183 56 313 1017 122 58 890 190
66 0 128 65 66 67 1988 137 1865 457 3659 524 3535 1424 976 343 35 611 36 101 229 358 1959 106 45 1967 111 4336 307 59 251 61 63 1087
67 0 1 65 2 3 4 5 6 7 71 8 9 10 11 12 13 77 78 15 18 19 21 152 26 29 31 34 36 37 38 111 49 52 57
68 0 1 324 1866 76 79 83 213 85 279 25 156 162 98 1122 551 108 112 243 435 183 248 184 250 314 187 124 509 62
69
70 0 448 193 73 74 76 77 90 666 410 91 669 7584 545 36 293 231 40 362 298 44 176 113 1909 54 56 762 378 59 315 253 190 319
71 0 448 1 2 3 68 4 6 7 327 199 74 715 268 15 399 89 350 225 546 290 36 549 38 551 360 304 306 182 439 119 248 120 252
72 2 4 261 328 1035 397 653 2195 724 1428 4630 475 477 798 543 1503 415 34 1571 356 679 1384 168 237 1967 946 371 948 502 760 377 313 890 189
73 320 69 137 140 597 470 26 92 1756 1948 348 156 98 1251 293 1128 109 46 308 1336 250 698 252 637 317
74 65 2 66 322 4 5 582 199 9 201 10 11 715 12 13 14 15 82 19 1428 21 5526 88 89 2014 32 612 37 38 168 41 43 109 621 110 53 56 58 446
75 64 1 195 5 69 583 392 10 141 14 209 147 212 470 23 217 155 28 92 29 222 34 356 165 101 41 235 107 174 112 562
76 0 1 2 66 3 4 900 5 6 7 71 8 9 10 11 12 13 14 15 16 17 19 21 22 23 24 26 27 155 28 30 32 39 104 112 50 61 62 63
77
78 323 133 325 645 261 390 391 78 145 81 401 87 89 219 411 731 285 352 99 292 168 361 2282 172 237 239 178 115 53 245 119 375 183 1591 184 58 443
79 130 66 68 71 199 8 72 76 140 206 16 81 87 24 89 156 93 96 97 33 98 227 37 485 39 45 47 115 52 53 119 57 58 62
80 0 1152 1 641 2 3 4 5 1991 136 906 971 589 3661 145 81 25 94 95 287 224 227 1572 167 553 619 108 239 115 184 316
81 1 193 259 68 133 138 715 76 332 270 79 80 272 209 337 146 85 25 217 155 156 95 225 165 167 232 235 300 239 56
82 134 136 968 73 777 266 202 74 77 334 271 145 81 338 914 339 341 150 152 1628 348 96 99 163 677 104 2282 494 241 565 247 120 60 125 126
83 0 1 2 323 324 202 266 267 203 589 84 86 280 797 352 162 227 229 3110 105 106 490 172 179 372 375 120 248 59 444 254 447
84 64 1 129 12 140 13 15 81 21 22 86 24 155 28 29 33 34 229 38 102 166 39 168 171 44 45 621 50 51 117 57 58 123 124 62 127
85 68 133 1927 3400 201 458 139 715 75 524 79 81 1105 338 403 340 88 217 544 417 34 355 676 39 1449 47 311 187
86 0 1 2 3 4 5 69 6 7 9 10 11 12 13 14 15 16 17 18 19 20 404 21 23 25 26 27 28 30 34 35 100 38 44 50 51 1334 60
87 257 323 451 709 70 82 22 150 279 23 153 475 32 99 419 293 107 364 109 302 1073 177 625 242 882 51 371 55 505 377 123 253 62
88 0 513 2 130 3 1027 4 772 6 135 7 72 328 8 9 907 139 659 22 470 216 345 282 796 96 361 554 559 54 183 250 124 510 190 127
89 256 200 75 205 77 79 272 17 146 277 22 152 218 28 220 159 351 7584 545 161 36 41 553 233 43 48 240 112 178 179 59 127
90 1 129 5 201 138 330 331 76 14 655 208 80 19 83 20 23 88 218 90 26 27 155 28 92 1052 157 158 287 159 34 229 38 425 42 108 110 111 52 118 55 184 60
91 209 452 101 998 663 281 445
92 130 66 194 132 71 137 75 205 142 143 16 144 81 278 24 152 3097 97 100 1958 41 169 106 45 47 1583 49 179 57 122 316
93 1152 68 201 842 845 462 526 276 597 342 152 281 1370 1948 669 606 353 866 549 3175 106 1515 750 561 882 50 1010 370 310 122 187 891
94 321 130 645 1865 842 268 653 590 655 527 975 402 338 151 282 218 1627 220 412 2078 735 544 1000 488 619 301 173 178 374 1783 2360 189 1150
95 742 519 1863 200 457 140 652 3661 945 402 214 311 344 90 381
96 2 131 4 71 201 137 10 202 11 139 12 143 18 19 24 154 28 163 229 101 105 45 174 49 53 249 59 318 126 127
97 0 1 65 2 3 4 5 69 6 7 8 72 9 10 138 12 13 14 15 18 19 84 21 22 86 90 29 31 32 36 37 168 173 46 178 52 59
98 0 1 2 3 4 5 69 6 7 8 72 9 10 11 12 14 15 16 17 18 19 20 23 24 3097 26 27 28 31 32 37 40 41 42 43 44 52 55 58 62
99 0 1 68 70 7 199 138 139 75 15 81 84 22 278 91 29 160 33 36 37 101 166 39 168 173 113 178 116 119 56 61 62 63
