500
0 6472 7561 3082 2892 5005 3469 9807 7474 148 2645 1207 3261 9021 8413 1470 1791
1 2816 1924 548 7974 4010 2349 205 5689 8987 8699 4604 6205 5790 2207 1375
2 1216 5665 1673 9231 6644 3608 3963 4092 5244 5085
3 2784 5827 1476 4230 1098 6956 4076 5677 4400 2258 5300 6613 5622 9464 8251 5340 3453 4541
4 8768 9993 9577 2413 3950 5232 3828 6389 1973 9878 3802 8668 4319
5 6915 6819 1444 9093 2760 7753 5258 7467 4589 3087 9169 3731 6676 1396 4439 952 7992 8217 6617 7834 2396
6 9698 3012 6826 2028 6412 3660 6061 2640 5621 1625 5979 5948 4412 4958 1087
7 4385 6598 4744 2152 7530 8979 9075 9205 6325 8726 8284 6653 4029 4223
8 1472 9733 9096 3144 5259 654 1615 5783 8279 1943 3678 1183 7842 8487 5228 1452 3188 5748 1205 8696 1084 7997
9 8352 4226 196 6692 837 4869 7463 3176 3113 3723 8683 6062 622 8498 5977 1822 3391
10 6762 4074 5131 2480 4851 3859 1299 2643 2868 1303 7672 697 4569 6170 5981 9342
11 1728 128 1157 1477 2471 4170 4875 5072 9745 1617 7026 5652 9464 889 8637
12 3073 389 5610 7916 4014 6831 2577 4626 4435 4500 2555 828
13 4448 5188 617 490 210 658 4662 311 8089 2041 4314 5339 7516 253 7837 1343
14 4352 2304 2342 71 8364 780 493 304 5171 8277 9303 88 9914 252 700 7228 1535
15 2182 5451 2320 7572 7829 602 2652 7772 8028 8874 4907 6766 7344 945 9393 4151 5946 6651 9019
16 740 7014 4071 4776 3339 7888 4336 1556 9014 3928 3673 4921 3419
17 1123 2243 8068 7431 105 9194 5907 950 7128 2904 7736 4314 1467 3836 3038 2430
18 7299 3268 8005 1989 6502 9703 7815 5479 5064 8332 7120 9202 6931 4596 4213 5237 7000 9976 4728 9465 5307
19 5155 1956 4326 2598 2663 6696 3371 5739 3884 1133 9007 976 5269 8023 8858 3835 4060 1212 8221 6461 2782
20 4547 836 6694 1031 8007 3377 2742 3320 4155 4126 8639 2623
21 6400 1796 5509 5126 8455 297 5226 1580 7372 1101 4816 8017 2324 3222 215 4855 4954
22 1168 4050 3173 7605 1766 8521 8860 5340 7165 5679
23 5409 5025 8193 2595 9125 935 200 3790 7153 8754 4306 2451 5750 9689 3418
24 454 2123 1259 1867 9835 3467 4176 4945 2071 1528 4664 2937 9532 8989 6686
25 3584 1408 3105 1282 8644 7 3719 3913 6413 4687 9008 624 2037 5721 4666 6652 316 8863 8959
26 3872 6785 3457 5509 5064 4841 1420 5261 689 5303 8636 6749 4990
27 5572 5834 8268 4556 5069 7055 3984 9496 8473 5917 2597 3174 3943 6191 9135 3122 2297 4027 8830 9982
28 834 6148 4486 455 6281 8524 1806 8531 8344 9435 5341 5278 1694 8931 5412 4199 4844 685 4784 5747 439 699 1917
29 1601 6787 8293 6438 6534 6920 4136 9 8297 6702 8502 2842 2234 3355 5275 7134
30 9505 2 5507 2373 6986 139 7852 9742 9744 1073 2930 4149 7129 8538 1307 3612 1661
31 8897 4674 9733 774 3110 4551 7563 1230 591 8018 307 115 6421 6101 2555 7710 5887
32 2240 2946 6532 8197 8523 5903 1871 4626 7890 84 1763 6374 7335 8040 9832 3498 8174 5166 9838 7664 5108 4341 3830 3705 6330
33 3008 3393 200 1737 4651 2059 7883 6187 8396 7885 6448 7601 7281 4086 2934 3032 412 2014 7358
34 3360 4513 5413 3077 1799 5448 5417 4176 3986 6485 151 2392 8792 2680 9241 3323 2077
35 6561 2277 8137 5866 8970 8139 6993 2835 1747 2741 2166 221 8511
36 2240 9409 5505 7873 9187 4874 8689 5491 9144 5912 7802 5822
37 7744 5408 7296 9664 7716 8071 3687 9640 8784 7155 981 9367 9783 1533 5982 5022 6494
38 8065 1090 678 838 872 8680 7626 2475 3756 2028 1710 9235 7162 5338 6109 7614
39 1345 5762 3525 7751 8716 2199 476 2205 2016 1953 41 1642 6699 9707 6827 6060 7980 4717 3958 6198 4726 7033
40 7681 5922 9538 5219 8293 966 873 268 1966 979 9459 7219 5658 9306 8922 989 8573 3167
41 6753 5060 3686 2570 9227 5548 8812 557 2958 3982 9522 5523 1491 4211 7220 1397 3286 5113 574
42 3045 904 8905 2697 6154 2411 8593 6193 5009 3348 8954 3515 988 2653 1534
43 5635 7459 199 2188 7181 7311 7920 3728 8179 9846 9719 5594 3931 5307
44 9129 2510 9780 6964 1045 4985 9212 7581 2941 7870 8382
45 1440 8384 2019 4931 3588 2628 9829 4583 9834 7949 9199 8050 7060 1014 6492 7422
46 9152 8866 8162 3526 906 7471 9266 8605 8990 3807
47 6285 7828 4052 20 3349 6582 8470 4246 7962 861 6495 3679 8031
48 9280 3233 7938 4482 8994 8325 3814 9063 5384 139 9968 8529 3857 3028 2871 6327 4311 569 5435 5180 8095
49 9600 2240 3843 9605 1702 1577 7434 523 5195 8590 2511 4214 6587 1789 6270 8542 3774
50 4352 6497 321 259 4488 1162 8621 6639 2613 6901 502 3574 9528 1691 9822
51 7043 647 2768 6992 7253 408 88 7833 6301 1439 5151 5920 4966 9191 6573 4401 626 5748 5557 6071 7992 7485 9407
52 8130 6248 7755 2731 1740 6925 5038 5201 82 5106 5778 2962 6100 6456 4761 9244 2717 5917 7742
53 4834 1666 2755 9028 8549 4326 8168 9770 7883 3416 7577 5595 6363 443 3356 7517 8414
54 5440 2530 1954 8579 3461 2892 9836 7438 2898 6101 9623 7031 9915 6492 5885 2206 9535
55 9120 7488 4804 198 8650 6797 7855 8144 2929 1110 2070 9016 1919
56 7552 4096 9921 7874 6662 7880 5902 656 8214 8090 412 863 9443 3047 2475 1262 3566 6447 5615 7665 4787 5492 9336 5564 8702
57 5601 2083 4484 7333 8199 1390 5969 9716 1557 2361 4539 1725
58 935 3752 1770 9450 3916 4140 3565 9869 2544 9619 8756 9684 3732 469 2677 3543 7864 6137 1565
59 9545 9738 941 1774 9840 8368 6897 7989 22 4950 6902 600 443 6812 1727
60 9892 453 8173 8883 7508 6197 1016 1304 2457 8697 7929 3386 7903
61 6241 8225 1122 4419 935 4972 364 5008 2900 5301 3894 1979 5470
62 3232 4001 451 8102 2662 6727 5224 1225 1900 9900 6381 1682 7413 7285 7835 3996
63 3138 5988 7623 8711 5804 6541 9518 5390 8494 1455 4624 1175 5497 1785 8953 250
64 2626 3115 3759 560 6672 7442 9426 9587 5110 2712 4061
65 6144 1574 8582 7782 1546 842 6539 8813 5135 9967 2422 5078 5495 4219 3547 8125
66 2147 7269 1414 5735 935 8527 497 1075 7447 696 6074 1403 4156 413
67 3651 9960 9768 8266 7630 5428 6168 9848 5561 7738 3548 3549
68 7075 5251 1892 7718 5926 7115 2764 4080 6032 8305 2551 3961
69 8134 3210 6801 1430 4951 8663 3992 8729 2910 7710 3751 8684 6131 1781 5493 1400 3002 3195 3964 8894 1918 1343
70 6625 2534 7433 5386 8522 1450 4367 3505 1586 338 116 6292 23 5848 8349 1437 1119
71 2432 6978 3074 1668 326 136 4362 1227 7179 8209 2897 5393 921 793 7131 6747 286 3166 6752 2863 9968 9330 8887 2298 9338 8508 9917 7806
72 5698 5544 4457 4459 5874 9299 3540 6102 9622 4281 3161 6491 3995 7135
73 3584 3969 4995 6595 9732 2184 75 7500 336 7771 3102 6367 6370 8994 2788 4837 168 6889 8812 4079 8053 1081 4985 2681 5053 5503 3263
74 6499 5923 7651 164 2085 4199 1776 8243 3573 5911 3543 4888 7800 410 6044 8701 7517 478 5631
75 4704 6817 7585 3428 6213 1734 9961 7593 2476 4271 6192 5777 8722 6482 8309 6232 9498 1787
76 3841 9736 3721 76 7762 9954 3882 7018 1515 8491 2796 3120 8498 6003 7221 9848 1083 1788 7292 9470 6718 7679
77 8193 9959 4168 7432 5449 8589 8238 4399 6962 6642 84 630 8151 4890 284 8671 2815
78 5762 6054 6951 8776 3049 5641 8778 2986 6316 1678 9557 247 8986 7004
79 4801 9317 7429 7205 2057 585 7849 6346 2252 1198 2417 6258 4403 9075 1140 1908 5302
80 9889 1319 8169 5994 4654 2005 214 6710 6584 9722 4314 4315 7166 4831
81 3936 5441 7329 3747 9667 1860 804 133 3048 9677 2157 655 6640 5456 7606 9239 7615 9055
82 4514 8643 5124 9798 3946 2924 5869 4655 9872 4721 6963 1626
83 4320 1603 6661 7078 6952 72 9548 1358 1710 1647 5266 9299 1780 4533 7669 8022 2390 6615 2231 7771 7709 4381
84 9025 4035 9636 9188 2757 7 6280 3689 4842 9962 5962 3022 1710 9040 5715 1044 4852 2615 4953 283
85 6210 7590 2470 8520 9545 5004 2032 1040 1106 7443 2485 4597 8248 1625 1757 4350 9215
86 4385 7783 9704 2568 2892 6797 6734 3282 7574 9944 1914 7418 5117 6237 6110
87 2496 8736 7968 5825 1218 6082 2307 4100 6052 773 1003 5580 8493 9741 5871 9007 496 3316 2295 8343
88 2240 9953 6850 996 4229 5097 6730 3662 8145 5780 5083 1148 1597
89 2468 2340 2408 2092 9293 9422 8306 1428 8373 9461 2263 6263 7545 2139 7707 9820 8831
90 352 5511 8904 7752 9483 427 4847 4175 9841 1554 5555 4244 1208 4377 2266 1308 9852 605 8895
91 9761 6403 8836 2600 7240 2121 8586 5547 1356 3053 6221 8110 3854 2128 1585 4147 3092 3545 3771 8604 447
92 3553 321 8516 357 3529 9129 1738 4971 1199 8496 9265 6035 4180 6101 4629 6551 4699 5371
93 517 3717 2984 1002 6187 9421 3278 3758 753 787 4182 183 6393 9979 3325
94 2112 8801 5537 1379 2052 839 135 7090 6611 4056 7258 1530
95 5856 7233 7203 3781 5287 4264 5451 6547 788 6135 2648 9850 8794 2429 927
96 7971 5539 2916 5960 7880 8620 8817 2997 7132 8540
97 4224 9826 7108 8267 8491 2860 4429 7183 6674 1267 1529 1052 477 3741
98 257 3716 3012 7429 6631 4233 876 2288 567 3192 9692 7164 8828 8671 607
99 4423 5639 8104 4648 6185 4330 7114 299 5483 9038 462 3727 5685 1080 188
100 4160 3744 34 2212 9252 1192 3144 7241 5194 1739 5708 4364 6125 8722 4501 3445 4280 1498 9500
101 6849 6083 8742 5800 7276 2604 3276 7439 9681 8307 1492 724 2615 4025 4985 7550 9567
102 225 9857 6630 486 4679 4871 8329 8074 3755 6286 7312 2647 9271 8443
103 7234 7556 8005 4710 3241 969 6347 6157 3341 2605 3567 564 5432 4986 9787 3932 9598
104 3522 3909 5894 4808 1289 8939 5933 9357 174 9007 625 7762 2293 2998 9943 5240 9530 7996 1149
105 8452 2118 7240 9225 2635 6030 8465 8722 786 5334 7320 3290 4957 9312 7586 5219 1829 5862 7975 309 7670 9270 122
106 2726 3303 7079 1767 4519 359 9514 1357 3379 5715 1117 5437 543
107 9632 4290 9606 1831 8391 6471 9137 2961 5138 3254 3838 9183
108 9665 5701 6823 5704 6380 5006 6126 7759 529 1971 5173 540
109 3586 9444 3718 9031 5769 2857 6122 716 9199 7858 5396 6805 1461 7925 4793 7709 958 7486
110 6881 3490 9411 2886 1581 3504 7284 5141 8598 1112 6200 5053 7967 8351
111 738 2179 5412 4679 2472 9449 8300 113 5458 8019 2644 4692 1429 2422 7481 9593 8761 4474 3101 4991
112 2176 2018 8932 6949 6373 7621 2278 5608 2634 9610 7210 4750 1458 4823 6331 1503
113 4865 5445 4102 3145 6251 4396 2061 1071 1839 7921 882 278 5049 6459
114 1633 7874 2 1539 3877 5063 8167 7310 3887 9616 6323 2803 5399 504 6586 3130 9723 8700
115 9124 3813 8870 2218 2858 9515 8652 5966 7889 8146 2290 1204 54 9111 8441 538 8765 1631
116 5152 1984 7715 259 5156 9161 3530 396 2508 3501 1134 6672 6034 9746 5492 7797 3285 5788
117 7491 6789 935 3143 4558 6030 2734 7120 3024 3760 6516 4341 6613 5014 6327 5115 2013
118 2 5636 1479 4939 2318 7896 9432 2586 8027 4317 100 8295 4199 4840 492 9965 1904 7154 3058 6643 6261 3835 9086
119 2537 4873 9034 2922 176 5233 4274 1298 2739 505 5466 1595 2876 604
120 134 2315 2443 652 7758 2960 3538 8725 9494 9244 6369 2340 4326 2982 6054 9065 3184 3376 2226 9075 7742
121 1984 3521 6821 6566 4167 9192 8203 2571 8750 4720 1265 178 7860 4277 4285 5247
122 5318 7558 7501 468 3543 4633 9178 668 5340 8159 6560 9573 7912 2864 434 2932 7669 9912 3451 5245 2494
123 2818 1476 9988 1478 80 3158 9431 24 7706 5788 7133 2279 2857 5929 6313 300 6578 6258 7288 1593 8891
124 7072 6465 2723 8489 811 3981 1933 1999 79 6896 7157 8951 1722 5917
125 1152 8674 2889 9040 1362 7699 6900 7927 9786 8154 5052 5662
126 8289 2657 5442 5762 7684 3364 2052 552 4649 3017 1290 4780 4941 366 1454 9874 2643 2165 501 1750 2171 5500
127 4035 6376 2666 9451 6832 9073 5746 4082 4883 2099 4020 2517 6613 3993 1724
128 960 3137 7557 7238 1223 6954 6827 4363 4813 2607 3631 8977 4948 3157 6262 118 6743 1850 1598
129 385 2 1988 965 6181 8840 8233 3243 5073 4689 7413 8091 9404 9694
130 9089 4481 6978 5316 713 1289 5198 270 1295 5330 2962 9174 6936 8985 8410 353 4901 487 9327
131 4450 9989 8423 8617 6282 2058 6155 2926 8718 5519 9679 4977 1042 7122 755 1979 4573 447
132 6498 9380 3972 8839 7370 8724 4087 4375 1911 1144 5593 7579 8827 4188
133 4672 545 7425 4835 3365 2150 9576 1896 9129 4490 9323 2155 1105 2227 2999 5176 4377 8062 8190
134 6115 9443 3235 3622 3528 2088 8365 6514 6134 3894 7639 7513 3481 7609 2521 6427
135 5664 3653 9861 1317 6375 7624 7820 78 9839 3568 9584 2034 9461 3958 7769 25 6938
136 9345 1906 8515 7283 2196 1721 4777 7930 4107 781
137 3521 423 2761 8587 4880 7061 9462 3894 5367 9911 9049 8253
138 8193 1121 6050 4770 8710 4107 7444 8181 3542 2103 5559 8056 2687
139 8609 929 1287 7628 7917 1968 5748 4470 6937 4121 8890 2490
140 3664 7792 2848 818 1907 3590 9512 2459 3628 1469
141 6048 1186 5346 6916 5637 8012 5267 5715 8950 7995 7069
142 7201 1667 1156 4614 6089 9517 2736 7408 7472 4112 6387 4314 4731 6428
143 7936 2 3011 6724 7179 5099 7180 5293 8335 2098 2773 5144 8476 2013 2431 6303
144 7714 7461 6982 647 4328 8585 240 3858 3476 2582 3894 5949
145 4099 3044 3012 4647 5607 5323 8044 558 9615 6961 3411 5687 2393 8186 6139 7708 7101 6909 6750
146 5156 9673 8172 3084 3534 1490 6355 5846 9110 3831 8408 6489 6141
147 6113 5605 4521 3753 8554 7146 9706 1963 782 7694 2896 1042 820 7351 9207 891 9791
148 1696 4707 2340 1383 2183 2215 5002 778 5612 3054 8208 9652 4053 6518 1085 7325
149 6592 800 4803 229 8358 8646 6537 2670 9710 7599 7631 3060 4407 7671 7547 8766
150 1668 6341 8263 4624 7762 7507 3061 822 887 6871 6744 5401 8025 2169 6778 6523 3580 4767
151 7587 6276 6919 1546 4941 9102 9615 6321 2805 5558 2007 3672 2908 3261
152 2785 4993 5507 8775 4043 8043 8845 5744 2289 7379 7699 1335 1912 6778 4347 5660 7487
153 8386 3907 6470 9164 7949 983 7001 9305 8862 9374 2979 9831 1640 8425 8298 7854 367 9777 2421 2365
154 5858 9795 5347 9316 7880 2414 5840 8433 6291 2965 3158 5528 4312 1560 5086 1663
155 3776 6404 6283 8980 5908 7765 7960 281 411 7517 5023 6305 2855 2933 6390 1142 7734 7610 4923 4093
156 5280 3041 8994 9351 9418 7979 5068 3629 3885 621 6895 9424 4144 8597 569 1145 3482 8092
157 1188 5204 2869 135 9112 5336 6360 5467 926
158 7235 3012 3783 7688 3021 4237 7759 4562 854 6487 7961 1049 6044 3869 3677 1950 5989 7400 4908 1138 120
159 993 7428 5477 871 5674 5263 145 2838 5335 5784 7673 3739 6460 3036 1756 3836 477
160 8805 3494 8552 8010 6379 8780 365 6351 4241 9013 2550 729 1531 1471
161 1056 2368 7682 7652 2341 69 7367 1195 7341 2190 1039 5713 914 2962 3576 7225 6715
162 321 7652 4297 9098 718 3600 1169 9011 8821 472 4378 9404 1116 925
163 9408 6688 321 8803 1668 7173 2630 8998 6888 6506 1263 3634 1299 9398 7127 8057 3259 3935 2943
164 1987 9476 7365 2187 6667 5389 1871 7249 917 6680 9048 4505 5465 3108 9132 7410 7861 5688 888 7163 7932 3326
165 3432 9224 8717 3213 5326 4206 3920 1394 1683 9270 2682 9693 3998 766
166 5732 6088 1544 3338 9930 5867 8716 5134 5999 3926 3383 2716 3966
167 480 6 3880 6377 777 9355 684 1708 4588 7213 2286 5775 7732 6359 9463 3772 7519
168 6401 2437 9671 6087 1608 1548 973 1873 6609 3089 6567 4199 2792 2986 6254 7087 4914 7541 6905 6140
169 2049 5186 291 8227 3368 1868 2446 8431 7730 1363 2676 5044 6742 9015 7807 4799
170 2752 6337 3873 5251 8387 3012 3625 397 9549 1453 8272 3089 8850 8116 7733 7193 569 2204 3486
171 1731 7237 3015 9036 6092 6861 4622 2326 9501 6622 8158 1064 5609 3374 1904 5814 58 4797 1341 9789
172 6345 5964 717 5007 2800 6002 2004 8246 2299
173 4354 9858 8773 2696 1160 2766 5326 5647 79 4698 7071 352 354 1634 6627 4712 3050 4266 5552 2288 369 9843 7736
174 3488 705 6054 2698 3627 1619 3316 1972 9621 5077 3606 6134 5047 4311 702 6463
175 8416 6176 321 3458 2595 8103 6409 3850 813 3536 9970 2515 7156 7737 6843
176 193 2531 3429 9862 1800 5961 809 4236 5582 7534 2898 4532 3990 5242 1343
177 3584 4610 835 867 4359 3655 4232 1196 8526 3218 7795 4379 8829 510 7294
178 6145 5538 8834 2402 2693 8133 1606 3240 1960 2699 1869 4975 2420 2329 2171 1246 9759
179 7456 5831 9543 3116 8557 6706 6258 5715 2453 6426 8731 7197
180 7968 4228 3079 5321 650 8490 6795 6188 5520 6416 9392 4337 7859 5331 1782 8442 3194
181 1760 3904 9348 8676 2444 8462 6735 3665 9649 6834 5779 2008 9784 2555
182 5921 4033 9825 2529 4487 1927 2377 203 5260 1741 1774 719 9139 5715 6358 1145 7675 6460 1213 7806
183 5153 3329 3812 9991 2087 3432 2732 3820 9484 3309 1134 1043 5494 8824 7352 2522 7739
184 5345 2467 7045 8741 6953 5738 2096 8947 499 9812 8021 1276 4284 2332 7902
185 2818 355 1000 1641 9196 2349 431 9650 1810 7186 8468 2519 1596
186 5796 4708 1607 2343 8043 2893 4974 4559 3279 4818 6867 1587 857 1658 5119
187 866 2404 5028 3910 8230 2630 6920 2505 7689 7950 6798 6161 4242 6454 6616 794 6555 507 9661
188 7040 7680 6049 66 9444 2116 5030 7110 1127 4362 8714 2666 139 1550 7023 6386 7027 3668 925
189 7683 9347 3783 6151 4781 1583 6326 1367 7575 8313 1371 4795 6299 4253 6334 7775
190 7489 4866 6274 3269 3942 9800 8200 5164 1332 2621 221 734 6623 5215 7839
191 7136 5892 2503 2727 2223 560 3666 5650 5651 6067 7864 6713 8799
192 9313 1986 9186 771 3497 8078 1102 7983 6417 8147 5843 5939 7476 3220 1463
193 3072 321 1058 9379 3207 1383 5481 6538 7788 9492 3766 7385 7801 154 7454 6687
194 5666 9219 7652 8008 9902 4526 7727 1488 5490 1814 694 3830 5854
195 4996 3077 8966 8711 5771 3981 1552 1104 8402 1495 6554 9311 4963 8487 6509 1774 2804 6453 9656 4858 8315
196 417 961 321 9155 9765 9896 5386 3370 3853 2704 3314 2612 7544 8344 6201 7326
197 6912 736 4259 259 6467 7622 1353 1482 7474 4690 6227 435 2579 2010
198 8644 2186 7627 1932 5581 6224 6608 2128 3226 4828 732 8930 3493 3109 2986 1067 7407 7409 4849 9842 3897 8254
199 1154 8962 7526 9416 6186 5962 5101 5517 8533 9558 9657 7545 1146 2237 8957 1375
200 483 420 3240 7177 362 6058 8556 7055 2353 6545 7666 5142 5080 2745 9977 6875 3135
201 3745 3427 8389 1125 7686 199 4489 8235 2539 2987 9580 8973 79 7602 7570 2611 8342 2141 2495
202 5313 1060 5125 9701 519 1193 4594 2423 3735 3609 3775
203 7296 2562 7434 2957 2894 4878 4686 2768 2005 8871 9771 3376 5041 819 4278 6454 2424 1656 7419 7933 1150 9279
204 7841 6051 1705 3114 3403 7596 4909 2062 2735 177 2865 1843 4468 6869 6933 1623 8183 8220 7676 9918
205 8613 6153 4431 8751 8431 272 6641 3026 6258 9493 4693 7030 8599 3479 3097 4985 8507 4830
206 450 2533 4037 1893 4520 3080 7560 5099 5391 7217 4210 7219 19 1109 4534 3452 9374
207 4289 4035 7364 1668 3982 5775 1808 4177 9236 4564 985 6233 6558 8672 420 5412 4709 2668 2740 8121 4154
208 4544 4065 4034 4418 8453 3334 3305 5322 2827 269 9104 2707 3635 726 1590 5880 4377 4060 5566 6302
209 4496 5328 5218 7254 1835 6987 2715 7931 1759
210 9633 8481 3842 7618 6020 9668 900 9412 2375 3944 1611 3410 4084 8982 5304 1368 4313 4891 3035
211 3363 8069 4680 2026 3435 8491 7564 2125 3885 3310 8881 9041 1875 2387 8284 2781 9247
212 9248 7904 1153 3777 8705 7012 5861 296 394 6860 6479 3762 3862 6295 1178 8287
213 2305 5217 8647 6889 2603 5360 4723 9238 5719 1784 2104 5848 6169 6202 9405 7007
214 4737 4162 8130 6659 613 9453 244 2228 4949 4983 9721 26 8571 3581 1407
215 8000 352 5953 7907 1191 4814 2167 3703 4151 2713 9466 5179
216 1985 2722 2245 5445 9318 2822 8941 4110 9168 3506 2770 1877 7038
217 7266 9029 3847 4170 1775 79 2672 3729 9586 883 9559 8474 5882 797 4414
218 6913 8673 3362 6531 8069 5061 4967 4362 5773 1197 79 1552 6289 9491 6708 2935 2327 8185 3129 9050 8733
219 9283 8387 3652 2055 138 598 412 4636 1564 157 4192 2080 1190 4007 2666 6635 2668 7790 3758 5873 1012 5239
220 4548 1864 7946 8209 8856 6298 6042 6621 6365 8670 8223 4129 3681 3750 745 7342 4402 9395 6451 5813 3830 1401 3641 2938 9533
221 4422 5193 3626 5454 6415 4786 2610 4916 5524 6581 3128 664 698 3165
222 7909 1995 5841 9172 6804 245 2072 8601 9119 5727
223 9730 6211 2214 8807 1097 9353 8205 4494 7406 9969 6418 979 6391 4792 8798
224 7617 7426 1059 5764 5445 7813 5095 9511 9193 1931 5548 6767 6544 7091 9139 4857 5020 6077
225 4740 8420 6693 140 4368 5560 3065 986 1882 1405 2109
226 8832 3905 3554 2275 1763 3557 7142 8838 4326 8327 6124 4238 4015 2033 850 211 1847 2264 542
227 2240 6922 207 9359 3602 4179 9300 6294 9046 4824 1560 3801 3866 8859 1566 5088 8484 1255 3753 5163 4077 2797 3894 9402
228 7296 1793 8867 7786 9291 8429 2990 402 6357 1238 2903 3833 5563 4349
229 9377 9666 8450 1826 2244 1828 425 8685 9646 2959 1201 9364 1047 1562 3262 767
230 6465 7970 8098 642 5283 7396 265 5962 7884 3023 8975 5904 4561 6161 2962 3956 949 5206 8375 606 6143
231 9440 8418 102 7270 5543 6796 3726 4623 3023 1329 7505 8728 5693 6398 1406
232 5120 7298 2500 3433 6537 6922 9163 6320 3186 8564 6613 5526 4632 9369 2874 155
233 640 581 1383 7817 4746 2414 2576 9138 946 2454 5592 8377 4187 2875 1980 1246
234 1442 8419 5700 5604 4421 4199 9384 238 8559 9264 5203 3700 8052 7316 4660 2650 9758 9215 415 6687
235 2240 1347 3817 2185 7274 3948 3053 6894 8015 5583 8532 1813 6613 8118 9816 5112 4959
236 7649 8491 6510 1327 8912 49 1234 8406 6522 1754 7099 7867
237 6981 2384 3603 4563 2516 4057 8037 5541 5801 5865 5295 9010 8498 8693 441 1017 3579 6975
238 609 8227 5348 6564 4358 73 7277 9071 7247 752 7473 3764 404 5429 9758
239 5121 7233 1861 5129 843 3500 4846 8848 7120 5715 9302 4984 826 6938 4031
240 4416 8580 9094 5192 9448 9997 239 6799 7088 5042 3827 5525 7575 3767 2744 9115 5308 3006
241 5504 2113 5986 1410 3715 7204 4612 1670 1287 6604 3117 1582 1905 9845 55 9273 796 5277 2047
242 7808 8964 1032 6223 5522 916 9847 2808 9304 9627 2972 1343
243 2240 65 1890 6470 968 7754 9772 3733 4856 7449 703
244 6244 935 1674 2220 236 3343 7215 8400 1328 5395 1524 7354 2718 5471 7359
245 2753 6082 1346 7333 6565 7366 1063 489 5322 5099 4779 9964 3758 7055 8528 84 1944 1979 7451 5147
246 6018 9603 7268 7240 9032 8075 4909 6483 9877 1654 1849 3550 1215
247 7392 3392 6530 8260 7782 9735 295 2412 8046 7438 9871 5584 3153 7697 2962 117 3830 9340 3454
248 4161 8898 9990 330 7949 5839 6802 5845 3547 412 5983 1441 2790 745 9324 3249 4020 2359 5880 4282 4028 7933
249 4193 6019 964 5863 8968 1226 5003 4333 3277 9453 3151 7696 6354 8212 7509 3926 666 4123 7899 9181 7389
250 3441 9634 997 1270 4038 4089 6585 3867 8477
251 901 9734 6800 7955 4372 279 1370 3291 5412 3242 2413 3696 880 9521 3313 2807 8698 2685
252 7745 1058 2499 3463 6440 2345 3977 8844 5329 9809 9080 7160 6744 5339 6428 8444 7709 7167 2143
253 3648 3203 6153 2251 780 7756 528 2064 9942 6300 3106 3811 485 6309 8934 9133 9523 9139 1848 5818 442
254 928 2883 6469 9253 8390 4456 3561 7977 6923 6606 399 7383 761 90 8795
255 3270 9545 9995 3563 1934 1041 7377 9778 7059 9076 5783 6425 8570 798 6654
256 3620 9830 1644 8876 7791 943 3856 2992 1137 6129 3380 3702 3830 8152 5849 4697 735
257 1952 6977 7170 4898 8066 264 6029 6064 4822 1242 2203 8252 8510
258 2690 2852 5351 8105 4809 7922 6164 5589 3671 6136 8889 3229 1790 3839
259 5507 5286 2662 6759 7020 876 400 6036 823 1879 1527 1273 250 1979 8796 29 3103
260 9793 5893 4901 3046 8902 5896 5450 7499 2002 1330 6675 8371 6771 6996 8406 2489 6458 1053 4574
261 5696 7296 7105 450 3043 1637 9766 8744 7405 5359 2704 4400 6290 1429 9527 3737 3578 5149 765
262 5824 7776 5794 9160 7881 2474 4011 8109 590 8462 9200 3633 9265 4404 757 8566 2902 7894 8600 5630
263 4802 6691 7779 9957 4870 166 3846 5862 7240 9130 8236 3244 9197 6445 4367 3700 1079 6647 7289 3034 9275
264 4896 6242 741 1224 5962 2189 8239 9457 9939 5715 7703 7355
265 8320 930 6918 552 7883 3757 9325 1613 3885 14 6094 9935 2415 2323 6707 3989 8503 9655 8830
266 226 8198 3304 3945 3691 7692 8460 2927 2578 340 9428 5910 9403 444 7964 2078 4958 6271
267 3714 5762 9540 9991 141 6349 4045 6670 7762 2962 3414 1496 1247 32 9764 7654 4135 8427 8111 9968 6195 4216 8058 1083
268 1632 546 8131 8740 8810 6989 2541 3539 4819 406 5816 730 8506 3199 2175
269 8770 7042 1413 9992 4811 5913 7198 5407 96 8290 9510 4071 4455 4909 4782 6511 3827 8183 6267 5821
270 5265 4578 1316 4069 2968 4361 5657 8014 94 2574 7695
271 4002 3523 4900 7749 3751 7687 6057 6189 7984 5105 3637 2966 3354 6938 1339 4988 1501 3582 5567
272 8257 4097 1923 6275 6084 8708 6852 4197 4935 2856 9101 2260 9654 3288 3163
273 3936 5064 2953 6219 4653 1938 3510 1496 7321 9114 6620 6172 8543
274 5569 3491 6212 6152 2666 8782 146 7762 7699 9113 4605 831 6239
275 5248 8514 8258 3043 5798 9898 2288 7825 83 4469 790 4727 8247 5531 9406
276 6306 3172 935 9932 6700 1103 3184 7153 8530 148 2356 7413 2358 9078 311 6264 5241 5019 4539
277 1348 2981 5799 9739 686 5998 4625 2164 8087 9175 8471 2105 3322 9051 5373
278 3521 898 3748 5957 5703 616 7789 3758 9582 9583 4592 9585 4209 1299 6838 9750 2904 5017
279 2627 3012 644 8709 6021 4807 8140 8013 79 9938 7251 5715 9116 6692 7397 8937 5034 6635 9968 7161 7868 3965
280 7105 5187 9219 9541 234 6924 1614 5934 3023 9232 7313 8051 7542 503 1821 6942
281 7553 8961 7875 8134 9383 5352 169 6698 6765 4527 5810 6038 7543 219 2267 3004 991
282 2340 2121 5097 457 7821 3693 6287 8495 7506 3380 8153 8123 3837 317 3711
283 610 4356 5 4295 2346 748 3852 9581 205 1358 3918 912 9298 1524 1048 2201 8188 5501 159
284 4929 6402 5219 7077 4838 6507 3470 2191 1809 7314 5172 8148 8534 4345 7740 5692 925 4254
285 1248 2593 3650 3331 7653 8042 3215 692 6105 9245 7262
286 1409 8068 9190 7369 3113 4041 5899 8686 9487 7248 1393 1299 3796 1238 7736 3643 9916 7423
287 7713 2882 6216 4619 301 3823 2416 4432 2355 4531 4854 4665 1051 9852 1309 4735
288 2240 1665 2497 2145 2 5859 5860 1542 9414 9865 5772 8492 2031 3855 1499 5502
289 6464 4258 7747 8612 3014 6568 3624 2795 3405 6190 79 7187 2643 4020 5942 6935 6619 1916
290 769 5767 6599 5838 8142 8302 7029 4245 8920 1818 3804 4124 2238 6431
291 2304 3104 9056 2791 1543 935 4937 9358 3183 3376 437 2389 8026 667 3836 9565 6781 1534
292 578 9994 8907 1004 5870 2127 9842 9811 984 5369 2553 6556 6525
293 4128 129 6851 707 7559 1352 9007 4944 1841 7537 4531 8215 6424 1720
294 3808 9153 577 3941 5478 1095 5257 5482 5964 5740 6540 4342 6712 2140 6175
295 2917 421 8488 2124 5327 9007 2160 368 369 17 6547 7318 6296 8920 7036 8348
296 6112 6209 6658 5448 2538 3178 2192 2577 9237 9335 5368 7096 8312 5050 3708 2399
297 1665 7652 9349 4391 4106 1930 810 5869 4272 1681 9173 8505 9371 8411 9533
298 9216 3840 3265 8994 2439 7848 8618 6890 2923 8269 6000 2288 2704 8885 4117 2198 5430 4150 7415 4475 3997
299 101 2790 647 5096 6921 4714 7118 4976 2481 7093 182 8762 5211 2526
300 4962 2210 7266 6022 712 8234 1964 205 7086 4942 1423 8145 6865 4691 8499 9171 6519 2617 8282 5885 8125
301 1638 3146 7050 971 2989 3949 9109 7798 1688 665 9818 2236
302 1315 710 8842 2284 7533 7021 6351 688 5075 3507 4212 8981 9533
303 6496 1216 1474 1250 7267 2915 1670 425 7787 9195 4719 2256 3312 9873 8434 8340 8991
304 4032 8449 9285 5386 13 847 79 9362 7956 8345 1762 9578 2986 4587 8495 8688 5366 5175 2555 1534
305 1984 8837 9478 1929 9674 6410 6635 9259 300 9645 8466 8083 3316 5751 9688 6457 6044 5535
306 9184 1187 1380 8004 3754 5645 6318 8816 2870 9626 6748 5212 7037
307 4352 707 5507 9349 9928 9481 8265 5901 7698 4243 9178 4507 9755 9757 7331 165 4967 6312 1961 9579 172 5294 2486 4855 2810
308 131 202 8331 6736 18 5268 8341 3160 3032 2970 862 3103 7456 9827 1125 2601 5802 1711 6385 4286 6526 6270 63
309 2 1672 2671 1105 2866 5011 9107 4340 8789 8918 9209 5273 3642 9533
310 6528 6406 7054 2319 8085 4442 3227 5596 9309 8478 5728 2401 2339 4132 6500 7399 3111 1903 625 2611 3572
311 9120 1697 3074 2884 1348 8677 6310 1260 4845 5869 8878 6863 8720 7153 8275 695 3319 1336 2552 7770 3994
312 6336 130 6695 3016 5320 9834 9968 6452 6776 6938 9948 8316 6014 5534 3231
313 6979 8009 463 9295 847 6482 4051 6547 1622 663 728 2074 9244 2079 1761 2787 7525 4584 3304 2929 6967 7486 895
314 2721 3586 8293 6538 5514 2925 6477 6030 7822 3535 8624 5072 3409 2867 1940 3669 53 2837 9495 30 7582
315 4194 2819 3284 7172 5606 9687 6441 7097 745 6666
316 3936 8067 5412 4933 8678 3271 8711 6572 7309 8431 7795 5587 8759 2107 603 2173
317 9474 7363 2725 5383 5737 4970 8811 2638 8687 6959 6480 5875 6777 60 3964 5950 3006
318 7652 8518 518 2983 7657 9866 5388 3342 4879 2639 2480 4688 1364 7988 468 2168 7001 1978 6938
319 1858 4742 9159 9223 1865 6859 6285 7438 1745 8594 2327 220 8864 8294 742 9255 6512 4081 310 7159 376 7736 9083 7355 4926
320 4832 7713 9347 4616 2344 6793 555 3983 1425 2737 2962 851 2391 1465 8797 3743 2591 7551
321 9376 2240 7393 897 9537 8163 1220 2407 8363 2063 2288 5234 4948 4309 4695 379 5150 7647
322 3200 4321 4453 935 6827 4109 942 1137 979 9526 1210 5947
323 356 7013 6725 5958 967 76 3308 9676 7244 7725 2383 8143 2288 2101 5111 3607 9625 5978
324 9890 5762 9000 7148 4590 8276 7062 2486 9211 8635 8603
325 4352 2464 4256 1091 8228 6407 9607 3208 1289 137 6505 9453 5677 6671 6352 1779 5876 9012 5785 6235 2555
326 3075 2310 5446 8583 39 4778 427 2288 401 8788 6997 5623 8952 7293 4510
327 9281 1798 5193 9483 77 8910 8403 7379 4884 2709 1557 1815 8539 5340 9372 3230 1253 105 2985 2029 9145 6266
328 1859 709 5734 7656 6538 8235 9551 6543 2771 9848 3864 3512 9499 4955 3485 6397
329 608 843 1838 4783 1679 2195 6166 440 216 2302 5375
330 2978 3298 9763 2629 4457 9930 7949 9103 2000 7440 6770 1365 1399 4696
331 8448 1669 1093 3238 170 2155 908 9262 7153 6771 662 7191 7831 3032 2232 3003
332 9090 7074 1508 358 3111 7210 1232 1523 5684 9013 6550 8086 3385 2683 5758 255 7199
333 390 2439 3527 2407 5512 970 9804 1772 750 9775 8113 1206 8122 2491 4924 3902
334 260 1668 3012 7435 8976 1105 3156 2197 7064 3675 476 2211 3877 5803 9387 3699 569 7865 3066
335 6434 2594 1731 8135 2440 7498 2986 1324 559 5169 2065 8470 8150 2264 5690
336 7137 6054 7719 1832 3373 751 2833 8374 4438 1752 6712 8218 9946
337 3424 8832 6343 3533 722 5653 6423 727 4409 4667 380 5437 4638 575
338 7200 6465 8997 5992 9261 7663 3408 7185 1746 2962 5364 3381 9717 4982 312
339 7044 6436 4517 5797 8651 3275 6222 7887 5973 9077 8758 5112 4664 6584 9337 9436 8988 732
340 7232 9027 643 5379 6149 5062 2247 3914 3086 8910 8464 7762 1686 3363 2340 3889 881 8888 760 8572 5628 1086
341 9984 7972 1765 7846 583 9160 2027 2288 4497 2962 2643 116 1717 8663 7895 2616 2488 7452 5661 4670 4575
342 1092 4327 3079 8136 7368 5898 3532 9197 465 2674 8882 7285 4310 1398 1567 5055
343 9601 3555 4292 6824 520 720 6482 5781 3253 9884 8671
344 8896 7746 5160 5833 7338 6574 3758 5170 7796 1716 1588 9301 2301
345 4483 9573 8293 4070 2951 6217 5546 3051 5677 6542 6481 5715 3927 7065 6170 446 9151
346 7041 8129 6534 3720 2285 7438 6991 7567 9039 9301 3189 8249 7291 5724 4669 574
347 6944 6947 5667 4552 5996 1454 7246 9876 8372 5431 3256 3870
348 2465 6177 2242 4325 1351 9705 3818 6986 7851 6827 3182 81 7153 2834 9908 951 1271 4855 5880
349 2114 9026 3 7395 1091 7012 7844 303 3344 7824 979 3701 8278 951 9370 1435 5726 511
350 3456 4546 4994 7652 3397 8357 5098 7691 238 4334 9615 2483 1395 8084 9018 2618
351 2881 868 9415 393 1610 4171 6123 427 5869 8333 8591 7055 3794 6740 8405 8662 3064 4765
352 896 5572 9284 6534 5385 4234 2325 2456 1625 6490 3163 7965 6880 992 5600 9955 3431 8812 7598 6705 1009 6903 3959 2877
353 4129 1601 4613 6758 199 712 939 109 5997 3697 8242 3027 4628 5048 5181 2142
354 1 4677 1925 9990 2120 4745 5962 9936 9045 7637 2518 1505 6945 7267 5163 3883 4269 878 6960 756 4661 9400 5756 9533 254
355 2560 5412 5255 6056 3564 7085 3537 977 5298 4978 9749 6681 4249 27
356 4997 7496 9385 3274 1451 9708 8428 6893 2669 7278 9070 8659 3509 3798 8121 8666 5980 541
357 6628 8421 1349 7429 8938 8908 1005 3982 8942 4788 5941 6810 4635 8220 1311
358 9217 9218 5634 67 7981 1261 2673 212 1141 5755 6076 3805 5053
359 1219 5670 9160 7272 6986 5578 2064 9713 8852 2708 2839 3736 3832 6458 9114 2269 5342
360 2209 6178 4739 5925 9386 8171 1901 2767 4946 8914 6709 4565 8661 6550 9244
361 8832 4579 5059 708 3876 2085 6597 9286 454 776 6955 9591 9979 6878
362 6946 547 3524 4104 2728 2317 1231 7439 947 6005 3061 758 7095 7260
363 9319 2825 8362 5035 1998 1774 467 8376 1240 7611 1149 4127 5951
364 3585 677 4743 8936 4145 979 51 6230 8310 3447 4311 7804 1373 6462
365 1920 1028 6020 7239 8555 4045 3661 5678 3152 3155 6772 7414 1179 9533 8927 223
366 8706 6882 1670 1611 812 9904 6768 8081 8883 7892 4437 8922 5434 475 1628 8124 8732 4764 5597 5309 6815 4415
367 8994 8483 8003 9669 1446 8713 7243 427 6413 1294 8366 238 4535 8216 4153
368 324 8106 1866 6028 3404 8045 3345 7413 2774 7255 7640 2333
369 1443 4004 2254 9903 213 6906 2714 5850 2398 8446
370 4260 3877 4902 1481 7116 3436 2128 5168 9808 8948 5787 1884 7324
371 4641 2058 5962 5067 3020 5484 305 7857 6614 6167 3704 5945 2875 5436 541 8030 4063
372 640 7616 1411 4324 2149 5387 5292 9292 1297 7762 3219 7607 5271 6808 6844 2559 287 1055
373 4836 5508 7174 7688 7337 5196 494 5295 6001 8562 9368 7323 5852 7998 5855
374 1344 6914 8355 2885 3593 9001 8138 3148 4174 3377 6130 3513 4571 9244 8319
375 5089 7811 8035 1956 5862 6570 5868 5230 815 978 6099 9781 2583 6204 5183
376 6086 8231 521 5483 1675 7275 2030 7056 2994 7924 1846 438 345 9691 2907 3710
377 1281 5250 2820 6085 7720 427 5362 5906 5270 7575 1272 5209 2458 955 6683 4542
378 9604 6121 7182 9167 3792 8401 8630 4694 6327 858 7066 9597
379 3425 2369 3074 4068 3366 8808 4905 1422 719 1136 2426 6234 62
380 1889 674 5349 2469 518 9544 1387 7150 8752 5299 2134 9751 183 762 9819 382 6014
381 3520 4609 9794 1955 3877 5702 3561 9356 4302 7951 8560 4115 8248 1945 8634 4413
382 931 6470 4390 7306 4331 6892 3533 9043 9363 6487 4441 3836 8893 3069
383 7554 2148 6855 4296 1194 1296 1010 372 3860 2679 8919 8284 7455
384 6466 5220 3623 8264 6537 8746 9519 7347 1941 6774 6970 1627 5054 5182
385 6433 1570 8614 9224 1769 7082 9675 5676 2095 7728 3602 2962 755 4340 660 6677 6934 8535 6362 8189 6429
386 8387 3875 1252 2566 8456 2760 2633 8457 7438 4815 208 8212 6773 5848 6778 5402 2426 6717 1277 2270 4095 2463
387 7362 5515 1164 7629 6829 5264 7153 9331 8212 5365 9270 6488 7226 3132 28
388 8032 2240 3521 6818 162 8360 1579 2540 2572 879 1520 8150
389 6917 7049 6474 6891 491 3789 7693 2542 4399 6836 4820 9301 8406 8599 6040 3610 2524 2844
390 8800 3937 4705 2115 1445 2630 7751 8392 233 6218 554 9802 5643 7340 8140 4181 374 6010 6174 2239
391 833 2754 4754 1252 5972 5990 6967 4152 2794 2943 8879
392 3296 4000 3489 3042 933 3496 4650 3819 5458 8916 3575 8440 2175
393 8064 1731 739 3779 5682 5107 1174 5177 2777 4572 6044 7261 8286
394 1185 321 2114 132 9607 9224 43 2543 6576 7121 9906 9682 2452 3541 6104 7032 3803 3806
395 321 2051 3656 5161 4522 8459 6737 4692 948 4791 7192 6716 1981 8958 2271
396 3394 8994 5795 5155 8996 4965 4234 5677 1742 2447 8088 5370 9883 3293 8447
397 1376 4449 5443 8196 8296 3657 8841 522 3468 5145 1050 2109 5214 3134 3327
398 673 580 9381 5638 4904 2569 5995 5355 8011 5457 9138 8116 3285 4757 5877 4602 1853
399 9600 3680 5248 4035 3592 1801 2859 3597 1805 9423 2192 2769 4434 4787 8756 6807
400 5216 9185 4577 5763 7141 2954 6669 8592 4658 1719 3159 9720 1177 9594 474 61 5439 3423
401 4257 2050 4901 9480 9197 5902 7503 9743 8722 6388 1652 8790 8119 4538 3164 5374
402 5248 7009 7748 6119 9453 4401 659 9075 2580 6133 1238 5654 6968 2746 9659 6396 9085 5533
403 3267 5446 6862 3025 5082 8346 6364 5090 7780 553 3434 8170 2986 8747 7413 631 5880 5433 4411 9659 2366
404 7360 5857 8033 3783 8615 8177 2097 6065 4755 4917 9208 924 6973
405 7008 2433 2434 8388 1957 8935 1959 7367 9003 683 7085 5326 2799 79 8946 276 3093 3415 1436 2973
406 3968 8259 3395 5317 4938 2988 3822 3375 1233 8628 6486 8439 6873 4026 9467
407 6594 4133 4646 936 1449 6025 4108 4047 9043 4021 2263 2554 4218 5468 3422 9182 1695
408 9568 4800 7296 7458 5223 3562 4940 8432 6324 2996 4884 3541 3670 9434
409 7969 3169 2533 4901 488 3337 910 9806 1360 273 4054 3446 4728 3417 4763 8764 1117
410 3936 513 6049 2146 5122 6883 6503 6311 583 1256 8105 1514 6196 4180 7510 9177 4062 5311 6655
411 3297 450 1834 6602 6348 9391 271 6898 3797 2872 9401 6618 4091 7549 5565
412 737 8900 4903 2952 9833 9004 7856 3537 8658 3895 6588 9341 7997 9566 830 5695 4671
413 5504 5889 1159 9032 6984 8649 4684 206 6610 2194 1939 4308 5143 7256 2265 7643 4444 3871 5027 1833 9968 9268 7732 6075 6269
414 9602 3202 8899 9608 8969 4558 2066 6739 7123 9047 1496 1305 3099 2589 3106 227 9123 4134 2729 9066 110 4591 2673
415 4805 1541 4134 7049 7949 6478 1680 9968 1650 1202 5656 1880 3225 2779 6141 4607 7327
416 1984 9314 452 5093 1992 5065 9129 3690 3982 9007 436 5749 2904 7356 5276 8157 7613
417 6020 9222 167 8204 7180 783 5968 7088 8660 5178 634 6333 4159 5663
418 1026 7781 9352 9609 8618 4042 108 9296 1424 1715 9940 1749 2038 7034 7642 6939 3932 2750
419 8195 6150 235 5836 6701 4013 9230 1840 1845 4821 246 8854 2809 9628 2335
420 9920 4480 2177 1668 9637 8519 7304 714 1419 7151 6225 7028 1878 4093 4766 2590
421 4741 4169 3474 4314 1948 4893 1118 7006 5536 3427 9901 1773 8815 1072 5040 1851 637 8125 4286
422 8224 5056 2240 802 1956 7303 905 4203 5742 5359 6928 3954 4340 9366 6840 7641
423 4928 1538 7939 1061 9638 6153 1645 9842 3316 9332 9460 9141 4760 3096 6394 3100 3742
424 2240 7810 5029 935 457 3146 7883 9067 3821 5583 7280 7893 4502 9688 6296 2233 5915 4892 9244 2175
425 321 2403 6437 3465 8361 7178 652 3437 1647 2546 2549 7063 6583 9945 9562 8092 2462 5438 2655
426 449 6116 551 42 6926 5775 5296 593 3095 3991 4920 2847
427 7457 6147 5381 1034 4462 8079 7919 7153 3379 243 2294 7448 571 3613 7997 2878 8062 7806
428 1536 3616 1381 1510 7302 3398 7591 776 1292 9008 4627 3923 8343 8696 6041 6842 4191
429 6528 4036 6021 3784 6280 3659 7436 2255 6737 5074 6547 7702 9176 860 7521 8036 4772 8809 4913 6141 9534 9023
430 33 8513 7017 8202 8558 6803 6549 5530 8156 6879
431 1412 2308 5162 8846 7732 3865 953 7836 2846 9502 7583
432 7138 8738 3975 9290 4586 9803 3214 8175 1743 8655 7632 6260 4340 2555 6940
433 6338 4039 458 5643 8428 5103 9903 8848 2161 9139 8853 6101 4758 374 4762 9310 8126
434 3074 4420 456 6729 5705 3307 7915 9709 8049 8180 6580 8501 9653 3703 2904 4668
435 4960 1025 2274 6722 3140 4906 5869 8462 8463 1937 1361 849 4178 4020 725
436 5632 8992 1794 9731 9091 5445 293 6250 1130 2701 3119 7668 3638 3706 155 6203 3900
437 5026 8423 9097 5130 524 7634 690 1426 9044 21 7126 1369 2969 5340 1117 190 6015
438 5793 1121 2532 6853 3877 38 9162 4044 4749 7536 3376 5905 3473 1299 5754 9886 2783
439 4512 482 6082 3586 8132 8711 7207 4073 9868 7597 5104 6611 7987 2100 2422 3863 919 4730 1147 2555
440 5890 7459 2887 8712 2409 7053 2895 3088 6160 3154 691 1942 7862 2327 1690 6011 2043 8060 4511
441 8610 5154 3845 4360 5673 7949 592 9842 2162 2962 6837 7126 8921 3707 1182
442 6624 5766 8359 2920 874 7978 9931 8461 5743 8978 9042 6899 6356 4437 9206 9148
443 2337 7490 8130 4580 9256 9805 527 6259 9844 5815 2264 8250 6746 6938 2812 447
444 1571 36 646 8486 2024 3083 9837 3792 7024 979 2870 4824 1786 2906 6173 9822 670 2879 2911
445 7652 7301 2858 4973 142 8431 3985 1876 2806 2135 5752 1432 9595
446 8134 6603 2445 6414 5909 535 6809 9821 1121 675 4389 7336 3753 1898 1323 9260 8686 9198 2350 4463 4529 2225 4915 7162
447 7650 5668 8681 6249 2060 6636 4365 8077 4528 9265 9747 6103 792 218 987 5307 7709
448 8480 3074 3683 5157 838 779 7307 7569 4785 2129 3825 3250 2003 7349 374 759 3163
449 6656 8995 5219 3495 7880 1994 4299 5132 5199 4912 112 1107 5461 1855 191
450 865 9635 1958 5671 7048 7147 5358 1167 6608 5872 5553 6999 7991 3193 1466 9146 2939 6014
451 6786 3914 332 9740 4173 7438 2513 8337 1489 1874 7826 7699 7636 597 9947 8350 1572 4645 8748 1389 3508 6196 5817 4478
452 2624 7169 4066 9442 3236 360 9485 3888 4660 7350 2102 343 1340 8029 1310 4702 9086
453 3264 8994 2947 3684 4294 2438 8967 5416 3728 7381 8054 4567 3031 6778 6395 8574
454 1888 1602 6980 8134 2823 7721 331 4300 1264 9013 1111 4376 6073 733
455 5730 6884 2246 6408 5043 8467 6067 6484 7188 5236 1429 6070 5943 1852 7484 7902
456 8097 3460 5928 4491 2828 9069 1421 9903 816 2449 114 3318 4664 2138
457 10 3243 7659 7819 267 9388 844 4176 6929 4116 1077 9399 6327 6046
458 8608 2817 8548 7845 3752 6091 3052 7212 3632 817 2643 2006 1176 9563 5437 8125 2111
459 5474 1698 8451 4040 6281 9354 2379 5997 2158 7566 1007 4527 7025 4786 7699 2262 7899 5884 8925 4382 447
460 2338 9990 7209 5353 1066 1962 2126 1651 8211 7604 52 1430 9149 1022
461 9728 4706 9573 5415 1512 9005 3694 8367 8880 6547 8470 3292 8093 7005 7039 3999
462 641 5506 5924 2569 9129 2537 1353 3050 8715 8653 6258 2962 6741 856 9433 569 2394
463 2599 3976 6378 523 6731 1646 9199 7568 3377 1459 6515 8822 9529 7966 7678
464 9569 1161 2283 972 8301 5748 4341 9014 1657 8569 2202 6238 8191
465 1668 715 7630 7633 4307 2773 150 4504 1625 3098 5788 7773 2979 6692 2730 2986 111 1969 8055 7227 3518
466 7234 6184 2313 9641 2222 5200 2448 5649 1778 381 3007
467 3936 770 9986 2565 9254 745 7562 3722 7083 9933 4397 8911 8338 9555 7382 3255 6584 601 7901 8125 9023
468 3234 8644 5444 3781 5254 7022 6257 6673 7092 884 1301 1237 7767 633 7290 6332 349
469 8256 323 7204 9643 1036 7373 1774 6256 3280 6449 4055 8632 2649 6941 1662
470 4771 9507 1668 1605 6983 650 5962 4557 2418 9301 9815 1655 4760 1337 2137 4252 8924 8061
471 5888 5185 9224 5033 7305 3211 4652 5038 6899 7700 9753 4443 126
472 2048 5826 8994 388 550 328 1353 7886 6030 2575 6833 3507 1555 2711 1401 2331 9438 9950
473 3330 6920 6473 5770 395 3596 4433 9107 8469 152 1569 6053 5350 937 5356 7469 9903 753 8114 4340 6134 952 7993
474 2466 2692 4326 6024 1802 1997 6958 9968 1521 979 2292 5556 661 407 5752 5880 6650 1181 9885 4765
475 512 321 3810 195 163 9731 2890 9867 9233 4369 9618 915 8117 149 7511 5848 638
476 8512 4386 1571 4644 8484 2117 648 2121 1391 4464 5459 7732 5655 9592 1752 1020 7677 4989 4798 1342
477 5127 4999 5897 9931 4493 8270 6545 6236 8928 7202 3621 2661 3111 232 3371 6063 1328 9712 2545 8949 123 4348
478 352 5282 6214 7143 6825 3273 1516 2382 6990 8723 8308 5333 4501 949 632 4222
479 9344 64 5029 4070 2248 8907 1132 238 4240 6163 147 405 3190 566 9270 8855 4855 956
480 352 8387 1124 3012 5189 8005 6726 2376 1480 589 3630 6672 3056 784 4531 532 5045 5400 8794 3260 9308
481 7361 8578 4549 8843 2322 5716 5397 5659 7068 7133 3552 3682 805 2406 1831 427 3125 7477 246 4728 4537 6521 2685 8445
482 6339 5891 4166 1065 4526 2322 7252 7285 7863 5625 8314 2651 829
483 2 6404 3141 9030 8841 5418 3438 79 944 2512 5936 3251 6966 6648 8793 4860 2847 9887
484 9697 9669 3147 3149 7117 5710 8814 8719 7216 657 789 3925 2873 1019 1180 8734 639
485 2144 4801 3074 1540 2790 1736 5768 6728 6633 2156 1293 7949 4882 9971 4566 7353 7482 6685 3901 4703
486 1314 8644 6698 7883 813 8141 5070 687 9711 1807 7952 5207 1784 7386 1434 7259 1244
487 4774 262 6054 8107 1037 9425 1522 3091 9907 7478 4343 4024 2136 2235 4925
488 514 3074 5031 8999 2282 6059 7919 6258 1427 4531 1685 6229 6839 3543 3352 5341 9087 3967 7295
489 6468 2596 6790 934 4393 9035 526 1935 8176 2802 563 4148 5462 1241 731 5406
490 1377 5253 5319 4615 3144 3081 4969 2798 3121 1591 6908 6780
491 1120 5985 3073 5288 1354 7852 44 2001 7153 3059 3382 3127 9624 6329 3388 285
492 8002 5830 1639 744 175 8528 7638 8823 7320 5272 9564
493 7840 1984 7777 7948 6476 4752 2608 8210 3955 1236 2136 56 1817 1657 4442 2747 412 1982
494 3395 325 4198 9611 4012 45 5838 7438 8304 6226 7987 2036 6101 1306 9660 9468 3005 4606 4639 7391
495 256 676 7206 8743 5993 46 8207 7791 7153 3795 1750 9079 5880 7193 1561 2811 9788 2909 6045 701 893 511
496 3970 8581 5895 3144 9930 6095 8336 1616 1366 9430 8345 5343 1504 3936 5860 1256 2093 4078 5617 1139 2614 1464
497 9315 2660 5956 329 4716 4332 7057 1457 8787 3987 4853 4886 3350 183 4027 4733
498 3713 259 3013 3336 4843 2155 6764 4527 8690 5109 4663 6711 6360 1624 2840 1209 6170
499 2017 867 6467 6117 935 104 1129 2602 7852 8685 8622 7504 2321 8753 6738 8245 5654 1402 671 319
