500
0 2404 6472 7561 2892 5005 3469 8366 9807 7474 148 2645 1207 3261 9021 8413 1470 1791
1 2816 1924 548 4010 2349 205 241 9881 8987 8699 6205 5790 1375 2207 7583
2 1216 2754 7 7242 4332 9580 8590 6644 3608 3963 4092 5244 5085
3 7296 2784 6464 1665 5827 1476 4230 1098 6956 4076 5775 2258 5300 6676 6613 5622 9464 8251 5340 1020 3453 4541
4 8832 8768 4646 9993 9577 8618 5962 2413 3950 5232 3828 6389 1973 9878 3802 2555 4319
5 7361 6915 9093 2760 7753 5258 6986 3087 9169 3731 6676 4439 8343 8217 6617 7834 155 2396 1444 7206 7467 8107 4589 1396 7606 952 7992 3453
6 705 9698 3012 132 6826 2028 6412 3660 6061 2640 2288 5621 7413 1625 2555 5979 7419 5948 4412 8797 4958 1087 5887
7 6405 6598 4744 2152 7530 9075 8979 9205 6325 8726 8284 9564 6653 4029 4223
8 1472 9733 9096 3144 5259 9739 654 1615 3925 5783 8279 1943 3678 1183 8994 7842 7845 8487 5228 1452 5748 3188 1205 8696 569 1084 8125 7997
9 8352 7266 4226 6306 6692 196 837 4869 9733 7463 3176 3113 3723 8683 9613 6062 622 8495 8498 5977 1822 3391
10 6762 4074 6986 5131 2510 2480 4851 3859 1299 2868 1303 7672 697 4569 6170 5981 9342 2175
11 1728 128 9699 8580 1157 1477 2471 4170 4875 5072 9745 1617 7026 5652 9464 889 8637 9023
12 8512 3073 389 5610 7916 4014 6831 2577 4626 4435 4500 436 2555 828 3326
13 4448 6433 5188 1956 490 2892 210 4662 311 8089 2041 8634 7516 253 7837 1343
14 4352 2342 71 780 8364 493 304 5171 8277 9303 88 9914 252 700 7228 1535
15 2240 321 7782 2182 935 8874 5451 4907 6766 2320 7344 945 9393 7572 7829 4151 6007 5946 602 6651 9019 2652 8028 7772
16 7873 7014 4071 4776 3339 3310 7888 4336 7825 1556 9014 3673 9244 5629
17 1280 1123 2243 8068 7431 105 9194 1774 5907 950 1591 2904 1467 3836 3038 2430
18 9184 7299 3268 8005 1989 6502 9703 7815 5479 5064 712 8332 7120 9202 6931 4596 4213 5237 7000 9976 4728 9465 5307
19 9601 5155 1956 4326 2598 2663 6696 3371 5739 3884 1133 5005 9007 976 5269 8858 3835 4060 1212 8221 6461 2782 6334
20 7296 738 4547 836 3877 6694 4070 1031 8007 9520 3377 4597 3320 4538 4155 4126 8639
21 6400 9859 1796 5509 5126 8455 583 297 2986 1580 7372 1101 4816 8017 2324 3222 4855 215 4954 9759
22 1168 3173 7605 2501 1766 4904 8521 8860 7165 5679
23 9760 5409 8193 2595 2563 9125 200 3790 2574 7153 8754 4306 2451 5750 9689 3418
24 454 2984 2123 1259 1867 9835 3467 4176 4945 2071 311 1528 4664 2937 9532 8989 5310
25 3584 1408 3105 1282 6852 7 3719 7751 3913 8267 4687 9008 624 8210 2037 5721 4666 6652 8863 8959
26 3872 6785 3457 2245 5064 4841 4907 1420 5261 689 5303 3836 732 8636 4990
27 5412 5572 2597 3174 3943 617 5834 5643 8268 4556 5069 3022 7055 6191 9135 3984 3122 9496 8473 2297 4027 8830 9982
28 5632 834 6148 4486 455 6281 8524 8205 1806 7120 8531 1429 8344 9435 5341 5278 1694 7713 6049 8931 9443 5412 2858 4844 685 9968 4784 5747 439 699 1917
29 1601 2209 6787 8293 2437 6438 6920 4136 9 8297 6702 7216 8502 2842 2234 3355 5275 7134
30 9505 3745 2 2373 6855 9768 139 9742 8048 9744 2930 4149 8538 1307 3612 1661
31 8897 4674 5413 774 3110 4551 7563 4107 9004 1230 591 7759 7890 307 115 6421 6101 2555 7710 5887
32 2240 2946 6532 8197 8523 1871 5903 4626 9043 84 2902 8922 1763 6374 7335 8040 9832 936 3498 8812 8174 5166 9838 7664 8307 5108 4985 3705 6330
33 3008 3393 200 1737 9354 7883 4651 6187 2059 8396 7885 6029 7601 7281 4086 2934 3032 2014 7358 94
34 3360 4513 3073 5413 3077 1799 5417 9930 4176 3986 5939 6485 151 2392 2680 8792 9241 3323 2077
35 6561 5156 2277 8137 5866 8970 8139 6993 2835 1747 2741 2166 221 8511
36 2240 9409 5505 3585 9187 6467 9955 9413 4874 8689 2322 5491 9301 9144 5912 7802 7933 5822
37 7744 7296 5408 9664 7392 802 7716 8071 3687 9640 269 8784 2962 7155 755 981 9367 1533 5982 5022 6494 6687
38 8065 1090 678 838 872 8680 7626 2475 9235 691 7733 6775 7162 5338 1275 1468
39 1345 3525 7751 8716 2199 4377 476 2205 2016 1953 7906 1763 41 1642 6699 9707 6827 6060 7980 4717 6258 3958 6198 4726 7033 1534
40 7681 5922 9538 5219 8293 4517 966 873 6281 268 1966 979 9459 2809 2617 5658 9306 4314 989 8573 3167
41 5060 7332 3686 2570 9227 1355 5548 8812 557 4909 2958 3982 9522 5523 1491 4211 7220 1397 3286 5113 574
42 3488 8896 7426 4199 8905 2697 6154 2411 8593 6193 5009 3348 5524 8954 3515 3547 988 2653 5149 1534
43 3493 1638 199 4363 7311 7920 3728 1648 8179 3891 9846 9719 7864 6585 5594 7805
44 9129 8269 8335 9780 6964 566 4985 9212 3516 7581 2941 7870 8382
45 1440 9025 2 2019 4931 3588 2628 9829 4583 3047 2472 9834 7438 9199 8050 7060 1014 6492 8125 7422
46 9152 7072 8162 8866 3526 4200 3854 8880 9266 5656 8605 8990 3807
47 1450 9548 6285 7828 148 20 4052 3349 8470 6582 1081 7962 861 6495 3679 8031
48 3233 7938 4482 6147 8325 3814 2662 9063 5384 139 9968 8529 3857 7124 2871 6327 5435 5180 7230 8095
49 2240 9600 3843 9605 1702 1577 4297 7434 523 5195 2511 4214 5880 6073 6587 6139 8284 1789 6270 3774 8542
50 4352 6497 259 4488 1162 9036 7213 6639 5359 4050 2613 6901 502 3574 9528 1691 9822
51 5762 647 9615 2768 6992 7253 408 7833 6301 1439 5151 5920 4966 9191 6573 8941 7023 4401 626 5748 5557 6071 7992 7485 9407
52 9249 7586 3751 6248 7755 2731 1740 6925 5038 82 5106 5778 7699 6100 3350 6456 4761 6938 9244 7742
53 4834 1666 2274 2755 9028 8549 4326 1607 8168 9770 7699 5014 3416 7577 6363 5595 443 3356 8414 6270
54 5440 3586 2530 1954 8579 3461 838 1257 2892 9836 7438 4624 2898 6101 9623 7031 9915 6492 4765 5885 2206 9535
55 9120 7488 1634 7330 4804 8487 4073 427 7147 6797 2414 7855 8144 2929 1110 2070 9016 1919 2239
56 4096 9921 7874 3012 6662 7880 5902 656 4501 8214 8090 5917 863 9443 3047 3566 1262 6447 5615 7665 9265 4787 5492 3383 9336 5564 2429 8702
57 448 5601 7333 8199 1390 5969 6739 9716 1557 4696 9688 2361 2106 4539 6013
58 6980 1770 9450 3916 4140 8428 3565 9869 2544 7153 9619 8756 9684 3732 469 2677 5654 3543 4311 7864 6137 1565
59 4801 8005 9545 9738 941 1774 9007 9840 8752 8368 6897 625 4723 7989 22 4950 6902 3158 600 443 6812
60 9443 9892 453 8173 3281 8883 7508 6197 7479 1016 2457 7929 8697 3386 412 7903
61 6241 1122 4419 4972 364 4430 7791 5008 2900 6708 5301 3894 1047 1979
62 3232 2240 1121 451 5412 2662 8102 6727 5224 1225 1900 9900 6381 1682 7413 8346 7835 3070 3423
63 3138 7619 5988 6054 2951 5804 6541 9518 5390 4079 4624 7861 1175 5497 1785 8953 250 9148
64 2626 1283 3144 3115 3759 8431 560 7442 6162 9587 1172 5110 2712 1916
65 6144 2659 1574 8582 7782 7783 3335 1546 842 6539 8813 5135 1584 2422 5078 4219
66 5794 2147 7269 1414 5735 935 8527 8208 497 1075 7447 6071 696 6074 6458 4156 413
67 4849 3651 7636 5428 9848 6168 9960 4184 5561 8266 3548 3549
68 1250 1698 7075 5251 2340 1892 7718 7115 2764 4080 6032 8305 2551 3961 8733 6301
69 8134 3210 75 8684 6801 6131 1781 5493 1430 4951 8663 2327 1400 3992 8729 3002 3195 3964 2910 8894 1918 7710 1343
70 6625 2534 7433 5386 8522 6859 8621 4367 3505 1586 338 9842 116 6292 23 8349 1437 1119
71 2432 6978 3074 1668 326 136 4362 1227 7179 7949 8209 2897 5393 1429 921 793 7131 6747 286 3166 6752 8043 2863 9330 8887 8183 7289 2298 9338 8508 9917 7806
72 5698 2564 5544 4457 9993 4459 9299 3540 9270 6102 9622 4281 3161 4089 7194 6491 7135
73 3584 3969 4995 6595 9732 2184 75 7500 336 7771 3102 6367 6370 8994 2788 4837 168 6889 8812 4079 8053 4985 1081 2681 5053 5503 3263
74 6499 5923 164 2085 1776 8243 3573 5911 4888 7800 410 6044 8701 7517 478 5631 351
75 4704 6817 7585 3428 6213 1734 9961 7593 2476 557 4271 6192 3408 5777 8722 6482 7956 8309 6232 9498 1787
76 3841 9736 3721 76 7762 8920 9954 1763 3882 7018 1515 8491 2796 3120 7153 8498 6003 7221 9848 1083 1788 7292 9470 6718 7679
77 8193 2 7682 9959 4168 7432 5449 8396 8589 3213 8238 4399 6962 6642 84 630 8151 6327 8345 4890 284 3836 8671 2815
78 7968 5762 6054 6951 8776 3049 8778 6316 1678 9557 247 8986 251 6011 7004 2557
79 4801 5347 7429 9317 7205 2057 585 7849 6346 2252 4784 2417 6258 9075 4403 3731 1140 1908 374 5302 56
80 352 9889 1319 8169 8491 4654 3285 2005 214 6710 6584 9722 4315 1435 4027 7166 4831
81 5441 7329 9667 3747 1860 804 133 3048 7304 5193 9677 5421 2157 655 6640 5456 7153 7606 9239 2650 7615 9055
82 4514 8643 5124 2662 9798 3946 5869 9872 4721 6963 1626 826 7453 1534
83 4320 8740 7078 8167 72 6952 9548 6765 1358 5266 7474 9299 1780 7669 4533 8022 2390 6615 2231 7097 7771 5083 7709 8445
84 9025 4035 7459 9636 9188 356 7 6280 3689 4842 9962 3022 1710 5966 9040 1044 4852 2615 249 283 5532 5053
85 6210 8132 7590 2470 5004 2032 1040 1106 8082 7443 2485 8248 824 1625 1757 4350
86 7200 4385 3009 4134 967 9704 2568 2892 6797 6734 1871 3282 1429 7285 7574 3958 9944 7418 1914 5117 6237 6110
87 2496 7968 8736 5825 1218 2307 4100 6052 773 3850 1003 5580 8493 9741 5871 496 3316 2295
88 9953 6850 9506 996 4229 5097 6730 3662 8145 3059 3251 5780 8692 1597
89 2468 2340 2408 2092 9293 9422 5680 8306 1428 9461 8373 2263 7545 2139 7707 9820 8831
90 8000 3684 8904 7752 9289 9834 9483 4847 4175 1391 1554 9010 6547 5555 4244 148 1208 4377 2266 9852 1308 605 8895
91 9761 6403 8836 2600 7240 2121 8586 5547 1356 8716 3053 6221 8110 2128 8976 1585 4147 3092 3545 8604 2460 4094 447
92 3553 7233 8516 357 9129 3529 1738 4971 782 1199 8496 9265 6035 7699 4180 6101 4629 6551 6296 4699 5371
93 517 3717 9797 3783 1002 6187 9421 3278 9007 753 787 4182 183 6393 4507 3325 8126
94 2112 5537 8801 1379 2052 135 3371 8401 7090 9687 407 4056 1530
95 5856 7233 8417 7203 8547 3781 5287 4264 5451 6547 788 6135 2648 9850 927
96 8817 7971 2916 2997 7880 89 8620 7357 8749 3887
97 4224 9826 7108 9193 8267 2860 4429 7183 6674 5715 1267 1529 1052 477 3741
98 257 3012 3716 7429 5766 6631 876 9108 567 3192 6075 9692 7164 8828 8671 607
99 5122 227 4423 5639 8104 4648 6185 4330 7114 299 5483 9038 3727 5685 1080 188 9852 4639
100 4160 3744 34 2212 9252 6020 3144 1192 7241 5194 1739 5708 4364 6125 8722 4501 3445 4280 1498 9500
101 6849 6083 9573 8742 5800 7276 2604 3276 9709 7439 9681 8307 1492 724 2615 4985 4025 4346 7550 2974 9567
102 225 9857 6630 486 4679 4871 8329 8074 3755 6286 7312 850 2003 2647 9271 8443 5660
103 3936 7234 7556 8005 4710 6982 2150 3241 9545 969 6347 6157 3341 2605 3567 564 5432 9720 4986 9787 3932 9598
104 3522 3909 5894 4808 6537 1289 8939 5933 9357 2413 174 2293 2998 9943 4567 5240 9530 7996 1149
105 9312 7586 8452 1829 5862 2118 7975 7240 9225 2635 6030 8465 8722 786 309 7670 5334 7320 3290 122 4957
106 261 2582 2726 3303 7079 4519 9514 1117 1357 543
107 9632 4290 9606 1831 8391 6471 5548 9137 2961 5138 3254 4246 3838 9086 5758 9183
108 9665 3842 5704 7531 6380 9644 5006 6126 7759 529 1971 5173 2741 540
109 3586 9444 3718 9031 8169 6122 716 9199 2864 7858 7187 5396 1461 6805 7925 3032 4793 7709 7486 958
110 6881 3490 9411 9284 7429 5899 1581 462 3504 7284 4340 5141 8598 4855 1112 6200 7032 1145 5053 7967 8351
111 738 2179 4679 9449 8300 3437 621 113 5458 8019 2644 2422 7481 9593 8761 4474 3101 4991
112 2176 1728 2018 8387 8932 6949 6373 7621 2278 5608 2634 9610 4750 4304 5715 4823 7575 6331 1503
113 4865 4102 3145 6251 4396 2061 3950 1071 1839 7921 882 6962 278 5049 6459
114 1633 7874 1539 5412 5063 8167 7310 79 9616 7762 8370 6323 2803 9683 2260 5399 504 6586 3130 9723 8700
115 6528 9124 3813 8870 2218 9515 8652 5966 7889 8146 2290 1204 54 9111 8441 538 8765 1631
116 5152 259 7715 5156 9161 3530 396 2508 3501 1134 6672 6034 9746 8883 5492 7797 4314 5788
117 2724 6789 1573 935 3143 4558 6030 2734 7120 3024 6516 4341 5014 2422 8601 5115 2013 5918
118 5636 1479 904 456 4939 2318 8142 7896 9432 2586 6170 8027 4317 100 8295 4840 9965 6895 1904 7154 3058 6643 6261 3894 3835 9086
119 2537 4873 9034 2922 176 5233 4274 1298 2739 505 5466 1595 2876 604
120 6369 1668 2340 4326 2982 134 9065 3081 2443 7758 3184 3376 3538 2226 9075 8725 6165 9494 9244 8158 7742
121 1984 3521 6821 6566 4167 9192 8203 2571 8750 4720 1265 178 7860 4277 4285 5247
122 6560 5318 7558 7912 7501 434 468 2932 7669 9877 4311 3543 9912 4633 1625 9178 3451 668 5917 5245 2494 8159
123 2818 1476 9988 1478 2279 2857 6313 5929 4490 300 4526 80 6578 6258 3158 9431 24 7288 1593 7706 8891 5788 7133
124 7072 2723 2019 2058 811 5419 3981 1933 79 6896 7122 7157 8951 1722 5917 6621
125 1152 8674 9545 2889 5386 2349 9040 8848 1362 7699 6900 7927 4314 9786 8154 6875 5052 5662
126 8289 2657 5762 5442 7684 3364 2052 552 4649 3017 1290 2699 4780 4941 1454 366 9874 6226 2643 2165 501 9273 2171 5500
127 6624 4035 6376 4170 9451 9073 8241 5746 4082 4883 2099 4020 6613 2517 3993 9244 1724
128 960 3137 6882 7557 1223 6954 6827 7883 4813 2607 3631 8977 657 4948 3157 6262 118 6743 1850 7133
129 385 2 9891 1988 965 6181 8233 3243 5073 8091 9404 9694 4734
130 9089 4481 6978 5316 8644 713 1289 5198 270 1295 3728 2128 5330 9174 6936 8985 8410 353 4901 487 9327 3578 9533 8125 6463
131 4864 4450 9989 8423 8617 6282 6155 2926 8718 5519 9679 4977 1042 84 4573 1693 447
132 259 9380 3972 4484 8839 360 6537 8724 4087 4375 1911 1144 5593 7579 8827 4188
133 4672 545 7425 4835 6212 3365 325 2150 9576 1896 9129 9323 9230 1105 2227 2999 5176 3194 7997 8062
134 6115 9829 3622 3528 2088 8365 6514 9555 6134 6454 7639 7513 3481 7609 2521 6427 9693
135 5664 7683 3653 9861 1317 5477 6375 7624 7820 78 3568 9584 2034 308 9461 3958 7769 25 6044
136 9345 8515 7283 2196 1721 4777 201 7930 4107 2155 6235 781
137 3521 1571 423 4008 2761 105 8587 1195 4011 4880 6613 3894 9462 9911 5367 9049 8253
138 8193 7649 3074 4770 1605 8710 647 4107 2001 7153 7699 7444 8181 2103 5559 8056 9114 2142 2687
139 1968 8609 929 5748 4388 4470 6937 4121 8890 795 7628 7917
140 3664 7792 2848 9282 818 1907 3590 9512 4506 2459 1469
141 6048 1186 5346 6916 5637 2184 8012 5715 5267 8950 1274 7995 7069 4957
142 7201 1667 1156 4614 6089 7852 9517 6030 2736 7472 7408 4112 6387 8470 4314 4731 6428 6271
143 7936 6724 1028 6790 7179 7180 5293 2098 2773 5144 1465 8476 2013 6303 2431 1279
144 2 7714 7461 6982 4328 8585 4779 3758 240 3476 4116 2229 2555 5949
145 4099 3044 5028 4647 5607 5323 8044 9615 2960 6961 3411 7507 5687 2393 4985 8186 6139 7708 7101 6909 6750
146 2213 9673 8172 3084 7153 1490 6355 5846 9110 3831 1431 8408 1562 7454
147 5322 782 7694 2896 1042 6113 5605 3753 4521 7146 8554 1963 9965 3630 9968 2288 2611 8947 820 7351 9207 5112 891 9791 7743
148 2240 1696 4707 1383 2183 2215 5002 778 5612 7438 3054 7153 6515 9652 9844 4053 6518 60 1085 7325
149 6592 800 4803 9156 229 8358 8646 2670 9710 8462 7599 7631 7088 3060 3830 4407 7547 5341 8766
150 8228 3045 9990 8263 8910 4624 3061 822 887 6744 5401 8025 2169 6778 6523 3580 7741 4767
151 7587 6276 6919 3753 1546 5003 9102 9615 6321 2962 1524 2805 5558 2007 6807 3672 2908 3261 2558
152 2785 4993 8775 4043 8043 8845 1454 5744 2289 2705 7379 1335 1912 4921 6778 4347 5660 7487
153 1121 8386 3907 2979 6470 9831 1640 8425 8298 9164 7854 367 9777 6547 2421 983 7001 9305 2365 8862 9374
154 5858 9795 9316 7653 4941 2414 8495 5840 8433 6291 2965 9397 3158 3799 4312 5528 5086 1663
155 3776 321 3074 6404 9160 6283 4619 8980 5908 7765 7960 281 411 7517 5023 6305 2855 7533 2933 6390 1142 7734 7610 4923 4093
156 5280 3041 5507 9351 839 9418 7979 5068 3885 3629 6895 9424 4144 8597 569 3482 2074 8092
157 3393 1188 7044 135 4787 5204 2869 3733 6360 9112 5467 316 926
158 7235 3012 5989 4423 7688 7400 4908 1580 3021 4237 7759 4562 1138 2036 854 120 7992 7961 1049 6044 3869 1950
159 1600 993 7428 5477 2182 871 5674 5038 5263 145 7538 5335 5784 7673 3739 6460 3036 1756
160 3521 8805 3494 8552 6379 8780 4812 365 6351 399 4241 2962 9013 2550 6327 729 9562 1531 6910 1471
161 1056 7652 2341 69 4357 9510 7367 1927 1195 2190 1039 5713 914 2962 6547 2100 7511 3576 7225 6715 2715
162 8194 7652 6152 718 7790 4398 3600 1169 9011 8821 472 7481 4378 9404
163 9408 6688 6945 8803 8387 6020 7173 2630 8998 8134 6888 6506 7787 1263 3634 1299 7413 9398 3830 7127 8057 3259 3935 2943
164 1986 1987 3395 9476 7365 2187 5389 1871 7249 6675 917 9048 6680 5465 4505 3108 6949 1383 9132 7410 7861 9013 8887 5688 888 7163 7932 3326 447
165 2240 3432 427 491 8717 5326 4206 3920 1394 1683 1812 9270 2682 3998 766
166 5732 6756 6088 1544 3338 3434 5867 8716 5134 5999 4948 3926 3383 2716 3966
167 480 6 3880 6377 777 684 1708 4588 7213 2286 5775 6671 7732 949 8022 6359 9463 5304 3772 348 7519
168 6401 3905 2437 9671 6087 1608 1548 973 1873 3089 6609 2962 9765 6567 2792 2986 427 2028 6254 7087 4914 7541 9461 4664 6905 6140
169 2049 5186 291 8227 9444 9669 3368 5099 1868 2446 8431 7730 1363 2676 5044 6742 8406 9015 2679 8439 569 1981 7807 4799
170 2752 6337 5251 8387 260 3012 3625 2249 650 397 9549 1453 8272 3089 8850 8116 7733 6360 7193 2204 3486
171 1731 7237 3015 1353 5962 9036 6092 6861 4622 2326 9560 3163 9501 6622 7652 1064 5609 3374 1904 5814 4791 58 4797 1341 9789
172 5954 3012 932 7176 875 5964 717 2800 8561 6002 147 2004 2299
173 4354 9858 8773 901 2696 1160 5704 4168 5326 2766 79 5647 4698 8668 7071 354 6627 4712 3050 4266 5552 369 9843 7029 7736
174 3074 1576 5320 2698 9706 9483 3632 1619 3316 1972 9621 5077 6134 3606 4311 5047
175 8416 6176 321 3458 2595 8103 6409 3468 3536 9970 2515 7156 952 7737 6843 4604 3677
176 193 2945 2531 3429 4901 9862 1800 5961 809 4236 5582 2288 2193 2898 4532 3990 5242 1343
177 3584 4610 8130 835 867 4359 3655 4232 1196 8526 6130 7795 2643 1396 4379 8155 8829 7294 510
178 6145 8834 5538 1730 2693 8133 1606 3240 1960 3113 2699 1869 7341 1710 4975 7856 2420 4886 2329 9113 2171 1246
179 7456 6240 5831 9543 3116 8557 6258 6706 5715 2453 6426 8731 4923 7197
180 7968 3075 4228 3079 5321 650 8490 6795 6188 5520 6416 9392 4337 6737 3602 7859 5331 1782 8442 8794 9659 3071
181 3904 1760 9348 8676 2444 8462 7886 3502 6735 2288 3665 9649 6481 6834 5779 2008 5849
182 4033 4487 7688 2377 203 5260 1741 7182 719 2643 979 6358 3926 2527 5921 9825 2529 5029 1134 9139 5048 7675 6460 1213 7806
183 5153 3329 2 3812 9991 2087 3432 2732 3820 9484 3309 1134 7630 1043 5494 8824 7352 6744 7833 7739 5915 1150
184 5345 2467 7045 5445 8741 6953 5738 2096 8947 499 9812 8021 3894 1276 4284 2332 7902
185 2818 2114 8386 355 1000 1641 8489 9196 2349 431 1393 9650 1810 8468 2519 5784 1596 7005
186 5796 4708 8324 1607 2343 2857 4974 4559 3279 1105 4818 6867 1587 9848 857 1658 7355 5119
187 866 2404 2630 3910 8230 9062 6920 2505 7689 7950 6798 6161 4242 435 2643 6454 6616 794 6555 507 8092 9661 5885 9757
188 7040 7680 321 66 9444 2116 5030 7110 1127 4362 8714 2666 139 5323 1550 7023 6386 9714 7027 6332 925 7678
189 7683 9347 7652 3783 6151 4781 1583 4276 6326 1367 8313 4795 1371 6299 412 4253 6334 7775
190 7489 4866 6274 9573 3269 3942 2246 9800 8200 5164 1332 221 2621 5309 734 6623 5215 7839
191 7136 7076 2503 2727 2698 2223 3666 5650 5651 6613 7864 6713 8799
192 9313 1986 9186 771 5064 3497 1833 8078 1102 7983 6417 8147 5843 7476 3220 1463 7544
193 3072 1058 9379 3207 1383 5481 6538 7788 4624 3766 247 7385 7801 7449 4953 154 1339 7454 6687
194 5666 9219 7652 4647 8008 7944 5448 2858 9902 7727 9968 1488 1814 694 5854
195 3077 8966 8711 5771 3981 9615 1552 1104 8402 1495 2904 6554 9311 4385 4963 8487 5864 106 6509 1774 625 2804 6453 9656 4858 3261
196 417 4195 9155 8579 1700 9896 5386 3370 3853 3314 2612 8344 6201 3676 6014
197 3936 6912 736 1153 4259 259 7622 1353 1482 7474 4690 6227 2010 3995 508
198 1601 8644 2186 3146 7627 1932 5581 6224 2128 5400 3226 4828 732 8930 3493 3109 1067 3756 7407 7153 7409 9842 3897 5689 8254
199 6369 1154 4293 7526 9416 6186 5101 5517 8533 9558 9657 1146 2970 2237 4189 4093 1375
200 483 420 9988 5383 3240 7177 362 6058 8556 7055 2353 6545 7666 3061 5142 5080 2745 9977 6875 6236 3135
201 3745 3427 1125 8389 7686 199 4489 8235 2539 2987 8140 9580 5772 8973 2577 7602 7570 2611 3379 8342 2141 2495
202 5313 1060 4356 5125 9701 519 4679 2183 1193 2346 4594 6549 2423 3735 6584 3609 3775
203 7296 2562 8871 7434 9771 2957 2894 4878 4686 3376 2768 5041 819 2005 4278 2424 1656 7419 3964 7933 1150 9279
204 7841 6051 6115 1705 3114 3403 7596 4909 2062 2735 177 2865 1843 4468 6869 6933 1623 8220 7676 9918
205 8613 6153 1035 4431 8431 8751 9199 272 6641 6258 466 9493 4693 7030 8599 3479 3097 4985 8507 3005 2623
206 450 2533 4037 1893 4520 3080 7560 8494 3982 5391 7217 4210 7219 19 1109 6677 4534 3452 9374
207 8672 4289 673 4035 1668 7364 5412 4709 2668 3982 1808 4177 4020 2740 9236 4564 8121 985 6233 4154 3675 5053 6558
208 4544 7105 4034 4418 8453 3334 457 5322 2827 269 9104 2707 726 3543 4377 4060 6302 4065 5411 3305 3635 9075 1590 7929 1149 5821 5566
209 4496 5328 5218 4979 627 8531 7254 1835 6987 7931 8942
210 9633 8481 3842 7618 6020 9668 900 9412 3877 2375 3944 4745 9930 1611 300 3410 4084 8982 5304 1368 4313 3035 4891
211 9089 8994 3363 8069 6054 4680 2026 8491 3435 7564 8332 2125 3885 8881 9041 8785 8819 8315 8284 2781 9247
212 9248 7904 1153 3777 8705 7012 5861 296 394 6860 8780 6479 3762 3862 6295 7671 1178 8287
213 2305 5217 8647 5066 8650 2666 2603 5360 9238 5719 1784 5848 2104 6202 8251 9405 7007 1791
214 4737 4162 6659 613 9453 9265 244 2228 4949 4983 9721 3513 26 8571 3581 1407
215 5953 7907 1191 3784 8841 4814 1045 2167 4151 3703 2713 9466 5179 2651
216 7104 1985 2722 5445 9318 6344 9098 4110 9168 3506 2770 6292 1877 4855 8728 7038
217 6049 7266 9029 4261 3847 4170 7370 2670 1775 3729 625 9586 883 9559 4760 8474 5882 797 4414
218 6913 8673 3362 6531 8069 5061 4967 4362 5773 1197 6289 9491 1555 8788 8982 2327 2935 8185 3129 9050 8733
219 450 9283 3652 2055 138 7756 8781 7053 598 412 4636 1564 157 4192 2080 1190 4007 2666 6635 2668 7790 3758 5873 9075 5239
220 1216 4548 1864 5962 7946 5775 8209 8856 6298 6042 6554 8539 6621 6365 8670 8223 4129 3681 3750 745 7342 110 4402 9395 6451 5813 1401 3641 2938 5948 8125 9533
221 3779 7940 1288 3626 5454 6415 4786 2610 4916 8631 3128 698 3165 2109 6269
222 5841 8609 9172 7909 245 2072 7368 4376 8601 6395 205 9119
223 6211 2214 8807 1097 9353 8908 6733 4494 7406 9969 6418 6391 9975 3543 4792 8798
224 7617 7426 1059 5764 5445 7813 5095 9511 1931 6767 1999 6544 9783 4857 5020 1116 6077
225 4740 1668 6693 140 8332 4368 4339 5560 3065 986 1405 9213 2175
226 8832 3905 3554 1763 2275 5219 9027 3557 3077 7142 8838 4326 8327 7050 6124 4238 4015 2033 850 211 1847 2264 1401 542
227 2240 7429 207 9359 6161 4179 9300 4824 1560 3801 3866 8859 6557 1566 5088 8484 3877 1255 3753 4077 2797 3894 9402 1979 1085
228 1793 8867 7786 9291 8429 2990 5296 402 6357 2903 3833 5563 4349 6141 5917
229 9377 8450 9666 1826 2244 5412 1828 6503 425 9001 8685 9646 2959 8176 1201 1139 9364 7254 1562 3262 767 9215
230 6465 642 7 265 5962 7884 3023 8975 5904 4561 6161 2962 6547 5206 7126 606 7970 8098 5283 7396 3956 949 8375 4222 6143
231 9440 5248 9088 8418 102 7270 5543 2699 6796 3757 3726 3023 4623 7919 1329 7505 1942 7575 8728 5693 6398 1406
232 5120 8160 5539 2500 5445 9926 6537 3433 6922 9163 9003 5869 6320 3186 8564 6613 5526 9369 2874 155
233 640 581 1383 7817 4746 8235 8844 2414 2576 9138 946 2454 342 5592 8377 4187 1980 1246
234 3586 5700 1668 4421 5203 7316 2650 8794 9758 415 1442 8419 5604 4199 935 9384 5099 238 8559 9264 7219 3700 8052 4660 9533 5437 9215
235 8994 1347 3817 2185 7274 3948 3053 6509 6894 7534 8015 8532 1813 791 9816 4959
236 8491 6510 1327 8623 8912 49 1234 5683 8406 1754 7099 7867 827
237 6981 5383 8907 7949 2384 3603 4563 2516 4057 3232 2340 5541 8037 5801 5865 5295 9010 8498 4020 8693 3830 441 1017 3579 6975
238 609 8227 5348 6564 4358 5190 774 2121 7850 9071 7247 752 7473 3764 404 5429 828 4381
239 5121 9415 5129 905 843 3500 3599 8848 7120 6832 5715 9302 4984 4031 8671
240 4416 8580 9094 5192 6920 9997 6799 5525 1750 7575 1560 9115 4199 1256 9448 5677 2733 239 7088 5042 3827 2422 3767 2744 9979 5308 3006
241 2113 5986 1410 3715 7204 4612 1670 1287 199 7883 6604 3117 1582 1905 9845 55 9273 796 5277 8958 2047
242 7808 8003 8964 3877 7880 1032 9290 8078 6223 5522 4787 916 9847 2808 9304 9627 2972 1343
243 65 1890 3011 131 7524 2886 6470 552 153 7754 9772 703
244 6244 1767 1674 2220 236 6732 3343 7215 8400 1328 4912 4531 5395 1524 2718 5471
245 2753 6082 1346 7333 6565 7366 1063 5895 489 5322 5099 9964 3758 8528 9237 3319 1944 1979 7451 9788
246 6018 4194 9603 7240 9032 1128 1803 4909 5715 6483 1654 1849 1215 2975
247 7392 3392 545 6530 8260 9735 295 5448 2412 4717 8046 9871 5584 3153 7697 2962 117 9340 3454
248 1441 4161 8898 9990 2790 330 9324 7949 5839 3249 6802 6067 4020 5845 2359 4282 3547 412 4028 5983
249 4193 964 5863 9319 8968 1226 5003 4333 3277 9453 3151 7696 6354 9139 8212 7509 666 9050 4123 7899 9181 7389
250 3441 5762 3172 997 1270 5930 3018 8477 7437 9933 8703 9375
251 901 9734 1065 3242 6827 2413 8591 3696 6800 880 9521 3313 7955 4372 3543 279 2807 7545 8698 1370 3291 2685
252 7745 1058 2499 3463 6440 2345 3977 4234 2986 8844 5329 9809 979 9080 7160 6744 2649 5339 6428 8444 7709 477 7167 2143
253 1984 3648 3106 3203 3811 485 6309 8934 6153 2986 2251 780 7756 9133 528 2064 9523 9942 1848 5818 442 6300
254 928 6082 2883 6469 9253 8390 4456 3561 7977 8812 5709 6606 399 3377 7383 761 90 1050 8795
255 3270 7048 9545 9995 3563 76 1934 1041 7377 9778 7059 5783 6425 8570 3771 798 6654
256 7776 3620 9830 8711 2058 1644 8876 7791 943 3856 2992 1137 6129 7922 2867 3380 3702 3127 663 5849 4697 4539
257 2240 1952 6977 7170 4898 8066 3271 264 5163 6029 6064 4692 4822 1242 2203 8252 9823
258 2690 2852 5351 8105 4809 9294 7922 5490 6164 5589 3671 6136 8889 3229 1790 3839
259 352 5507 5286 6759 4071 7020 876 400 6036 823 1879 1527 1273 250 1979 8796 29 5437 3103
260 9793 4901 5893 3046 8902 3783 5896 5450 7499 9551 2002 1330 6675 8371 6996 8212 8406 2489 6458 1053 4574
261 5696 2 450 3043 1637 6054 8744 906 6635 7405 2704 4400 6290 1429 1589 9527 3737 2779 5149 765
262 5824 5794 2340 9160 7881 2474 7306 4011 8109 590 3342 8462 4943 9200 9265 4401 757 8566 2902 7894 8600 4472 1496 5630
263 4802 6691 7779 9957 6341 4870 3846 5862 7240 9130 8236 3244 9197 6445 5326 4367 2962 3700 1079 6647 7289 3034 9275 8831
264 4896 6817 6242 741 1224 2189 8239 2288 9457 9939 1299 9589 565 7703 7355
265 8320 930 3877 6918 552 9836 3757 9325 1613 3885 14 6094 9935 2415 5583 2323 6707 3989 8503 9655 4377 6938 8830 735
266 1121 226 8198 3304 3945 3691 7692 8460 2927 4752 2578 340 9428 5910 8088 2555 9403 444 8092 4958 2078
267 3714 5762 9540 9991 7883 141 4045 6349 6670 7762 2962 3414 1496 4314 1247 32 9764 7654 5226 8427 3885 8111 9968 2288 6195 4216 8058 1083
268 1632 546 8131 710 1415 8810 6989 1455 7762 3602 3539 4819 406 5816 730 8506 9404 2717 3199
269 8770 7042 1413 9992 8265 4811 6613 5913 7517 7198 9374 5407 96 8290 9510 4071 4455 3241 4909 4782 6511 9777 3827 8183 6267 5821 5437
270 3074 4323 1316 4069 4361 7082 3981 8014 6608 5265 5398 2968 4344 5657 5471
271 4002 3523 4900 7749 3751 7687 6057 6189 1742 7984 5105 3637 2966 3354 1339 4988 1501 3582 5567
272 352 8257 1923 6275 6084 8708 4197 6886 4935 2856 9101 2260 9654 4919 3288 6489 3163
273 3936 2240 7043 5667 9766 5064 6219 4653 1710 3510 1496 9114 6620 8509 8543
274 7232 5569 3491 2666 8782 7186 7699 4020 5529 4830 6078 6239 831
275 5248 8514 3043 5798 9898 5485 1458 83 4469 790 4727 8247 5531 2427 8220 9406
276 6306 5763 3172 9414 935 9932 6700 1103 2288 3184 8530 148 7413 2358 9078 311 6264 5241 5019 4539 4124 4958
277 1348 2981 5799 686 5998 4625 2164 6613 8087 9175 8471 2105 3322 9051 4443 5373
278 3521 898 9730 3748 5957 5703 616 5547 7789 3758 9582 9583 9039 4592 9585 1299 6838 9750 2904
279 2627 3012 6692 644 7652 6021 8709 7397 6469 4807 8937 5034 8013 9938 6258 7251 7161 7868 9116 3965
280 7105 5187 9219 9541 234 8491 6924 7820 1614 5934 3023 9232 7313 8051 7542 503 1821 6942
281 3584 7553 8961 1058 7875 9827 4035 8134 9383 5352 169 6698 6765 4527 9775 5810 6038 7543 219 3004 5181 991
282 2340 7880 2121 5097 1707 7821 3693 8495 6287 7506 7640 8153 8123 3837 3711
283 7457 610 4356 5 4295 2346 5898 748 3852 9581 1358 3918 912 9298 1048 2201 8188 5501 1598 159
284 4929 6402 7077 4838 6507 3470 2191 1809 7314 5172 8148 8534 4345 6170 8826 7740 5692 925 4254
285 1248 2593 3650 3331 420 7653 2918 8042 3215 7762 692 6105 9245 7262
286 8068 8645 9190 7369 3113 5899 8686 9487 7248 6672 1299 3796 1238 632 7736 3643 9916 7423
287 7713 2882 6661 6216 4619 301 7438 3823 2416 4432 2355 5783 4665 1051 2875 9852 1309 4735 799
288 1665 2497 5859 5860 1542 9414 9865 5772 8492 8206 2031 3855 1499 5147 5502
289 6464 4258 7747 8612 3012 3014 6568 3624 2795 3405 6190 5038 79 8211 5942 6935 6619 1916
290 769 6470 5767 6599 5838 8142 8302 7285 7029 4245 9685 8920 1818 3804 9276 2238 6431
291 2304 3104 9056 2791 935 1543 4937 9358 3183 3376 437 2389 4181 8026 667 3836 9565 6781 1534
292 578 2025 9994 1004 5870 2127 9842 9811 984 8600 5369 2553 6556 6525
293 4128 129 6851 707 7559 4967 1352 9007 4944 1841 7537 4531 4884 8215 6424 1720 5530 9244 5247
294 3808 9153 577 3941 5478 1095 5257 5482 5964 5740 6540 5229 4342 6712 2140 9436 6175
295 2917 421 8488 3560 2124 108 9007 5327 2160 368 369 17 6547 7318 6296 8920 7036 8348
296 6112 6209 6658 5448 3752 2538 3178 1323 1900 2192 2579 9335 5368 7096 8312 5050 3708 2399
297 4391 4106 1930 810 1962 4272 1681 9139 9173 5208 8505 9465 9371 8411
298 9216 3840 3265 2439 1287 7848 8618 6922 2923 8269 2288 6000 8885 4117 2198 4150 5430 7415 4475 4956 5340 9533 3997
299 7363 1668 101 838 2790 647 5096 6921 4714 492 2412 6672 4976 2481 7093 182 4056 8762 5211 2526 3006
300 4962 2210 7266 6022 712 9224 8234 6635 1964 205 7086 4942 1423 8145 6865 3665 4691 8499 9171 6519 2904 2617 8282 8125
301 7296 1638 3146 7050 971 5835 3949 2989 9109 7798 1688 9818 2236
302 1315 73 8842 7021 6351 687 688 9937 5075 4212 8981 5017 9533
303 6496 2850 7267 2915 4965 1670 425 7787 9195 4719 9231 2256 3312 9873 7762 8434 8340 3668 8894
304 4032 768 8449 1762 9285 5386 9578 2986 4587 13 79 8495 847 8688 9362 7956 5175 8345 2555 1534 5470
305 1984 8837 9478 1929 9674 6410 6635 9259 9645 8466 8083 3316 5751 5880 6457 6044 7740 5535
306 1187 1380 420 8004 5097 2986 3754 6026 5645 6318 1647 8816 2065 5748 2870 9626 5212 6748 7037
307 7360 4352 707 5507 9349 3207 9928 9481 5901 2893 7698 4243 7575 9178 4507 9755 9757 6687 7331 165 4967 1961 1385 9579 172 5294 2486 2810
308 5504 131 518 202 8331 5006 6736 18 5268 8341 9301 3032 3160 1305 2970 9179 862 3550 3103 7456 1125 2601 2537 5802 1711 6385 569 4286 6526 6270 63
309 4097 1672 1105 2866 7026 5011 9107 8789 8918 9209 5273 3642 5340 9533 1727
310 6528 2304 6406 8840 7438 7054 2319 2643 8085 4442 3227 5596 9309 8478 5728 2401 2339 4132 6500 7399 3111 935 9260 3572 4855 8125
311 9120 1697 3074 2884 1348 8677 6310 8711 1260 5869 4845 8878 6863 8720 7984 7153 8275 8566 695 3319 1336 2552 7770 3994
312 6336 2944 321 130 5094 6695 3016 9834 4108 9968 6547 6452 6776 5339 9948 8316 6014 5534 30 3231
313 6979 8009 6538 8462 463 9295 847 6482 4051 7699 1622 663 728 2074 2079 1761 2787 7525 5543 4584 3304 2929 6967 7486 895
314 2721 3586 6538 5514 7883 6477 2925 6030 7822 3535 8624 5072 4400 3409 3858 2867 1940 3669 2837 53 9495 30 7582
315 2819 7172 8965 5606 5158 6632 8104 745 6666 4561 3284 5364 9524
316 8067 5412 4933 6117 8678 5962 6572 7309 7438 8431 527 7795 5587 8759 2107 603 2173 863
317 6336 9217 9474 2725 5737 4970 8811 2638 8687 79 6959 6480 3633 5875 4340 6777 5950
318 4930 8518 2983 7657 9866 5388 4879 2639 2480 4688 1364 468 7988 2168 7001 1978 6938 6590
319 1858 4742 9159 1865 6859 2315 6285 1745 8594 1238 2327 220 8864 4004 8294 742 9255 6512 4081 310 7159 376 7736 9083 7355 4926
320 4832 2976 7713 9347 4616 2344 6793 3914 555 3983 7055 1425 2737 851 2391 1465 8797 3743 2591 7551
321 9376 2240 7393 6465 897 9537 8163 1220 9637 2407 8363 2063 5234 2900 4309 4695 379 860 5150 7647
322 3200 4453 935 6827 4109 3117 4846 8722 9970 979 9526 5848 1210 5947 6811 7997 541
323 7013 6725 5958 2983 7659 76 3308 9676 7244 7725 2383 8143 2101 5111 3607 4343 5815 4728 9625 1403
324 1025 7874 9972 7062 2486 9000 2314 9211 8635 8603 7148 4590
325 4352 2464 4256 1091 1668 9607 6407 3208 1289 137 6505 649 5962 9453 6671 7119 3567 6352 1779 5876 9012 6101 5785
326 516 5446 2310 8583 39 4778 6890 525 1552 401 6997 183 5623 8952 7293 4510
327 9281 1798 5193 77 8910 3792 1042 8403 4884 1557 2709 1815 8539 5340 9372 3230 1125 1253 2856 105 2985 6892 2029 9199 9145 6266
328 2402 1859 709 5509 5734 6631 6538 427 9551 6543 5359 6001 2771 9848 3864 3512 9499 4955 3485 6397
329 608 843 1838 9518 4783 2195 6166 440 216 1753 8185 2302 5375 8287
330 2978 3298 9763 2629 9930 3758 9103 2288 2000 7440 5553 6770 1365 6646 9659 6686
331 8448 6498 1669 1093 3238 170 2155 1739 908 9262 1934 8528 6771 662 7191 7831 3032 2232 3003 4091 3102
332 1601 9090 7074 358 3111 7210 4045 1232 1523 2387 5684 9013 6550 8086 3385 2683 5758 7199 255
333 7012 390 2439 3527 5512 970 9804 1772 750 9775 8113 1206 8122 2491 9083 4924 1117 3902
334 2211 1668 3877 7623 7435 9387 5803 7308 3885 9007 1105 3699 3156 2197 5848 7064 569 7865 3066 3675 476
335 3584 6434 2594 1731 5219 8135 2440 7498 2986 1324 559 5169 8470 8150 2264 9401 5690 475 1822 9151
336 7137 7719 1832 3373 751 5871 2833 4340 5366 8374 4438 1752 6712 8218 9946 9758
337 8832 3424 4772 6343 3533 722 7699 5653 6423 727 4409 4667 380 5437 4638 575
338 7200 6465 8997 5992 9261 7663 3408 7185 1073 1746 2962 3381 9717 4982 6870 312
339 3235 7044 6436 4517 5797 2822 1542 8651 3275 6222 3982 1903 7087 5973 9077 8758 5112 4664 6584 9337 9436 1148 8988 4350
340 3363 9027 643 5379 2340 6149 8293 5062 166 2247 8910 3086 8464 3889 881 7762 6741 1686 8888 760 8572 5628 1086
341 9984 7972 1765 7846 583 9160 2027 4497 2962 6482 116 1717 8118 8663 7895 2616 2488 7452 5661 4670 4575
342 1092 5636 4327 8136 5898 3532 9197 45 465 2674 8882 7285 4310 1398 7513 2652 1567 5055
343 720 6482 3555 4292 5781 5926 918 6824 520 9884 8671 9807
344 8896 7746 4901 5381 5160 5833 7338 6574 5170 7796 1588 9301 6263 2301
345 4736 4483 4070 2951 3528 2473 6217 5546 3051 5677 558 5715 3927 7065 1083 7709 446
346 7041 8129 6534 3720 2285 6991 7567 1136 9301 3189 6424 8249 7291 5724 4669 4605 574
347 6944 3746 6947 8484 935 5996 7565 1454 7695 9876 8372 5431 3256 665 3870
348 2465 6177 7652 4325 1351 9705 3818 6827 7851 9678 3182 367 81 8049 2834 7698 9908 951 1271 4855 5880
349 2114 9026 3 7395 1091 7012 7844 5511 4199 303 3344 7824 3701 8278 9654 951 9370 7354 5726 1950 511
350 3456 321 4546 4994 7652 3397 8357 5098 7691 238 4334 9968 1137 9137 2483 1395 8084 8599 2618 9018
351 7456 2881 9060 868 393 1610 4171 6123 5869 8333 7055 3794 9747 8405 8662 8438 3064 4765
352 896 5572 6534 5385 2060 6413 2325 2456 1625 6490 3163 7965 6880 992 5600 3810 9955 3431 8812 7598 9968 6705 1009 6903 3959 2877
353 4129 7298 4613 6758 199 712 939 5997 109 3697 8242 3027 8595 4628 3380 8893 9470
354 1 4677 2757 1925 9990 2120 1293 7438 5007 9936 9045 7637 2518 412 1505 6945 2790 5163 3883 4269 878 6960 756 4661 9400 7736 5880 5756 254
355 2560 1248 5255 3564 2704 3537 977 5298 4978 8851 9749 6681 4249 569 921 27
356 3873 4997 7496 9385 8907 1451 9708 6893 2669 7278 9070 2704 8659 4404 3509 3798 8666 5980 4988 541
357 6628 1508 8421 1349 8938 8908 1005 3982 1299 4788 5941 6810 4635 6204 1311
358 9218 5634 8293 7981 1261 2673 212 1141 8757 3894 7224 7641 5755 6076 3805
359 1219 5670 7238 2790 9160 7272 6986 5578 2064 9968 9713 7569 7762 7379 7732 8852 2708 8599 2839 3736 3832 6458 2269 5342
360 2209 6178 4739 5925 7974 9223 9386 8171 1901 2767 3249 4946 9426 6709 4565 8661 6550 9244
361 4576 4579 5059 708 3876 2085 6597 9286 454 776 6955 9591 9979 6878
362 6946 3074 2146 547 3524 6404 4104 2728 3561 3082 2317 1231 7439 947 6005 758 7095 7260 925 9565
363 6312 2825 8362 5035 1484 4558 467 8376 1240 1145 5401 7611 1149 4127 5951
364 4225 8130 677 4743 8936 8140 2735 4145 979 51 6230 8310 4311 3447 8987 7804 1373 6462
365 1920 6020 7239 8555 9356 4045 3661 5678 3152 1778 3155 6772 7414 1179 8927 223
366 8706 1443 1670 1611 8075 812 1868 9904 6768 8081 8883 7892 4437 8922 5434 475 1628 8124 8732 4764 5597 6815 4415
367 3968 2242 3939 8483 9669 4535 8713 4153 7243 6413 238 1294
368 3553 8962 324 8106 1866 6028 3404 8045 847 3345 7413 2774 9718 3577 2333
369 2114 4004 9492 213 37 7546 6906 5850 2398 2254 8446 9903
370 2128 5168 9808 4260 4135 1481 7945 5787 7116 1884 7324 7246
371 4641 7234 3012 2058 6986 5067 5451 3020 5484 6061 305 7732 5141 6614 6167 3704 5945 2875 5436 541 8030 7934 4063
372 640 7616 1411 4324 2149 3111 4393 5387 5292 9292 1297 5201 3219 7607 5271 9688 6808 6844 2559 287 1055
373 4836 5508 7174 9129 7337 5196 494 8910 5295 3023 6001 8562 9368 7323 1243 5852 7998 5855
374 1344 6914 8355 7267 2885 3593 8138 2475 3148 813 4174 6130 7576 3513 4571 8319
375 5089 5219 7811 8035 1956 5862 6570 8010 5868 5230 815 6099 9781 2583 5183 6047
376 7077 6086 935 8231 521 5483 1675 7275 3659 2030 9007 7056 2994 7924 3830 1846 438 2327 345 9691 2907 3710
377 1281 2818 5250 2820 6085 7720 560 5362 5906 5270 6966 7575 1272 5209 2458 955 6683 1181 4542
378 9604 3782 6121 4457 9167 3792 8630 2838 4694 4215 1079 6327 5433 858 7066
379 3425 2369 4068 3366 8808 4905 6153 7722 2955 4077 1422 719 4824 2426 6234 62
380 1889 1249 674 1252 5349 2469 518 1222 9544 1387 5715 5299 2134 9751 183 762 9819 6014 382
381 3520 4609 1955 5702 198 6726 1734 3723 1228 2732 7629 4302 7951 79 8560 7314 9461 8248 8634 4413
382 7553 931 8164 6470 6278 4390 3533 9043 9363 5013 6487 4441 8893 3069 991
383 7554 2148 935 6855 4296 1194 7883 398 1296 1010 372 3860 2679 8919 5880 7483 8284 7455
384 6466 3623 8264 8746 79 9519 7347 3028 1941 6774 6970 1627 3996 5054 5182
385 8450 9224 3976 9675 3602 660 6677 6934 8535 6362 6429 1570 8994 8614 1769 7082 5676 2095 7728 9841 755 4340 8948 4796 8189
386 8387 2566 8456 2760 2633 8457 4815 208 8212 6550 5848 5402 2270 2463 3937 1252 1125 7219 6773 6778 2426 1723 6717 1277 4095
387 7362 359 5515 1164 7629 6829 1774 5264 9331 6771 8212 5365 1238 183 88 6488 7226 28 3132
388 3521 6818 162 1126 8360 1579 2540 879 1520 721 8150 8188 7359
389 3331 6917 9702 6920 7049 6474 6891 3789 7693 3885 2542 4399 3795 6836 4820 9301 8406 6040 3610 90 2844 2524
390 2752 2 2115 2630 7751 8392 6218 9802 6986 5643 8140 79 208 7001 6174 8800 3937 4705 8994 1445 3750 233 554 1066 7340 7857 374 6010 8830 2239
391 833 1252 5156 5990 7782 968 2794 1679 5972 6967 1559 4152 1752 4828 7132 2943
392 3296 3936 3489 933 3496 3819 300 5458 2067 8916 6228 2102 3575 919 8440 7193 2175
393 8064 2 1731 739 7495 8713 7948 3823 5682 5107 1174 7736 5177 2777 4572 6044 7261 8286
394 1185 321 2 132 1956 9607 3079 9224 6504 43 2543 6576 8912 7121 9906 9682 2452 3541 6104 3320 3803 4636 3806
395 2051 3656 5161 1993 4522 8491 8459 6737 817 4692 948 3316 7192 6716 1981 8958 702 2271
396 8994 3394 5795 5155 7491 8996 4965 2024 4234 5677 2447 3543 5370 9883 3293 8447
397 1376 4449 5443 8644 8196 8296 3657 8841 522 3468 5145 1050 2109 6749 5214 3134 3327
398 673 6146 580 9381 2533 5638 4326 2569 5995 5355 8011 4141 5457 9138 8116 3285 4757 5877 4602 1853
399 9600 4035 3592 745 1801 2859 1260 3597 1805 9423 2192 2769 5457 4434 8018 8756
400 5216 9185 4577 5090 3875 5220 7141 1799 2954 6669 4527 8592 4689 4658 1557 1719 3159 9720 1177 9594 474 61 5439
401 4257 6753 2050 6082 3106 1446 9480 427 9197 5902 7503 9743 8722 6388 1652 8790 8119 3164 5374
402 5248 7009 1922 7748 4199 6119 1289 9453 4786 2580 9076 6133 1238 6968 2746 9659 6396 9085 5533
403 5090 3267 9795 7780 7429 5446 553 3434 8170 8747 6667 780 6862 3025 7413 631 5433 6938 5082 4411 6364 925 2366
404 5857 8033 2 1510 3783 8615 6575 8177 2097 6065 4755 4917 3541 9208 2842 2555 5307 924 6973
405 7008 2433 2434 8388 452 1957 3079 8935 1959 7367 9003 683 7085 5326 2799 8946 276 3093 3415 1436 732 2973
406 9280 8259 3395 5317 5063 4938 6347 2988 3822 3375 1233 8628 6486 8439 6873 4026 8858 9467 3195
407 737 3074 6594 4133 7880 1449 6025 6923 4108 4047 9043 4021 6581 2263 2554 4218 5468 9182 3422 1695 8991
408 1616 9568 8432 6324 2996 3670 5223 8152 3562 4940 1774 5727
409 7969 3169 6819 4901 2533 488 3337 910 9806 5167 1360 273 9139 116 4054 3446 3894 4728 3417 4763 5340 9533 1117
410 513 6049 2146 5122 6883 5446 6503 6311 1256 8105 1514 4523 2924 6196 4180 7510 9177 4062 5311 6655
411 7552 3297 450 1834 6602 5706 6348 9391 271 6898 3797 2872 6618 4091 7549 5565
412 8900 4903 2952 9833 6731 9004 7856 3537 8658 3895 4345 6588 220 9341 9566 830 5695 4671
413 5504 5889 1159 9032 6984 8649 9355 4684 206 6610 2194 1939 2643 4308 5143 7256 2265 8922 7643 4444 3871 352 5027 1833 9268 7732 1979 6075 6269
414 1473 9602 3202 8899 1476 9608 8969 4558 2066 6739 7123 9047 1496 1305 3099 2589 7519 3106 227 9123 4134 2729 9066 110 4591 2673
415 3104 4805 1541 4134 7049 7949 6478 1680 9968 1650 1202 5874 5656 1880 3225 6141 4607 7327
416 864 9314 5093 1895 1992 5065 9129 3690 5580 3982 9007 7356 5276 8157 7613
417 9222 167 8235 8204 7180 783 7088 5968 7600 8660 8246 5178 634 955 4159 5663
418 1026 7781 9352 9609 8618 4042 108 9296 1424 432 1715 9940 1749 2038 7034 5307 6939 3932 2750 8190
419 8195 6021 6150 7656 235 5836 7949 205 6701 4013 3245 9230 1840 1845 4821 246 8854 6584 9628 2335
420 9920 4480 2177 9637 8519 1223 7304 714 1419 6958 7151 7153 6225 7028 1878 2013 4766 2590
421 5536 3427 4741 4169 8043 9901 1773 5869 5677 8815 1072 5040 9008 3474 761 7321 4314 1851 1948 4893 637 1118 7006 4286
422 8224 5056 9057 802 1570 1956 4203 3531 5742 5359 6928 3763 4340 9366 6231 6840 7641
423 4928 7296 8384 1538 7939 6534 8711 6153 979 4760 3096 3100 3742 352 2272 1061 9638 2407 2283 1645 9007 9842 3316 9332 9460 9141
424 2240 6785 7810 5029 457 3146 7883 9067 3821 5583 7887 7183 7280 979 7893 4502 6296 9688 2233 4892 2175
425 321 9480 3465 7178 652 2892 7063 9945 347 2462 2655 930 2403 6437 3111 2536 8361 1647 4527 2546 2549 6583 5880 5438 7615
426 449 593 6116 551 3095 3991 7895 4920 42 3466 6926 2847
427 7457 3203 2666 1034 4462 6382 8079 3379 243 2294 7448 3961 571 3613 7997 2878 8062 7806
428 1536 3616 1381 1510 7302 3398 7591 776 3240 1292 9008 3923 4627 8116 8343 279 4632 6041 6842 4191
429 6528 1091 4036 6021 3784 6280 7436 79 2255 5074 6547 7702 9176 860 7521 8036 7268 8809 937 4913 6522 5307 6141 9534 9023
430 33 8513 6803 6549 6294 7017 8202 8763 8156 8558 6879
431 67 1412 2308 5162 9228 8846 7732 3865 953 8667 7836 2846 9502
432 7138 8738 4034 3975 9290 4586 9803 3214 2350 8175 1743 8655 7632 6260 4340 1625 2555 6940
433 6338 4039 4553 458 4650 5643 8428 9903 5103 2161 5489 2962 9139 8853 6101 374 6486 4762 9310
434 4420 456 6729 5705 3307 267 652 9709 7085 6447 8687 8049 563 2707 8180 6580 8501 9653 3703 4668
435 4960 1025 2274 6722 4615 8359 4906 8463 1937 1361 849 4178 4020 725
436 8992 1794 9731 9091 5445 293 3752 7816 6250 1130 2701 3119 7668 3638 3706 155 6203 3900
437 2368 5026 8423 9097 5130 524 6060 7634 690 1426 9044 2932 6101 21 7126 1369 2969 3354 1117 190 6015
438 5793 2532 6853 38 9162 4044 4749 4463 7536 3376 5905 3473 1299 3894 726 5754 2458 9886 2783
439 4512 482 6082 8711 7207 9868 7597 5807 5104 5554 6611 7987 2100 3863 4536 4730 2490 1147
440 5985 5890 7459 2887 8712 2409 7053 2895 3088 6160 3154 691 6324 1942 7862 2327 1690 6011 2043 8060 8702 4511
441 5761 8610 5154 3845 4360 5673 7949 592 9842 6837 8921 3707 1182
442 1761 2920 5769 874 7978 9931 8461 5743 8978 9042 658 6899 6356 4437 7669 9206 1662
443 2337 7490 8130 4580 4199 9256 8043 9805 527 9199 1042 6259 6613 5815 8183 2264 6938 8250 6746 8764 2812 447
444 1571 36 8486 646 3083 9837 3792 7024 8914 978 979 2870 4824 1786 2906 6173 9822 670 2879 2911
445 4385 7652 7301 2858 4973 7277 142 8431 3985 1876 2806 2135 5752 1432 9595 2491
446 8134 6603 2445 6414 5909 535 6809 2522 9821 1121 675 4389 7336 3753 1898 1323 9260 8686 9198 4463 4529 2225 4915 7736 7162 2555
447 3680 7650 5668 8681 6249 2060 6636 5900 4365 8077 5423 4528 9265 6103 792 218 987
448 8480 3683 5157 838 4552 779 7307 496 7569 4785 3825 3250 2003 4341 7349 759 184
449 6656 7458 8995 5635 3495 1994 4299 5132 5199 4912 112 1107 5461 1855 191
450 865 9635 8068 1958 5862 5671 7048 7786 7147 2155 6251 5358 1167 6608 5872 5553 6999 7991 3193 9146 1466 2939 3004 6014
451 6786 6216 3914 267 8716 332 9740 4173 2513 8337 1489 1874 7826 597 9046 2264 9947 8350 1572 4645 8748 1389 3379 3508 6196 5817 4478
452 2624 7169 4066 9442 3236 1797 745 9485 9839 3888 4660 7350 9270 343 5978 1340 8029 1310 9086 4702
453 3936 3264 2947 3684 3140 4294 2438 4870 8967 5416 1609 6889 2158 3728 7381 8054 4567 3031 6778 8574
454 1888 1602 9666 6980 8804 8134 6534 2823 7721 331 4300 1264 177 7252 9013 1111 6073 1145 733 3869 4286
455 5730 6884 6408 1998 5043 6067 8467 6484 7188 5236 6070 5943 6331 1852 7484 6652 7902
456 8097 2306 3460 5928 4491 2828 9069 1421 9903 816 2449 6740 3318 4664 2138
457 10 3243 7659 7819 9388 1134 4176 1012 1077 8469 3253 6390 6327 9399 6394 3837 6046
458 8608 8352 2817 8548 3236 7845 3752 3720 8906 6091 3052 7212 2643 2006 1176 9563 5437 8125 6333 2111
459 5474 8451 4040 6281 9354 2379 5997 2158 7566 5838 4527 1007 7025 6577 4786 7699 2262 6327 7899 5884 8925 4382 447
460 1409 6467 7651 7209 5353 1066 1962 2126 1651 7604 52 6100 5749 1430 9149
461 9728 4706 8611 9573 5415 1512 8520 9005 3694 8367 8880 6547 3292 8093 7039 3999
462 641 5506 5924 7943 2569 9129 2537 3050 8715 8653 6258 2962 6134 6327 856 9433 2394 7964
463 2599 647 6378 523 6731 1646 7568 1459 8149 8822 982 6487 9529 7966
464 9569 4129 6178 2119 1161 3786 972 8301 5869 7949 5748 4341 9014 2615 1657 8569 2202 6238 8191
465 1984 4928 1668 9545 715 7630 7633 4307 2773 150 4504 1625 3098 1434 5788 7773 4317 2979 6692 2730 4526 111 1969 8055 7227 3518
466 7234 4643 6184 2313 9641 3020 2222 1038 5200 2448 5649 381 3007
467 770 9986 2565 8069 9254 745 7562 3722 7083 9933 4397 8911 8338 9555 7382 3255 6584 601 8125 7901 9023
468 321 3234 8644 5444 3781 5254 3499 7022 6257 6673 6611 7092 1524 884 1301 1237 3830 7767 633 7290 6332 349
469 8256 323 7204 9643 1036 7373 1774 6256 3280 6449 2129 4531 437 4055 8632 6941 7614
470 8193 4771 9507 1668 6983 7976 8041 4557 2418 9301 9815 1655 1337 2137 4252 8924 8061
471 5888 5185 8258 9224 5033 7305 5194 3211 4652 6734 5842 6899 7700 374 1495 9753 126
472 2048 5826 6050 8994 388 550 9990 328 1353 6030 2575 6833 3507 1555 2711 6871 2331 9438 9950
473 3330 6473 5962 5770 395 3596 4433 9107 152 1113 1569 6053 5350 937 5356 7469 9903 6448 753 8114 4340 6134 3830 952 7993
474 2273 2466 9731 2692 4326 6024 3274 1802 1997 1521 2292 5556 661 2774 5752 6650 1181 9885 4765
475 512 321 9731 163 195 2890 9867 9233 4369 9618 915 8117 7285 149 4854 7511 5307 638
476 8512 8130 2117 648 2121 7949 5459 8470 5655 8023 1752 3163 4386 1571 4644 8484 8933 1391 4464 7732 9592 1020 7677 2685 4798 1342
477 3077 5127 4999 9224 5897 9931 4493 8270 7118 6545 979 6236 8928 3936 7202 2661 3621 3111 232 745 3371 6063 1328 9712 2545 8949 123 4348
478 2240 5282 6114 6214 7143 6825 3273 1516 2382 6990 8625 8723 8308 5333 4501 4222
479 9344 64 7880 2248 8907 427 1132 4240 1872 3377 6163 6067 405 3190 9270 2614 8855 5723 956
480 352 8387 1124 8005 5189 2376 1480 5677 2541 3630 6672 784 3056 532 5045 9623 5400 8794 3260 9308 8767
481 7361 8578 6019 4549 133 8843 5716 5397 4314 5659 7068 7133 3552 5921 3682 805 2406 1831 3125 7477 3509 246 4728 4537 6521 2685 8445
482 5891 6339 4166 4230 8651 4526 8174 2322 7252 7285 7863 8121 5625 8314 7642 2651 829
483 2208 6404 3141 6054 9030 8841 5418 7210 1515 2125 238 3438 2512 944 5936 3251 6648 8793 4860 7806 2847 9887
484 9697 9669 9349 5573 6600 3147 3149 7117 5710 8814 8719 7216 789 2005 2873 1019 1180 4893 8734 639
485 2144 4801 3074 1540 2790 1736 5768 6728 6633 2156 1293 7949 4882 9971 4566 7353 7482 6685 3901 2589 4703
486 1314 8644 6698 813 8141 9677 5070 9199 687 9711 1807 7952 5207 3543 2936 1784 7386 7259 9467 1244 5662
487 4001 4774 6054 262 6630 1037 9425 1522 2162 9907 7478 4343 2136 4024 7480 730 2235 4925 7101
488 450 514 5031 8999 2282 6059 7919 6258 4531 3507 2611 1685 6229 7061 6839 3352 5341 9087 3967 7295 6847
489 6468 2596 6790 934 9035 526 1935 8176 753 2802 7091 4148 5462 1241 731 5916 5406
490 1377 5253 4454 5319 3144 3081 4969 6187 2798 1456 3121 4402 7608 6908 6780 188
491 1120 5288 1354 8043 7852 44 2188 1198 2001 3382 9624 6329 3388 285 8957
492 5376 8002 5507 5830 1639 744 7210 175 8528 7569 7219 7638 8823 7320 5272
493 7840 1984 7777 7948 6476 4752 2608 8210 3955 1236 629 2136 56 1817 1657 4442 2747 412 1982
494 321 3395 325 5064 9611 139 6095 6226 6101 3352 1945 1306 4639 7391 3042 4198 2538 4012 8304 114 7987 9660 9468 3005 4606
495 256 676 7206 8743 5993 46 7791 8207 2383 7153 3795 1750 9079 5880 7193 1561 2811 3740 2909 6045 701 893 511
496 3970 9794 8387 8581 5895 3144 9930 6095 8336 1366 9430 7321 8345 1500 5343 1504 3936 5860 2093 4078 5617 4209 1139 1464 8696 8248 4989 8125
497 9315 2660 5956 1668 329 6250 9547 4716 8879 7057 1457 8787 3987 4853 4886 2518 183 1401 4027 4220 4733 7709
498 3713 259 3013 7880 3336 2986 650 4843 2155 6764 7852 8690 5109 6711 4663 5239 6360 1624 2840 9848 1209 6170 5372
499 2017 4705 6978 867 6467 935 104 1129 2345 2602 7852 8685 8622 7694 7504 2321 8753 6738 8245 5654 1402 7258 671 319
