500
0 9408 2117 2887 6472 7561 2409 2892 3246 7474 4028 3261 8413 9855
1 2816 545 6339 359 935 2349 7507 7732 3029 5016 7068 1599 2207
2 1216 2275 9158 72 3849 9545 1354 7405 9552 7442 6227 6389 5085 9533
3 7296 8595 6215 1911 9351 6956 4092 7661 4861 4541 2782 1743
4 8832 7328 5507 6372 9577 9993 3950 2192 1075 9683 3828 1718 3802 1403
5 2752 2240 3936 1409 7361 1444 7753 6986 2508 2636 3663 3087 7763 6676 6617 8217 574 2175
6 9698 3012 1767 2028 3660 2477 6061 2640 3730 9239 5979 2555 2460 5948 6428 5887
7 8453 6598 3591 2152 1673 7530 427 1900 2641 467 9205 4501 9052 8284 9501
8 2272 8802 7842 4930 8994 9733 654 3925 4918 5783 4120 569 9211 1084 8125 3678
9 4226 4066 196 4869 3176 3113 8683 813 8498 7414 5977 7994 9050 1822 8191
10 9601 9921 263 8520 6762 5131 2510 4851 2067 979 2868 1271 5880 5981
11 1728 7266 5155 3332 2692 1157 4170 2986 7919 9745 1617 8561 7026 5652 7094 5084
12 4640 8512 9545 237 4014 7631 6831 2577 4626 6514 4500 5045 6328 2555 828 8957 3326
13 6688 5376 1346 5412 8005 8102 9868 623 6288 9082 7837 4350 1343
14 2342 71 9930 8364 493 304 1777 4562 2740 213 700 252 8284 9022
15 321 1283 935 6376 8874 4907 5037 7438 2959 7344 9393 7572 2360 5946 6651 7772 2652
16 9442 4227 3339 1579 427 5102 5391 3407 7888 5424 1589 8984 3673
17 9888 1123 6243 8068 5511 3720 105 907 1618 979 7732 471 1467 2430 895
18 9473 6502 7815 9703 7148 9036 7949 4083 6931 5782 7766 7000 7034 8735
19 5155 4326 6696 3371 976 5269 4664 4826 5274 5819 3835 1212 4861 8735
20 8007 7 2093 9519 3320 9272 6584 4220 3068 4348 4956 158 4126
21 6400 3936 1795 4772 5509 583 3240 2986 171 9774 5551 1359 8017 4855 4954
22 1168 5330 7042 8996 1766 4904 587 395 7165 1581 253 254
23 9125 9096 8105 5675 6475 12 365 5165 3790 7153 8754 3032 5880 9689 6298 6554 1917
24 6562 8130 3300 8039 1836 4945 6705 9846 2937 1979 8989 1117 9278
25 3584 419 6692 7717 3719 3913 1035 4687 624 1750 5721 2940 6204 8863
26 963 9093 9609 2121 5706 7499 6187 3244 2893 7949 689 1047 4283 3836 3519
27 386 5412 3943 5834 5643 8268 9135 6191 3984 3122 7538 4914 4020 2297 8634 2876 9982 9215
28 2849 1186 4356 5412 4293 6534 8937 4746 4495 5296 9968 1429 5401 699 9435 5278 8702
29 1601 6787 7493 9957 8293 8102 6920 6702 3694 3603 3382 8502 8726 9881 2842 3355 7134
30 3233 3745 1635 644 2373 4901 6855 3272 139 6763 9742 2930 8055 8538 7130
31 7300 7333 3110 4777 7563 653 591 6929 4052 6101 2555 509 5887
32 6532 6374 7335 8040 712 749 9838 8174 5903 7664 4626 1235 5108 4471 6776 4985
33 3008 4128 3393 6664 200 1737 8396 5999 146 3602 2934 950 5242 4443 2014 5630
34 1664 3077 5448 1737 9930 2283 4176 6672 3986 9491 5939 9941 151 2680 2392 8792 2077
35 672 1504 5156 6406 1033 5866 8139 8685 7120 2741 2166 2684 221 8511 7327
36 672 2240 9409 5505 9187 2437 1511 9322 653 2223 2322 5491 3124 9144 7802 7486
37 7744 9664 1760 7296 2240 802 7716 3687 8071 7111 11 139 4141 2962 6899 5882 1533
38 2352 8065 1090 9235 6692 6039 8680 7642 2074 9165 3471
39 1953 5762 3332 9446 807 6823 7751 41 6060 4717 3758 3958 6198 7033 2588 476 1534
40 7681 8994 5219 8937 873 268 8781 3917 5619 7603 979 2744 2809 8573
41 1796 2054 8936 9227 5548 4909 2958 5523 4211 1491 8723 1397 3286 534 1720 5113 8412 447
42 6193 3601 8593 5524 3348 2262 8954 923 4732 3788 9852 5086
43 9088 8576 3137 1922 4100 199 7852 8303 402 7762 9491 9719 7192 4217 5593
44 9267 6964 9780 1045 901 7158 6598 7463 9097 2683 9212 2941
45 1440 2019 9829 4583 8103 3785 9834 5962 4492 684 7438 8050 7060 6100 3029 279 6492 7422
46 9168 9491 4693 2502 8955 6156 8605 4765 4958 3807 8703
47 1088 256 2018 2 9252 647 2665 1257 7787 9520 7962 2555 5469 3006 3679 6367
48 3233 7075 1795 8325 5925 2662 9063 2631 139 3857 6101 2200 3064 8536 3005 7230
49 5154 9762 1362 277 1702 4214 3062 6587 2267 4092 6270 1935
50 6497 4898 4488 2344 7371 8461 6639 784 1648 626 9842 9524 1558 502
51 3936 5762 9860 4966 2727 460 6992 2768 4401 626 5557 5365 6071 8378 1050 6301 5151 1439
52 704 5572 8713 6537 7755 1740 5773 7313 5778 9330 7699 6100 6520 8984 6938 9339 7867 9244 7742
53 2688 1666 4194 9028 1446 3693 4627 6613 599 8823 3356 6844 8092 8414
54 8354 3586 450 8579 3076 3461 1350 8138 5130 2892 6101 9623 4765 2206 9535
55 7488 9120 4880 6145 5537 1283 6247 4985 173 7661 1919
56 4096 9443 2631 6314 1262 3566 5615 6447 656 4400 7665 4787 2420 6455
57 9537 7412 4180 5412 3991 3608 5288 8553 4539 5133 15 5119
58 4352 70 1479 1802 8428 3565 9869 9619 8211 8756 469 5654 3543 6137 186 6971 9917
59 6897 3668 6021 4950 22 3784 9738 7002 1899 2734 8414 1727
60 3936 8195 9892 4293 3431 2311 1640 1321 7919 8431 4913 8883 5686 7479 1053
61 6241 8225 802 3915 5746 2900 1685 1975 1687 5880 2554 5820 6623
62 3232 2240 451 5092 7204 8102 2662 6727 8615 7912 1225 1900 1682 7539 4374 8535 6941
63 7777 5988 5894 617 8330 5067 5390 5487 2288 7861 1175 1785 3579 8540 4541
64 4802 3144 1321 7051 3115 6190 3217 7442 2805 9013 701 7518 3135
65 6144 3074 5445 4136 3497 9577 5135 5394 7284 2422 1559 8472 6683 7452
66 2147 4549 5735 3432 4745 7181 1075 2995 7447 8727 4156 6972 607
67 2449 196 5238 6662 9960 9848 4441 9609 7738 4059 4621 5053
68 3936 9282 7075 3877 7115 4558 4080 6032 9712 2581 7095 3961 9690 4476 8510
69 6690 8134 9671 3210 427 6801 1425 1330 9779 8663 2840 8729 9625 7673 3002 794 3964 9436
70 6625 6820 7173 2534 7433 8522 2284 4367 5745 146 4786 2707 3544 1598
71 5344 1283 9706 4362 1643 1227 7729 9330 4082 8183 6936 9338 732 3261 286
72 3841 8616 3692 6255 1391 49 9270 6102 87 4855 4281 6491 5853
73 3969 3105 1921 6370 8994 6595 2788 3753 75 4079 336 8053 6009 1081 7771 6140 5053 6367 5503 1087
74 834 164 7013 3720 745 5325 9966 1776 3826 6003 8243 9877 7355 4539 7165 5631
75 4704 8865 6049 488 9961 7595 4271 6192 5777 8309 9525 4503 8343 9498
76 1763 3882 2796 76 6188 79 3120 8273 7762 9492 1750 9879 1431 9848 3353 1083 1788 9470 6718
77 2 9959 8711 9001 3881 3244 8396 3213 8238 462 3055 6962 5331 84 9492 630 8671
78 5762 4355 8711 8776 3049 6316 6255 6163 9557 1431 247 6553 1789
79 5347 6821 2790 1544 7849 6346 843 427 1266 1140 213 5302 5020 8605
80 675 1732 427 4909 4654 1135 1299 6710 3894 8695 9722 7450 4315 4765
81 7329 1954 9667 804 5924 1860 8552 6986 2666 877 655 6640 7153 3062 9239 447
82 3457 4514 611 5124 3749 4901 2662 9798 2696 2186 8491 4498 9396 9242
83 4320 1603 8387 7078 6952 9224 3722 5962 9548 4204 5266 1780 8022 8406 2231 346 7067 7131 7709
84 7731 9188 9828 4852 4842 2826 9962 5962 2715 2555 3022 7471
85 6897 6210 7700 5700 5382 7319 5004 8573 7293 6030 8191 927
86 4385 870 4134 2892 974 7574 7418 9786 1914 3067 5020 6237 605
87 1218 6052 4100 2406 8134 1291 1003 5580 8493 6480 2224 496 3316 2295
88 5605 7781 5862 9480 6730 4238 719 8785 1108 5780 8406 9879 2519 6840 2587 2555
89 547 2468 3430 8552 9293 9422 8306 2133 8373 9461 6263 5112 3032 4953 7707
90 3936 3522 7242 4175 4847 9551 3472 9776 8977 9554 6547 7158 183 605
91 229 2600 2121 427 1356 8976 3378 530 4147 3092 3545 826 3771 829 4094 447
92 7201 8516 1348 6376 1896 9160 8496 9265 6932 4629 6101 6551 8185 8473 4699 7165 1823 7263
93 6128 7942 3703 6393 7465 4138 6524 3325 3885 8638 3886
94 2112 1379 6884 2662 9545 5229 909 5774 1743 9428 372 4373 7063 3703 4056
95 5856 8417 7203 8899 4264 3564 8815 788 6392 9850 2074 2621 927
96 9968 1553 9025 7971 2997 7717 7733 9093 3158 9863 5210 1706
97 4224 3489 7108 3589 2437 7429 5289 9584 9968 5715 3254 8856 1052 477 7389 9181 1054
98 1760 7522 1986 1764 6631 6346 1482 2636 876 2288 3570 6233 6075
99 4352 8104 6185 7114 1674 299 9099 7915 3377 402 1080 9465 2046
100 8787 9252 7830 4918 1192 4856 2936 1739 5708 6125 3037 5341
101 6849 6083 4740 5800 73 7276 2380 3276 7507 9077 9301 2615 1880 315
102 5376 5762 6630 9271 4871 2647 9017 2761 9258 5243 8092 6159
103 3936 5412 8005 8550 4710 3399 651 6347 1196 2605 6125 3567 401 564 4442 3932
104 3522 8994 3909 3974 8939 5933 9357 3283 3891 2998 4438 7996 1149
105 7586 5862 7975 5736 7240 2635 1452 3982 9167 3377 5938 755 309 7670 1047 122 7674
106 8818 8531 7079 3303 8553 5626 92 924 1357 2559
107 9632 4290 5412 999 459 5133 9137 8913 1299 3254 6298 5627 5950
108 4768 2288 2241 1971 2324 709 7687 5256 5704 5692 8125 6159
109 2048 4098 5396 1461 3718 5769 2857 6445 7709 958 6606 7327
110 9411 1446 6217 9513 9643 427 462 79 2609 4626 7284 8598 6390 1112 5053 157 7967
111 2179 4519 5675 8300 5458 7763 2644 8374 8761 6938 3101 5310 574
112 2176 1729 2018 8932 6949 2278 2634 8491 9389 1869 4750 4144 7127 3225 5566 2431
113 2433 9282 9828 4102 3464 2061 7921 882 6962 9461 6459 5179 4475 447
114 7874 2 2980 5412 8167 3369 460 4492 79 4143 7762 6323 5399 3130 9723 8700 925
115 9124 7652 9703 9575 1386 3658 9515 2415 6895 4660 3605 9111 2264 538 8765
116 5156 5094 6439 9481 3530 1134 7120 6034 9746 8883 1267 9848 9849 9210 2267 9374
117 1152 2307 935 4554 6604 2508 1901 4558 8622 1934 7120 9844 5014 5115 9949 7165
118 7266 2 8295 1479 4840 456 1355 492 9965 7087 1904 1843 9363 7988 6261 3894 569 2586 4317 2078
119 8834 3522 6659 5094 4873 2922 3050 1298 629 5786 2876 9244 8125 6975
120 6369 4967 6120 8905 2410 2443 3851 654 3184 3538 2226 9075 1238 1209 7390 9631
121 1984 6467 9192 3754 8203 45 3086 4720 1648 6322 3316 920 5247 2015
122 6560 5377 2081 8005 5318 7156 7669 1238 4311 7895 3543 9912 7992 9178 3451 3710 2494 8159
123 3682 9988 2857 5929 6635 2989 4526 1262 6415 144 3158 7158 7288 7706 8891 7133
124 7072 4641 7652 7157 4822 8758 2504 3304 1722 9179 9756 9934
125 1152 9040 7537 1362 9827 1379 9620 6853 2889 9786 8154 5662
126 6016 7171 520 552 3017 1290 1579 4780 4941 1454 8369 2418 2643 501 6938 4220 5500
127 6691 8580 1829 1542 6376 9452 6095 6832 1780 2517 1687 3993 9503
128 3137 8289 7361 1223 1064 6763 6955 4813 6829 9680 8977 4948 3157 1718 6743 1850
129 2370 5219 9286 8233 745 2700 9327 1275 7611 5916 9404 9694 2367
130 9280 4481 353 713 2345 5198 1295 9327 5330 2967 6936 8410 6463
131 2433 7686 8423 8617 7276 2926 5519 4977 7345 3062 5559 4377 2555 4573 9917
132 321 930 4099 259 3621 8136 6223 8724 692 1911 4375 4087 5593 9179 4859 8605
133 3619 4835 8311 6503 8088 5608 8857 9323 7999 8111
134 7521 6115 7908 8043 6060 8365 4366 6454 9143 2231 7513 3481 5465 6427 4765 6846
135 6657 1317 9861 6728 7820 2034 530 9461 3958 9271 6647 4409 7996 2685 9533 3903
136 1088 3784 4777 4271 7503 4593 4241 8787 4502 6935 5783 1721 7930 669
137 869 7205 2761 105 1006 5262 7438 6194 8565 8022 3894 9911 3480
138 4994 3891 7444 6437 8710 5238 2103 9068 2142 3886 2687
139 5618 5892 7878 4999 6647 8890 5003 6365 333 3391
140 6434 1907 8485 3285 7510 3832 1192 9208 8825 2459 1469 14
141 129 3074 8612 9158 9321 2121 8012 2189 4686 5267 7667 5715 9884 6559
142 9170 8402 7380 1156 1766 4614 9144 4985 7371 3739 6271
143 5026 6724 4580 2052 1895 3499 7179 7180 8335 3695 9170 3389 2431
144 9922 7714 6563 6982 8585 7725 240 881 6161 3476 7477 2555 5949 1917 8094
145 5028 4647 5323 5483 8044 558 2960 6961 9714 7762 7507 3795 5687 7575 8186 2367
146 864 4019 6355 5846 9110 8310 4006 8727 8043 8172 6013 4029
147 5605 454 8039 6217 781 7694 2896 9968 9111 7351 5112 891 6396 8671
148 1383 2028 3054 5393 2130 6515 2227 4053 1814 2521 2556 1085 9246 6687
149 7648 961 229 2029 2670 8462 495 7631 79 3858 3158 7671 4407 3004 893 8415
150 8962 3045 6341 359 9865 4909 8910 4624 3061 9240 6744 8025 3257 5401 7741
151 4768 5762 6276 9195 9485 9615 8785 2962 8436 2805 2389 1877 6807 3672 956 3261 3101 5437
152 1668 4043 8492 1548 9070 5968 5744 4048 6608 7379 8534 1335 1912 3512 5660
153 3936 5761 1121 3907 8551 1640 8425 9164 5326 367 6165 8310 5975 983
154 2400 8352 2113 9539 5991 523 2414 9199 5840 9397 3158 4377 5403 5086 2654 1663
155 6305 321 9926 7110 5129 1290 6764 1038 7734 6390 9848 411 317 4093 5023
156 9424 8274 1493 3877 839 569 8283 476 4845 29 9774
157 2656 8864 5330 5204 7097 9578 5467 1355 8891 92 7422
158 3012 7271 7400 8938 4908 3021 7377 2036 854 9814 3353 7961 1950
159 993 7266 99 5731 7204 5477 5575 3371 2764 7948 145 6513 7442 5335 5784 7673 3739 6460 4863
160 8805 8901 6151 2025 6634 8010 6379 365 813 2962 9013 7413 729 7963
161 3552 1056 1829 7367 1195 332 6253 2190 7470 1134 1039 9273 7001 6715 1372 2365 3422
162 3600 1169 8067 6835 5619 7652 6823 647 9273 1836 9404 4205
163 6688 7904 4768 9408 9921 6020 2630 8998 4072 1228 3406 1299 2869 3830 7517
164 1987 6949 7494 8362 9834 9132 1871 7410 9074 917 7861 5465 7163 3613 3326 6527 4447
165 1249 7013 8043 5229 4206 3472 3920 1683 5396 9270 1912 6264 3833 8825 8125
166 6756 4901 8583 3338 5034 5867 8716 7923 3926 6360 3033 3966 3807 6527
167 3880 776 6377 777 684 1708 9004 2126 2286 5775 8307 5302 9689 8763 2555 7804 8572 382 7519
168 6401 7940 228 6087 1608 7240 1548 973 6254 7087 4914 5012 7642 731
169 5186 5044 7717 7958 9144 1096 6841 8492 9644 3468 4799
170 2592 8272 289 8850 5830 2859 2204 9597 9549 7471 7759
171 3936 5924 7652 1703 5609 9227 427 9036 6861 4622 4723 5814 2326 9274 3163 6622 6142
172 321 3012 4840 1417 8812 717 1105 6002 3667 2004 6102 3738 2299 2974
173 7648 6627 2789 166 3050 6538 2766 5711 79 5552 8177 1559 7071
174 1619 6131 3316 9621 1493 3606 807 5320 9192 1803 3980 5471
175 321 3299 484 9479 8103 619 8528 1328 3317 6843 187 8414 6463
176 7520 3936 1537 9862 5961 1485 2193 2898 856 3032 1053 2366 127 1343
177 2609 2643 6629 4359 4696 2281 6058 5086 5646 8526 8174
178 6145 8834 5538 4323 8133 2693 1960 3113 4170 9004 589 7341 4975 4015 277
179 4656 2240 6449 2721 7298 7699 5892 8968 9032 2089 1146 412
180 7968 1824 1954 9700 6886 8490 427 6188 7759 5520 1776 9392 3602 9842 5331 7859 8663 3194
181 9413 5286 2444 6444 8462 2288 3665 5779 7413 1558 2710 2008 9784 6554
182 530 9715 2643 9139 5412 6358 7334 3959 1927 795 1213 6814
183 5153 9185 2 3812 2283 3820 2732 9940 2709 1333 7766 7352 8824 4122 765
184 7905 6161 1970 499 2467 7795 9812 470 8999 7225 6953 7261
185 9088 2913 2818 355 8867 3268 8489 8425 4268 2349 3758 1393 1810 7571 6906 1596
186 1446 1065 7532 8396 5711 4529 5553 1587 6547 5879 857 1658 6938 2044 9629
187 866 7623 7689 2635 3371 5292 9006 3791 3281 7153 3026 9621 6616 4638
188 2240 9444 7110 5030 7240 8714 4362 74 139 6059 1550 4498 3698 7027 1620 6332 9853
189 7968 9347 7652 6151 4781 5102 53 6326 1367 9080 8313 185 4253 6591 7775 2335
190 864 9968 3269 3942 4394 3595 9228 2621 1389 1981 6703 7839
191 7136 1153 6626 7076 2503 2223 9841 5651 6613 5591 7864 2232 6713 3134
192 9186 2 7236 9541 935 3497 6417 7476 3220 5654 1463 9208 26 222 4511
193 3072 9379 6598 3018 7788 205 7342 6127 4624 8401 2387 3766 247 7385 3035 7454 6687
194 5666 9219 1926 8327 7944 8008 6569 4107 9902 6222 785 917 1814 4988
195 544 1921 5025 3077 2533 4326 8968 5771 9615 1552 1104 625 8402 9619 6453 1495 2904 4858 6554 3261 9311 6015
196 1600 83 7748 7717 645 2472 3802 6715 1804 6014
197 9792 6912 3936 5793 1353 7438 9585 7474 5880 8538 2010 2396 1278 7582 2015
198 1601 7681 8930 3109 3526 2186 3756 1932 5581 7438 1648 6224 4305 4849 9842 5746 8663 4222
199 4018 3205 9558 3830 9416 9657 1146 3627 6204 8332 4093 302
200 9378 7524 100 420 5412 4072 6058 4554 4909 1743 7666 7699 5142 3135
201 4544 3745 5057 2081 199 2121 8650 8140 4781 6830 7570 2711 1784 1275
202 7888 5425 2738 1346 7895 2024 6584 3609 1193 5371 2268 8431
203 2178 8834 7652 3493 8871 2957 2894 4686 3376 5041 2005 4278 1656 5018 7419 3964 7933 6014
204 6051 1799 4232 9545 3403 4909 7120 177 2162 4468 1623 7546 2746 7676 7996 9918 7999
205 4323 8613 1035 1355 9199 1712 4465 7153 7410 4693 2966 1086 5758 2623
206 9394 19 1893 2533 1109 1877 8005 3991 8760 572 7084 5391
207 673 1025 4035 1668 4709 7527 41 2668 1808 2288 434 9236 4020 3800 7674 5531 1438
208 4065 4034 5507 8453 9062 2599 5322 7148 7788 269 5391 3635 7347 7929 1210 4701 1149 6719
209 7536 1121 5427 5736 1418 1835 5339 318 9134 7935
210 3842 9668 6020 3877 2471 1672 7592 9192 3944 9930 6477 3345 3474 979 4084 8982 7544 1368 5304 4891
211 7328 1346 3363 4680 9449 2125 8881 9041 402 8819 6293 2327 5337 410 3771 8284
212 7904 1922 6723 2535 6860 3762 9394 7762 7254 9911 7416 4377 8287 7743
213 2305 1572 5894 3398 6630 8650 717 4013 8884 9876 5719 1820 9405 9533
214 8130 8643 9453 5070 2228 4020 1111 3608 8985 1372 3964 3581 6494 1407
215 5953 3784 5097 6378 427 6000 5233 4658 2962 3190 3512 9849 2713 9466 5179
216 2722 3427 2245 7238 9318 6344 9224 332 7149 3506 2770 1877 8438 4855 6809
217 2340 4550 3847 5607 872 7499 6892 625 9586 2322 1174 3931 6652 4414 8063 5119
218 6913 3362 1861 5061 8069 4967 1928 9353 7689 9547 4238 7153 9842 9491 6708 8982 8185 9050
219 5698 579 3107 7939 2948 3652 4007 2090 2859 427 2668 1648 9075 3891
220 4736 1921 769 4129 7623 4074 8332 9395 8856 6042 6013 6621 9853 8223
221 2657 1058 4422 7110 2566 9453 2649 698 2010 6938 635 5403 3165 317
222 2016 5890 7368 841 1995 5901 5104 6258 2072 8601 3130 2622 6655
223 2753 6211 3237 8807 8327 1097 5646 6158 7406 4494 6418 5305 8798 1343
224 7426 1059 5764 5445 5095 1256 1931 5548 5647 689 7091 5236 5237 3894 2488 9374 3039
225 5730 9027 645 6693 3878 1261 4368 7985 7153 5560 986 9211 7388
226 8832 3040 6051 6053 7142 3688 1577 4238 3759 4015 4463 1552 721 211 5462 1847 2264
227 5088 4102 8422 4170 1291 2797 4077 3087 4179 2068 2420 7732 6294 3894 4824 1560 4095
228 7296 8867 1764 3440 402 9683 8756 2903 3128 5784 3833 7388 572
229 1057 1826 4034 9956 2244 5412 6692 425 7211 8685 9646 691 2643 4372 3893 1558 767 3103
230 7522 1922 4964 7396 6152 5962 8975 6159 3023 3089 2962 5206 26 606 6143
231 8418 358 9160 8778 907 6796 3757 3726 1329 3506 8435 2362 5693 1406 766
232 5120 6704 2369 3186 6003 8564 6293 4614 5177 9163 9373 1839
233 6625 581 1925 103 7817 7113 6251 427 1101 2576 9138 946 8377 4187
234 1442 8419 5700 1668 1221 9160 5099 4748 3503 9264 693 7350 3894 8730 2522 9533 5437 9758
235 9601 9475 7620 6440 2185 3049 6122 5931 3948 9324 7120 8532 7000
236 9456 8353 8345 1643 7099 8491 1820 6892 6716 8127 1327 111
237 3777 7618 6981 5865 814 5295 9010 9938 3603 4563 2516 4020 6196 3830 4057 1017 3579 6975
238 833 6852 2121 1519 2255 752 306 3923 5429 3157 8376 9465 9758 4287
239 5121 8274 2388 9909 9302 8487 424 7371 843 4908
240 8423 4199 9512 5289 239 7921 5042 3827 6547 9237 7575 2744 1467 7387 8957 3006
241 4612 7204 1287 199 1128 4618 6827 6668 6604 9838 1808 1905 9905 3570 9273
242 7808 8964 7749 3753 1450 9290 3791 2192 3089 9618 9847 4919 9304 4732 3965
243 1808 2288 3044 4149 4183 3831 8888 968 9772 9373 703 6943
244 6496 6244 3173 2342 4168 745 1674 2220 4369 5395 9492 5878 281 2234 2718
245 6082 2786 2 7333 2280 9320 5322 5291 9964 3758 4816 1397 1944 3899 7451
246 6018 9603 6483 8214 7926 1849 3257 9307 3083 4909 1215 1647
247 3392 7392 2240 6530 8260 9735 8046 9871 9007 5841 3153 2962 2326 5656 7417 1022
248 4161 8454 8778 9197 4655 5839 3249 5845 9301 5400 9561 4282 8125 5983
249 4962 3300 6310 5863 1226 139 4333 3886 1871 7571 2069 9177 4123 7389
250 5968 2608 3441 9265 7762 7139 2707 5686 1047 7945 2956 4751
251 2112 1922 5762 7171 1065 8591 3696 3313 4593 5683 7955 279 3543 1370 8826
252 8225 1506 6440 4200 2345 4234 2986 6091 8877 5012 2649 6938 477 7709 2143
253 9282 9058 3811 6309 8934 937 2986 4810 9133 9942 7927 311 7575 442 9181
254 6082 2883 4456 9453 399 9968 4274 3604 3092 5941 632 761 9466 8442 923
255 9995 3563 76 1934 1041 9778 3346 4882 5203 1299 9076 8857 8570 6654
256 7776 2992 1137 3891 3399 8152 840 569 9498 8876 1725 1695
257 7170 4898 9923 6534 7787 783 2163 7315 4822 5466 3258 2203 8252 1469 9791
258 3168 2690 8326 73 8105 1612 1807 8431 5589 4215 8889 3514 252 1790 3839
259 8832 3877 1991 8263 7112 1835 7020 8623 1879 7608 1273 29 5437
260 1761 3586 4452 5893 3046 7499 4175 4399 6996 8664 6202 6458 3324
261 5696 144 4752 2704 8913 8241 1429 9766 7897 9130 9243
262 5824 8514 2340 6692 8005 9992 8329 7306 4011 590 1233 8466 2258 7762 757 7894 1496 8600 4636 5630
263 7779 869 3877 7240 3244 2221 2257 5489 2962 4247 1079 6647 5340 8063
264 9472 1856 581 843 3371 2189 8239 7535 9679 2579 9589 7703 5469
265 6918 6985 9325 3757 6094 8686 3823 4113 3350 4377 3131 6044 735 6239
266 1121 8449 7938 3304 9128 3945 6827 5037 4110 9267 340 5910 3224 761 444
267 321 6434 35 9540 9764 9959 8903 8111 4944 2288 9968 9009 7762 2962 5971 6195 1496 1401 8058 1083 1247
268 4608 9633 9475 2115 8387 900 918 5816 1544 3338 2012 6717
269 1413 4005 9125 9992 1800 4811 876 4909 4782 9457 9811 2579 2645 6613 8183 9244 5437 7198 5407
270 5537 8195 3109 7240 4361 3947 8014 6608 5265 6834 3667 1107 4468 2968
271 4002 515 4900 4936 1804 7984 3637 599 9177 6938 3582 7198 8062
272 8257 6497 4097 1923 8708 4935 363 9101 5677 2260 7188 3288 3163 828 3614
273 2240 483 9795 5096 6605 1710 3598 1938 7763 3510 5686 1496 9114
274 2210 3491 7875 1364 6054 6567 6969 3130 6957 8782 942 7711
275 98 4354 148 3558 7208 5531 4827 764 9406 6527
276 1891 3335 6535 1993 8651 9932 4398 2288 2358 311 6264 7003 635
277 4608 1348 645 1190 4201 2450 6613 6326 9175 8087 9051 1979 2555 8540 5373
278 2272 3074 7491 5703 3081 4362 2411 7789 3758 9039 2703 277 2041 2558
279 2627 644 3012 7652 6021 2118 6987 8013 5677 9938 7251 211 980 5748 7161 9116 9884 3965
280 7105 6692 8197 5222 6377 234 3023 2288 7313 6930 8179 503 9945 6493 8925 6942
281 9252 8134 9383 9802 2986 4527 5425 7543 5495 3575 7226 2267 3004 5181 991
282 9760 5060 935 5097 2732 7821 5773 6287 7506 3827 9588 8153 9946 3711
283 2305 4356 103 2407 8392 2346 1804 748 9581 1358 7376 912 2738 1842 1524 1598
284 8576 6402 5219 8500 2374 6442 6507 7740 5357 5711
285 1248 2593 7971 7653 6105 9226 2443 7787 604 7262 2830 4751
286 8068 2054 8775 584 7369 2762 3179 5486 8945 983 4664 826 9085
287 2786 2882 6216 4619 4715 6827 301 7438 4432 5683 3091 4758 477 541 4735
288 4544 1665 2 4291 7971 1542 4230 9447 9865 8491 5772 8398 2031 3855 6266 5502 5758
289 4338 5604 6327 2040 9577 4201 6922 2795 2989 3405 6190 5455
290 3074 5188 4038 5767 6599 7210 8142 5838 8435 7285 8309 4245 469 7963 3804 5021 6303
291 3104 5536 610 9574 8070 4199 9389 3376 7476 2389 437 821 4373 503 9565 1534
292 2567 6473 6281 6538 5707 7788 2508 5870 4752 9842 5046 9814 7864 2553 7772 1534
293 129 6049 6851 3012 581 7559 9007 1841 4531 5715 1720 8379 3484 5629 9278
294 3808 577 4385 5762 3941 4710 1095 5257 5482 9067 9968 3538 8820 6712 6267 3037 6175
295 1891 421 2501 8105 2124 1934 2863 9007 5714 7318 7098 3547 1052 8348
296 9857 5139 4484 7684 7125 5448 5050 2538 2253 5533 3758 5967
297 9289 3565 590 9294 5904 1620 9173 2327 8505 2553 8411 9115 2876 5117
298 1249 1700 2439 7848 6890 2923 1965 2288 2962 8885 5302 5430 2198 4028 6493 9533
299 6240 8450 7363 1123 1668 3012 2437 838 647 7687 6698 6637 3085 2481 1299 7417 8510 3006
300 2210 4962 7266 4901 4934 6823 9930 1964 8333 8145 6865 8402 3251 9171 2617 8282 4509
301 9472 8997 2153 5161 9385 7050 3406 1744 9109 22 9270 9719 9720 3032 2236
302 1315 323 645 4297 8842 2284 7021 5326 1774 2513 8981 5593 893 2143
303 6496 9824 1216 3936 2915 5412 4965 3816 9737 7787 974 3312 7762 7699 3545 6943 1535
304 4032 1762 8455 3113 9578 2251 652 13 847 79 7956 5175 793 6235 4158 543
305 7120 9922 8466 5333 9478 8422 1929 4458 9674 26 6315 3660
306 194 1380 3754 2986 1069 9712 8848 7120 2288 9329 7314 2103 9913 5212 477 2973 9982
307 707 9349 4967 9579 172 9966 4497 7762 5076 5142 5464 538 4507 6493 4543
308 5382 2054 839 202 1099 4619 2540 1711 2869 1653 8284 4286 6526 6270 3103
309 4352 4868 3177 4011 1904 1105 5011 86 9209 7227 2684 7292 5340
310 9921 4065 2339 4132 8357 5319 6536 5451 9260 7054 2319 7762 2643 8085 4790 4855 6298 4442 3227 5341 8478
311 3074 2884 8677 8711 6249 6377 4907 4845 8878 6863 7153 8339 2709 3319 1336 7066 4059
312 321 130 6435 9220 9221 9834 4718 9968 9587 6547 917 6806 30 6014 3231 5663
313 1761 8162 450 4584 8462 9295 4911 463 847 2929 4051 8278 6903 663 6967 2074 4508 2397 2079
314 2721 8994 5092 3300 1861 5514 6030 7120 3409 3858 3669 8791 1496 4892 30
315 9009 8081 1666 7172 9524 6660 1350 8104 7992 3994 4910 5870
316 8067 7331 4933 9256 7880 3947 6667 6572 9007 4567 760 2107 603 2173 9277
317 544 1186 1731 5862 5737 1321 4970 2638 8687 6480 6258 4115 948 6777 7454
318 1729 580 8518 5388 2639 4879 5487 1364 6996 8086 5880 4286 3359
319 6785 1122 742 9159 8938 6859 8843 8243 7573 1238 5272 4412 1532 220 4926
320 7713 2 9347 6534 4616 6793 1450 5706 555 8557 3983 1328 305 2962 851 9533 1694
321 1921 1809 7393 5394 5234 2484 9237 4309 7661 3086
322 9156 4453 935 9329 849 979 5427 3991 4343 9624 5848 5947 6909 5886
323 7013 6725 3783 3944 76 3308 7244 7725 2894 8143 8047 7153 405 2101 6614 9724 7295
324 256 8769 740 2340 2533 2695 5511 9000 4170 1588 2741 8023 8635
325 4256 4320 8354 1091 1668 8453 7912 1289 5962 7119 3567 434 5876 8629 248 5785
326 2 7878 8583 4744 7272 4778 525 7438 3094 5336 7293 4414 9695
327 9061 1125 1798 2985 105 8910 1743 8403 6547 2709 6775 9145 3996 5340 3903 9663
328 7200 7425 6692 5734 6538 427 9551 6928 3057 7697 2771 3892 629 9848 4955 2174
329 5792 9892 5765 7749 5064 5867 4783 467 7350 8185 1753 6524 4765 8606 8063
330 2288 3617 6770 4884 6792 5608 2473 9930 6956 7468 4525 9006
331 3650 6498 4035 7972 1093 1669 3238 170 2155 9901 1584 6771 1238 2232 3032 4089 1977 284
332 1601 7074 802 3111 7210 3915 4171 7921 9013 5974 8086 5880 3385 5758 4351
333 7266 2439 9833 9804 8781 750 3470 7598 8462 9775 8113 149 8950 1206 8122 5726 3583
334 4288 5638 8551 9129 7530 9387 7052 8596 661 6679 3675 4060 6269
335 2304 3936 9762 2691 516 2440 3786 1324 559 5169 8470 2264 91
336 5584 7120 2193 419 8790 8631 776 681 9946 8218 1883 5291
337 3938 3177 9289 3786 6932 727 9401 6938 4667 6076 3004 5437 5983
338 7200 1701 5992 554 3408 1073 7185 402 7762 2962 5523 3381 375 7479 312 1919
339 4640 2822 713 6058 3275 6827 2732 9708 1903 6611 5013 5973 8758 5112 9337 8988 8125
340 5379 3363 643 4035 8676 2247 3240 2283 3086 8910 8464 9968 3889 9462 8024 2330 5628 1086
341 576 6432 1765 7429 8838 583 9545 9450 4497 2962 9813 8118 7895 8663 7452 5661 4670 4575
342 1092 8356 8644 4327 3532 45 4558 3983 465 2674 1398 2622 1567
343 3074 291 3396 5926 6824 8201 6476 877 4913 3190 3958 9884 9052
344 4672 5729 231 5933 9806 7438 6448 7796 4308 9301 3159 9178 2301 5886 6174
345 416 3941 679 8776 2473 5546 2986 3051 5805 5039 5715 3931 1083
346 7041 9413 1510 3720 6250 4332 2285 5198 7567 3855 3189 7257 2555 5724
347 6944 5376 8372 5431 935 5976 3256 665 3388 3870 1454 2991
348 6177 321 7652 9893 1509 1351 9096 4488 936 1642 7851 8013 430 367 1271 4855 1596
349 3936 9026 7395 3907 163 583 4199 2186 8074 5420 1839 4495 9008 2741 3701 4245 2174 511
350 321 4546 3780 3397 6150 7691 1389 4398 2862 238 9615 1137 1395 8084 2228 2327 6296 7289 474
351 224 5377 2881 868 8292 4968 1610 3914 5869 9747 979 3064 4765
352 3810 9827 3431 5385 8812 7598 6705 8913 1009 369 6903 3959 2456 4507 3163 2877 9022
353 8161 4129 7522 6277 4613 199 3051 6605 109 495 3697 5659 6045
354 6945 3010 5955 9990 4842 5163 878 7438 6960 6132 756 7476 7637 9045 4758 1976 7517 254 1534
355 6018 6566 202 3564 3406 6416 8208 979 9749 8664 6904 4249 569 4574
356 3873 4194 3586 4454 7496 1289 9708 7404 2669 9070 6095 4404 3798 2583 5496
357 8817 5473 8498 4227 8421 3093 8454 8938 4635 1005 1022
358 6624 9218 4546 1261 2673 7602 6420 5748 3894 4826 8538 3194 6076 3805 5053
359 8034 7238 5862 6986 1835 9644 2064 8852 7732 3832 5753 7194 5342 2559
360 6625 561 9426 5427 6709 6646 2999 1706 5322 1901 5341 6382
361 4576 4579 3876 708 3623 7111 5929 8842 979 6420 9979 7739 6878
362 2657 7091 3700 6005 7430 2967 7095 9275 428 398 7951
363 8672 9254 1128 296 8776 8362 654 6833 467 1718 6263 5599 4127 5951
364 1667 5219 4743 4807 8936 5099 3371 4145 1906 979 8310 3447 7804 6268 5277 6462
365 1028 5124 1640 427 3661 4045 9715 3155 6132 7732 3158 8888 633 8027 8828
366 5094 4585 1353 7339 812 5295 6768 8883 8500 8695 5112 3484 8732 8124 6815
367 9441 2209 6179 1108 902 537 5210 3434 8412
368 324 7109 7111 1866 8106 6028 3404 8045 4336 2288 3345 2774 3037
369 9280 305 8994 1443 1636 4004 37 8825 3516 8446 2254
370 3936 3651 6372 7117 2128 8881 5393 3218 6837 3959 5783 6520 603 5659 7324
371 4641 674 5602 5067 6640 6614 3608 5945 3196 8125 7934 8030 6143
372 640 736 2149 3111 7112 5387 9323 5292 9292 6029 9070 3982 2227 9139 756 7607 9688 6808 2751 2559
373 4836 3367 999 9129 7337 9323 5196 6480 9368 2043 1243 5852 6975
374 7937 8355 2885 40 8138 813 2803 3221 9464 3513 3417 9244 5886
375 8994 5219 8035 5862 7367 5868 4812 5230 7153 6099 3925 1559 8665 4953 1625 506 2685
376 4709 6597 5638 521 2030 4046 9007 7056 9394 7700 1396 3830 9178 2907 3196 9085
377 1281 4801 4290 7720 6859 5906 5362 8086 5270 1656 7737 4985 2458 9498 4380 1726
378 6128 4000 944 3893 3877 8630 4648 7880 6121 7305 9167
379 2369 3425 3714 4068 5703 8808 2568 5256 4905 4077 1422 4817 6039 2426 2685
380 6176 1889 5122 3973 9861 4677 7880 1387 9007 9522 2196 8661 6453 1049 762 3514 253
381 3520 1122 5702 6502 1228 5004 7951 5682 8402 4660 9973 5974 9367 8634
382 3074 6470 8454 2950 395 1388 3533 5521 9043 4276 4441 1466 3579 2942
383 7554 2978 2148 6855 4555 1419 1262 1010 7954 4340 2679 346 6938 5084
384 6439 8264 2733 9646 7347 3028 6774 7097 1627 3996 9244 5182 6431
385 1984 1570 7082 1482 9675 2542 3602 2803 660 6677 4981 8535 6938 187 7005 7871
386 2400 8450 1605 2566 2633 4333 6773 8407 5402 412 1277 9599 4095 4287
387 2889 9129 6730 1164 6829 9455 6865 7153 9331 8723 8212 3512 7513 7226 7196 2685
388 6864 2962 4933 2997 9944 9753 1579 9131 2540 1245 879
389 3808 4643 9864 7049 2829 2542 9390 9486 4399 6835 6836 5396 3029 6613 7932
390 5472 4705 4515 9155 1445 7335 1385 554 6986 4043 8140 2768 7857 1842 9842 4981 6174
391 8994 1252 2794 9899 6508 3788 1517 5519 6004 1621 8406 6967 927 2943
392 4000 6496 449 8916 5588 3575 8440 3496 6651 3100 9662
393 8064 2 1412 9834 427 7537 5682 5107 4147 1299 820 1174 1494 5750 5177 4572 6428
394 6753 9906 132 1636 9221 5478 3320 3514 43 8542 6478 718
395 5507 5161 7081 297 8491 365 9712 817 9010 948 7192 6716 6557 1981 702 8958 2271
396 8577 4673 4965 4234 5899 3725 973 6553 5370 91 5307 3551 8991
397 6720 8241 4339 8644 9941 3657 5145 1434 3468 2109 6399 5199
398 673 963 5219 9381 5638 8011 5995 5133 9007 5457 9138 7990 4602 2554 9118
399 9600 1216 2769 7073 194 1475 6518 745 5420 1805 9423 6367
400 5216 9185 6692 3462 4009 6281 8618 6060 7823 4527 8592 7539 1719 6137 3225 474 8699 1983
401 6753 2050 2995 8377 4538 7339 5021 9743 7503
402 3201 9121 1283 2247 6119 8491 6252 915 1971 6968 2746 9085 5533
403 5090 4322 7780 7413 631 1047 4951 8346 3434 9658 911 1967
404 8177 2097 4498 290 8994 4755 9860 8615 9208 7993 1725 447
405 7008 321 2567 8935 3079 7367 4199 4392 9613 7085 5326 1519 4624 918 9399 2973
406 3968 8705 8994 3395 8803 2437 9158 6347 9996 6862 6287 7952 1233 148 5045 6613 6486 3575 5340
407 420 7078 2854 1707 2189 1038 9199 3922 3794 8979 9043 4021 2554 1695 8991
408 5378 8130 5507 1924 5223 4199 5453 1774 2996 3222 1975 535 2938 2620
409 866 3784 3337 4622 9806 5167 7664 6992 2130 8179 4054 3446 3894 9625 1275 8764 5340 9533 9565
410 160 513 6883 5286 6503 8105 1514 2700 4083 6196 4340 7706 2555 1308 4062 6655
411 3297 1698 8132 9797 1834 2509 7729 979 6676 8053 9401 6618 8700
412 8900 4903 2952 9833 9004 2864 8658 6964 5332 3543 4123 9566 4671
413 5504 5380 9032 6984 6538 7051 1195 6604 9268 8277 7158 5143 4375 8922 3419 6075 1979 6269
414 1856 5184 3009 5350 4134 2729 8969 9066 8749 7184 2673 6482 1939 244 1496 5370
415 3104 3905 8900 3526 4134 361 7279 7346 1880 5656 8825 8732 4607
416 1921 1041 5093 568 1992 3690 234 3324 7356 3982 4735
417 3877 8935 5609 3948 7180 8494 783 7600 3891 2901 5271 5178 3322 124 5663
418 7424 1026 1732 9352 9609 6986 108 5550 7122 3187 1715 7034 5307 7517
419 2914 8195 6021 3333 6150 7175 6828 5836 4013 7949 8077 4717 9230 5172 4821 1496
420 9920 2177 4516 9637 8519 8104 1419 5102 7151 3216 6225 3961 4380 9404 1631
421 1540 4741 1773 8943 8815 5040 3632 176 3474 1010 9239 4893 2206 4286 2559
422 5537 7138 7827 2052 4422 7670 905 6985 5450 2268 5359
423 4928 2752 866 7939 1893 1288 9007 4369 9779 979 9460 3316 3158 6394 2074 2203 3100 2495
424 7280 7810 4738 242 5029 4502 9430 8184 2089 6476 9197 5583
425 8834 5412 550 649 3465 7178 4842 2892 1105 2546 8658 8884 2549 5880 9945 9307 2491 1532 9212
426 449 289 551 9481 3466 6926 5775 6390 3991 7895 6552 6363 4827 2685
427 7457 6754 487 2666 4462 8079 7762 3379 3925 2294 8056 8281 219 2555 6558 4767
428 7778 3300 5540 3398 9287 4075 3979 843 8495 9008 4627 3923 8343 6842
429 6528 7521 1249 8036 4036 9798 3784 1226 4683 7854 79 1776 4913 5074 9942 7702 5307 860 9534
430 2400 33 5256 8202 6987 9968 4689 3894 3608 8632 8156 5598 6334
431 1412 1668 6118 4488 4686 3120 9842 4115 4467 7573 443 7836 2846 7583
432 2369 6754 7138 4034 3975 7847 9290 4586 3214 1743 8655 7632 3700 2932 9622
433 4801 514 1157 4039 6727 8428 1773 3758 2161 2962 4309 9880 4570 4762 9310 6719
434 3074 4420 6660 422 8934 2279 456 9520 8049 8501 8341 8149 3637 3703 1178
435 1025 5921 2274 6722 35 3299 6275 4932 8519 3405 8463 913 7347 4020 725
436 5632 9091 9731 7107 293 7719 745 6250 1130 7339 3119 723 7668 9624 4762 3706 155
437 2368 5026 3907 8807 5130 6704 8115 9044 6101 5880 1369 4634 1117 221
438 5793 6853 4709 9162 4749 1997 9839 144 3473 5905 2516 3894 8406 5754 8123 2783
439 8711 7145 9868 5104 3604 6836 3863 9495 9753 7673 2490 7803 1147 7935
440 3169 5890 1026 7459 6180 6404 2984 9327 7759 3154 4084 3894 7545 6938 2043 6011 3900 4511
441 3168 5154 5673 8621 6029 7088 9842 1238 8921 1498 2395 92 4733 1182
442 6624 1761 706 6722 2920 7978 8461 7213 9327 3439 979 9941 9206 1496 4988
443 2337 321 4580 9220 3365 9256 6190 4463 6897 8754 6259 756 6613 5815 5656 6938 2812 2559 447
444 2240 1571 5956 261 8871 1579 4333 7117 3792 978 4338 7797 5628 6173 7295 9023
445 6722 2019 8900 5354 427 7309 8431 8562 9842 1876 2135 8503 2232 1432 827 957
446 7648 9729 8134 2727 7336 3753 1323 9260 2445 8686 4529 4915 5909 6005 2108
447 902 4535 6103 8681 6249 7130 987 5499 6636 8077 7949 1791
448 8480 2432 3683 5091 4516 9001 779 2861 3982 7568 2003 4341 7413 5302 184
449 6656 9601 8995 1668 3495 6312 112 4912 2258 5747 5461 2168 5821 191 1855
450 8387 7048 7560 6634 7147 2155 5358 3182 7342 7760 2962 4915 755 6999 3193 2939
451 1572 4645 263 679 5480 267 8491 6156 8748 8716 332 1389 1681 7826 9046 9947
452 2624 3236 360 2829 9485 2093 7438 3888 4660 1621 7350 9270 343 2040 1310
453 4352 1379 3973 4294 5510 9578 427 2158 9264 1618 4567 5752 3065 6395
454 306 1602 7283 8484 5701 9879 201 6073 6250 331 9323 2700
455 7584 2240 2209 5730 6884 8133 8615 6408 4974 6994 5236 7157 6070 1852
456 8097 5507 7813 5830 4491 9771 2828 816 2353 2995 4154 6911 6207
457 4833 2113 7819 3243 7659 4875 5328 7570 9747 4116 1077 309 3960 9244 6046
458 386 8548 3077 4870 1735 3752 9673 7977 7212 7603 214 4855 5437 5663
459 737 1698 7042 8451 1541 2091 427 5997 2158 5838 3123 7507 2262 7288 5884 4382
460 5424 7413 8630 182 888 9464 7209 7273 4137 3563 1022
461 8611 9573 1864 5289 3694 8880 7985 9491 6613 3999 3295 7039 9951 7807
462 6786 2569 6702 6258 8371 3221 4534 6134 2327 856 2394 5946 2460 7964 8700 7101 318
463 2148 5412 4773 2599 1646 1459 9139 6165 8822 8218 1915 7966 6622
464 1249 5986 5174 1657 6137 3786 4845 4141 4733 6589 5486 8191
465 5760 4928 2979 2730 8811 6892 7630 595 2643 150 2936 4504 2715 3518
466 7360 4352 4643 5923 4262 2222 3150 5649 4342 440 9339 7099 2143
467 4320 8833 5635 7083 1037 4397 9933 1295 8911 3410 8338 6546 9842 3028 4095 2175
468 5955 8644 3781 6309 8965 2504 745 1237 5333 3830 3991 121 1979 6332 9054
469 8256 4739 740 1959 8201 9643 1036 3310 9007 2129 2675 4055 6941
470 1056 4771 7652 2951 2632 7753 2251 3376 9815 2328 1912 2392 2137 7196 4252 127
471 4768 6248 5033 3211 6220 9869 2991 6899 3219 7699 535 9753 3513 1151
472 2048 5315 388 550 328 2986 942 8848 3507 1843 5620 7382 9438
473 1569 1668 5350 6473 937 1257 3625 5962 395 6448 9490 8114 9107 8469 152 8255
474 2273 5252 2692 6024 5097 7471 9871 7762 5140 309 277 9885 4765 31
475 512 6593 9731 7491 8528 4369 9618 7762 149 4374 4854 7511 6713
476 8512 1569 1571 2117 6215 648 5931 5585 5459 6709 6999 825 7353 7579 1342
477 2661 3077 4999 5127 4553 9931 1035 8011 3371 9712 6545 2545 4436 8949 6778 123 4348
478 2720 4194 4514 3654 38 6214 3591 7143 5194 2382 4946 8723 2327 1658
479 5856 775 2248 7880 6537 1132 5935 3377 6163 405 3190 2614 9270 9592 635 956
480 352 5189 3464 6314 8300 1262 8335 784 6672 241 4051 1300 5045 5400 8798
481 4961 7361 805 6021 7176 7283 5716 2356 3543 5112 7642 5659 4987 7068 2685
482 5507 4166 1158 7335 7306 8174 4526 2322 2963 5625 698 8314 2651 5211 829 8253 2847
483 2208 9443 1189 613 4103 9800 8841 5418 2572 6605 3251 9013 1022 9887 2847
484 9155 9669 7117 3149 5710 8719 2288 657 8082 8850 2005 9430 1752 8090 9469 639 3839
485 2144 6496 4801 3074 7365 1736 6505 9003 1293 9231 6064 8759 6714 7482 5340 3901 4703
486 5888 3936 1537 6978 8141 813 6030 9199 687 9711 7954 9620 183 7386 698 2588
487 1217 4067 262 6630 7049 8107 461 7949 9134 9425 6194 5459 1912 8377 8863
488 3936 5602 514 450 2244 8423 7113 7978 6059 9613 6258 1427 1685 8058 6460 9373
489 7712 3074 6468 934 6790 9864 5066 8396 1292 1935 753 2802 9267 5462 731 7163 5406
490 1377 8865 3443 5253 3081 5001 5386 6780 3484 8381 1214 6174
491 8737 7781 9512 1354 3050 5962 8043 1804 44 7733 3382 9624 9978 285
492 4582 744 7912 7210 2187 7762 7219 7638 8823 9624 9564 9951 7999
493 7777 4289 580 4356 8101 6476 7948 2797 9614 4752 7122 1236 7900
494 3395 3300 7429 4198 9320 9611 139 6860 8877 4527 8304 336 8116 6101 1945 1306 9373 4639 7391
495 8130 5993 5613 46 6865 3795 4436 1750 2200 5880 2811 3740 8988 701 893 6045 3103
496 1504 9794 5283 68 8581 5895 9930 9195 2381 2093 2893 5807 6095 3792 1139 1464 122 8539
497 8072 9256 329 9547 8879 6447 1457 9329 8787 4853 4886 9913 4733 1534
498 3013 3336 4520 2986 4843 9803 2155 6284 463 8915 148 6711 1175 1624 9946 3675 4187 5372
499 4705 8003 6117 4199 104 1000 4200 784 305 4018 5654 1752 9599
