100
0 120 155 27 236
1 0 1 1089 65 2 4 5 6 7 199 8 9 14 15 17 19 404 1572 869 485 37 176 5367 61 3198 126 63
2 0 65 2 3 4 69 6 7 8 9 329 11 14 15 16 17 18 148 21 22 23 2264 24 27 155 28 1756 32 35 485 102 103 44 940 3244 45 751 120 58 252 62 3774
3 3097 907
4 0
5 0 97 1173 549 2614 1958 285
6 65 1476 6 7 72 10 12 13 78 145 17 18 19 20 21 280 859 1310 30 1184 37 38 40 41 176 112 1334 442
7 0 2 3 131 4 6 7 8 9 10 11 139 12 13 14 15 16 17 145 18 4371 20 21 23 24 28 158 1315 35 37 1452 303 5429 4023 55 184 57 58 316 63 65 197 78 725 355 229 102 107 253
8
9 176 1 468 4390 8 6729 27 126
10 2848 0 2 3 4 5 5926 7 8 1737 9 138 14 3477 27
11 3457 356 72 8 41 139 236 13 653 112 371 372 117 54 55
12 0 1 2 3 2371 4 5 6 7 8 9 138 14 16 19 22 23 26 27 731 155 28 1502 1310 554 1077 1591 120 632 121 62
13
14 224
15 0 6 1766 199 7 135 8 72 9 138 5482 42 1263 2291 404 309 21 22 54 1495 120 280 126
16
17 6049 3923 731 4607
18 355 879
19
20 2 3 4 709 6 7 199 8 9 1290 11 4171 14 15 148 5526 1052 2591 35 3172 37 2153 3497 107 176 7347 3198
21 0 1 2 3 4 5 69 7 9 138 1482 7242 74 14 15 19 21 3158 2264 27 28 797 5985 37 5482 494 176 5554 63
22 0 1 193 2 2818 69 5 6 583 7 7624 8 72 9 1290 138 15 977 19 468 148 1173 859 27 28 1310 224 2402 356 236 9517 303 114 442 253 126 63
23 482 3700 56 252 671
24 0 8450 708 900 8 6698 74 426 2060 236 977 725 27
25 6 8
26 0 1 161 3 131 5959 907 299 16 17 6577 84 24 1656 25 4090 27 187 797
27 1 1954 482 3 164 5 37 107 11 139 14 15 176 16 17 20 23 184 8761 57 27 28 2780
28 0 2 899 4 612 6 968 9 11 44 621 1583 17 914 19 148 1917
29 1 290 329 442 27 139 236
30 1610 2076
31 0 1 2 3 4 5 197 1734 6 199 8 9 11 268 653 14 16 1106 19 20 27 96 549 37 102 1065 554 301 58 253
32 0 2 3 709 197 8 968 9 138 10 74 11 4364 12 13 83 20 2841 25 2076 797 5921 2402 34 1315 3110 176 1200 2486 184 5051 60
33 482 120 3097 138
34 1 2 3 4 9894 8 9 2153 10 6604 14 16 18 121 2713 58 27 63
35
36 0
37 0 1089 5 6 7 968 1737 524 19 3097 410 155 30 356 166 5862 41 176 114 371 120 184 252 126
38
39 4768 5921 5381 1671 968 728 686
40 0
41 0 900 1173 7 121 554 2076 1679
42 0 708 7 8 9517 1263
43 1876
44 708
45 0 2 3 131 899 4 5 6 7 135 8 9 138 10 11 12 13 14 15 7055 655 17 18 19 20 21 22 23 26 155 28 5661 29 30 158 31 32 1954 290 35 164 37 554 6698 7850 52 309 55 184 6459 193 65 69 1482 330 332 2513 82 3158 1881 1122 1506 355 5990 1510 103 1387 114 243 120 121
46 0 4148 1502 14 15
47 0 1 3106 5990 583 2264 138
48 1283 3684 164 356 6 7 583 8 1384 968 9 2955 13 751 1554 404 20 148 4247 120 252 30 4799
49 8450 3 3923 37 4613 69 1671 7
50 0 2513 148 69 919 1482 859 303
51
52
53 7712 1408 38 70 679 74 6126 110 6035 1077 1495 1434 3102 5150
54 16 3 243 69 7 9 57 62
55 0 1 65 2 3 900 4 5 6 7 8 9 1737 11 909 14 15 19 725 1495 24 155 27 28 1502 1184 161 867 869 485 6887 107 3244 45 1263 117 1270 57 126 3774
56 8402 948 3756 5276
57 224 1506 5 197 37 38 3975 135 968 268 82 114 19 404 20 3831 26 126 30
58
59
60
61 1 193 468 121 63
62 0 919 7624 138 155 27 9502
63 0 900
64 0 9305
65 1679
66 6656
67 0 65 1 2 3 4 5 69 6 7 8 9 1290 10 138 11 2700 12 13 78 14 15 18 19 21 152 1434 155 28 29 35 2148 36 37 229 38 554 1387 3767 4023 57 3389 126
68 1888 2112 468 62
69
70 0 176 410 253
71 4656 355 3684 1384 252 2591 15
72 2433 1384
73 69
74 2848 2 5 5526 199 9543 9
75 1 147 356 69 5 583 120 28 14
76 0 1 6402 2 900 4 5 6 7 8 3849 9 2060 14 19 404 3992 155 27 28 8095 867 869 121 126 63
77
78 2282 1597 1502
79 485 8 121 57
80 0 1572 197 2060 316 686
81 1 355 5091 138 63
82 155 252 126 494
83 0 3244 2780
84 1 6049 65 229 102 1737 12 621 15 176 21 24 57 155 4347 28 5276 62
85 138
86 0 1 193 2 3 131 4 5 6 7 199 72 9 10 11 12 13 14 15 16 17 145 18 19 404 20 21 23 152 25 26 27 28 30 96 35 164 37 38 102 44 303 1591 58 252 60 126
87 22 152 909
88 4500 869 8 4841 554 4171 7117
89 867 5350 1495
90 1 3457 2371 5 1384 138 331 14 686 655 2899 19 23 184 120 27 155 28 9054 63
91 3244
92 356 1958 166 1799 107 45 1583 16 1714 9138 24 57 121 3097 316
93 549 1951
94
95
96 737 2 2818 131 2003 4 229 249 11 28 63
97 0 1 65 2 3 4 69 5381 5 6 7 8 9 2889 329 138 4301 14 78 914 19 84 21 6102 27 9691 5276 28 290 4142 1395 120 121 126
98 0 1 65 2 3 4 5 69 6 7 8 72 9 11 139 12 14 15 19 3097 410 27 28 2148 229 236 120 121 62
99 0 482 7234 69 3110 166 199 7 583 138 139 2478 686 15 1334 22 252 28 1756 61 637 62 63
