100
0 4738 3652 137 1227 4171 8461 397 3022 398 720 1808 146 1494 1368 27 91 7707 2268 5469 478 32 96 2849 36 2020 8549 3045 869 422 935 104 425 236 110 1583 1137 51 756 116 309 5046 186 2556 60 382 383 4479
1 0 1 2 3 4 5 6 7 8 9 1290 11 5515 2572 13 14 15 1679 17 19 404 21 22 280 26 27 28 8734 30 159 1440 288 1572 164 37 549 41 940 684 815 946 180 52 55 57 1468 61 1597 63 1089 65 9030 199 72 4040 74 596 85 2902 88 1632 355 869 485 1388 4589 110 5367 120 377 123 252 7292 253 3198 126
2 0 1 2 3 131 4 132 390 6 7 8 264 9 11 139 14 15 16 17 18 148 21 24 282 27 155 5659 28 32 33 44 940 3244 45 178 2741 54 58 3774 62 65 1604 69 70 1352 329 346 90 1756 92 4063 96 485 102 103 751 1524 3706 122 4859 252 637 3199
3 256 896 768 899 2696 4361 907 459 3659 6284 1549 141 5582 2191 5519 3025 1362 725 3478 2840 3160 5848 1370 225 35 293 551 8295 231 4009 809 5803 1772 6702 1456 2992 2738 243 51 7924 54 56 249 7677 447 3455
4 641 2818 3654 8518 9290 908 5196 3404 2894 7055 7313 8401 2706 3860 9493 6744 91 2460 862 670 1502 2143 993 1956 3751 1257 3946 2413 3056 433 7287 3767 568 313 891 4157 3646
5 0 1153 132 3849 650 149 4885 8215 285 29 1437 158 1184 161 36 549 933 1958 422 1702 40 41 6698 46 60 64 2627 4554 76 77 977 1365 90 93 94 97 2785 98 611 869 7915 747 8044 621 1263 240 2163 500 245 631 249 125 255
6 1 1476 197 7 71 72 585 137 10 332 78 1871 145 17 4881 83 86 280 25 89 346 30 95 1183 34 164 100 36 38 40 41 44 172 684 110 46 175 303 112 48 50 52
7 0 2304 3 131 4 6 9 10 11 12 13 14 15 16 17 145 18 659 4371 20 21 23 24 410 30 158 1315 35 36 37 1452 44 45 46 303 47 5429 4023 55 184 58 187 316 63 65 459 78 2768 9425 7508 725 93 355 229 485 102 107 4848 253
8 4864 261 1287 135 10 12 9356 268 2960 8080 18 5011 23 24 411 158 1183 290 3747 35 1189 38 4525 1581 2608 178 50 436 6837 54 56 58 187 3517 62 5311 64 1735 75 83 212 8149 216 2140 4703 735 484 7269 3302 102 3179 3692 2158 1134 8819 7033 121 3961 2171 2430 5247
9 0 1 2 2562 3 4 5 7 8 9 138 650 2955 395 11 14 16 1554 19 24 27 155 28 1312 32 33 289 163 4390 38 2726 552 554 45 2735 176 432 53 56 2616 442 58 60 62 6718 69 4421 70 72 6729 715 78 5200 468 727 6234 737 8034 4962 5349 231 232 873 7401 7147 1388 110 115 120 2170 126 510
10 0 513 4609 1 2 3 131 1667 4 5 6 7 135 8 9 10 138 11 139 13 14 16 17 18 19 915 20 3477 23 410 27 28 30 2848 290 35 36 37 5926 5031 681 42 1707 47 2871 824 442 957 63 65 196 199 72 1737 75 332 78 850 82 468 2905 2138 859 482 1506 1131 624 4978 4210 243 1524 120 9086 638 3071
11 0 6656 3457 1 2 1155 5 7559 3591 8 136 9 650 139 653 142 1183 8992 34 39 301 46 303 48 51 54 55 442 60 64 69 709 327 72 585 206 83 2261 91 93 1122 356 236 494 111 112 114 371 372 117 121 123 125
12 0 1 2177 2 5634 3 4 5 6 7 135 8 9 138 10 11 139 12 13 14 15 16 18 19 20 4500 21 22 23 26 27 155 3483 28 29 1310 32 4514 35 38 554 42 175 1077 56 62 65 2371 69 2757 595 88 731 1502 224 992 2153 878 1263 624 4977 114 117 120 632 121 7929 126
13 3648 1793 2049 1540 5446 135 393 1677 6480 1105 849 595 915 7316 3096 29 1438 414 6558 2464 1828 1445 358 3943 7918 240 48 3572 118 567 1271 503 3706 1402 124 60
14 0 7 8 1035 143 1807 404 22 152 153 28 2205 291 3239 680 1324 1583 3759 49 1587 948 185 825 186 59 5312 450 6979 196 3398 456 1097 2126 1104 9559 343 5721 5850 990 734 224 992 3046 104 1001 362 7147 749 621 1902 3182 4594 7155 245 2169
15 0 1 513 2818 2 3 1027 5 6 7 135 8 9 138 14 17 146 147 404 2196 21 9365 280 32 33 7585 42 43 44 301 48 561 4273 51 309 54 1597 62 3774 63 4288 3266 709 1734 199 72 968 330 206 6222 979 83 84 468 87 89 92 9957 1766 231 112 2291 1270 120 126 3198
16 385 3715 7367 1100 461 6031 2767 207 848 722 215 1754 90 2268 5791 288 1313 418 611 933 6565 6630 5222 167 3689 2857 3243 3500 4974 3950 1136 242 948 1590 1207 634 506 1278 191
17 0 1 2 1667 4 5893 1030 7 9351 8 3977 9 138 11 1420 14 1554 19 1429 665 5404 28 797 5278 6049 1185 418 2342 3243 561 49 1330 435 948 694 2614 2232 7488 4167 583 199 3912 968 2889 4813 3021 8015 1743 3923 3540 8152 1498 731 4443 2145 6369 5218 356 6378 3306 238 879 4335 2033 1270 4343 2296 2809 763 252 510 9470 4607
18 129 6787 389 7557 5381 4102 647 9 138 267 1292 524 910 3983 273 1298 1052 157 2207 161 546 162 803 37 421 7593 6058 43 7984 3121 57 189 66 836 1604 1222 1226 204 77 335 720 3410 339 3158 598 609 97 355 6756 229 613 742 231 615 1256 1001 3053 365 879 2416 245 119 4089 123 1019 253 8703
19 3203 134 1548 149 536 1689 3741 1437 2079 545 929 34 168 3498 300 812 303 176 51 1587 309 2872 2492 61 66 708 70 1612 77 333 4430 849 83 980 981 86 2391 88 985 1244 861 9053 480 1762 2403 358 1896 1128 746 6379 110 5108 245 9081 1529 5497 250 4090 764
20 0 1 4225 2 3 4 1412 6 8454 7 8 7048 9 1290 10 11 907 12 140 13 14 15 1168 18 19 148 20 21 5526 22 24 26 3483 27 1052 2591 2849 35 36 37 3497 7081 41 176 7347 57 442 62 709 199 968 1225 4171 75 206 4688 595 859 2659 4067 3172 6373 1638 102 1256 2153 107 1771 3441 2930 119 632 120 249 125 3198
21 0 1152 1 2 3 4 5 389 7 8 9 10 11 12 14 15 16 3600 17 19 21 22 23 26 27 28 797 2848 33 34 37 38 41 176 5554 63 1089 69 325 1350 199 71 583 1482 7242 74 1610 79 850 83 84 3158 2264 96 1888 5985 737 6115 103 5482 107 236 494 110 249 252
22 0 1 2 2818 4226 3 4 6404 5 389 6 7 8 9 138 650 10 1290 1930 3211 11 12 14 15 19 6035 148 404 1173 21 22 280 26 27 155 28 157 5661 1310 161 1954 164 166 40 41 299 9517 303 3379 184 57 442 60 61 62 63 193 69 197 198 583 2503 7624 72 73 74 843 331 78 207 977 468 342 859 731 224 3424 97 2402 355 356 107 236 1132 114 117 501 5110 121 8955 253 2045 7293 126
23 4864 4994 2 1412 2692 5 8 138 139 2060 909 273 2579 275 1429 2198 152 536 671 32 160 9888 1959 42 426 172 8116 1972 310 56 58 572 1981 6335 66 67 195 2371 3525 70 1351 8138 462 3284 86 343 5336 345 2142 95 482 8802 228 230 102 361 1385 7658 881 243 3700 6644 120 2169 252 253 4350 126 3839 1407
24 0 1152 128 1793 769 8450 900 388 1284 7 8 1930 138 139 5643 2187 2060 2444 271 16 1173 1174 3483 542 1184 1572 679 1321 681 6698 426 42 1195 940 3756 7086 175 1584 305 948 53 1334 184 56 185 67 451 708 73 74 6347 8139 204 7373 78 80 977 82 84 725 5333 2136 91 1629 6238 1119 612 229 3046 103 231 871 104 873 3563 236 108 621 115 1011 9335 3447 2168 6138 3706 382 1151 3455
25 1667 131 4100 6 390 6534 140 13 18 1554 147 20 1174 542 31 32 161 35 3747 164 36 166 3880 40 8360 425 44 301 4397 45 47 50 8243 3251 54 55 57 2106 7354 3262 64 3398 1222 1478 72 9677 82 342 7382 1495 602 9054 101 1645 112 1524 4724 120 3196 3964
26 0 2 3 131 2052 132 5 5381 8 138 778 907 1420 526 16 144 17 4497 24 25 409 27 797 1951 161 33 162 805 3110 554 299 44 45 47 1967 1584 6577 1077 183 9017 1850 187 446 193 66 67 9542 5959 9927 4807 329 80 210 84 342 485 102 1388 624 1656 2296 4090 890 3194 1019 126
27 0 1 899 1412 389 901 646 8 9 138 11 139 395 6668 524 909 15 16 17 22 23 151 24 25 157 4510 1954 34 35 164 37 679 552 40 299 300 45 5295 47 176 4403 53 184 57 443 574 5313 1221 70 7753 2889 331 849 82 343 855 2780 1117 4962 739 228 487 107 1522 4978 119 2296 122
28 2048 2 3458 258 899 4 132 6 1031 264 137 10 11 12 144 17 914 146 148 7708 2076 31 32 8993 35 164 552 41 44 9517 51 53 54 824 58 60 61 64 67 198 70 1352 968 78 82 612 1000 110 114 1917 253
29 3201 1537 1283 7303 393 137 329 650 3082 74 139 1803 331 2251 270 526 4881 337 274 594 727 793 281 27 349 223 1697 417 290 34 2726 807 1000 360 170 490 236 109 880 496 881 113 4724 4088 442 762 510
30 256 128 4801 1026 1610 1674 1933 3149 2385 465 275 150 537 2841 154 602 2014 8480 610 162 8740 294 489 234 8427 2091 1132 5484 7918 687 1583 1904 432 625 49 6450 435 4532 756 184 1596 4797
31 0 1 2 3 4 5 6 4487 8 776 9 138 11 268 12 653 13 14 16 17 273 18 19 915 20 21 280 408 26 27 1052 7454 30 5921 549 37 1065 42 301 4397 55 2360 184 58 316 3008 65 1734 199 2504 73 74 1106 211 3676 735 96 102 105 621 881 1783 5626 253 125 6141
32 0 1 2 3 2819 1412 900 5 6 7 8 9 2825 3849 138 10 11 139 4364 12 2700 782 15 18 20 663 23 3992 2841 25 2076 797 31 5921 3489 34 162 1315 35 3110 38 426 554 43 176 1200 2486 1334 184 56 5051 1597 4157 709 197 69 3398 968 5448 74 78 83 339 84 3160 728 859 2526 2402 231 619 1771 3053 624 119 120 632
33 0 6656 1667 4 8 9 6539 267 7437 3600 16 5395 659 8853 9365 22 3097 284 2717 5150 158 31 2848 32 2849 289 33 1954 2214 9896 8488 298 554 299 2348 686 8751 1583 3119 47 432 3248 176 180 54 3639 55 57 3514 63 961 193 2116 708 69 2374 4172 973 80 4820 596 1365 598 599 87 2521 4953 1114 7387 92 990 1376 609 482 2274 995 9572 1384 107 1900 3053 2291 503 120 2425 377 5754 126
34 0 1665 1 1921 2 9346 3 4 5 391 2823 8 4104 9 10 138 11 2955 268 653 14 15 16 17 1809 18 19 2707 20 23 2713 26 285 4895 35 164 9894 1446 1575 681 429 305 178 52 1077 55 3768 58 442 63 73 6604 1612 77 333 1106 224 96 2153 8044 4977 3441 1524 120 121 6523
35 128 385 8450 3011 388 4358 1607 7304 653 8973 3662 3983 975 2576 594 4435 277 1494 344 89 26 1883 8030 350 1186 1506 738 675 419 4710 108 9391 5552 6962 4410 444 6012 1150 190 2239
36 2180 1797 3718 396 1936 403 149 406 280 3996 7069 9246 163 2979 549 1702 422 301 1966 9521 2097 434 2739 4662 4919 697 59 3003 2492 2114 1351 967 712 585 1481 5329 469 9562 733 94 1508 998 106 747 751 1783 1528 4984 632 2298 2810 1404 252 1151
37 0 4864 1 129 2 1027 5 7 647 8 137 395 524 2444 146 19 919 3097 2073 25 410 154 155 27 30 158 31 166 40 41 681 42 175 176 48 6577 49 50 2612 54 184 56 60 61 1343 1089 69 198 968 1737 587 332 2513 82 594 88 5084 2147 356 5862 236 114 371 4347 2430 8702 126
38 8704 451 8516 3205 1991 906 853 150 4630 8342 3926 3034 2078 3359 31 2593 1314 419 227 1765 3622 360 298 1135 3444 2805 6329 698 1530 507 3323 7486
39 0 2688 896 1 2 5 390 646 1671 5895 8 7048 9 393 1930 138 1546 9611 8334 17 1171 148 280 25 27 797 158 4768 5921 33 34 4388 166 40 5546 301 686 46 176 48 50 51 439 55 60 7104 583 2503 968 2889 74 4302 2383 79 207 977 979 84 728 1369 2138 6234 2523 1251 356 102 747 107 3182 750 1395 118
40 1 2 259 5507 388 7 8 777 265 9 2442 907 2190 143 914 151 538 539 155 797 159 160 32 545 168 5931 51 308 4277 566 183 439 1465 73 972 5326 1880 9946 859 482 98 231 365 4849 6001 497 2164 248 8955 253
41 1408 900 516 2820 389 6 7 1287 268 4364 12 13 910 1679 1168 145 1173 22 152 665 25 27 2076 28 156 2079 37 549 166 2214 41 553 1321 554 299 3884 44 4142 3248 50 1723 2492 62 3135 64 197 7878 2504 329 204 205 9678 9039 2258 4308 214 2136 1497 5724 2140 1756 97 2147 611 229 5862 104 1262 625 371 117 4728 4858 253 382
42 0 1 2 3 1027 4 5 6 7 8 9 138 5514 11 14 15 18 19 20 665 27 155 284 285 30 1184 2848 37 935 39 41 170 43 8364 561 56 4408 60 62 574 7360 708 69 74 843 1611 6092 332 3533 211 5973 3286 1495 4568 1369 6362 224 482 2659 5860 356 2150 487 1768 1643 1771 1263 112 1522 1656 121 123 1019 252 1789 126 2047
43 8512 257 1988 9478 1161 75 2507 3532 77 1876 4373 87 664 347 412 6045 158 2526 4837 1128 168 42 234 1068 237 2480 6258 755 2419 52 1333 502 631 2169 1274 124
44 2050 3970 6402 2563 901 1413 1033 653 272 2577 3604 789 7959 6169 410 415 2721 8739 2853 3240 7594 170 171 1070 3246 5936 1204 1077 187 3131 7869 1476 2116 327 712 3913 2762 75 587 716 4817 595 339 1236 1878 3927 1753 5210 8541 1379 869 742 1002 4589 750 880 498 1651 9459 1395 2293 120 1401 4089 1017 3065 378
45 0 1 3 131 899 4 6 7 135 8 9 10 138 11 12 13 14 15 655 7055 17 18 19 20 21 22 23 151 26 155 28 5661 29 30 1310 158 31 1954 290 35 164 37 2216 6698 52 309 55 6459 63 193 65 6082 69 199 1482 330 332 2513 82 3158 1881 1502 1122 1506 867 5990 1510 103 1001 1387 114 243 120 121 252
46 0 2816 2688 1 2 2950 7 8 9 1161 138 651 268 15 16 1168 1298 4372 22 23 25 27 1692 28 156 31 289 1324 172 7854 47 4148 183 824 836 329 205 8654 983 88 218 346 93 1502 485 2533 102 106 1903 7408 884 376 4985 634
47 0 129 1 2 9732 517 1799 7 8 136 9 138 778 6930 146 1171 659 5910 25 3483 1307 6684 2208 288 800 3106 290 3621 1702 39 9768 43 3887 1200 1073 54 3514 58 188 5182 69 3142 583 339 84 85 2902 1495 2264 992 225 995 484 228 8933 5990 614 233 109 4336 1521 625 2291 3448 2685 383
48 0 131 6 134 7 8 2825 138 2955 13 8334 398 4497 1809 7569 1554 914 146 274 147 19 404 20 148 4247 665 25 30 1312 545 8355 164 1575 39 42 300 44 48 176 54 55 184 1593 4157 4799 1344 65 1601 68 198 72 841 2249 330 335 211 5843 2905 348 97 227 3684 356 1510 1384 2920 745 233 3692 878 751 114 120 252
49 641 3 131 259 3332 4613 1671 7 5895 8 9 138 13 272 18 21 22 3097 29 7709 1440 33 7970 37 7718 5158 1065 6059 1452 301 1325 309 566 186 59 316 61 829 2238 2371 1604 4164 69 454 2120 969 74 3923 212 92 94 96 1122 2148 9957 5221 102 110 9713 7537 6644 3190 375 6137 763 8315
50 2688 4995 3 5 133 6 4619 148 2453 152 28 3869 926 159 36 46 303 817 444 445 1599 8643 70 71 2248 1482 76 206 1232 1233 216 734 1376 866 6755 2787 1891 228 485 233 6762 240 3443 2292 1269 885 8438 1275 2941 125 126
51 0 1 2818 2 3 4 5 6 7 1159 8 9 2826 10 11 12 268 13 14 910 15 16 17 18 146 19 20 9365 21 22 23 24 665 27 5659 155 28 1692 30 1826 35 5031 41 45 2613 58 63 197 1989 72 1225 329 74 78 977 1745 3923 1491 725 6877 5603 2148 3046 102 1387 3824 371 2420 117 121 5501
52 1088 384 1153 67 4611 2886 1862 198 1096 1417 3849 1805 16 593 786 2327 476 861 1950 3999 33 1186 162 4834 2275 868 6180 6376 296 2601 42 106 239 6514 5555 5299 1012 244 1270 5175 4025 1469 255 2175
53 1408 8 9225 138 1294 398 3215 1296 914 6035 1171 534 151 1434 3102 5150 3358 927 800 32 289 1571 6051 38 1958 679 1704 2218 171 43 4525 176 7986 1077 7862 2744 1721 62 1985 195 3395 325 70 71 73 1866 1483 6092 8660 5205 1495 216 89 92 3038 225 1762 1894 999 231 103 873 2538 6126 110 3054 7791 4977 243 8309 118 246 7291 382 4478 6655
54 132 7 2316 13 15 16 144 273 22 23 663 4247 24 4632 1434 5020 29 797 928 1568 161 35 45 9519 178 2612 180 53 57 954 61 830 446 193 962 451 3141 1607 80 2000 1489 81 82 468 90 5982 96 482 1001 624 243 115 628 1401 636 509 126
55 0 1 2 3 900 4 5 6 7 8 9 650 10 11 909 13 14 15 16 17 145 18 19 404 20 21 662 24 410 1434 155 27 28 30 8094 1184 161 33 37 166 681 3244 45 176 4148 55 57 187 443 316 957 3774 63 2112 3008 65 193 1089 199 583 72 1737 330 80 468 725 1495 88 2651 348 1502 609 867 5603 869 485 6887 107 1263 115 117 1270 121 637 7293 126 1151
56 4612 1287 142 1936 274 146 2451 789 1690 5276 160 1184 1697 805 39 1194 2858 3756 1581 3631 1840 1457 8114 179 181 825 2746 9915 3006 5566 1600 707 196 325 3014 7499 203 8402 211 3796 214 3416 2264 1502 223 5472 481 4452 868 236 880 3057 370 3698 375 249 2810 2044 252 8702 2431 2943
57 4099 5 3975 8 4618 268 2700 19 404 20 21 26 3613 797 30 158 1442 1572 37 38 422 40 296 5801 2348 429 176 50 52 53 1334 566 55 448 321 6979 708 196 197 2759 76 77 3661 335 8272 82 212 2134 6616 728 218 3807 9311 224 480 8672 1506 484 110 114 116 3831 375 7546 2683 126
58 128 513 1284 520 8076 396 4493 909 655 144 1813 666 2593 7460 4133 550 294 4390 2986 434 3514 3131 4667 3516 3773 4672 4417 1228 5838 720 850 468 342 1627 91 95 482 2659 6756 1768 6379 1132 8430 7279 1007 1521 4596 244 760 2300 1149 254 1534
59 194 2948 3908 646 902 1480 1096 8969 203 2956 1100 1805 1745 8146 5459 535 216 24 857 8601 3101 1566 414 2783 225 226 1187 2980 933 6246 4646 167 746 1966 434 6134 2231 2104 762 2043 1277 702
60 6848 130 836 1799 1927 6729 2573 142 15 84 85 88 216 25 409 219 95 229 101 39 40 1513 297 106 107 1131 235 43 747 6379 238 111 5616 113 310 3126 3319 951 122 123 4413 3455 3839
61 385 131 135 7433 266 1546 408 152 795 2976 2592 3624 815 566 55 444 63 2114 6467 323 9542 968 1227 75 9294 79 9551 208 211 213 342 215 984 2649 1754 476 221 2014 351 230 105 362 9584 1137 6769 374 118 5751 7672 120
62 0 2 5634 1283 5 8 9 1161 138 2698 14 16 17 3345 3858 5395 404 1173 662 919 155 27 2076 28 9502 7966 7454 3870 1310 31 672 33 1826 34 3363 1187 2858 45 309 1591 2616 56 2106 4413 61 65 195 69 3270 583 7624 74 79 982 87 2521 1881 348 1117 2143 1122 3428 3044 6379 236 3052 495 111 5876 1012 117 245 4982 118 2423 120 2298 382 5887
63 0 1 2 131 1283 900 5 7 8 9 138 267 4364 4880 1554 5779 660 3349 1303 155 3100 285 1054 169 557 173 3248 436 182 2359 3642 445 4672 4801 2371 7492 1223 5448 968 971 205 1869 976 1104 6481 8402 1495 3423 8543 1123 102 2158 4336 370 8947 1779 119 506 2683 4605
64 0 1 2 1283 3 4 6 7 8 9 265 1930 3211 11 399 784 2705 17 152 408 27 28 157 7837 542 671 32 166 296 46 181 310 58 63 962 69 72 1737 969 465 3032 9305 219 348 1117 7518 100 1005 238 6767 240 3317 505 126
65 6913 1921 132 2180 390 135 13 1679 20 277 2200 410 34 166 38 552 41 42 44 429 941 46 432 178 3378 434 5429 4791 1336 56 8761 59 187 1476 1732 69 8901 72 73 841 206 1491 1623 5720 217 604 1628 734 97 482 9572 103 1385 3689 5482 1004 7151 117 1017 764 3582
66 0 4482 2 132 1413 8 138 395 524 1042 404 3477 24 1564 7325 1951 6946 2852 549 166 684 45 1967 49 7474 307 947 3257 57 2491 1979 574 1087 1988 3142 199 4040 457 5834 9933 78 976 3676 2653 3041 356 101 485 1128 2922 236 8688 114 6131 885 119 7162 7674 634 636 252
67 0 1 3 4 5 6 7 3975 8 9 1290 10 11 3467 2700 12 13 14 15 18 19 20 21 22 23 152 1434 155 27 28 29 157 9886 30 31 671 35 37 38 554 52 308 309 3767 4023 184 57 3389 61 65 193 708 69 71 1225 78 979 468 1495 88 1881 1506 2148 229 1387 1263 7537 118 120
68 0 4226 517 1669 134 3591 647 397 9360 8466 6163 1428 2837 279 25 155 1436 156 7584 5667 551 424 1320 40 4266 170 426 554 8241 1078 2487 4919 62 2112 194 324 715 76 79 8911 468 84 725 90 604 1888 98 612 5350 487 2152 112 1395 372 887 250 4347 509
69 1408 7042 3204 388 516 519 778 139 907 12 3853 14 1294 15 6543 145 19 659 7827 20 30 671 2085 166 41 3369 42 426 3499 43 4276 6452 54 2359 2616 56 824 2744 1593 572 62 63 2112 3520 9665 3266 4035 68 583 73 6986 971 4301 335 82 83 211 84 4436 216 1883 1757 1119 4834 3299 356 100 2919 107 751 496 1522 243 5876 501 117 4342 249
70 577 840 264 73 75 459 5580 79 1491 147 1877 984 1113 410 90 666 2973 5150 545 162 226 36 42 298 2090 44 46 367 240 48 626 54 248 184 762 378 59 253 254
71 0 2304 1 2 6018 131 4 6 1671 7 903 8 9 138 523 6668 8334 15 655 143 399 534 27 28 2591 290 546 4131 36 2212 164 2477 4656 7600 9906 439 1721 1090 66 67 68 69 5447 583 968 75 5195 204 4044 77 5329 2513 977 8019 1495 859 3424 355 3684 1384 120 1272 252 2684 4221
72 2433 6082 515 388 708 261 1478 3016 2313 1353 138 9613 6094 9359 1360 785 1621 1558 2262 4630 475 477 1758 1566 543 3231 415 7712 803 7589 1509 1190 4838 1384 2859 2029 5038 2094 750 174 8629 7797 8184 313 5882 251 1215
73 776 2703 149 1558 23 2201 1562 1307 155 156 3357 1311 1442 1571 37 2857 1195 6188 4524 7218 2869 952 6589 574 703 63 320 1472 6337 66 9794 2244 1611 3403 1484 333 6735 8528 1232 1106 597 1494 1495 1114 8156 4320 1122 98 867 1251 1128 3818 1386 619 112 3824 3826 7798 4726 8438 6518 250 5627 2171 1277 126
74 4609 4 5 10 12 268 2700 13 14 15 1807 145 5011 19 21 149 5526 27 28 9246 30 37 38 1447 169 8875 8365 3502 3759 2735 1332 1210 314 1979 443 316 446 65 66 3139 199 9543 968 201 4429 6097 83 342 7774 96 2274 102 3943 8938 621 109 880 243 4597 5621 501 2296 1401 377 121 2427 1917 126
75 64 257 2177 323 5 325 454 1671 3975 392 1482 587 590 2448 401 977 849 209 402 6290 147 6165 23 155 29 8734 222 159 224 98 356 165 101 679 873 489 170 44 174 112 1841 49 4725 9464 58 60 63 2431
76 0 1 6402 2 3 131 900 4 5 389 6 7 8 9 10 11 2060 4364 12 13 14 3470 16 6288 145 17 19 404 148 21 22 3992 24 152 155 27 28 2844 157 30 542 8095 35 164 549 37 166 681 47 50 3379 184 957 62 63 1344 65 5313 1604 199 332 3279 3408 88 867 869 999 107 236 3182 495 112 114 371 372 1780 2168 121 126 511
77 513 4098 135 651 8332 271 144 3603 1300 533 8733 31 289 5286 1577 3884 7342 6961 305 52 183 1593 59 68 1352 330 2378 75 720 81 2258 82 343 6745 2265 3293 4959 2657 1251 2533 1638 103 1258 235 9710 5872 7792 2942 254
78 2818 261 391 7 1801 7307 396 654 5902 1686 154 1951 4130 292 2981 37 168 680 171 300 47 1714 5558 183 1591 186 443 59 1597 318 961 1601 4421 454 587 1613 845 2509 210 7895 87 859 2523 352 611 9832 105 2282 1643 5616 2162 245 117 1913
79 0 256 1 66 130 69 71 8 140 76 5069 782 206 8271 16 80 81 146 87 24 410 538 476 156 157 159 97 98 34 484 2983 1959 300 45 238 112 51 115 372 52 500 119 121 57
80 0 641 1 2 3 4 5124 5 8454 8 137 9 138 2060 14 782 15 2063 4241 3089 659 147 148 2198 919 27 28 287 1572 6565 6057 1065 426 686 1454 309 181 2614 316 61 197 69 1862 968 971 81 3281 3923 726 88 5209 1626 9947 3166 990 94 95 101 1256 8040 1386 496 1012 1911 3708
81 5 133 2185 138 273 147 19 662 25 282 156 1564 8094 803 36 167 7081 554 300 173 3631 432 4281 59 829 193 7234 194 67 68 325 76 79 9039 978 85 1750 727 345 1627 861 95 355 5091 363 3441 113 1017 764 253 126
82 6656 3457 1665 516 136 137 6029 271 3471 1937 146 1300 2967 536 155 2717 161 163 3493 7975 40 426 42 4018 2739 52 60 8643 1734 1606 841 73 77 80 978 339 7253 341 1628 5472 99 484 999 360 2282 235 494 112 496 247 1274 252 7677 125 2047
83 0 1 2 6147 387 900 7687 7 519 8 9 267 779 11 140 7315 19 3348 155 669 549 1065 3244 49 179 1843 1332 3769 319 968 1736 970 589 3406 4942 4178 2132 725 86 3033 859 2780 3420 3293 2654 4704 227 2791 3175 105 106 235 7275 3692 365 501 6005
84 390 776 138 12 140 13 2701 15 145 914 21 22 3222 24 5276 29 32 6049 33 34 1826 38 168 4266 171 44 940 45 176 50 51 53 54 57 62 3008 64 65 321 4291 455 74 1482 204 2126 4432 1745 83 3412 1236 86 9047 5725 7908 229 102 487 1256 621 6769 117 123
85 2432 3456 1412 516 2052 6 5641 10 139 524 1292 782 656 2065 274 403 20 23 3224 158 544 6304 417 35 422 166 2730 938 299 7984 183 187 574 1344 193 7876 9030 201 74 970 3024 1106 83 1756 2652 1757 2397 355 5605 615 5225 3180 3569 1137 1393 1398 6135 249 121 636 4606
86 1 2 3 131 4 5 6 7 9 10 11 12 13 5773 14 15 17 145 18 8978 19 404 20 21 277 23 152 25 26 27 28 285 30 7584 35 164 37 38 44 178 53 1591 58 60 1468 62 1734 199 72 968 211 96 227 485 102 625 252 126 510
87 130 6915 1541 134 909 5136 1041 22 1558 152 281 2073 6045 2334 2978 1702 679 39 552 1073 177 949 1847 5561 1725 62 70 327 583 331 2509 717 4048 82 598 475 1884 995 99 7013 742 615 4460 364 2288 625 882 371 6134 251 2428 2045 3069
88 0 1 2 3 4 6 7 8 9 2316 9358 15 8465 5778 4500 660 22 278 155 27 928 290 1571 5668 2212 3879 5546 2475 7727 6831 1583 5296 7734 54 1080 7481 957 2372 197 1223 3400 4171 7117 209 480 7777 869 4841 3561 361 238 9710 1263 2552 9208 3704 9593 1401 250 1275 124 510
89 4618 267 139 268 272 17 914 532 1172 26 4122 545 161 36 424 40 41 9514 943 48 50 436 4537 4281 9657 1340 189 61 3774 3137 1601 3526 6087 2503 583 2120 841 2377 74 330 79 3024 4048 594 210 596 726 8790 88 218 348 1757 4962 2019 5350 1896 233 107 110 1134 240 1008 245 636 7548 2941
90 896 3457 5 646 135 519 3977 139 907 14 655 6160 2322 19 20 23 25 27 28 1052 157 158 31 288 33 1189 38 679 424 1704 425 42 554 4266 686 49 55 184 8381 63 449 65 198 4551 72 201 330 331 716 210 2899 83 1110 88 90 218 92 4829 9054 9824 3299 1384 4329 1260 751 372 118 120 1016 2169 638 255
91 0 3 644 647 6795 14 654 1166 4370 19 148 663 919 1691 5659 5275 2972 3229 1437 414 670 5664 421 9127 43 3244 1070 176 4148 948 7607 184 825 3003 2492 4289 193 962 1091 455 1227 4171 1746 210 211 339 5850 1119 97 4962 2020 4581 869 7913 2033 4081 113 374 3066 2685 7167
92 132 1799 1673 2572 142 16 144 659 2067 789 6166 24 3097 1434 161 549 1958 166 41 7977 7850 1450 299 45 47 815 304 176 49 1714 9138 179 1334 57 442 316 451 1862 71 715 7373 206 80 81 2385 210 595 216 92 7776 97 8801 3299 611 356 106 107 235 108 8948 121 122 2298 255
93 128 3586 454 327 5959 201 1098 207 1103 3535 9040 3730 276 597 85 150 90 1948 2205 2591 353 866 164 4070 871 616 555 108 2285 750 5041 1010 244 6137 185 122 4219
94 1344 321 6785 2882 5447 1223 2120 4425 77 206 975 2576 272 4625 402 2965 5909 725 152 857 2329 218 91 414 225 7971 3428 7590 2601 170 5483 171 8492 812 557 686 1008 178 946 757 374 697 4857 189 830 1150
95 321 258 5442 963 2820 2436 2437 7173 1863 200 395 5516 652 5390 4238 594 2195 4247 1112 344 1113 3995 3227 929 1635 2852 742 1575 6951 487 488 2668 813 1582 2670 878 240 2098 8243 4021 9271 119 6205
96 131 4 391 10 11 267 12 140 271 145 18 19 149 24 152 155 542 31 163 2088 41 45 310 184 56 57 58 1339 6459 189 2240 65 70 455 201 74 715 79 1361 850 2003 596 219 224 737 609 229 107 108 504 249 123 127
97 0 1 2 3 4 5381 5 6 7 8 9 138 10 267 12 13 14 15 18 19 148 20 21 22 23 1434 27 5276 28 285 29 9630 671 290 36 426 4266 4142 815 1200 50 62 63 65 69 197 72 329 1868 4301 78 84 6102 86 1881 90 9691 2653 100 103 1384 6379 879 624 9584 3441 114 1395 375 120 121 249 126
98 0 1 2 3 4 5 7173 6 7 8 9 10 11 139 12 14 15 16 17 5394 18 19 915 20 23 3097 410 26 27 28 797 157 285 30 927 32 35 38 41 6698 44 2478 7347 52 55 6201 58 62 63 65 69 198 72 1736 329 7753 82 224 2148 6628 229 5350 236 114 2039 120 121 249
99 0 1793 1 8707 4869 1541 7 135 8 9 138 10 139 15 22 155 28 29 32 160 4258 36 3110 166 168 1320 173 2478 686 175 303 7218 1334 56 61 62 63 7234 195 68 708 69 1093 1989 70 199 583 1352 8270 79 81 4818 84 599 5851 1756 609 482 101 9447 103 3057 6385 370 119 503 252 637 1023 511
