100
0 4738 137 1227 397 8461 398 720 146 279 1368 91 2268 5469 288 96 33 2849 36 8549 869 422 742 935 104 425 110 1137 51 756 116 54 5046 5561 186 954 122 2428 2556 4479
1 0 1 2 3 4 5 6 7 8 9 10 1290 11 2572 13 14 15 1679 17 19 404 21 22 26 27 28 30 8734 159 1572 164 37 549 41 42 940 684 946 180 52 55 1468 61 1597 63 1089 65 199 72 74 85 88 1632 869 485 1388 4589 1134 5367 120 377 121 123 252 7292 253 3198 126 5247
2 0 1 2 3 131 4 132 5 390 7 8 264 9 138 16 17 18 148 24 282 27 156 1564 33 804 37 44 45 2741 54 62 65 66 69 325 70 329 1495 346 90 1756 92 94 4063 96 485 102 103 110 751 4859 637
3 256 768 8704 6656 2696 4361 3659 2572 1549 141 2191 976 150 6166 4630 3926 2840 92 3676 7776 8801 419 293 1765 551 4009 809 426 5803 46 1456 2738 9138 51 7924 3444 54 56 447
4 6913 641 258 6147 133 3654 8518 7687 5196 908 79 7055 8401 2706 3860 9493 3033 3420 2460 862 993 1956 3751 1257 3946 7275 2413 941 1582 3056 1843 7287 9464 313 891 4157
5 0 132 3849 650 8080 149 155 29 285 797 158 32 160 161 36 933 422 1958 1702 40 552 41 6698 299 46 60 2627 7624 73 76 77 78 8270 1495 90 859 93 94 97 98 611 869 747 8044 621 1263 240 500 245 1274 125 510 255
6 128 5634 1476 197 1287 72 7624 137 585 10 1610 459 1871 7055 145 4881 83 2196 86 25 346 348 31 1183 95 34 164 100 38 40 41 170 172 46 110 175 48 112 50 498 52 954 122 1791
7 131 4 6 9 10 650 11 12 13 1805 16 3600 17 145 18 659 20 277 24 410 30 32 35 1315 37 933 1447 1452 44 46 47 175 303 48 5429 55 2744 58 187 316 65 459 78 79 2768 7508 725 1496 89 3424 611 229 485 102 107 115 2169 8955
8 4864 901 261 1287 135 5515 12 9356 268 2960 5011 4885 8215 23 280 411 158 1440 290 35 3747 1189 38 4525 1581 815 2608 178 50 436 6837 54 56 57 58 187 3517 62 5311 64 5313 709 9030 1735 4554 75 594 7250 596 212 2902 343 216 2140 4703 735 96 484 7269 3302 102 7915 3179 3692 2158 110 8819 631 5751 7033 249 3961 2430
9 0 1 2 3 4 2820 5 6 7 8 9 138 2955 11 14 15 16 784 19 24 27 155 28 157 1312 33 163 38 2726 552 554 45 2735 176 432 53 56 2616 58 60 62 65 69 70 7878 72 6729 204 78 5200 2258 468 4308 725 2136 6234 2140 869 231 232 873 7147 110 115 119 120 121 126 510
10 0 256 1 513 4609 2 3 131 4 5 6 7 135 8 9 10 138 11 13 2701 14 15 16 17 18 19 915 20 3477 23 410 27 28 30 2848 32 290 35 37 5926 679 5031 681 4266 1707 940 47 2871 824 442 957 63 3008 193 65 196 72 1737 841 332 78 4432 82 84 468 859 482 1506 1131 6379 624 4978 4210 114 372 501 120 9086 638 3071
11 0 1 3457 2 5 6 7 3591 8 136 9 650 139 653 142 14 272 659 1183 34 39 41 301 46 303 48 51 54 55 2104 60 64 69 327 72 585 206 79 83 2261 1122 356 236 494 111 112 117 123 125
12 0 1 2 3 4 5 6 7 135 8 9 138 11 12 13 14 15 16 18 19 20 21 22 23 26 155 3483 27 28 29 1310 32 290 35 803 421 554 176 1077 54 1591 56 58 316 62 63 2371 2116 69 2757 72 82 595 88 2264 731 221 1502 224 867 2148 2153 878 1263 114 118 120 632 121 7929 252 253 126
13 4864 2049 1793 4482 1156 1540 3525 393 5834 7242 2509 5902 207 1042 2579 595 3096 90 29 93 6558 288 3041 8802 1445 42 7658 5482 7918 750 1967 8688 240 6131 8116 6644 3572 245 567 1271 3257 7162 2491 60 124 1087
14 0 513 7 8 138 143 1807 22 2205 671 2593 33 290 8355 291 807 3239 49 1587 948 3768 185 825 442 450 6979 196 708 709 3398 456 1097 2249 201 2126 1104 1106 9559 343 5721 5850 1627 349 990 94 482 102 3046 1384 1768 362 749 3182 1902 4594 370 7155 245 121 252
15 0 1 513 2 2818 3 1027 6 7 8 9 138 3082 11 3467 139 13 14 15 17 147 21 9365 28 33 545 7585 42 43 44 301 48 561 51 54 182 1597 62 3774 63 193 3266 1734 199 72 968 206 979 83 84 468 87 92 9957 1766 361 112 7537 2291 120 1401 253 126
16 385 3715 9225 6031 9246 5791 288 418 6565 167 3500 948 1590 1207 4023 191 63 1477 7367 1100 461 77 207 2767 848 722 1754 90 2268 350 1762 355 6630 5222 999 3689 4974 3054 3950 1136 4848 3698 634 506 252 1278
17 0 2 1667 3 4 5893 1030 7 9351 8 3977 9 138 11 396 1420 1554 536 665 5404 28 797 5278 1951 1185 6049 418 2981 2342 3243 49 561 435 694 2614 2232 4167 4807 9927 199 583 1352 3912 3274 4813 3021 8015 1743 3923 8152 2905 1498 731 4443 2145 6369 5218 356 6378 238 879 4335 2033 1524 1270 4343 2296 2809 763 252 9470 4607
18 5634 6787 389 4102 647 9 1546 1930 10 138 267 9611 11 524 1292 8334 910 3983 15 273 1298 1171 280 1052 157 161 546 37 6058 43 175 3121 51 57 189 836 1604 68 1222 583 1226 204 77 4302 207 720 3410 339 598 3158 6234 2523 355 6756 229 613 742 231 615 365 3053 750 879 2416 245 120 4089 1019 252 8703
19 3203 9732 134 1799 139 1548 536 1689 2079 800 545 34 9768 168 2348 300 812 47 303 1587 309 55 184 2872 2492 61 1612 333 4430 849 339 83 211 980 981 3797 598 86 599 88 1244 861 9053 480 2403 8933 358 871 1128 1896 746 1900 110 625 243 1524 9081 1529 5497 250 122 764 252 3455
20 0 4225 1 2 3 4 6 7 8 9 1290 10 5514 12 140 13 1168 1169 18 148 20 21 22 5526 24 26 27 3483 1052 2591 159 33 35 36 37 41 3497 176 7347 184 57 442 709 199 1225 75 206 3286 6362 859 97 3172 2150 2153 1771 119 120 249 125 3198 5887
21 0 1152 1 2 3 4 5 389 7 8 9 10 11 12 14 15 16 17 21 22 23 4247 26 27 28 2848 33 34 35 37 38 41 176 54 184 63 69 325 1350 199 71 74 1482 7242 79 594 83 3158 2264 96 233 5482 236 494 120 249 252
22 0 2304 1 2818 2 3 4 6404 5 389 6 7 8 9 1290 138 1930 11 3211 12 14 15 19 6035 148 404 21 1173 22 23 280 26 27 155 28 29 157 1310 161 164 38 166 40 41 299 9517 45 301 303 3379 184 57 442 62 63 193 708 69 197 70 198 583 72 7624 73 74 843 207 977 468 342 859 731 224 97 2402 355 356 107 1132 236 240 114 117 121 7293 253 2045 126
23 0 1 2 1412 2692 5 1669 7 8 138 139 2060 273 275 1429 2837 2198 152 160 9888 1959 1450 172 3244 7607 56 58 572 1981 318 67 195 70 1351 462 86 343 345 2653 2142 95 482 230 361 1134 881 114 243 3700 6134 2169 3066 122 252 253 1277 126 3839 1407
24 1152 128 769 8450 900 388 8 9 138 1930 2060 269 271 16 1173 1174 3483 27 542 1566 1572 679 1321 42 554 426 3756 7086 175 305 948 1334 56 185 188 67 451 708 74 75 204 7373 78 80 977 82 84 725 2136 91 1119 103 231 104 105 3563 108 236 621 115 245 9335 375 2168 120 3706 6138 382 1151
25 1667 131 4100 6 393 140 13 18 1554 19 147 20 1174 3483 155 542 31 161 3747 164 36 166 3880 40 8360 425 44 301 4397 45 46 47 50 3251 8243 57 2106 7354 316 3262 62 64 1222 3398 72 1610 9677 82 850 342 7382 88 602 9054 1888 6115 101 103 107 1645 1134 112 4724 1524 3196 2685
26 0 1 2 131 2052 5 8 9 778 138 907 1420 526 16 144 17 4497 24 25 409 27 415 161 33 162 3110 554 45 47 1967 1584 6577 948 1077 183 1850 187 446 66 67 329 2889 461 80 210 342 485 102 234 107 1388 890 3194 4090 1019
27 0 1 2 899 1412 389 646 7 8 9 395 524 909 16 17 22 23 151 24 2200 25 409 27 157 4510 1954 34 35 164 37 165 679 300 172 45 47 176 53 184 8761 443 69 70 7624 2889 7753 331 849 82 211 855 2780 1117 4962 739 487 107 4978 1522 119 2296 121 122 2171
28 2048 1665 258 899 4 132 6 1031 264 137 10 11 12 4364 653 144 272 914 148 414 164 552 41 170 44 686 432 51 53 2486 824 60 4157 64 67 836 70 198 78 206 82 1494 478 5091 612 232 2153 114 121 123 1917 383
29 3201 66 393 137 329 650 1803 331 270 526 15 8911 337 4881 274 594 727 215 728 793 281 155 223 7584 1697 417 609 34 1378 1000 360 41 490 236 109 880 496 881 113 3953 4724 2487 250 762 510
30 256 1026 9360 275 149 150 5526 537 154 31 162 8740 294 8875 687 8241 49 435 184 1596 61 4797 4801 9543 1610 715 3149 2385 465 602 992 610 2274 3943 103 234 8427 1132 110 1904 625 756 4597 2427
31 0 1 2 3 8707 4 5 6 7 8 9 138 11 12 268 13 16 17 273 18 19 915 20 21 280 408 26 27 1052 30 7454 5921 37 1065 42 301 4397 2360 58 63 3008 1989 69 1734 199 583 2504 7624 73 74 1106 82 211 596 735 96 867 102 105 621 881 117 1783 5626 253 125 6141 126
32 0 1 2 1412 900 5 6 7 8 9 2825 3849 10 12 2700 782 3470 14 15 18 20 663 23 25 27 2076 797 31 5921 34 162 1315 35 549 38 3110 426 554 43 47 176 1334 2614 184 56 1597 451 709 197 69 3398 968 74 78 978 83 339 84 728 3160 859 2402 231 999 619 3053 624 880 1780 119 120 253
33 6656 0 1793 1667 4 1284 8 9 267 6539 2444 7437 3600 145 5395 659 20 149 22 3097 665 2717 5150 158 31 32 1184 2848 2849 1954 2214 8488 9896 681 41 554 298 299 940 3119 8751 432 176 3248 50 51 180 54 3639 57 3514 316 1468 63 961 193 69 2374 73 4172 973 4820 1365 87 2521 1114 7387 92 1376 609 482 2274 995 9572 612 3046 1384 107 3053 1011 2291 3447 503 2425 5754 1019 124 126
34 0 1 2 9346 3 4 5 391 8 9 10 138 11 2955 268 14 15 16 17 1809 18 19 20 23 152 2713 26 9886 32 35 164 38 1575 429 45 46 1583 305 6577 178 52 2612 4023 62 63 73 6604 77 79 95 224 96 621 4977 120
35 128 388 1799 5895 8973 15 2576 17 20 277 26 7709 1440 1186 7970 35 675 5158 1065 6059 9391 5552 6962 184 58 4410 444 829 190 3011 1604 4164 69 454 1607 1352 969 975 3923 4435 344 89 1883 8030 1122 1506 482 2148 9957 4710 108 9713 6644 3190 120 1016 6137 8315 1150 3839
36 1412 2180 3718 8454 7048 396 14 1936 403 149 406 280 3996 7069 797 9246 542 163 549 1702 7081 44 301 1966 9521 2097 434 4662 4919 1080 59 3003 1351 967 712 1736 585 969 1481 1098 4171 4688 5329 469 9562 90 733 1117 4067 2659 2147 1508 1638 998 616 1005 9710 751 6767 624 2930 114 1783 1528 4984 6137 2298 252 1404 126
37 0 4864 1 2 1027 3 5 6 7 8 137 395 524 2444 14 146 19 919 152 3097 2073 25 410 154 155 27 28 30 158 31 166 40 41 681 42 303 48 176 49 50 54 56 60 61 1343 1089 69 198 968 1737 1482 332 2513 82 594 4310 88 5084 356 5862 1256 236 114 371 121 4347 2430 8702 126
38 4032 8643 2371 906 6284 7373 5519 1041 5329 1937 3025 1362 853 3478 8342 1370 3034 1628 2078 3359 5472 1314 3299 1123 231 8295 360 7977 1772 1325 557 6702 2992 496 2805 182 6329 698 1530 507 7677
39 0 2688 896 1 2 1667 5 5381 390 646 1671 5895 7 8 7048 9 393 138 139 17 148 25 797 158 4768 33 5921 34 162 4388 166 38 40 42 5546 301 686 46 176 48 50 439 55 184 60 3389 7104 65 2503 968 2889 74 2383 79 335 977 979 84 468 728 1369 2138 97 1251 102 747 107 3182 1395 119
40 1 1153 2 259 5507 388 7 8 777 265 9 2442 907 7307 143 16 3345 3858 151 538 539 284 1184 672 4130 168 5931 300 308 53 566 183 439 2112 1601 3400 972 5326 977 211 342 7895 1880 482 3044 231 9832 3561 107 4849 1395 2423 3704 248 253
41 1408 899 516 900 389 6 7 7559 1287 650 268 4364 12 13 142 910 1679 145 146 1173 22 665 25 27 2076 28 158 30 2079 37 549 166 2214 1321 41 554 299 3884 44 940 4142 686 3248 181 442 1723 3135 64 197 199 329 205 78 3790 9039 82 595 214 91 476 5724 1756 9311 97 737 2147 611 229 625 371 372 117 4728 121 4858 123 253 382
42 0 1 2 3 1027 4 5 6 7 8 9 138 11 13 14 15 17 18 19 20 27 155 28 2076 29 30 1184 37 935 39 43 8364 2862 9519 815 561 56 4408 60 62 63 7360 708 69 968 74 843 1611 332 6092 3533 5973 1495 1369 990 224 482 2659 5860 356 6373 487 1768 1643 1387 236 1263 112 3441 1522 243 1656 632 121 252 1789 1917 126 2047
43 257 132 7559 265 2313 1429 152 664 412 2844 6045 158 3358 3231 803 168 299 1068 7986 50 52 1721 58 3395 1988 4040 1353 1483 3532 77 6094 1360 3540 5205 87 4568 219 1509 1128 1513 496 6258 755 8309 502 631 8184 1274 124
44 2563 4869 2823 1033 13 2577 5395 789 6169 2841 2079 8480 8739 2853 2091 1070 5936 309 1077 2116 327 3913 330 587 75 331 78 595 339 1878 3927 5210 604 8541 7518 1376 8034 1379 880 370 1651 115 1395 4982 120 1401 1153 4226 3970 901 1413 2698 1674 2700 1933 653 146 2707 2196 152 3240 681 7594 3246 4532 1204 187 7869 1476 708 1221 4551 712 2762 716 4817 211 1236 1753 742 1002 750 9459 2293 5621 1270 3319 4089 1017 3065
45 3 131 4 6 7 135 8 10 138 11 12 655 7055 17 18 19 20 21 22 23 151 26 155 29 5661 30 1310 31 671 32 290 1954 162 35 164 37 4266 1195 171 52 309 55 61 63 193 69 4421 583 2120 330 1482 332 79 2513 82 1881 91 859 1502 1122 1506 1510 5990 5862 103 1001 1387 114 2162 120 252
46 0 2816 1 2 1155 4 5 8 9 1161 138 268 16 1168 1298 19 4372 22 23 152 25 27 1692 285 2848 289 42 1324 7854 47 183 824 57 4281 199 329 205 8654 5974 983 88 4568 5720 218 93 1502 224 485 102 489 873 1771 107 7918 1903 1263 7408 884 1270 119 376 4985 634 1019 253
47 0 1 129 2 517 5 7 8 9 138 778 7055 6930 1171 4500 5910 25 1434 27 1307 6684 28 1437 2208 3106 36 3621 1702 39 43 3887 1200 1073 3379 51 54 3514 188 5182 3139 69 3142 583 1482 78 84 85 2902 1495 2391 2264 344 992 480 225 737 1762 995 5990 614 236 109 4977 2291 244 3448 383
48 0 6 134 8 2825 9 138 2955 13 8334 398 4497 1809 7569 1554 146 914 274 19 147 404 20 148 919 25 30 1312 32 545 164 1575 39 42 300 48 176 55 1593 4157 4799 1344 1601 65 68 198 583 841 330 335 211 5843 84 7384 2905 348 5728 97 227 3684 356 1510 103 1384 2920 3561 3692 110 878 751 114 1790
49 0 641 2 8450 3 131 259 3332 4613 7 8 9 138 907 13 18 21 22 27 155 29 32 33 37 3493 7718 1452 301 4018 949 566 1334 186 59 316 61 63 2371 4551 2120 74 212 7253 725 473 94 350 96 994 3684 5221 102 110 7537 763 253 126
50 2688 1921 4995 3 133 5 6 776 4619 653 148 2453 412 3869 926 159 1184 3363 1446 5295 175 817 55 1599 70 71 2248 587 76 333 206 1232 1233 3412 216 734 2787 1891 6755 2147 228 485 233 6762 8044 240 3443 2292 1524 1269 885 6523 1275 2941
51 0 1 2818 2 3 4 5 6 7 1159 8 9 2826 10 138 11 12 268 13 14 910 15 16 17 18 146 19 20 9365 21 22 23 24 665 27 5659 155 28 1692 30 1826 35 5031 41 45 58 187 63 197 1989 72 1224 1225 329 78 977 1745 4946 82 3923 725 6877 5603 2148 3046 102 1387 371 2420 117 121 5501
52 6402 1417 267 1805 2190 7055 786 7959 410 1950 3999 33 2721 1186 6180 42 45 47 4277 310 5175 1591 1465 4025 1469 1088 67 198 2886 1096 201 593 6744 9946 2523 5851 476 861 2275 868 6376 105 365 4589 239 5616 6001 6514 1012 2164 8955 2175
53 1408 0 129 898 8 138 1546 1035 909 1294 15 3215 1296 914 1171 6035 21 534 151 1434 5150 3102 927 800 7712 1313 289 6051 1571 38 1958 679 1704 2857 2218 170 43 3243 4525 176 1077 7862 184 1985 195 325 70 583 968 73 74 1866 6092 8660 1876 1495 216 92 3038 225 869 231 1384 873 2538 110 6126 7791 4977 243 118 246 382 4478 6655
54 139 6668 2316 14 15 16 273 149 22 23 663 24 280 5020 29 5661 1568 32 288 928 161 35 45 178 306 180 2612 55 57 61 446 830 193 321 962 451 3141 1607 330 80 2000 1489 81 468 90 5982 96 482 1001 624 115 243 4088 120 636 509
55 0 1 2 3 4 900 5 6 7 8 9 10 650 11 12 13 14 15 16 17 145 19 404 20 21 3477 662 24 410 1434 27 155 28 30 8094 1184 33 161 37 166 681 3244 45 176 4148 55 57 58 187 443 316 957 3774 63 2112 3008 65 193 1089 199 1737 80 468 725 1495 88 2651 348 1502 867 5603 485 6887 107 1263 115 117 1270 121 637 7293 126 1151
56 4612 142 398 274 146 2451 4371 789 23 153 5276 30 1184 160 1697 4514 36 805 3110 39 2858 3756 1581 1840 1457 8114 179 181 825 2746 9915 62 1600 707 196 3014 7499 203 8402 211 3796 214 2264 1629 1502 223 5472 224 481 868 236 624 370 249 2810 8702 2431 2943
57 3975 4618 402 404 20 21 26 2330 3613 30 158 1442 37 38 422 40 296 2348 429 176 50 52 308 53 309 566 448 196 708 197 69 2759 76 5580 77 3661 335 82 212 1877 2134 218 349 480 1506 484 358 110 114 118 3831 375 2683
58 1283 1284 4104 520 138 8076 396 4493 909 3470 655 144 1813 280 665 666 285 4895 289 7460 4133 4390 550 9894 294 680 1065 171 684 434 1077 3514 3131 4667 3516 3773 4672 5312 4417 1228 1612 6604 5838 720 850 468 342 89 2659 6756 869 745 2153 6379 1132 8430 7279 1007 3441 1521 4596 244 760 7548 2300 1149 1534 254 126
59 2948 646 902 8969 2187 5643 2956 1805 535 536 24 32 1187 163 2980 933 4646 167 1966 434 1972 2231 189 702 6335 3908 1480 1096 8138 203 8139 1100 1745 8146 5459 5333 216 857 475 6238 2783 226 6246 871 1385 873 746 1011 762 2043
60 130 1927 2573 143 25 409 797 39 40 297 43 5554 310 54 3126 951 4413 6848 1089 66 84 1876 85 88 216 2526 95 5985 229 101 106 1131 235 747 238 111 5616 113 249 2169 122 3455
61 385 131 135 265 266 408 26 2976 3624 9517 566 1591 444 323 9542 1352 1737 1227 75 9678 9294 79 8272 208 211 213 342 215 6616 984 89 1626 1754 221 2014 351 3807 609 228 105 362 879 496 9584 625 1137 374 7672 252
62 0 1 2 1283 5 7 135 8 9 138 11 907 2316 6668 14 15 16 17 19 404 1173 662 919 27 155 2076 28 1310 7454 7966 9502 3870 31 1826 9634 5284 2858 2475 45 303 6831 50 309 1591 56 2616 2106 58 700 4413 62 63 65 195 2372 69 3270 583 7624 74 332 79 982 87 1881 2521 1117 2143 2785 1122 3428 356 102 107 6379 236 3052 495 5876 1012 117 245 118 120 9593 2298 382 4606
63 0 1 2 1283 131 900 5 7 8 9 138 395 907 267 4364 15 4880 401 1554 5779 660 3349 1303 155 1052 3100 285 1054 159 2849 8355 815 3248 2359 184 3642 445 63 3008 65 4801 2371 1349 1223 583 968 5448 971 715 1869 1104 6481 1745 8402 3412 1236 727 1495 475 3423 8543 99 102 1256 364 2158 4336 8947 1779 372 119 506 2683 4605
64 0 1 2 1283 3 4 5 6 7 647 8 9 1930 11 3211 399 15 17 2705 19 27 28 157 7837 30 671 32 164 805 166 296 46 1333 55 58 2238 63 193 962 69 72 1737 465 1745 1236 84 3032 9305 5091 100 356 1384 621 238 750 240 9584 3317 120 505 126 1151
65 1921 132 2180 390 135 396 1679 20 3348 277 2837 280 410 30 32 38 166 39 552 41 299 429 46 432 178 3378 434 4403 4148 5429 1718 1336 56 9017 58 59 6459 4288 1732 1476 8901 69 967 72 73 841 6222 206 1491 343 217 1881 604 1628 734 97 482 355 228 9572 1385 3689 5482 1004 7151 117 4725 1017 764 3582
66 0 2 131 132 1413 3205 135 136 8 9 138 395 524 909 1424 404 3477 1686 24 1564 7325 158 31 1951 161 2852 549 426 171 684 45 1583 49 947 307 309 1979 63 1988 3142 4040 457 9933 78 976 6480 3284 468 5336 4953 3676 101 485 1128 2922 236 885 502 119 634 7674 252 636
67 0 1 3 4 5 6 7 3975 8 1290 10 138 11 2700 12 13 14 15 18 146 19 20 404 21 22 23 152 1434 27 155 28 284 29 157 30 31 671 35 37 38 52 3767 57 61 3389 574 62 65 69 71 1225 979 1365 88 1506 356 2148 229 1387 1263 1521 118 120
68 0 384 4226 2 899 517 134 647 8 9 397 6163 1428 279 25 27 1436 156 5667 551 424 1320 40 2216 554 7850 6698 1078 4919 314 6459 62 194 324 76 81 468 84 725 3158 90 604 1888 98 612 357 5350 487 2152 112 372 887 4347 509
69 2177 7042 388 3204 516 519 778 10 139 12 3853 1294 14 142 6543 2448 145 6290 659 7827 20 542 671 162 2085 1446 41 3369 1961 426 42 171 6452 4276 2100 54 2359 2616 824 2744 1593 572 1468 62 3520 2112 9665 3266 4035 73 6986 971 4301 335 82 83 211 4436 216 346 1883 1628 1757 1119 224 4834 3299 356 486 2919 3561 1005 751 6767 1522 243 5876 117 501 4342 121 249 762
70 577 321 7303 264 840 73 6729 2634 203 459 13 4942 1491 984 1113 666 410 90 2973 287 545 226 228 42 298 2090 44 365 46 1262 367 48 240 248 442 762 2298 7546 378 59
71 0 1 2 3 4 5 1671 7 903 8 9 138 523 268 2700 15 143 399 19 534 1434 27 2591 290 546 36 2212 2477 4656 9906 439 1721 442 1090 66 67 68 709 5447 968 5195 4044 77 2513 1495 89 859 3424 225 355 1384 120 1272 252 2684 4221
72 2433 1218 515 388 261 9478 1478 71 3016 9613 9359 785 1621 1558 4630 2262 599 475 477 1566 1758 798 543 36 7589 1190 1894 2859 5038 2094 174 371 53 8629 7797 313 57 251 189 510 1215
73 8454 776 11 139 6668 782 2703 2063 149 1558 23 2201 665 1562 1307 5659 155 1311 1571 2857 41 1195 6188 44 4524 7218 2869 57 1339 6589 574 3774 703 63 320 6337 2244 72 2249 1611 3403 333 6735 79 1232 8528 1106 83 596 597 1494 1114 218 8156 4320 609 1122 98 867 1251 228 1128 1386 3818 619 112 3824 3826 371 7798 4726 8438 3706 250 5627 252 126
74 4609 4 1161 10 12 268 1038 1807 5011 19 21 8853 4247 37 38 169 8365 3502 3759 1583 431 6450 1332 1210 1979 443 446 2112 65 2116 199 968 201 4429 6097 83 342 93 7774 2014 96 102 8938 6379 5484 621 109 880 242 117 501 2296 1401 377 250 126
75 64 257 323 1604 325 454 1671 3975 392 1482 587 590 209 977 849 147 6165 23 2264 155 29 8734 222 98 1187 356 484 165 101 679 489 873 170 43 44 3244 173 174 111 112 1841 49 60
76 0 1 2177 2 6402 3 131 900 4 5 389 6 7 8 9 10 11 139 2060 4364 12 13 14 16 6288 145 17 19 659 404 148 21 22 23 3992 24 152 155 27 28 2844 157 285 30 542 8095 35 164 549 37 166 44 50 184 957 62 63 1344 65 5313 1604 199 332 3279 3408 88 867 484 869 107 1771 236 3182 495 112 114 371 372 2168 121 126 382
77 896 513 4098 3591 135 776 10 651 653 144 8466 3603 403 1300 8733 31 32 35 5286 3884 7342 8241 6961 52 183 1593 60 68 1352 2378 330 715 331 75 78 5582 720 2258 3160 5848 6745 2265 3293 4959 1251 2533 1638 103 1258 235 9710 5872 4594 243 1395 244 501 249 2942 254
78 4994 2818 261 645 391 1801 654 7055 19 154 1690 292 168 680 1194 3631 178 1714 53 5558 183 1591 184 57 186 443 59 1597 5566 3006 64 961 454 966 968 587 1613 461 210 850 87 89 352 355 4452 2282 3306 1643 4336 3057 117 1913 2044 4350
79 256 130 8 139 140 782 3983 16 146 4371 6165 24 538 4122 410 156 157 159 34 2983 1959 9514 300 45 51 52 57 68 71 76 5069 206 80 81 594 8790 87 476 97 98 227 484 2533 103 107 238 112 372 500 119
80 0 1 1153 641 2 3 4099 4 5124 5 7 8 137 2060 14 15 4241 3089 147 148 2198 154 28 1572 37 1065 6057 5801 553 426 45 1454 686 1584 309 2614 54 184 316 62 197 69 1862 968 971 6347 81 3281 3923 726 88 5209 1497 9947 3166 990 95 224 7908 101 1256 104 8040 1386 6126 1012 1911 3708
81 67 451 68 133 325 2185 76 77 146 147 277 85 662 727 152 25 345 155 1627 156 861 95 8992 803 355 36 165 166 167 7081 4841 554 363 300 173 3631 1135 113 7734 375 1017 59 1468 316 829
82 128 3457 516 1671 7433 137 138 6029 271 3471 1300 2967 536 3097 4507 2717 2592 163 7975 42 2735 432 2739 52 565 60 2114 578 6467 1734 1606 199 73 841 9551 80 81 978 339 341 99 484 999 360 2282 235 494 112 247 5882 1274 7291 125 2047
83 0 1 2 387 900 7 8 9 267 779 11 140 1932 1168 7315 19 155 669 797 6565 3244 49 179 1332 3769 319 63 6979 9542 5959 968 970 1482 589 3406 4178 2132 86 859 2780 3293 2654 4704 8672 227 998 2791 3175 105 106 235 116 501 6005 1656 126
84 129 390 12 140 13 145 914 21 22 3222 24 5276 29 158 33 289 6049 34 1826 36 38 168 171 44 176 50 51 53 57 58 64 65 321 4291 455 74 204 2126 83 86 9047 5725 229 102 487 363 621 9584 117 123 125
85 2432 2562 1667 516 1412 7557 5641 139 524 1292 782 1554 403 20 21 23 3224 158 544 6304 417 35 36 4390 166 422 2730 938 299 7984 183 184 187 6718 574 1344 193 7876 836 69 201 6729 74 970 715 75 3024 1106 83 219 2652 1756 1757 2397 4962 355 5605 5349 615 7401 5225 1388 3569 1137 1393 626 1398 3319 2170 123 636 253 4606
86 0 1 2 6402 3 131 4 5 6 7 9 3849 10 11 12 13 5773 14 15 17 18 19 404 21 277 23 152 25 26 27 28 285 30 7584 35 164 37 38 6698 44 178 58 60 62 1734 199 72 968 96 100 485 102 230 126
87 130 3 6915 134 138 909 5136 22 1558 152 281 2841 2073 6045 2334 32 3489 2978 1702 166 39 552 1583 1073 177 949 1333 1847 442 1725 62 70 1862 454 4040 5448 331 2509 717 4048 82 850 598 1884 2526 995 7013 615 236 4460 2288 625 882 371 115 6134 632 1273 251 2045 3069
88 0 2 3 4 6 7 8 9 1161 9358 15 273 145 914 5778 660 4500 21 22 278 282 27 155 928 160 290 34 1571 2212 5668 1958 3879 5546 1583 7727 5296 52 309 7481 957 190 1223 330 7117 209 480 7777 869 238 879 1263 751 497 2552 120 9208 250 1275 124 510
89 4618 267 268 17 145 8978 914 1172 532 26 545 161 36 424 40 41 943 48 50 436 53 694 5175 4537 4281 9657 1340 3137 1601 66 3526 6087 2377 841 73 74 79 3024 4048 210 596 726 348 1757 93 4962 2019 867 5350 1896 233 110 240 1008 625 121 636 1020
90 896 1 3457 5 646 135 519 3977 1290 139 14 655 6160 1808 2322 19 23 25 7707 28 157 158 31 1189 38 679 424 1704 425 42 554 49 55 8381 449 198 72 201 331 4171 76 716 210 83 2899 1110 88 90 218 92 4829 9054 98 3299 1384 4329 1260 118 638 382 255
91 2304 6018 644 901 647 138 651 11 6795 8334 14 4370 663 919 1691 5659 5275 27 2972 28 1437 3229 414 8992 5664 4131 549 421 9127 680 426 43 3244 1070 7600 176 948 4148 7607 184 825 3003 2492 445 61 2238 4289 962 2371 1091 1221 455 1227 4171 210 8019 339 5850 1629 1119 97 4962 2020 612 3684 4581 869 7913 880 2033 113 4081 8438 374 1016 2685 7167
92 1537 132 1541 1799 1673 142 14 16 144 659 2067 789 24 3097 28 161 549 1958 169 299 45 47 304 176 49 1714 179 1334 57 316 71 327 583 74 715 75 205 206 80 2385 210 595 216 97 611 106 107 235 108 9584 6769 8948 121 255
93 128 3586 1155 197 5381 327 201 845 3535 1103 784 9040 8465 977 915 276 597 85 150 1948 2205 737 353 866 99 4070 871 555 108 2285 5041 370 1010 1330 2739 310 2296 185 122 3706 4219
94 6785 3458 2819 645 2576 4625 402 2965 5909 2329 282 7708 544 8993 7971 7590 2601 8492 812 557 1200 178 946 697 4281 5051 572 189 830 1344 321 2882 5447 1223 4425 975 1360 1750 857 218 225 3428 1000 5483 1008 4850 757 374 632 4857 764 1150
95 2820 7173 2437 519 267 395 5516 652 5390 7313 2195 4373 3995 8094 670 160 929 6951 1575 813 686 433 8243 4021 4791 568 1339 3646 5442 7234 1863 200 9290 331 3404 2894 9039 594 1623 1112 1113 2138 2143 4837 742 487 488 3692 2668 5101 2670 878 240 3441 119 511 2431 3199
96 131 391 10 12 140 271 655 7055 145 18 24 4632 156 542 31 163 164 2088 40 4914 2614 56 184 2240 65 70 1862 455 71 74 715 75 204 1361 977 2003 219 737 229 231 1001 106 108 243 504 249 123 127
97 0 6656 1 2 3 4 5381 5 6 7 8 9 138 10 11 267 12 140 13 14 15 16 18 19 148 20 21 22 23 1434 27 5276 28 285 29 9630 426 4266 44 4142 815 1200 57 187 61 62 63 65 6082 69 197 1095 72 329 1737 1868 4301 78 335 84 6102 86 1881 90 9691 2653 102 103 6379 624 9584 3441 114 1395 120 249 126
98 0 6656 1 2 3 4 5 7173 6 7 8 9 10 11 139 12 14 15 16 17 5394 18 19 915 20 23 3097 410 26 27 28 797 157 285 30 927 35 38 40 41 44 2478 303 7347 52 55 6201 58 62 63 65 69 198 72 1736 7753 329 82 224 2148 229 5350 236 114 2039 120 121 249 7677
99 0 1793 1 1541 7 135 4487 3975 8 9 10 138 139 14 15 22 23 155 27 28 29 31 4258 1954 36 549 3110 166 1320 168 2478 686 175 303 7218 1334 55 56 61 62 65 7234 195 68 69 1093 70 199 1352 81 4818 84 599 91 1756 224 609 482 101 9447 103 6385 3057 2163 119 503 1911 249 252 637 1023
