500
0 2404 6534 6472 7561 2892 5005 3469 8366 9807 7474 2645 1207 7001 3261 9021 8413 1470 1791
1 2816 1924 548 4010 2349 205 621 241 1625 8987 8699 6205 5790 2207 7583 1375
2 1216 1673 7308 9231 2643 6644 2327 3608 4536 7130 3963 4092 5244 5085
3 2784 5827 1476 4230 1098 6956 4076 8716 2258 8595 5300 5622 8251 4541 7997 3453
4 8768 8832 4994 1668 5704 9993 9577 5962 8618 300 3950 5232 5715 3828 6389 1973 9878 3802 4319
5 7361 6915 9093 2760 7753 5258 3087 399 79 9169 3731 6676 4439 8343 8217 6617 7834 2396 1444 7467 6827 4589 6577 1396 952 7992
6 705 9698 6826 2028 6412 3660 6061 7055 2640 5621 7413 6613 5979 5948 4412 4958 5470 1087
7 7265 6598 4744 2152 7530 7820 3758 8979 9205 6325 8726 8284 6653 4029 4223
8 1472 9733 9096 3144 9993 5259 9739 654 1615 3925 5783 8279 1943 3678 1183 7842 7845 8487 6827 5228 1452 3630 5748 3188 1205 1084
9 8352 4226 196 6692 837 4869 7463 3176 3113 3723 8683 4909 6062 622 7153 5977 6489 1822 3391
10 9443 7652 6986 6762 4074 5131 427 2480 3859 2067 4851 691 2868 2100 1303 7672 4569 697 5981 2175
11 1728 128 8580 7652 1157 1477 2471 3207 4875 2413 5072 9745 1617 7026 5652 9464 889 2490 8637
12 3073 389 935 5610 2155 7883 4014 6831 1200 720 2577 4626 9842 2962 4435 4500 828
13 4448 6433 5188 617 490 210 4662 311 8089 2041 4314 5916 253 7837 1343
14 4352 3074 2342 71 780 8364 493 304 5171 8277 9303 6967 88 9914 252 700 7228 1535 5887
15 1731 2182 8874 5451 4907 6766 1358 2320 7344 945 9393 7572 7829 6007 602 5946 6651 9019 2652 7772 8028
16 7873 2818 7014 5862 4071 4776 2699 3339 7883 7949 1774 7888 4336 6482 723 1556 8212 1496 952 3673 5529 4124
17 1280 1123 2243 8068 7431 9194 9007 5907 950 2904 7128 7001 4314 1467 3836 3038 2430
18 9184 7299 3268 8005 1989 6502 7815 9703 5479 5064 6671 7120 9202 5458 6931 4596 4213 5237 7000 9976 4728 9465 3513
19 9601 8258 5762 5860 4326 2598 2663 6696 5739 3371 3884 1133 976 4020 5269 8858 3835 4060 1212 8221 6461 2782
20 4547 836 644 6694 1031 8007 9520 3377 4597 2742 3320 5880 4155 4765 4126 8639
21 6400 1796 5509 5126 8455 583 297 5226 1580 7372 1101 4816 8017 3251 2324 3222 215 4954 9759
22 3173 1766 8521 2058 5679 1168 3792 4050 9842 7605 7126 8406 4919 8860 7165
23 5409 8193 2595 8387 9125 2025 3790 2574 8754 4306 2451 2356 5750 9689 3418
24 901 454 2984 2123 1259 1867 9835 3467 4176 4945 2071 1528 4664 2937 9532 8989 5310
25 1408 3936 3105 1282 3719 3913 4687 624 9008 7699 2037 5721 4666 6652 316 9822 8863 8959 8831
26 3872 6785 3457 2724 5412 9991 4841 2121 1420 3376 689 7825 5303 8636 925 4990
27 6049 5412 2597 3174 3943 5064 5834 8268 4556 7852 5069 7055 6191 9135 3984 3122 5842 9496 8473 2297 4027 9982
28 5632 834 6148 4293 4486 455 6281 8907 8524 1806 7120 8531 8344 9435 5341 5278 1694 7713 8931 4199 4844 685 4784 5747 699 1917
29 6787 2437 6438 6920 4136 9 8297 6702 8502 9881 2842 2234 3355 5275 7134
30 4928 9505 2373 9768 3784 6986 139 9742 9744 2930 4149 4501 8538 2138 1307 3612 4828 1661 7615
31 8897 4674 774 3110 4551 7563 7883 1230 591 7759 8018 307 115 148 6676 6421 6101 6584 7710 9758 5887
32 2946 6532 8197 8523 5903 1871 4626 7890 84 6374 7335 8040 9832 3498 2986 8174 5166 9838 7664 2288 5108 4341 1079 3705 6330
33 3008 3393 200 1737 4651 2059 6187 8396 7885 6029 2288 7601 7281 4086 2934 3032 5242 4539 2014 7358
34 3360 4513 3073 5413 3077 1799 5417 106 8462 1774 4176 3665 6485 151 2392 2680 8792 7320 9241 3323 2077 3326
35 6561 2277 8137 1353 5866 8970 8139 8332 6672 6993 2835 1747 2741 2166 221 8511
36 9409 5505 3585 9187 9955 9413 4874 3243 8689 7153 2322 9842 5491 9144 5912 7802 5307 3004 7933 5822
37 7744 5408 9664 802 8130 7716 8071 3687 9640 8784 2962 7155 981 9367 7258 1533 5982 5022 6494
38 8065 5762 8227 678 838 872 8680 7626 2475 9235 7733 6775 7162 5338 1275 1468 7614
39 2016 1345 1953 3525 7751 41 1642 6699 9707 6060 7980 4717 6547 3958 4726 6198 2199 7033 476 2205 3966
40 7681 5922 9538 8994 8293 133 966 873 6281 268 1966 9459 5014 2904 2809 2617 5658 9306 989 8573 3167
41 5060 3686 2570 9227 5548 557 2958 9522 5523 1491 4211 7220 1397 3286 5398 5113 574 94
42 3488 8896 8905 2697 6154 2411 8593 6193 5009 3026 3348 4824 8954 3515 3547 988 2653 1534
43 5635 1544 4363 2188 7311 7920 3728 1648 2705 8179 9846 9719 4855 7864 5594
44 9780 6964 6165 4886 4985 8490 9212 2941 2510 7870 8382 79
45 1440 3104 2 2019 4931 3588 2628 9829 4583 3047 7438 9199 3023 8050 1011 7060 1014 6492 7422
46 9152 8162 8866 8994 8644 3526 906 427 9266 7097 8605 8990 3807 8703
47 3012 1831 9160 1450 7787 6285 3982 7828 20 148 3349 6582 7962 8794 861 317 6495 3679 8031
48 3233 7938 4482 6147 8325 3814 2662 9063 5384 9129 139 8529 3857 3028 7124 2871 6327 5435 5180 6044 8095
49 9600 2304 2240 7553 3843 3012 9605 1702 4297 1577 7434 523 5195 2511 1042 4214 5880 6073 6587 1789 8542 6270 3774
50 6497 4199 4488 1162 6639 9007 7122 2613 6901 502 3574 4151 9528 5208 4985 1691
51 1025 7043 647 2768 6992 7253 408 7833 6301 1439 5151 5920 4966 7782 9191 6827 6573 4401 626 5748 5557 6071 7736 7485 9407
52 6248 7755 2731 6925 82 5778 5106 6100 2548 9718 6456 4761 9244 7742 447
53 4834 1666 2755 9028 8549 5190 8168 9770 9903 7699 3416 7577 5595 6363 3356 8414
54 5440 352 3586 2530 8354 1954 8579 2340 3461 935 8235 2892 9836 2898 5010 6101 3894 9623 7031 2327 2206 9535
55 9120 7488 1634 7330 4804 8650 7147 6797 2414 7855 8144 9968 2929 1110 2070 9016 1117 1919 9023
56 7552 4096 9921 7874 8130 7044 6662 5902 656 2962 8214 8728 8090 6170 863 3047 1262 3566 6447 5615 7665 5492 9336 4539 5564 9533 8702
57 5601 1058 4484 7333 8199 1390 79 2288 5969 9716 1557 342 1975 2361 2527
58 6980 935 6537 1770 9450 3916 4140 8428 9869 3565 2544 9619 9139 9684 3732 8756 469 2677 5654 4151 6137 1565
59 8005 9545 9738 941 1774 9807 9007 9840 8368 8752 6897 7989 22 4950 6902 600 443 7227 6812
60 9892 1668 453 5386 8491 8883 979 7508 6197 7479 7575 1016 1304 2457 7929 3386 412 6109 7903
61 6241 8225 1122 4419 935 4972 364 5008 6708 5301 2229 1429 3894 1979
62 3232 2240 7906 451 2662 8102 6727 5224 1225 1900 9900 6381 1682 5715 7835 3996 3423
63 3138 7619 5988 6054 2058 5804 6541 7949 9518 5390 4624 1175 5497 1785 8953 250 5821 8510
64 2626 3235 6405 8902 3115 9547 843 8013 7438 3759 560 7442 5110 2712 2904
65 6144 3074 3395 3749 1574 8582 262 5543 842 1546 3146 6539 8813 5135 5078 2422 7963 4219 9404 8125
66 64 321 2147 7269 1414 5735 8527 497 1075 7447 696 6074 4156 413 607
67 4849 3651 5428 9960 6168 5561 8266 7738 3548 5340 3549 5053
68 4225 321 1698 7075 1892 7718 7115 427 2764 4080 6032 8305 2551 3961 6687
69 3074 3751 3210 5962 427 8684 6801 6131 1781 5493 1430 4951 8663 3992 1400 8729 3002 3195 3964 6621 2910 7710 8894 1918
70 3936 6625 7266 9444 3877 2534 7433 8522 8621 3505 1586 338 116 6292 439 23 8349 1437 1119
71 2432 6978 326 136 4362 1227 7179 8209 2897 5393 921 793 8794 7131 6747 286 3166 6752 6630 2863 9968 9330 8887 8183 7289 2298 9338 8508 9917 7806
72 4705 5698 5762 5544 4457 9129 4459 2704 5874 9299 3540 6102 9622 4281 3161 8121 6491 3995 7135
73 3584 3969 3521 4995 6595 9732 2184 75 7500 336 6547 5715 7771 3102 6367 6370 2788 4837 168 6889 4079 8053 4985 1081 2681 5053 5503 3263
74 6499 5923 7651 164 2085 3720 1776 8243 3573 5911 4888 7800 410 8701 7517 478 5631
75 4704 6817 7585 3428 6213 1734 9961 7593 2476 4271 6192 5777 8309 6711 6232 9498 1787
76 3841 9954 9736 3721 6153 3882 7018 2858 1515 76 2796 3120 8498 5715 6003 7221 2422 8920 1788 7292 9470 6718 7679
77 8193 6404 9959 4168 7432 5449 8589 3213 8238 4399 6962 6642 7699 84 8757 8151 6327 4890 284 3836 828 8671 2815
78 7968 6054 6951 8776 3049 5641 8778 2986 6316 1678 9557 247 9209 8986 7004 8125
79 4801 7874 5347 7652 9317 7205 2057 585 7849 6346 2252 79 2288 2417 4403 9075 8531 2643 1140 1908 5748 5302 56 4350
80 352 9889 3012 5509 1125 3077 1319 9127 8169 4654 3285 214 6710 6584 9722 4315 4027 7166 4831
81 2240 5441 7329 3747 9667 1860 804 133 3048 5193 9677 2157 655 6640 5456 3602 9683 7606 9239 7615 9055
82 4514 5124 2662 9798 5446 3946 4655 9872 4721 6963 3253 9301 1626 8125 4734
83 4320 8740 7078 72 6952 7240 9548 3180 1358 5266 9299 7187 1780 4533 8022 2390 6615 2231 7771
84 9025 1121 9636 9188 356 6280 3689 6537 4842 9962 3022 1710 8431 9040 7954 2962 1044 4852 2615 283 5532
85 6210 1603 7590 2470 8520 5004 2032 1040 1106 7443 3316 7732 2485 4246 8248 7545 1757 4350
86 4385 3009 4134 6631 9704 2568 2892 6797 6734 7153 3282 7574 9944 5273 7418 1914 5117 6237 8125 6110
87 2496 8736 5825 1218 2307 4100 6052 8804 773 1003 2155 5580 8493 9741 5871 496 2295
88 9953 6850 996 4229 5097 6730 2955 3662 8910 8145 5780 3541 9079 2555 1597
89 2 2468 2408 2092 9293 9422 5680 8306 1042 5715 1428 6196 8373 9461 2263 7545 2139 7707 9820 8831
90 8000 8904 7752 7945 9483 5006 4847 4175 1554 5555 4244 148 1208 4377 2266 1308 605 8895
91 9761 6403 8836 2600 2121 6537 8586 5547 1356 6221 3053 8110 2128 8976 1585 4147 3092 3545 8604 2460 5821 4094
92 2240 3553 7233 321 8516 357 3877 3529 9129 1738 4971 1199 8496 9265 6035 7699 4180 6101 4629 6551 6296 5401 4699 5371
93 517 3717 9797 3783 1002 6187 9421 3278 8495 9007 787 1299 4182 183 6393 4796 3325 6847
94 2112 8801 3074 1379 135 839 7213 8401 7090 407 9687 4056 1530 4507
95 5856 7233 7203 8547 3781 5287 4264 5962 5451 1134 788 6135 2648 9850 2429 927
96 7971 2916 8620 8749 7949 8817 2997 8696 8540 7132 8125 5918
97 4224 3489 7108 8742 8267 2860 4429 7183 6674 1267 6613 1529 1052 477 3741
98 257 4194 3716 7429 4901 6631 6315 876 3602 567 3192 9692 7164 8828 8125 1823
99 4423 5639 8104 4648 6185 4330 7114 299 5483 9038 462 3727 5685 1080 188 4639
100 4160 3744 34 2212 9252 6020 3144 1192 7241 5194 1739 5708 4364 6125 8722 4501 3445 4280 1498 9500
101 6849 3074 6083 5800 105 7276 2604 3276 7439 9681 8307 1492 724 2615 6231 4025 4985 4346 2013 7550 2974 9567
102 225 9857 4901 6630 486 4679 4871 8329 8074 3755 843 6286 7312 2003 8692 2647 9271 8443
103 8832 7234 8450 7556 8005 6982 4710 969 3241 9545 6347 9260 6157 3341 2605 3567 564 5432 9720 4986 9787 3932 9598
104 3522 3909 5894 838 4808 1289 8939 5933 9357 5421 174 7762 2293 2998 9943 5240 9530 7996 7709
105 9312 7586 7874 1763 5219 8452 1829 2118 5862 7975 9225 2635 8465 786 309 5334 7670 3290 122 4957 1149
106 1125 2726 3303 7079 1767 4519 9514 1357 3379 5715 3033 1117 543
107 9632 4290 9606 1831 8391 6471 1774 3982 5167 9137 2961 5138 3254 7357 9086 8830 9183
108 9665 5704 7531 9644 6380 6126 7759 2288 529 1971 5173 6327 540 3070
109 1665 3586 9444 3718 9031 935 5769 6122 716 9199 7858 5715 5396 1461 6805 7925 4793 958 7486
110 6881 3490 9411 9731 2886 7240 1581 79 3504 7284 4692 4340 5141 8598 4855 1112 6200 7032 1145 7967 8351
111 738 2179 4679 2472 9449 8300 2670 113 5458 2962 8019 2644 7481 9593 8761 7641 4474 3101 4991
112 2176 1728 2018 8932 6949 6373 7621 2278 5608 2634 9610 6538 4750 9007 79 4304 5715 4823 7575 6331 1503
113 4865 6404 4102 3145 6251 4396 2061 7949 3950 1071 1839 7921 882 6962 4531 278 5049 6459
114 1633 2 7458 5063 8167 6285 7310 3887 9616 6323 2803 4915 979 5399 4311 504 6586 3130 9723 8700
115 9124 3813 8870 2218 9515 8652 5966 6672 7889 8146 2290 1204 4660 6101 54 9111 8441 538 8765 1631
116 5152 7715 5156 6021 9161 3530 2346 396 2508 3501 1134 4527 6672 6034 9746 5492 7797 6613 5788
117 2208 8994 7652 6789 9990 935 3143 7437 8173 4558 2734 3024 2643 6516 5014 5115
118 2 5636 1479 4939 2318 7896 9432 2586 6170 8027 4317 100 8295 4840 492 9965 1904 7154 3058 6643 9139 1139 6261 3835 9086
119 2537 4873 9034 2922 176 5233 4274 1298 2739 1299 5848 505 5466 1595 2876 604
120 3584 6369 3877 2982 134 9065 2443 7758 9007 3184 3376 2960 3538 2226 8725 9494 5625 5305 9244
121 2240 3521 6467 6821 6566 4326 4167 9192 8203 2571 8750 4720 1265 178 7860 4277 6584 4285 5247
122 6560 2052 5318 7558 7912 7501 2125 2864 434 468 2932 9912 4633 9178 3451 9179 668 6588 8284 5245 8159
123 9988 1478 9702 2279 2857 6313 5929 4619 7023 80 6578 6258 3158 9431 24 7288 1593 7706 8891 5340 7133
124 7072 2723 6344 8489 811 3981 1933 6896 7157 3701 8951 9464 1722 5917 4957 1343
125 1152 8674 3236 7880 2889 6030 9040 8848 1362 6900 7927 9786 8154 6875 5052 5662
126 8289 2657 5762 5442 7684 3364 2052 552 4649 3017 1290 2699 4780 4941 1454 366 9874 6226 2643 2165 501 9273 2171 5500
127 9378 4035 1668 1542 8134 6376 4170 9451 9073 8241 5746 4082 4883 2099 7699 6547 4020 2517 1724 2173
128 960 3137 1249 6819 1763 7557 1223 6954 5386 2986 7883 4813 2607 3631 8977 4948 3157 6262 118 6743 1850 827
129 385 9891 1988 965 6181 806 8233 2288 5073 6938 8091 9694
130 9089 4481 6978 5316 8644 713 1289 5198 270 1295 3728 2128 5330 9174 6936 8985 8410 353 4901 4326 487 1774 9327 3578 6463
131 4450 9989 8423 8617 6282 6155 6827 2926 8718 5519 9679 4977 9265 1042 84 3894 7480 4573 1693 447
132 6498 9380 3972 360 3982 399 8724 4087 4375 1911 1144 5593 4538 7579 8827 4188
133 4672 7425 545 4835 6212 325 3365 2150 9576 1896 9323 6413 9230 2227 5715 2999 5176 9848 8062 8190
134 6115 9443 3622 3528 2088 8365 8590 1999 6514 6258 6134 7639 7513 3481 7609 2521 6427
135 5664 8832 2 3653 9861 1317 5477 6375 7624 7820 78 9839 3568 9584 2034 3958 7769 25 6938 1083
136 9345 8515 4777 201 781 8082 7283 2196 5749 3830 1721 7930
137 4880 2240 3442 423 9911 5367 4008 2761 9049 8587 8253
138 8193 8710 647 7240 7699 7444 3542 4770 9068 9265 8181 2103 5559 8056 2555 2687 7807
139 3936 929 4388 772 7628 7917 1968 4470 6937 4121 8890
140 2848 9282 3590 3628 4527 3664 7792 818 8722 1907 1429 9113 5083 1469
141 6048 1186 5346 6916 5637 7303 3753 843 8012 5267 5715 3894 1625 1274 7995 7069 1117
142 7201 1667 1156 4614 6089 8713 7852 9517 6030 2736 7472 7408 4112 6387 4314 4731 6428 6271
143 7936 3011 6724 4423 7179 427 7180 5293 8335 2098 979 2773 5144 8476 2431 6303 1279
144 8449 7714 7461 2533 6982 8711 4328 8585 6889 8812 240 560 3476 2582 3894 5949
145 4099 3044 5028 7652 4647 5607 8711 5323 8044 1868 9615 6961 3411 3795 5687 2393 4985 8186 6139 7708 7101 6909 6750 5055
146 4800 3077 3084 1490 6355 9110 5846 8408 6170 2213 8172 1651 3831 2555 2623
147 6113 5605 647 4521 7146 8554 9706 1963 782 7694 6030 2896 820 7351 9207 5112 891 9791 7743
148 1696 4707 7782 2183 2215 5002 778 5612 2028 3054 8495 8208 9652 9844 4053 6518 3894 5400 1085 7325
149 6592 800 4803 229 1125 3877 8358 8646 2670 9710 7246 8462 7599 7631 3060 4407 7547 8766
150 8228 6341 3045 8263 8487 4624 7507 3061 822 887 6744 5401 8025 2169 6778 6523 3580 4767
151 7587 6276 6919 1546 9102 9615 6321 8785 2805 5558 8406 2007 3672 6938 2908 3261
152 3936 2785 4993 2818 8775 5706 4043 8043 2155 8845 1454 5871 5744 2289 7153 7379 1335 1912 6778 4347 5660 7487
153 1121 8386 3907 2979 6470 9831 1640 8425 8298 9164 780 7854 367 9777 2421 983 9305 2365 8862 9374
154 5858 9795 9316 9157 2414 5840 8433 6291 2003 2965 3158 4312 5528 5086 1663
155 3776 2240 1539 6404 9926 6283 4107 2962 8980 7765 7960 281 411 7517 5023 6305 2855 2933 6390 1142 7734 7610 4923 4093
156 5280 6688 7296 3041 5507 8134 9351 9418 7979 5068 3885 3629 2158 6895 9424 4144 8597 3482 8092
157 4352 3361 1188 7429 135 1105 4787 5204 2869 9112 6360 5336 5467 926
158 7235 3012 1668 3783 7688 3021 4237 7759 4562 854 2327 7961 1049 3869 1950 5989 7400 4908 8686 1138 2036 120 7992 5880
159 993 8994 7428 420 5477 2182 871 5674 525 5038 5263 145 5335 5784 7673 3739 6460 3036 1756 2494
160 8994 3494 8552 6504 8010 6379 8780 365 3023 4241 9013 7669 2550 729 9562 1531 1471
161 1056 7682 7652 2341 69 7367 1195 6253 2190 1039 5713 914 2962 7699 8406 3576 7225 6715 2715
162 321 8194 7652 5064 9098 718 3982 3600 1169 9011 8821 472 4378 1116 7230
163 9408 321 8803 8387 6020 7173 2630 8998 8134 6888 904 6506 1263 3634 7413 9398 3830 7127 8057 3259 5629 3935 2943
164 1987 9476 7365 2187 6667 5389 1871 7249 917 6680 9048 5848 5465 4505 2907 1383 9132 7410 7861 9013 5688 888 7163 7932 3326 447
165 3432 8717 5326 4206 3920 2193 1394 1683 9270 8406 8248 9848 2682 9693 3998 766
166 8387 5732 6756 6088 3338 5867 8716 5134 3982 5999 6481 659 4948 3926 3383 569 2716
167 480 6369 6 3880 777 6377 9355 684 1708 4588 7213 2286 949 8022 6359 9463 4985 3772 382 6014 7519
168 3936 6401 259 2437 9671 6567 6087 4199 2792 1608 1576 1548 973 6254 7087 1873 6609 4914 7541 4664 6905 6140
169 2049 5186 291 6180 9669 3368 5099 1868 2446 7730 1363 2676 5044 6742 9015 4799
170 2752 6337 5251 8387 260 1668 3625 2249 650 397 9549 1453 8272 3089 8850 9075 8116 7733 3926 5880 7193 2204 3486
171 8130 1731 7237 3015 1353 9036 6092 6861 4622 2962 2326 9560 6938 3163 9501 6622 3936 5412 1064 5609 3374 1904 5814 4791 58 4797 1341 9789
172 5762 5960 5964 717 782 2800 8561 6002 3667 2004 8246 2299
173 4354 354 9858 6627 8773 2696 1160 4712 4266 8716 2766 5647 5552 369 9843 791 4698 8668 5885 7071
174 9573 710 998 2698 9483 5775 3632 1619 1972 9621 5077 3606 6134 5047 4311 9688 702
175 8416 6176 3458 2595 8103 6409 3536 9970 7762 2515 7156 8982 7737 6843 4604 3677 925
176 9280 193 9862 1800 7880 5961 4236 5582 2898 3990 3032 2531 3429 4901 809 3885 2288 4532 7481 2171 4091
177 4610 835 4359 3655 4232 1196 8526 7795 2387 2643 4379 8155 9852 8829 7294 510
178 6145 5538 8834 1730 2693 8133 1606 3240 1960 2699 7915 427 1869 7341 4975 2420 2329 1246
179 7456 5831 9543 1415 3116 8557 7153 6258 6706 2453 3509 6426 8731 955 4923 7197
180 7968 9057 5219 4228 6534 3079 8711 5321 650 6795 6188 5520 6416 9392 4337 7859 5331 1782 8442 3194 8794 9659 3071
181 3904 1760 1763 9348 8676 875 2444 4045 8462 7886 6735 3665 9649 6834 5779 2008 9784 6938 7162
182 5921 4033 9825 2529 1252 4487 1927 2377 203 5260 1741 1038 719 9842 979 6358 7675 1213 7806
183 3329 5153 3812 9991 2087 3432 9484 2732 3820 3309 7630 1134 3758 6737 1043 5494 7254 8824 7352 7833 4985 2522 7739
184 1984 5345 2467 7045 8741 5445 6953 5738 7949 2096 8947 499 9812 8021 3894 1752 1276 4284 2332 7902
185 2114 355 1641 9196 2349 431 4527 1393 9650 1810 7186 8468 6613 6646 2519 2555 1596 3005
186 5796 4708 8324 1607 2343 2857 8907 6349 4974 4559 3279 6867 1587 9848 857 4345 1658 5119
187 866 2404 2630 3910 8230 6920 2505 7689 2314 7950 6798 4242 6454 1495 6616 794 6555 507 8092 9661 5885 9757
188 7040 7680 2240 6049 66 9444 2116 1797 5030 7110 1127 4362 8714 2666 139 1550 7023 6386 9714 7027 925 7678
189 7968 2 7683 5862 3783 6151 8491 4781 1583 6162 6326 1367 8313 4795 1371 6299 4253 6334 7775
190 7489 4866 6274 3269 7653 3942 9800 5164 5715 1332 9654 951 4956 6460 221 2621 734 6623 5215 7839
191 7136 8994 7076 2503 2727 935 2223 3666 5651 6067 7864 6713 2140 8799
192 9313 9186 771 3497 8078 1102 7983 6417 7153 6482 8147 5843 5939 7476 3220 1463 4921
193 3072 321 1058 9379 3207 5481 6538 7788 979 9492 3766 247 7385 7801 4953 154 1339 7454
194 5666 9219 8644 7652 8008 2858 5962 9902 4526 7727 1488 9968 7985 1814 694 4151 5854
195 3936 1986 4963 7652 8966 5864 5771 3981 6509 4367 1104 8402 2804 6453 1495 9656 6554 4858 8315 3261 9311
196 417 961 321 9155 9765 9896 3370 3853 753 3314 2612 7544 6201 3676 447
197 6912 736 259 4259 6467 7622 838 1482 625 4690 7474 6227 2963 2579 2010 1085
198 1601 8644 2186 7627 1932 5581 6224 2128 8912 5848 3226 4828 732 8930 3493 3109 2986 1067 3756 7407 7409 3377 9842 3897 5689 8254
199 3393 1154 7042 7526 9416 6186 5962 5101 5517 5715 8533 6613 9558 9657 1146 2237 8957 4189
200 483 5383 3240 7177 362 6058 8556 3342 7055 9007 79 6545 2353 7666 7669 5142 5080 2745 9977 6938 6875 3135
201 3745 3427 8389 7686 4489 8235 2539 2987 8140 9580 8973 557 7602 7570 2611 3379 7699 8342 1500 2141 2495 1343
202 5313 1060 5125 9701 519 4679 1383 1193 3850 3918 3894 2423 3735 3609 3775
203 7296 2562 1763 8871 7434 9771 2957 2894 4878 4686 2768 5041 819 2005 4278 6454 2424 1656 7419 7933 1150 9279
204 7841 321 6051 6115 1705 3114 3403 7596 4909 2062 2735 177 2865 1843 4468 6869 6933 1623 3032 8220 7676 9918
205 8613 4967 1035 4431 8431 8751 272 6641 6258 466 9493 4693 7030 8599 3479 3097 8507 4830
206 2533 4037 1893 4520 3080 7560 5772 3468 8494 5391 9775 7217 4210 6482 19 7219 1109 4534 3452
207 8672 4289 4035 7364 4709 2986 2668 1808 4177 7153 9236 4564 2740 985 6233 8121 4154 3675 1020 7997 6558
208 4544 7105 4034 4418 8453 3334 712 457 5322 2827 269 9104 2707 726 3543 4060 6302 4065 1956 4646 3305 6765 1590 7929 5566 1343
209 4496 5328 5218 4979 7732 1835 7931 6987 8284 8654 3614 4958
210 9633 8481 3842 7618 6020 9668 900 9412 5412 2375 3944 4745 9930 1611 3410 4084 8982 5304 1368 4313 4891 3035 9979
211 3363 4035 8069 4680 2026 3435 1355 7564 8812 3885 3310 3792 8881 9041 8819 1875 8470 2781 9247
212 9248 7904 1153 3777 8705 7012 5412 5861 296 394 4107 6860 6479 8591 7120 3762 5715 3862 6295 7671 1178 8287
213 2305 5217 1668 4357 5066 2666 3050 2603 5360 7088 4723 9238 5719 1784 5848 2104 6169 6202 9405 9533 7007
214 4737 4162 6659 1668 613 9733 9453 3885 244 2228 4949 6613 4983 9721 26 8571 3581 1407
215 5953 7907 8965 1191 7883 4814 2962 1045 2167 2713 569 9466 5179
216 1985 2722 5445 2245 9318 2822 8941 4110 9168 3506 2770 1877 3830 3004 7038
217 7266 9029 3847 9129 4170 7370 6986 5930 8491 1775 3729 625 9586 883 9559 4760 8474 5882 797 4414
218 4928 6913 6531 8069 5061 3528 4362 5773 79 6289 9491 8788 5849 9050 8733 8673 3362 2983 4199 1197 9518 4341 2935 8185 3129
219 4352 9283 3652 7429 2055 138 4107 7756 8781 7053 7762 598 7320 412 4636 1564 157 4192 2080 1190 4007 427 2668 7790 5873 5239
220 4548 1864 7946 5775 8209 3543 8856 6298 6042 6621 6365 8670 8223 4129 3681 3750 745 7342 4402 9395 6451 5813 9462 1401 3641 2938
221 3779 4422 4199 5064 3626 5454 6415 4786 2610 4916 5524 6613 3128 664 698 3165 5917
222 8609 321 7909 205 5841 9299 9172 6804 245 2072 8601 6395 7774 9119
223 1121 9730 6211 131 2214 8807 1097 9353 8205 6733 4494 7406 6418 6391 3543 4792 8798
224 3584 7617 7426 1059 5764 7813 6470 5095 9511 1931 8491 5548 6767 79 6544 7091 9783 4857 8634 4314 5020 6077
225 2240 2338 4740 1668 6693 8043 140 4368 1105 5560 3065 986 2555 1405 4158
226 3905 3554 2275 3557 8838 7142 4326 8327 6124 4238 4015 2033 5489 850 211 1847 7864 542
227 5088 2240 8484 1255 3753 4077 2797 207 9359 6161 4179 9300 6294 9046 2486 4824 1560 3801 3866 9402 8859 1979 1117 1566
228 1793 8867 2856 7786 9291 8429 2990 7438 5296 402 6357 2903 3833 5563 4349 6141
229 9377 9666 8450 1826 2244 1828 425 8685 9646 7694 2959 8176 1201 5715 9364 1047 1562 6778 3262 767 9215
230 642 7970 8098 5283 5507 7396 265 7884 3023 8975 5904 4561 6161 6482 2962 3956 949 7029 5206 8375 8887 606 4222 6143
231 9440 8418 9826 102 7270 7 5543 3757 3726 238 4623 5007 7919 3440 2288 3281 1329 8728 5693 6398 1406
232 5120 7298 2 5539 2500 5445 3433 6922 9163 9003 5869 9965 6320 3186 8564 5526 9369 2874 155 8894
233 640 8193 3012 581 1383 103 7817 4746 8235 2414 2576 946 2454 5592 8377 4187 1980
234 3586 1442 8419 5700 1668 5604 5156 4421 9384 8559 9264 9138 5203 7316 3700 8052 9461 2650 5437 9758 415 6687 9215
235 930 1347 3817 2185 7274 3948 3053 6894 8015 9551 9138 9075 8532 9108 1813 9816 4314 4959
236 7649 1700 6510 1327 8912 49 3089 1234 1299 6522 1754 7099 7867 2685
237 3232 6981 8037 5541 5383 5801 5865 7949 5295 2384 9010 8498 3603 4563 2516 8693 4057 441 1017 3579 2589 6975
238 609 8227 5348 4358 73 7850 7247 9071 752 7473 404 3764 5429 4341 374 951 3543 9848 5788 5437 2749 4381
239 5121 6945 9415 5129 3146 3500 4846 6832 7120 7762 9302 4984 826 4031
240 4416 8580 9094 5192 9448 9512 1256 9997 239 6799 7088 5042 7762 3827 5525 1750 2422 8470 3767 2744 1560 9115 5308 3006
241 5504 2113 5986 1410 3715 7204 4612 3877 1670 1287 6604 3117 1582 1905 9845 55 9273 796 5277 2109 2047
242 7808 8003 8964 9349 2183 1032 9129 2121 9290 6223 5522 916 9847 2808 9304 4824 9627 2972 1343
243 2240 65 1890 2563 7524 968 7754 682 6827 9772 7538 3733 703
244 6244 935 1674 2220 236 3343 7215 8400 4531 5395 1524 4020 761 7354 2718 5471 7359
245 2753 6082 1346 7333 6565 6949 7366 1063 489 5322 5099 9964 1740 7438 8528 1944 1979 7451 9788 3838
246 6018 3074 4594 9603 6483 5715 7268 6580 1654 1128 1849 1215
247 7392 3392 2240 6530 8260 5412 9735 295 5448 2412 8046 8078 9871 5584 3153 7697 2962 117 9340 2013 8445 3454
248 2240 1441 8898 9990 2246 2790 330 9324 5839 3249 6802 8883 5845 2359 4282 3547 412 4028 5983 9151
249 1984 4193 6019 964 5863 8968 1226 5003 8844 4333 3277 9453 3151 7696 6354 4787 7509 666 4123 7899 9181 7389
250 997 3018 300 3441 2162 7762 3891 7732 1270 8470 4089 3867 8477 8222
251 321 901 9734 3242 3696 6800 880 8848 9521 3313 7955 5683 4372 279 2807 8698 1370 3291
252 7745 2499 3463 3977 4234 8844 5329 9809 979 6744 2649 5339 6428 9244 7709 477 2143 1058 8994 6440 2345 9080 7160 8444 7167 2175
253 3648 3106 3203 3811 485 6309 8934 6153 2251 780 7756 8332 9133 528 2064 9523 9942 1848 5818 442 6938 6300
254 928 2883 1668 6469 9253 8390 4456 3561 7977 6923 9004 8812 5709 6606 3377 7383 761 90 8795
255 6464 3270 7048 9545 745 9995 3563 76 1934 238 1041 7377 9778 7059 5783 6425 8570 3771 798 6654
256 7776 3620 9830 1644 8876 4909 7791 943 3856 2992 1137 6129 3380 3702 3127 5849 4697 8763 8671
257 1952 6977 7170 4898 8066 7783 264 5163 6029 6064 4822 3894 7575 1242 2203 8252 9823 991
258 7296 2690 2852 7206 5351 8105 4809 7922 5490 6164 5589 6136 8889 3229 7453 1790 3839
259 352 5507 5286 6759 4071 7020 876 400 6036 823 1879 1527 1273 250 1979 8796 29 447 3103
260 9793 5893 3046 8134 3783 5896 5450 7499 3854 2002 1330 6675 8371 6996 8212 3894 2489 6458 1053 4574
261 5696 2659 3043 1637 9766 8744 7405 6607 4400 9777 6290 9527 3737 4377 5149 765
262 5824 6817 5794 6278 4326 9160 7881 2474 7306 4011 8109 590 9200 9265 757 8566 2902 7894 8600 4472 1496 5630
263 4802 7874 6691 7779 9957 4870 3846 166 7240 9130 8236 3244 8812 9197 6445 5326 4367 3700 1079 6647 7289 3034 9275 5340
264 4896 3905 6242 741 3877 9990 1224 2189 8239 2288 9457 9939 8915 7703 7355 2875 3163 9244
265 8320 930 6918 199 552 9836 1613 3757 9325 14 6094 9935 5583 2415 2323 6707 3989 8503 9655 6458 8830 735
266 226 2340 8198 3304 3945 5097 3691 7692 8460 7949 2927 2578 340 9428 5910 3894 8088 8344 9403 2555 444 2078 7742
267 2240 32 3714 9540 9764 7654 4199 8427 141 6670 5326 8111 9968 2962 6195 3414 4216 8058 6811 348 1247
268 1632 546 8131 454 8810 6989 2541 4941 1455 3602 3539 4819 406 5816 730 8506 9404 2717 3199
269 96 8770 8290 1413 9510 4070 4455 9992 8265 4811 4909 4782 3982 6511 5554 3827 8183 5913 569 6267 7517 7198 5407
270 8130 5219 8739 5507 4069 5319 4361 7916 8014 7695 6608 5265 2968 5657 3419 3163
271 2240 4002 3523 4900 7749 3751 7687 6057 6189 1742 7984 2704 5105 3637 2966 3354 6938 1339 4988 1501 3582 5567
272 8257 1923 6275 6084 8708 6852 4197 6886 6054 4935 2856 7944 9101 2260 3288 412
273 5667 4004 4199 6219 4653 1938 5715 3510 1496 9114 9467 6620 7005 8509 8543
274 7232 5569 3491 6152 2666 8782 4048 7762 7699 4020 2900 9589 8284 4605 6239 831
275 5248 8514 3043 7652 5798 9898 5485 1458 83 4469 6101 790 4727 8247 5531 2427 8220 9406 1534
276 6306 5763 3172 935 9932 6700 1103 4527 3184 8530 148 1588 2358 9078 311 6264 5241 5019 4539 5727
277 8484 2981 5799 686 5998 4625 2164 8087 9175 8471 4664 2105 3322 9051 4443 5373
278 898 3748 5957 5703 616 7789 9582 9583 79 4592 9585 1299 6838 9750 630 2904 6584 5017
279 2627 3012 6692 6021 8709 7397 4807 8937 5034 9938 8722 7251 5715 1942 7161 7868 9116 3965 4286 6334 351
280 7105 5187 9219 4035 9541 234 6924 5997 1614 5934 9232 7313 8051 7542 503 1821 6942
281 7553 8961 7875 8387 2501 9383 5352 5448 169 4810 6698 6765 5810 6038 7543 219 2555 991
282 3074 2340 5097 5386 7821 3693 6287 8495 1871 7506 7640 5048 8153 8123 3837 3711
283 610 4035 4356 5 4295 5063 2407 4490 5898 2346 3852 748 9581 912 9298 3316 1048 7736 2201 3932 8188 5501 1598 159
284 4929 6402 8994 7077 4838 200 6507 3470 2191 1809 7314 5172 8148 6134 4345 7740 5692 7741 4254
285 1248 2593 3331 2564 420 7653 2918 6054 8042 3215 7762 692 6105 9245 7262
286 3584 1409 8068 8645 9190 7369 3113 4041 5899 8686 9487 7248 3792 1299 3796 1238 7736 3643 7423
287 7713 2882 6661 5029 1638 6216 301 3823 2416 4432 7762 2355 5783 4665 4377 1051 2875 1309 4735 799
288 2240 1665 2497 1542 9414 7240 9865 5772 8492 2031 3855 5908 1499 5147 6749 5502
289 6464 4258 7747 8612 3014 6568 3624 9480 2795 3405 6190 8211 7669 5942 6935 6619 1916
290 769 5762 1476 5767 6599 8302 5838 7153 6579 7029 4245 9685 1818 3804 7516 2238
291 2304 3104 9056 2791 1543 935 4937 9358 3183 3376 437 2389 4181 8026 667 3836 6044 9565 6781 1534
292 8417 578 3111 9994 1004 5870 2127 9842 9811 984 5369 2553 6556 6525
293 4128 129 6851 707 4356 3012 6534 7559 4199 1352 9007 4944 1841 7537 850 4531 4884 8215 6424 1720 5530 9244
294 3808 9153 577 7427 3941 1573 5478 1095 7880 5257 5482 5964 5740 6540 8212 4342 6712 6175
295 2402 2917 421 8488 2124 5327 9199 2160 368 369 17 6547 7318 6296 8920 7036 732 9533
296 6112 6209 6658 8167 5448 2538 3178 5962 2192 4020 9237 9335 5368 7096 8312 5050 3708 5437 2399
297 1121 4391 4106 1930 810 4272 1681 5715 9173 374 8505 9371 8411 2267 5340
298 9216 3840 3265 2439 1287 7848 8618 6890 6922 2923 8269 6000 2288 8885 4117 2198 4150 5430 7415 4475 3997 9533 2239
299 3521 7363 101 2790 5096 6921 4714 2412 7118 4976 4912 2481 7093 182 4056 8762 5211 2526 3006
300 4962 2210 6022 712 9224 8234 6635 1964 205 7086 4942 1423 8145 6865 4691 8499 9171 6519 2617 8282 6332 8125
301 5600 1638 7050 971 2989 3949 9842 9109 7798 1688 3993 9818 2236
302 1601 321 1315 3877 8842 2284 7533 7021 6351 688 9937 5075 4212 8981 5437 9533
303 1216 6496 1474 1250 7267 2915 1670 425 9545 7787 9195 4719 2256 3312 9873 8434 8340 3668 1562 8991
304 768 4032 4161 4129 1762 9285 9578 4587 13 847 8688 9362 7956 308 5175 8345 2555 3836 1534
305 1984 5155 8837 9478 8487 1929 9674 6410 6635 9259 9645 8466 8083 3316 5751 6457 5535
306 1187 1380 8004 420 8839 3754 6796 5645 5677 6318 1647 8816 8722 2870 9626 5212 6748 7037
307 7360 4352 707 9349 9928 9481 5901 2893 7698 658 7762 4243 9178 4507 9755 9757 7331 2340 165 1961 9579 172 5294 7413 2486 2810
308 131 518 202 8331 6736 18 5268 8341 3032 3160 2970 862 3550 3103 7456 9827 2601 5802 1711 6385 8498 4286 6526 6270 63
309 4097 967 1672 5869 1774 2866 7026 5011 9107 1524 8789 8918 3642 5723 1727
310 5728 2401 5090 9347 2339 4132 6500 6406 7399 3111 935 8840 7438 7054 2319 2611 3572 8085 4442 3227 5596 9309 7709 8478
311 1697 3074 2884 8677 6310 1383 1260 4845 8878 6863 8720 7153 8275 695 3319 1336 2552 7770 3994 5663
312 6336 130 5094 6695 3016 5320 9834 4108 6413 9968 2643 6452 6776 5339 9948 9244 5534 3231
313 1761 6979 2787 7525 4584 3304 8009 6538 463 9295 847 2929 4051 7699 1622 663 728 2074 1020 7486 4958 2079 895
314 2721 3586 6538 5514 6477 2925 7822 3535 5072 8624 4400 3409 3858 2867 1940 3669 2837 53 6550 9495 30 7582
315 4352 98 3074 2819 7172 5158 2121 745 6666 8431 5715 3284 5364 9524 1725
316 2209 3074 8067 5412 4933 6117 8678 3271 6572 7309 7438 8431 7795 5587 7736 249 2107 603
317 9474 450 2725 5737 4970 8811 2638 8687 6959 6480 3633 5875 4340 6777 60 3964 5950
318 2273 8518 2983 7657 9866 5388 4879 2639 4688 2480 1364 7988 7285 2168 1978 5917 6590
319 321 1858 4742 9159 1865 6859 8075 1745 8594 220 8864 8294 742 9255 6512 4081 310 7159 376 7736 7355 1149 4926
320 4832 7713 9347 4035 4616 2344 6793 3914 2986 555 7565 3983 1425 2737 851 2391 1465 9244 8797 3743 2591 7551
321 9376 7393 897 9537 6465 1601 8163 1220 9637 6920 8363 3533 2063 5234 2900 4309 4695 379 5150 7647
322 3200 4321 7266 9890 8387 4453 8805 9526 935 5947 8348 4109
323 2 7013 6725 5958 1222 76 3308 9676 7244 7725 2383 8143 2101 9301 5111 3607 9625 1403 925
324 3074 4070 5511 9000 7148 8396 4590 9075 9972 8276 7062 9211 8635 8603
325 2464 4256 8130 1091 8644 7943 9607 3208 137 6505 2892 9453 6671 6352 1779 5876 9012 5785 6235 7964
326 3075 8643 2310 8583 39 4778 1552 401 6997 5623 2327 8952 2136 347 7293 4510
327 9281 9156 1253 1798 5193 105 2985 77 2029 7949 8910 1042 8403 4884 1557 2709 1815 7992 9145 6266 8539 9372 3230
328 2145 1859 709 5734 7656 6538 650 9551 6543 5359 2771 3864 3512 9848 9499 4955 3485 6397
329 608 1838 4783 2195 6166 3799 440 216 1753 1625 7709 2302 5375
330 2978 3298 8994 9763 2629 3877 6790 4967 9930 7949 9103 2000 7440 6770 1365 1399 4696
331 8448 3650 2 1669 1093 3238 170 908 9262 1934 79 7856 6771 662 7191 7831 2232 3003
332 9090 7074 802 1508 358 4199 7210 427 1710 1232 1523 5684 9013 8086 3385 2683 2555 5758 255 7199
333 7012 1668 390 5862 2439 3527 5512 970 9804 1772 750 9775 9007 8113 1206 8122 2491 9083 4924 3902
334 2211 3012 1668 6692 3877 7623 7435 5803 9387 7534 1105 3699 3156 2197 7064 7865 3066 3675 1083 476
335 3936 6434 2594 5219 8135 2440 7498 2986 1324 559 2065 5169 7254 8150 2264 4664 5690 3487
336 7137 2 7719 1832 3373 751 2833 435 4340 8374 5366 8631 1752 6712 1625 8218 9946 5340
337 1984 3424 4806 6343 6216 722 9075 5653 6423 727 4409 4667 380 4638 575
338 7200 8160 6465 8609 8997 5992 9261 7663 3408 7185 1073 1746 2962 3381 9717 4982 312
339 7044 6436 4517 5797 8651 3275 2732 6222 1903 7887 7153 5973 9077 8758 5112 9337 9436 1148 8988
340 7426 9027 643 5379 3363 2340 5412 6149 5062 2247 8910 3086 8464 9968 3889 881 6226 1686 8888 760 8572 5628 7581 1086
341 9984 7972 1765 7846 583 9160 2027 5775 4497 2962 116 1717 8118 8663 7895 2616 2488 7452 5661 5821 4670 4575
342 1092 5636 4327 8136 7368 5898 3532 9197 45 465 2674 8882 4310 1398 7513 5437 1567
343 3555 4292 4772 5926 6824 520 5781 918 5239 9884 8671
344 8896 7746 4901 5160 5833 7338 7050 6574 3758 238 5170 7796 6263 7194 6588 2301
345 4736 416 2951 2473 6217 5546 3051 558 7438 3954 7065 5053 446
346 7041 8129 3720 4332 2285 6991 7567 9039 4561 7762 3189 4855 8249 7291 5724 4669 574
347 6944 3746 6947 4552 5996 1454 2288 9876 8372 5431 3256 665 3870 6047
348 2465 6177 4325 1351 9705 3818 7851 9678 3182 81 8049 2834 7314 6547 3507 9908 5748 1271 4855 5880
349 9026 2114 3 7395 1091 7012 7844 5677 303 3344 7824 8278 5880 9370 1435 5726 8158 511
350 3456 321 4546 6564 7652 3397 8357 5098 7691 4334 4398 1137 2483 1395 8084 6101 8470 2618 9018
351 6528 2881 9060 868 393 1610 4171 6123 5869 8333 7055 3794 9747 8405 8662 8438 3064 4765
352 896 5572 9284 5385 4367 2325 9301 2456 6490 3163 9436 7965 6880 992 3810 9955 3431 7598 9968 6705 1009 6258 6903 3959 2877
353 8640 321 4613 6758 199 939 109 3697 4593 8242 3027 4628 7413 8406 5181
354 6528 1 3074 4677 2757 1925 8711 2120 5962 9936 9045 7637 2518 1882 1505 2790 5163 3883 8491 4269 878 6960 756 4661 9400 5756 9533 254
355 2560 1248 5255 3564 2413 8495 2704 3537 977 5298 4978 8851 9749 6681 4249 569 27
356 3873 4997 7496 9385 8907 1451 9708 6893 2669 7278 9070 2704 8659 4404 3509 3798 8666 5980 4988 541
357 6628 8421 1349 7429 8938 8908 1005 8942 4788 5941 6810 4635 6269 1311
358 864 9217 9218 5634 3012 8293 1385 7981 1261 2673 212 1141 5755 6076 3805 5053
359 1219 7238 5670 7272 7304 5578 2058 2064 7569 9713 7379 8852 2708 2839 8599 3736 3832 2269 5342
360 2209 6178 4739 5925 7974 9223 9386 8171 1901 9677 2767 1328 4946 9426 6709 4565 8661 6550 3163
361 8994 4579 5059 8707 708 3876 2085 6597 9573 9286 776 6955 847 9591 9979 6878
362 6946 2146 547 3524 4104 2728 7880 3082 2317 1231 7439 6351 947 6005 3061 758 7095 7260
363 5381 6312 2825 1289 8362 5035 5966 467 8376 1240 1145 7611 4127 5951
364 677 4743 8936 9160 8140 2735 4145 51 1429 6613 6230 8310 3447 4311 1431 2074 7804 1373 6462 6014
365 1920 321 1028 6020 7239 8555 4045 3661 5678 3152 3155 6772 7414 374 1179 9533 8927 223
366 3584 8706 6882 1670 2121 1611 812 9904 6768 8081 8883 7892 4437 8922 5434 475 1628 8732 4764 8124 5597 5309 6815 4415
367 2242 3939 8483 259 9669 838 8713 7243 5677 1294 4535 4153 6265
368 8962 324 1866 8106 2666 6028 3404 8045 3345 2962 9461 2774 8950 9014 7255 2333
369 7296 1443 4004 37 6600 2254 9903 213 9465 7546 6906 2398 8446 6686
370 4260 4135 1481 7116 3436 2128 5168 9808 3218 979 9270 5787 1884 7324
371 4641 6054 5067 5451 3020 305 6614 6167 3704 5945 4314 5436 541 8030 7934 4063 2367
372 640 7616 1411 5387 9292 9933 79 1297 5201 3219 6101 5271 9688 6808 287 1055 4324 2149 4393 5292 9075 7607 1979 6844 2559
373 4836 5508 7174 7337 5196 3245 494 3982 5295 6001 8562 9368 9688 569 7323 5852 7998 5855
374 1344 6914 6146 8355 7267 2885 3593 8138 5322 2475 3148 813 4174 6130 6613 3513 4571 8319
375 5089 8994 7811 8035 1956 3012 1605 6570 5868 5230 815 4079 6099 9781 9397 2583 6204 5183
376 9859 6086 8231 521 1675 5483 7275 2030 7056 2994 7924 1812 1846 438 345 9691 3710
377 1281 5250 2820 6085 7720 427 527 5362 5906 5270 6966 7575 1272 5209 2458 955 6683 4542 9342
378 9604 1348 2340 3782 7880 6121 5229 7182 5006 9167 3728 8630 2838 4694 6327 858 7066
379 3425 2369 4068 3366 8808 4905 1962 1422 719 9903 1136 8498 2426 6234 3516 62
380 1889 674 5954 5349 2469 518 4999 9544 1387 7150 5299 5715 2134 3830 9751 183 2327 762 9819
381 3520 4609 321 9794 1955 3877 6021 5702 198 9356 4302 7951 8560 6929 5715 7736 8634 4413
382 931 8164 6470 4390 6892 3533 8910 2962 9043 9363 6675 4276 5013 6487 4441 8893 3069
383 7554 450 8994 6082 2148 6469 6855 4296 5064 1194 7883 1296 1010 5715 372 3860 2679 8919 3320 7449 8284 7455
384 6466 5220 3623 8264 3561 8746 1962 9519 7347 1941 6774 6970 1627 5054 5182
385 9224 3976 5194 9675 8269 208 660 6677 6934 8535 6362 6938 6429 1570 8614 1769 7082 5676 2095 7728 9841 9969 755 8948 7413 8189 9533
386 8387 1252 1125 2566 8456 2760 2633 8457 6030 4815 208 8212 6773 5848 153 5402 2426 6778 6717 1277 2270 4095 2463
387 7362 8994 8644 359 5515 1164 7629 6829 5264 9968 7153 9331 6771 5365 1238 183 88 6488 7226 3132 28 2685
388 3521 6818 162 8360 1579 2540 879 1520 721 2962 3635 8150 730 3195 7997 9533 6431
389 1668 6917 199 7049 6474 6891 491 3789 7693 2542 4399 7183 6836 4820 9301 6040 3610 2524 2844
390 8800 3937 4705 2115 1445 2630 7751 8392 233 6218 554 9802 5643 7340 8140 9007 7857 374 6010 7483 6174 2239
391 833 2754 1252 5156 5990 2794 6732 1679 9007 5972 6967 1559 4152 2943
392 3296 4000 1316 933 3496 4650 3819 8916 3575 4855 8440 9276 2175
393 8064 2 739 3140 7495 9834 427 7088 5682 2962 5107 1174 3894 5177 2777 4572 7261 8286
394 1185 321 7491 132 7332 1956 9607 9224 1289 43 2543 6576 7121 9906 9682 2452 3541 6104 3803 3806
395 2051 3656 5161 4522 8459 1739 1710 6737 817 4692 948 3316 7192 6716 1981 6557 7709 8958 2271
396 2752 3394 8994 5795 8996 4965 199 2024 4234 2447 3671 5370 9883 3293 8447
397 1376 4449 5443 8196 8296 3657 8841 522 2986 3468 3023 5650 3830 5145 1050 2109 5214 3134 3327
398 673 580 9381 5638 4454 4904 2569 5995 5355 8011 9968 5457 8116 3285 4757 5877 4602 1853
399 9600 5248 450 6726 3592 1801 2859 3597 1805 9423 79 2192 2769 4434 8756 6807
400 1799 2954 8332 6669 3981 8592 4689 3159 2327 1177 474 5216 9185 4577 4195 3875 7141 2288 7153 4658 1719 9720 9594 61 5439
401 4257 6753 2050 6082 3106 1446 9480 2986 9197 5902 7503 9743 8722 6388 1652 8790 8119 3164 6044 5374
402 5248 7009 7748 3012 6119 2155 9453 2580 9076 6133 1238 6968 2746 9659 6396 9085 5533 7805
403 5090 3267 7780 5446 6790 553 3434 8170 8747 6862 3025 631 5433 5082 8346 4411 6364 2366
404 5857 8033 9573 8615 8177 2097 6065 4755 6547 4917 9208 5081 5307 924 6973
405 7008 2433 2434 8388 452 1957 3079 8935 1959 7367 5064 9003 683 7085 5326 2799 8946 276 3093 3415 1436 732 2973
406 3968 8259 3395 5317 4938 5419 2988 3822 3375 1233 8628 6613 6486 8439 6873 4377 4026 5340
407 737 6594 5155 4133 936 1449 6025 4108 3982 4047 5458 9043 4021 6581 2263 4218 2554 5468 3422 9182 1695
408 9568 1616 8432 2996 6324 3670 5223 7240 8152 3562 4940 5261
409 7969 3169 4901 2533 488 3337 910 9806 1360 273 2962 979 4054 3446 4728 3417 4763 8764 1117
410 513 6049 321 2146 5122 6883 5446 6503 6311 1256 8105 1514 4523 2924 6196 4180 7510 5175 9177 4062 5311 6655
411 3297 321 450 3077 9319 1834 6602 6348 9391 271 7120 2288 4401 6898 7219 3797 2872 9401 6618 4091 7549 5565
412 8900 4903 2952 9833 8491 9004 5484 79 7856 3537 8658 3895 9341 9566 830 9374 5695 4671
413 5504 5889 321 1159 9032 6984 8649 4684 4812 206 6610 2194 1939 2643 4308 5143 7256 2265 8922 7643 4444 3871 5027 1833 9968 9268 6075 6269
414 1473 9602 3202 2 8899 9608 8969 4558 3022 2066 6739 7123 9047 1496 1305 3099 2589 7519 3106 227 9123 2729 9066 110 4591 2673
415 4805 1541 4134 7049 7949 6478 1680 9968 1650 1202 5656 1880 3225 2779 412 6141 4607 7327
416 1984 9314 259 5093 1895 1992 5065 9129 3690 5580 2672 5304 7356 5276 6492 8157 7613 4093
417 9222 8134 167 5835 8204 7180 3885 783 5968 8660 5178 634 4159 2719
418 1026 7781 9352 9609 8618 4042 108 9296 1424 432 1715 9940 1749 2038 4377 7034 7642 6939 5917 2750
419 8195 6150 5962 235 3531 5836 6701 4013 4717 9230 1840 1845 4821 246 8854 8539 9628 1150 2335
420 9920 4480 4352 2177 1668 9637 8519 7304 714 1419 7151 6225 8625 7028 1878 2013 8125 4766 2590
421 5536 3427 4741 3560 4169 8043 9901 1773 5869 3982 8815 1072 5040 3474 4314 1851 1948 4893 637 1118 7006
422 8224 5056 7296 5537 1956 905 4203 7949 5742 5359 6928 3763 4340 9366 6840 7641 5307 2557
423 7296 8384 1538 7939 6534 6153 4501 4760 3096 3100 3742 30 2272 1061 9638 2407 2283 1645 9842 3316 9332 9460 9141 2555
424 2240 7810 5029 935 457 9067 7883 3821 8142 5583 7280 7893 6613 4502 951 6296 8600 2233 5915 4892 3644
425 321 5251 9032 3465 7178 652 2892 7063 9945 6044 2462 2655 2403 7459 6437 3111 2536 8361 3437 1647 2288 2546 2549 6583 5880 5438
426 449 321 6116 1348 551 42 3466 6926 593 7153 3380 3095 3991 4920 2847
427 7457 2666 1034 4462 6382 3982 2671 7153 3379 243 4341 2294 9654 7448 571 2555 3613 7997 2878 8062 7806
428 1536 3616 9025 7652 1381 6021 1510 7302 3398 7591 776 4457 5003 1292 9008 3923 4627 116 8343 4632 6041 6842 4191
429 7521 321 4036 8036 3784 6280 8809 105 3659 4683 7436 2255 4913 5074 7702 9176 5307 860 6141 9534 9023
430 33 8513 2 7017 8202 8558 79 6803 6549 3894 4215 6458 8156 2142 8830 6879
431 67 1412 2308 3172 7493 5162 8846 9007 7732 5880 3865 953 4314 7836 7133 2846 9502
432 7138 8738 4034 3975 6537 9290 4586 9803 3371 3214 2350 8175 1743 8655 7632 6260 4340 1625 6940
433 6338 4996 5445 4039 4199 458 5643 8428 238 5103 9903 2161 9139 8853 565 6613 1497 4762 9310
434 321 4420 9062 456 1288 6729 5705 3307 267 652 9709 7085 6447 8049 2707 8180 8501 9653 7413 3703 4668
435 4960 1025 321 2274 6722 4906 5099 8463 1937 1361 849 4178 1716 4020 725 663 860 8733
436 8992 1794 9091 293 7816 3752 6250 1130 108 2701 3119 7668 7413 3638 3706 155 6203 3900
437 2368 5026 7652 8423 1223 9097 5130 524 6060 7634 690 1426 2962 7219 9044 2932 21 7126 2422 1369 2969 190 6015
438 5793 3074 2532 6853 38 9162 4044 4749 5038 7536 3376 5905 3473 2741 726 5754 9886 2783
439 4512 6082 482 8132 8711 7207 4073 9868 7597 7790 5104 6611 7987 2100 3863 919 4730 1147 2555
440 5890 1986 2887 3783 8712 3146 7053 2125 2895 3088 6160 3154 1299 6613 1942 1690 4511 5985 7459 2409 3758 691 7862 6011 2043 8060
441 5761 8610 5154 3845 6470 4360 5673 7949 592 9842 6837 8921 3707 1182
442 6624 4129 8611 5766 8359 2920 874 7978 9931 8461 5743 8978 9042 6899 6547 6356 4437 9206 2491
443 2337 7490 4580 8293 9256 8043 6635 9805 398 527 9199 79 496 6259 5815 8759 2264 6938 8250 6746 2812 447
444 1571 36 3012 646 8486 3083 9837 269 7024 8914 978 979 2870 1786 2906 6173 9822 670 2879 2911
445 4385 7652 7301 2858 4973 7277 5869 142 6030 8431 3985 8307 1876 2806 2135 5752 1432 9595
446 7104 6603 2445 6414 5909 535 6809 9244 9821 675 4389 7336 1898 1323 9260 9198 4463 4529 2225 954 6458
447 3680 9249 7650 5668 7 8681 6249 5962 2060 6636 5900 4365 8077 4528 6103 183 792 218 987
448 8480 3074 3683 5157 5573 9001 779 7307 110 79 7569 4785 3825 3250 7349 759
449 6656 6465 8995 3495 1994 4299 5132 5199 4912 112 1107 5461 2615 1723 1855 191
450 865 9635 1958 5671 7048 7147 8716 5358 1167 4943 6608 5872 5553 2962 6999 7991 3543 3193 569 1466 9146 2939 3004 6014
451 6786 1572 4645 3914 267 332 8748 9740 4173 1389 2513 8337 1489 1874 7826 2962 3508 7636 597 2264 5817 9947 8350 4478
452 2624 8512 7169 4066 9442 3236 9485 3888 9139 979 4660 7350 2102 9270 343 5978 5660 1340 9404 8029 1310 4702 9086
453 3264 2947 3684 4294 2438 8967 5416 1609 1803 3758 7381 8054 4567 3031 8574
454 1888 9120 1602 6980 5412 8134 6534 2823 7721 6250 331 4300 8812 5677 1264 177 755 7252 9013 1111 4376 6073 733 3869
455 5730 4035 6884 4071 6408 2345 6827 1998 7922 5043 6067 8467 6484 7188 5236 6070 5943 1852 7484 7902
456 8097 3460 5412 5928 4491 2828 9069 1421 816 2449 3986 4818 6740 3318 6584
457 10 3243 7659 7819 2155 9388 1134 4176 2288 1012 4116 1077 8469 6327 9399 6394 443 4317 6046
458 8608 2817 8548 7845 3752 8906 6091 2315 3052 7212 3758 2006 1176 9563 6333 2111
459 5474 4578 8451 4040 6281 9354 2379 5997 7566 5838 2158 1007 7025 4786 7285 2262 6327 3543 7899 5884 8925 4382
460 3584 7209 5353 1066 2126 8079 79 8048 7604 52 1945 9852 9149 1022
461 9728 4706 5415 1512 3241 5386 5547 9005 3694 8367 8880 4438 3292 9852 8093 5149 7039 3999
462 2240 641 5506 5924 1000 2569 2537 3050 8715 8653 1552 6258 6741 2327 856 9433 2394
463 321 2599 6153 523 6731 1646 9199 7568 1459 6515 9139 8822 982 8406 6487 9529 7966 8926
464 7296 9569 6178 2119 1161 3786 972 8301 5869 5748 9014 3703 8569 1657 2202 6238 8191
465 2 2979 2340 9545 2730 715 7630 111 1969 7633 4307 2773 150 8055 4504 2936 1625 3098 1434 5788 7773 3518
466 7234 4643 6184 2313 9641 2222 5200 2448 5649 4339 2867 7575 381 9374 3007
467 770 9986 2565 8069 9254 745 7562 3722 7083 9933 4397 8911 8338 9555 7382 3255 601 7901 925 9023
468 3234 5444 3781 5254 3499 5677 7022 6257 6673 6611 7092 1524 884 1301 1237 3830 7767 633 7290 6332 349
469 8256 323 7204 9643 1036 7373 1774 7438 6256 3280 6449 2129 4055 8632 6941 1662
470 8193 4771 9507 6983 7976 8041 9545 4557 2418 9301 9815 1655 1337 2137 2555 4252 8924 8061
471 5888 5185 9224 7688 5033 7305 3211 4652 7119 1105 6899 5656 7576 9753 9244 3133 8125 126
472 2048 5826 6050 388 550 328 1353 2575 6833 3507 1555 2711 6871 1401 2331 9438 9950
473 3330 6473 5770 395 3596 4433 7762 9107 152 1752 1113 1569 6053 5350 937 2986 5356 7469 6448 753 8114 4340 6134 952 7993
474 2466 2692 4326 6024 3274 1802 1997 7949 6958 1521 2292 5556 661 5752 6650 1181 9885 4765
475 512 163 195 9731 3753 2890 9867 9615 9233 4369 9618 915 8117 149 7285 4854 7511 6584 5307 9083 638
476 8512 352 3649 4386 1571 4644 8484 2117 648 4464 5459 7732 8534 5655 9592 7677 4989 4798 1342
477 5127 5897 4553 9931 4493 8270 6545 979 6547 9877 6236 8928 3936 7202 2661 3621 3111 232 745 3371 7852 6063 1328 9712 2545 8949 123 4348
478 352 5282 6214 7143 3273 6825 5962 1516 2382 6990 3599 1391 8723 2643 8308 5333 632 4222
479 9344 450 2248 4554 6635 1132 5038 238 6095 4240 6258 6163 147 405 3190 9270 566 8855 9915 9467 956
480 352 3012 1124 5189 8005 2376 1480 9193 3630 6672 784 3056 8947 4531 532 468 5045 7511 9623 5400 9308 3260 8125 8767
481 3552 7361 8578 3682 2850 4035 4549 805 2406 8843 5716 5397 3125 7477 246 4728 4537 6521 5659 7068 732 7133 2685 8445
482 5891 6339 4323 4166 4615 1065 4526 2322 2643 7252 7285 7863 8314 2651 829
483 2 867 3141 9030 4200 8841 5418 7210 3438 944 2512 5936 3251 979 6648 8793 4860 2847 9887
484 9697 9669 745 3147 3149 7117 5710 8814 8719 7216 657 789 2005 8023 8183 2873 1019 1180 8734 639
485 2144 4801 1540 9510 1736 5768 6728 6633 2156 1293 4882 9971 4566 2264 7353 7482 6685 3901 4703
486 1314 6698 813 8141 5070 3502 687 9711 1807 7952 4624 2577 4402 5207 3543 1784 7386 7259 1244
487 352 4001 3521 4774 6054 8107 1037 461 9425 1522 4754 9907 7478 4343 4024 2136 2235 4925
488 514 3108 5031 8999 2282 6059 7919 6258 2643 1685 6229 7061 1429 6839 3352 5341 9087 3967 7295 1375
489 6468 2596 934 9035 526 1935 9615 8176 2802 1778 563 4148 5462 1241 731 5406
490 3936 1377 5253 7 3144 3081 4969 2798 3121 1105 627 7608 6908 6780 3740 8126
491 1120 5288 1993 1354 44 1198 9968 2001 7153 3059 3382 9624 6329 7001 3388 285
492 5376 321 8002 3750 5830 1639 744 7210 175 9007 8528 7638 8823 5272 8601
493 7840 1984 7777 7948 6476 4752 2608 8210 3955 1236 56 1817 3577 1657 4442 9114 2747 5340 1982
494 1600 3042 325 8293 4198 7782 9611 139 4012 8304 114 7987 6101 3352 1306 9660 9468 3005 4606 1246 4639 7391
495 256 5572 9930 7629 1293 8207 3795 6613 1750 7193 1561 2909 6045 676 7206 8743 5993 46 7791 3961 2811 315 701 893 511
496 321 3970 8581 5895 3144 9930 4619 8336 7762 1366 9430 7321 8345 5343 1504 3936 5860 2093 4078 1391 5617 4209 625 1139 2614 1464 8696
497 9315 2660 5956 1668 329 9834 4716 8879 3023 7057 1457 8787 3987 4853 4886 3350 2518 3830 183 4027 4220 4733 7709
498 3713 3013 8711 3336 4843 6764 2413 8690 5109 8149 4663 6360 1624 2840 1209 5372
499 1090 6467 1476 8200 7504 2321 6738 7699 5654 671 2017 867 5412 935 104 1129 2602 7852 8685 8622 8753 8245 1402 319
